Copyright 1986-2019 Xilinx, Inc. All Rights Reserved.
---------------------------------------------------------------------------------------------------------------------------------------
| Tool Version : Vivado v.2019.2 (lin64) Build 2708876 Wed Nov  6 21:39:14 MST 2019
| Date         : Thu Dec 12 22:41:08 2019
| Host         : zephy running 64-bit Ubuntu 20.04.6 LTS
| Command      : report_drc -file design_1_wrapper_drc_opted.rpt -pb design_1_wrapper_drc_opted.pb -rpx design_1_wrapper_drc_opted.rpx
| Design       : design_1_wrapper
| Device       : xc7z020clg400-1
| Speed File   : -1
| Design State : Synthesized
---------------------------------------------------------------------------------------------------------------------------------------

Report DRC

Table of Contents
-----------------
1. REPORT SUMMARY
2. REPORT DETAILS

1. REPORT SUMMARY
-----------------
            Netlist: netlist
          Floorplan: design_1
      Design limits: <entire design considered>
           Ruledeck: default
             Max violations: <unlimited>
             Violations found: 16
+--------+----------+------------------------+------------+
| Rule   | Severity | Description            | Violations |
+--------+----------+------------------------+------------+
| DPIP-1 | Warning  | Input pipelining       | 12         |
| DPOP-1 | Warning  | PREG Output pipelining | 1          |
| DPOP-2 | Warning  | MREG Output pipelining | 3          |
+--------+----------+------------------------+------------+

2. REPORT DETAILS
-----------------
DPIP-1#1 Warning
Input pipelining  
DSP design_1_i/hier_0/myproject_axi_0/inst/myproject_U0/conv_2d_cl_array_ap_uint_8_1u_array_ap_fixed_20_8_5_3_0_4u_config2_U0/add_ln703_401_reg_1071_reg input design_1_i/hier_0/myproject_axi_0/inst/myproject_U0/conv_2d_cl_array_ap_uint_8_1u_array_ap_fixed_20_8_5_3_0_4u_config2_U0/add_ln703_401_reg_1071_reg/A[29:0] is not pipelined. Pipelining DSP48 input will improve performance.
Related violations: <none>

DPIP-1#2 Warning
Input pipelining  
DSP design_1_i/hier_0/myproject_axi_0/inst/myproject_U0/conv_2d_cl_array_ap_uint_8_1u_array_ap_fixed_20_8_5_3_0_4u_config2_U0/add_ln703_401_reg_1071_reg input design_1_i/hier_0/myproject_axi_0/inst/myproject_U0/conv_2d_cl_array_ap_uint_8_1u_array_ap_fixed_20_8_5_3_0_4u_config2_U0/add_ln703_401_reg_1071_reg/B[17:0] is not pipelined. Pipelining DSP48 input will improve performance.
Related violations: <none>

DPIP-1#3 Warning
Input pipelining  
DSP design_1_i/hier_0/myproject_axi_0/inst/myproject_U0/conv_2d_cl_array_ap_uint_8_1u_array_ap_fixed_20_8_5_3_0_4u_config2_U0/add_ln703_402_fu_797_p2 input design_1_i/hier_0/myproject_axi_0/inst/myproject_U0/conv_2d_cl_array_ap_uint_8_1u_array_ap_fixed_20_8_5_3_0_4u_config2_U0/add_ln703_402_fu_797_p2/A[29:0] is not pipelined. Pipelining DSP48 input will improve performance.
Related violations: <none>

DPIP-1#4 Warning
Input pipelining  
DSP design_1_i/hier_0/myproject_axi_0/inst/myproject_U0/conv_2d_cl_array_ap_uint_8_1u_array_ap_fixed_20_8_5_3_0_4u_config2_U0/add_ln703_402_fu_797_p2 input design_1_i/hier_0/myproject_axi_0/inst/myproject_U0/conv_2d_cl_array_ap_uint_8_1u_array_ap_fixed_20_8_5_3_0_4u_config2_U0/add_ln703_402_fu_797_p2/B[17:0] is not pipelined. Pipelining DSP48 input will improve performance.
Related violations: <none>

DPIP-1#5 Warning
Input pipelining  
DSP design_1_i/hier_0/myproject_axi_0/inst/myproject_U0/conv_2d_cl_array_ap_uint_8_1u_array_ap_fixed_20_8_5_3_0_4u_config2_U0/add_ln703_407_reg_1046_reg input design_1_i/hier_0/myproject_axi_0/inst/myproject_U0/conv_2d_cl_array_ap_uint_8_1u_array_ap_fixed_20_8_5_3_0_4u_config2_U0/add_ln703_407_reg_1046_reg/A[29:0] is not pipelined. Pipelining DSP48 input will improve performance.
Related violations: <none>

DPIP-1#6 Warning
Input pipelining  
DSP design_1_i/hier_0/myproject_axi_0/inst/myproject_U0/conv_2d_cl_array_ap_uint_8_1u_array_ap_fixed_20_8_5_3_0_4u_config2_U0/add_ln703_407_reg_1046_reg input design_1_i/hier_0/myproject_axi_0/inst/myproject_U0/conv_2d_cl_array_ap_uint_8_1u_array_ap_fixed_20_8_5_3_0_4u_config2_U0/add_ln703_407_reg_1046_reg/B[17:0] is not pipelined. Pipelining DSP48 input will improve performance.
Related violations: <none>

DPIP-1#7 Warning
Input pipelining  
DSP design_1_i/hier_0/myproject_axi_0/inst/myproject_U0/conv_2d_cl_array_ap_uint_8_1u_array_ap_fixed_20_8_5_3_0_4u_config2_U0/add_ln703_414_reg_1056_reg input design_1_i/hier_0/myproject_axi_0/inst/myproject_U0/conv_2d_cl_array_ap_uint_8_1u_array_ap_fixed_20_8_5_3_0_4u_config2_U0/add_ln703_414_reg_1056_reg/A[29:0] is not pipelined. Pipelining DSP48 input will improve performance.
Related violations: <none>

DPIP-1#8 Warning
Input pipelining  
DSP design_1_i/hier_0/myproject_axi_0/inst/myproject_U0/conv_2d_cl_array_ap_uint_8_1u_array_ap_fixed_20_8_5_3_0_4u_config2_U0/add_ln703_414_reg_1056_reg input design_1_i/hier_0/myproject_axi_0/inst/myproject_U0/conv_2d_cl_array_ap_uint_8_1u_array_ap_fixed_20_8_5_3_0_4u_config2_U0/add_ln703_414_reg_1056_reg/B[17:0] is not pipelined. Pipelining DSP48 input will improve performance.
Related violations: <none>

DPIP-1#9 Warning
Input pipelining  
DSP design_1_i/hier_0/myproject_axi_0/inst/myproject_U0/conv_2d_cl_array_ap_uint_8_1u_array_ap_fixed_20_8_5_3_0_4u_config2_U0/grp_fu_200_p2 input design_1_i/hier_0/myproject_axi_0/inst/myproject_U0/conv_2d_cl_array_ap_uint_8_1u_array_ap_fixed_20_8_5_3_0_4u_config2_U0/grp_fu_200_p2/A[29:0] is not pipelined. Pipelining DSP48 input will improve performance.
Related violations: <none>

DPIP-1#10 Warning
Input pipelining  
DSP design_1_i/hier_0/myproject_axi_0/inst/myproject_U0/conv_2d_cl_array_ap_uint_8_1u_array_ap_fixed_20_8_5_3_0_4u_config2_U0/grp_fu_200_p2 input design_1_i/hier_0/myproject_axi_0/inst/myproject_U0/conv_2d_cl_array_ap_uint_8_1u_array_ap_fixed_20_8_5_3_0_4u_config2_U0/grp_fu_200_p2/B[17:0] is not pipelined. Pipelining DSP48 input will improve performance.
Related violations: <none>

DPIP-1#11 Warning
Input pipelining  
DSP design_1_i/hier_0/myproject_axi_0/inst/myproject_U0/softmax_array_array_ap_fixed_20_8_5_3_0_3u_softmax_config28_U0/grp_softmax_stable_array_array_ap_fixed_20_8_5_3_0_3u_softmax_config28_s_fu_30/myproject_axi_mul_17ns_18s_28_2_1_U434/myproject_axi_mul_17ns_18s_28_2_1_MulnS_4_U/p_reg input design_1_i/hier_0/myproject_axi_0/inst/myproject_U0/softmax_array_array_ap_fixed_20_8_5_3_0_3u_softmax_config28_U0/grp_softmax_stable_array_array_ap_fixed_20_8_5_3_0_3u_softmax_config28_s_fu_30/myproject_axi_mul_17ns_18s_28_2_1_U434/myproject_axi_mul_17ns_18s_28_2_1_MulnS_4_U/p_reg/A[29:0] is not pipelined. Pipelining DSP48 input will improve performance.
Related violations: <none>

DPIP-1#12 Warning
Input pipelining  
DSP design_1_i/hier_0/myproject_axi_0/inst/myproject_U0/softmax_array_array_ap_fixed_20_8_5_3_0_3u_softmax_config28_U0/grp_softmax_stable_array_array_ap_fixed_20_8_5_3_0_3u_softmax_config28_s_fu_30/myproject_axi_mul_17ns_18s_28_2_1_U434/myproject_axi_mul_17ns_18s_28_2_1_MulnS_4_U/p_reg input design_1_i/hier_0/myproject_axi_0/inst/myproject_U0/softmax_array_array_ap_fixed_20_8_5_3_0_3u_softmax_config28_U0/grp_softmax_stable_array_array_ap_fixed_20_8_5_3_0_3u_softmax_config28_s_fu_30/myproject_axi_mul_17ns_18s_28_2_1_U434/myproject_axi_mul_17ns_18s_28_2_1_MulnS_4_U/p_reg/B[17:0] is not pipelined. Pipelining DSP48 input will improve performance.
Related violations: <none>

DPOP-1#1 Warning
PREG Output pipelining  
DSP design_1_i/hier_0/myproject_axi_0/inst/myproject_U0/conv_2d_cl_array_ap_uint_8_1u_array_ap_fixed_20_8_5_3_0_4u_config2_U0/grp_fu_200_p2 output design_1_i/hier_0/myproject_axi_0/inst/myproject_U0/conv_2d_cl_array_ap_uint_8_1u_array_ap_fixed_20_8_5_3_0_4u_config2_U0/grp_fu_200_p2/P[47:0] is not pipelined (PREG=0). Pipelining the DSP48 output will improve performance and often saves power so it is suggested whenever possible to fully pipeline this function.  If this DSP48 function was inferred, it is suggested to describe an additional register stage after this function.  If the DSP48 was instantiated in the design, it is suggested to set the PREG attribute to 1.
Related violations: <none>

DPOP-2#1 Warning
MREG Output pipelining  
DSP design_1_i/hier_0/myproject_axi_0/inst/myproject_U0/conv_2d_cl_array_ap_uint_8_1u_array_ap_fixed_20_8_5_3_0_4u_config2_U0/add_ln703_402_fu_797_p2 multiplier stage design_1_i/hier_0/myproject_axi_0/inst/myproject_U0/conv_2d_cl_array_ap_uint_8_1u_array_ap_fixed_20_8_5_3_0_4u_config2_U0/add_ln703_402_fu_797_p2/P[47:0] is not pipelined (MREG=0). Pipelining the multiplier function will improve performance and will save significant power so it is suggested whenever possible to fully pipeline this function.  If this multiplier was inferred, it is suggested to describe an additional register stage after this function.  If there is no registered adder/accumulator following the multiply function, two pipeline stages are suggested to allow both the MREG and PREG registers to be used.  If the DSP48 was instantiated in the design, it is suggested to set both the MREG and PREG attributes to 1 when performing multiply functions.
Related violations: <none>

DPOP-2#2 Warning
MREG Output pipelining  
DSP design_1_i/hier_0/myproject_axi_0/inst/myproject_U0/conv_2d_cl_array_ap_uint_8_1u_array_ap_fixed_20_8_5_3_0_4u_config2_U0/grp_fu_200_p2 multiplier stage design_1_i/hier_0/myproject_axi_0/inst/myproject_U0/conv_2d_cl_array_ap_uint_8_1u_array_ap_fixed_20_8_5_3_0_4u_config2_U0/grp_fu_200_p2/P[47:0] is not pipelined (MREG=0). Pipelining the multiplier function will improve performance and will save significant power so it is suggested whenever possible to fully pipeline this function.  If this multiplier was inferred, it is suggested to describe an additional register stage after this function.  If there is no registered adder/accumulator following the multiply function, two pipeline stages are suggested to allow both the MREG and PREG registers to be used.  If the DSP48 was instantiated in the design, it is suggested to set both the MREG and PREG attributes to 1 when performing multiply functions.
Related violations: <none>

DPOP-2#3 Warning
MREG Output pipelining  
DSP design_1_i/hier_0/myproject_axi_0/inst/myproject_U0/softmax_array_array_ap_fixed_20_8_5_3_0_3u_softmax_config28_U0/grp_softmax_stable_array_array_ap_fixed_20_8_5_3_0_3u_softmax_config28_s_fu_30/myproject_axi_mul_17ns_18s_28_2_1_U434/myproject_axi_mul_17ns_18s_28_2_1_MulnS_4_U/p_reg multiplier stage design_1_i/hier_0/myproject_axi_0/inst/myproject_U0/softmax_array_array_ap_fixed_20_8_5_3_0_3u_softmax_config28_U0/grp_softmax_stable_array_array_ap_fixed_20_8_5_3_0_3u_softmax_config28_s_fu_30/myproject_axi_mul_17ns_18s_28_2_1_U434/myproject_axi_mul_17ns_18s_28_2_1_MulnS_4_U/p_reg/P[47:0] is not pipelined (MREG=0). Pipelining the multiplier function will improve performance and will save significant power so it is suggested whenever possible to fully pipeline this function.  If this multiplier was inferred, it is suggested to describe an additional register stage after this function.  If there is no registered adder/accumulator following the multiply function, two pipeline stages are suggested to allow both the MREG and PREG registers to be used.  If the DSP48 was instantiated in the design, it is suggested to set both the MREG and PREG attributes to 1 when performing multiply functions.
Related violations: <none>


