

================================================================
== Vivado HLS Report for 'conv_2d_cl_array_ap_fixed_4u_array_ap_fixed_20_8_5_3_0_8u_config7_s'
================================================================
* Date:           Thu Dec 12 22:34:39 2019

* Version:        2019.2 (Build 2704478 on Wed Nov 06 22:10:23 MST 2019)
* Project:        myproject_prj
* Solution:       solution1
* Product family: zynq
* Target device:  xc7z020-clg400-1


================================================================
== Performance Estimates
================================================================
+ Timing: 
    * Summary: 
    +--------+---------+----------+------------+
    |  Clock |  Target | Estimated| Uncertainty|
    +--------+---------+----------+------------+
    |ap_clk  | 5.00 ns | 5.407 ns |   0.62 ns  |
    +--------+---------+----------+------------+

+ Latency: 
    * Summary: 
    +---------+---------+----------+----------+-------+-------+---------+
    |  Latency (cycles) |  Latency (absolute) |    Interval   | Pipeline|
    |   min   |   max   |    min   |    max   |  min  |  max  |   Type  |
    +---------+---------+----------+----------+-------+-------+---------+
    |    61742|    61742| 0.334 ms | 0.334 ms |  61742|  61742|   none  |
    +---------+---------+----------+----------+-------+-------+---------+

    + Detail: 
        * Instance: 
        N/A

        * Loop: 
        +----------------------------------+---------+---------+----------+-----------+-----------+------+----------+
        |                                  |  Latency (cycles) | Iteration|  Initiation Interval  | Trip |          |
        |             Loop Name            |   min   |   max   |  Latency |  achieved |   target  | Count| Pipelined|
        +----------------------------------+---------+---------+----------+-----------+-----------+------+----------+
        |- ReadInputHeight_ReadInputWidth  |    61740|    61740|        35|         35|         64|  1764|    yes   |
        +----------------------------------+---------+---------+----------+-----------+-----------+------+----------+



================================================================
== Utilization Estimates
================================================================
* Summary: 
+-----------------+---------+-------+--------+-------+-----+
|       Name      | BRAM_18K| DSP48E|   FF   |  LUT  | URAM|
+-----------------+---------+-------+--------+-------+-----+
|DSP              |        -|      -|       -|      -|    -|
|Expression       |        -|      -|       0|   2292|    -|
|FIFO             |        -|      -|       -|      -|    -|
|Instance         |        -|      5|     975|    370|    -|
|Memory           |        0|      -|     512|    512|    -|
|Multiplexer      |        -|      -|       -|   1654|    -|
|Register         |        -|      -|    4758|      -|    -|
+-----------------+---------+-------+--------+-------+-----+
|Total            |        0|      5|    6245|   4828|    0|
+-----------------+---------+-------+--------+-------+-----+
|Available        |      280|    220|  106400|  53200|    0|
+-----------------+---------+-------+--------+-------+-----+
|Utilization (%)  |        0|      2|       5|      9|    0|
+-----------------+---------+-------+--------+-------+-----+

+ Detail: 
    * Instance: 
    +--------------------------------------+----------------------------------+---------+-------+-----+----+-----+
    |               Instance               |              Module              | BRAM_18K| DSP48E|  FF | LUT| URAM|
    +--------------------------------------+----------------------------------+---------+-------+-----+----+-----+
    |myproject_axi_mul_20s_14s_32_5_1_U47  |myproject_axi_mul_20s_14s_32_5_1  |        0|      1|  195|  74|    0|
    |myproject_axi_mul_20s_14s_32_5_1_U48  |myproject_axi_mul_20s_14s_32_5_1  |        0|      1|  195|  74|    0|
    |myproject_axi_mul_20s_14s_32_5_1_U49  |myproject_axi_mul_20s_14s_32_5_1  |        0|      1|  195|  74|    0|
    |myproject_axi_mul_20s_14s_32_5_1_U50  |myproject_axi_mul_20s_14s_32_5_1  |        0|      1|  195|  74|    0|
    |myproject_axi_mul_20s_15s_32_5_1_U46  |myproject_axi_mul_20s_15s_32_5_1  |        0|      1|  195|  74|    0|
    +--------------------------------------+----------------------------------+---------+-------+-----+----+-----+
    |Total                                 |                                  |        0|      5|  975| 370|    0|
    +--------------------------------------+----------------------------------+---------+-------+-----+----+-----+

    * DSP48E: 
    N/A

    * Memory: 
    +------------------------------+----------------------------------------------------------------------------------+---------+----+----+-----+------+-----+------+-------------+
    |            Memory            |                                      Module                                      | BRAM_18K| FF | LUT| URAM| Words| Bits| Banks| W*Bits*Banks|
    +------------------------------+----------------------------------------------------------------------------------+---------+----+----+-----+------+-----+------+-------------+
    |line_buffer_Array_V_0_0_U     |conv_2d_cl_array_ap_fixed_4u_array_ap_fixed_20_8_5_3_0_8u_config7_s_line_bufflbW  |        0|  64|  64|    0|    42|   20|     1|          840|
    |line_buffer_Array_V_1370_0_U  |conv_2d_cl_array_ap_fixed_4u_array_ap_fixed_20_8_5_3_0_8u_config7_s_line_bufflbW  |        0|  64|  64|    0|    42|   20|     1|          840|
    |line_buffer_Array_V_0_1_U     |conv_2d_cl_array_ap_fixed_4u_array_ap_fixed_20_8_5_3_0_8u_config7_s_line_bufflbW  |        0|  64|  64|    0|    42|   20|     1|          840|
    |line_buffer_Array_V_1370_1_U  |conv_2d_cl_array_ap_fixed_4u_array_ap_fixed_20_8_5_3_0_8u_config7_s_line_bufflbW  |        0|  64|  64|    0|    42|   20|     1|          840|
    |line_buffer_Array_V_0_2_U     |conv_2d_cl_array_ap_fixed_4u_array_ap_fixed_20_8_5_3_0_8u_config7_s_line_bufflbW  |        0|  64|  64|    0|    42|   20|     1|          840|
    |line_buffer_Array_V_1370_2_U  |conv_2d_cl_array_ap_fixed_4u_array_ap_fixed_20_8_5_3_0_8u_config7_s_line_bufflbW  |        0|  64|  64|    0|    42|   20|     1|          840|
    |line_buffer_Array_V_0_3_U     |conv_2d_cl_array_ap_fixed_4u_array_ap_fixed_20_8_5_3_0_8u_config7_s_line_bufflbW  |        0|  64|  64|    0|    42|   20|     1|          840|
    |line_buffer_Array_V_1370_3_U  |conv_2d_cl_array_ap_fixed_4u_array_ap_fixed_20_8_5_3_0_8u_config7_s_line_bufflbW  |        0|  64|  64|    0|    42|   20|     1|          840|
    +------------------------------+----------------------------------------------------------------------------------+---------+----+----+-----+------+-----+------+-------------+
    |Total                         |                                                                                  |        0| 512| 512|    0|   336|  160|     8|         6720|
    +------------------------------+----------------------------------------------------------------------------------+---------+----+----+-----+------+-----+------+-------------+

    * FIFO: 
    N/A

    * Expression: 
    +-----------------------------------+----------+-------+---+----+------------+------------+
    |           Variable Name           | Operation| DSP48E| FF| LUT| Bitwidth P0| Bitwidth P1|
    +-----------------------------------+----------+-------+---+----+------------+------------+
    |add_ln1118_fu_3089_p2              |     +    |      0|  0|  38|          31|          31|
    |add_ln321_fu_3038_p2               |     +    |      0|  0|  39|          32|           1|
    |add_ln323_fu_3049_p2               |     +    |      0|  0|  39|          32|           1|
    |add_ln326_fu_2998_p2               |     +    |      0|  0|  39|          32|           1|
    |add_ln328_fu_3009_p2               |     +    |      0|  0|  39|          32|           1|
    |add_ln703_704_fu_2754_p2           |     +    |      0|  0|   8|          20|          20|
    |add_ln703_705_fu_2760_p2           |     +    |      0|  0|   8|          20|          20|
    |add_ln703_706_fu_3544_p2           |     +    |      0|  0|  27|          20|          20|
    |add_ln703_707_fu_3550_p2           |     +    |      0|  0|  27|          20|          20|
    |add_ln703_708_fu_3611_p2           |     +    |      0|  0|   8|          20|          20|
    |add_ln703_709_fu_3615_p2           |     +    |      0|  0|   8|          20|          20|
    |add_ln703_711_fu_3737_p2           |     +    |      0|  0|   8|          20|          20|
    |add_ln703_712_fu_3743_p2           |     +    |      0|  0|   8|          20|          20|
    |add_ln703_713_fu_3268_p2           |     +    |      0|  0|  27|          20|          20|
    |add_ln703_714_fu_3792_p2           |     +    |      0|  0|   8|          20|          14|
    |add_ln703_715_fu_3798_p2           |     +    |      0|  0|   8|          20|          20|
    |add_ln703_716_fu_3877_p2           |     +    |      0|  0|   8|          20|          20|
    |add_ln703_718_fu_2651_p2           |     +    |      0|  0|   8|          20|          20|
    |add_ln703_719_fu_2657_p2           |     +    |      0|  0|   8|          20|          20|
    |add_ln703_720_fu_2663_p2           |     +    |      0|  0|  27|          20|          20|
    |add_ln703_721_fu_3620_p2           |     +    |      0|  0|   8|          20|          20|
    |add_ln703_722_fu_3625_p2           |     +    |      0|  0|   8|          20|          20|
    |add_ln703_723_fu_3115_p2           |     +    |      0|  0|   8|          20|          20|
    |add_ln703_724_fu_3121_p2           |     +    |      0|  0|   8|          20|          20|
    |add_ln703_725_fu_3420_p2           |     +    |      0|  0|   8|          20|          20|
    |add_ln703_726_fu_3426_p2           |     +    |      0|  0|   8|          20|          20|
    |add_ln703_727_fu_3669_p2           |     +    |      0|  0|   8|          20|          20|
    |add_ln703_728_fu_3673_p2           |     +    |      0|  0|   8|          20|          20|
    |add_ln703_729_fu_3272_p2           |     +    |      0|  0|   8|          20|          20|
    |add_ln703_730_fu_3277_p2           |     +    |      0|  0|   8|          20|          20|
    |add_ln703_731_fu_3453_p2           |     +    |      0|  0|  27|          20|          20|
    |add_ln703_732_fu_3748_p2           |     +    |      0|  0|   8|          20|          20|
    |add_ln703_733_fu_3753_p2           |     +    |      0|  0|   8|          20|          20|
    |add_ln703_734_fu_3630_p2           |     +    |      0|  0|   8|          20|          20|
    |add_ln703_735_fu_3636_p2           |     +    |      0|  0|   8|          20|          20|
    |add_ln703_736_fu_3221_p2           |     +    |      0|  0|  27|          20|          20|
    |add_ln703_737_fu_3642_p2           |     +    |      0|  0|  27|          20|          11|
    |add_ln703_738_fu_3678_p2           |     +    |      0|  0|   8|          20|          20|
    |add_ln703_739_fu_3682_p2           |     +    |      0|  0|   8|          20|          20|
    |add_ln703_740_fu_3803_p2           |     +    |      0|  0|   8|          20|          20|
    |add_ln703_744_fu_2796_p2           |     +    |      0|  0|   8|          20|          20|
    |add_ln703_745_fu_2802_p2           |     +    |      0|  0|   8|          20|          20|
    |add_ln703_746_fu_3127_p2           |     +    |      0|  0|  27|          20|          20|
    |add_ln703_747_fu_3305_p2           |     +    |      0|  0|   8|          20|          20|
    |add_ln703_748_fu_3311_p2           |     +    |      0|  0|   8|          20|          20|
    |add_ln703_749_fu_3344_p2           |     +    |      0|  0|   8|          20|          20|
    |add_ln703_750_fu_3348_p2           |     +    |      0|  0|   8|          20|          20|
    |add_ln703_751_fu_3241_p2           |     +    |      0|  0|  27|          20|          20|
    |add_ln703_753_fu_3687_p2           |     +    |      0|  0|   8|          20|          20|
    |add_ln703_754_fu_3692_p2           |     +    |      0|  0|   8|          20|          20|
    |add_ln703_755_fu_3477_p2           |     +    |      0|  0|   8|          20|          20|
    |add_ln703_756_fu_3483_p2           |     +    |      0|  0|   8|          20|          20|
    |add_ln703_757_fu_3758_p2           |     +    |      0|  0|  27|          20|          12|
    |add_ln703_758_fu_3812_p2           |     +    |      0|  0|   8|          20|          20|
    |add_ln703_759_fu_3817_p2           |     +    |      0|  0|   8|          20|          20|
    |add_ln703_760_fu_3886_p2           |     +    |      0|  0|   8|          20|          20|
    |add_ln703_762_fu_2547_p2           |     +    |      0|  0|  27|          20|          20|
    |add_ln703_764_fu_2765_p2           |     +    |      0|  0|   8|          20|          20|
    |add_ln703_765_fu_2770_p2           |     +    |      0|  0|   8|          20|          20|
    |add_ln703_766_fu_3133_p2           |     +    |      0|  0|  27|          20|          20|
    |add_ln703_767_fu_3317_p2           |     +    |      0|  0|   8|          20|          20|
    |add_ln703_768_fu_3323_p2           |     +    |      0|  0|   8|          20|          20|
    |add_ln703_769_fu_3353_p2           |     +    |      0|  0|   8|          20|          20|
    |add_ln703_770_fu_3357_p2           |     +    |      0|  0|   8|          20|          20|
    |add_ln703_771_fu_3283_p2           |     +    |      0|  0|  27|          20|          20|
    |add_ln703_772_fu_3507_p2           |     +    |      0|  0|  27|          20|          20|
    |add_ln703_773_fu_3822_p2           |     +    |      0|  0|   8|          20|          20|
    |add_ln703_774_fu_3827_p2           |     +    |      0|  0|   8|          20|          20|
    |add_ln703_775_fu_2703_p2           |     +    |      0|  0|  27|          20|          20|
    |add_ln703_776_fu_3832_p2           |     +    |      0|  0|  27|          20|          13|
    |add_ln703_777_fu_3895_p2           |     +    |      0|  0|   8|          20|          20|
    |add_ln703_778_fu_3900_p2           |     +    |      0|  0|   8|          20|          20|
    |add_ln703_779_fu_3950_p2           |     +    |      0|  0|   8|          20|          20|
    |add_ln703_781_fu_2669_p2           |     +    |      0|  0|  27|          20|          20|
    |add_ln703_782_fu_2580_p2           |     +    |      0|  0|  27|          20|          20|
    |add_ln703_783_fu_2709_p2           |     +    |      0|  0|   8|          20|          20|
    |add_ln703_784_fu_2714_p2           |     +    |      0|  0|   8|          20|          20|
    |add_ln703_785_fu_3648_p2           |     +    |      0|  0|   8|          20|          20|
    |add_ln703_786_fu_3654_p2           |     +    |      0|  0|   8|          20|          20|
    |add_ln703_787_fu_3176_p2           |     +    |      0|  0|   8|          20|          20|
    |add_ln703_788_fu_3182_p2           |     +    |      0|  0|   8|          20|          20|
    |add_ln703_789_fu_3697_p2           |     +    |      0|  0|   8|          20|          20|
    |add_ln703_790_fu_3701_p2           |     +    |      0|  0|   8|          20|          20|
    |add_ln703_791_fu_3188_p2           |     +    |      0|  0|  27|          20|          20|
    |add_ln703_792_fu_3329_p2           |     +    |      0|  0|  27|          20|          20|
    |add_ln703_793_fu_3764_p2           |     +    |      0|  0|   8|          20|          20|
    |add_ln703_794_fu_3769_p2           |     +    |      0|  0|   8|          20|          20|
    |add_ln703_795_fu_3513_p2           |     +    |      0|  0|   8|          20|          20|
    |add_ln703_796_fu_3519_p2           |     +    |      0|  0|   8|          20|          20|
    |add_ln703_797_fu_3660_p2           |     +    |      0|  0|  26|          19|          12|
    |add_ln703_798_fu_3709_p2           |     +    |      0|  0|   8|          20|          20|
    |add_ln703_799_fu_3715_p2           |     +    |      0|  0|   8|          20|          20|
    |add_ln703_800_fu_3838_p2           |     +    |      0|  0|   8|          20|          20|
    |add_ln703_802_fu_2553_p2           |     +    |      0|  0|  27|          20|          20|
    |add_ln703_804_fu_2775_p2           |     +    |      0|  0|   8|          20|          20|
    |add_ln703_805_fu_2780_p2           |     +    |      0|  0|   8|          20|          20|
    |add_ln703_806_fu_2987_p2           |     +    |      0|  0|  27|          20|          20|
    |add_ln703_807_fu_3432_p2           |     +    |      0|  0|   8|          20|          20|
    |add_ln703_808_fu_3438_p2           |     +    |      0|  0|   8|          20|          20|
    |add_ln703_809_fu_3459_p2           |     +    |      0|  0|   8|          20|          20|
    |add_ln703_810_fu_3463_p2           |     +    |      0|  0|   8|          20|          20|
    |add_ln703_812_fu_3444_p2           |     +    |      0|  0|  27|          20|          20|
    |add_ln703_813_fu_3774_p2           |     +    |      0|  0|   8|          20|          20|
    |add_ln703_814_fu_3779_p2           |     +    |      0|  0|   8|          20|          20|
    |add_ln703_815_fu_3525_p2           |     +    |      0|  0|  27|          20|          20|
    |add_ln703_816_fu_3531_p2           |     +    |      0|  0|  27|          20|          12|
    |add_ln703_817_fu_3556_p2           |     +    |      0|  0|   8|          20|          20|
    |add_ln703_818_fu_3561_p2           |     +    |      0|  0|   8|          20|          20|
    |add_ln703_819_fu_3847_p2           |     +    |      0|  0|   8|          20|          20|
    |add_ln703_822_fu_3194_p2           |     +    |      0|  0|  27|          20|          20|
    |add_ln703_823_fu_3905_p2           |     +    |      0|  0|   8|          20|          20|
    |add_ln703_824_fu_3910_p2           |     +    |      0|  0|   8|          20|          20|
    |add_ln703_825_fu_3916_p2           |     +    |      0|  0|   8|          20|          20|
    |add_ln703_826_fu_3922_p2           |     +    |      0|  0|   8|          20|          20|
    |add_ln703_827_fu_3928_p2           |     +    |      0|  0|   8|          20|          11|
    |add_ln703_828_fu_3934_p2           |     +    |      0|  0|   8|          20|          20|
    |add_ln703_829_fu_3959_p2           |     +    |      0|  0|   8|          20|          20|
    |add_ln703_832_fu_2807_p2           |     +    |      0|  0|   8|          20|          20|
    |add_ln703_833_fu_2813_p2           |     +    |      0|  0|   8|          20|          20|
    |add_ln703_834_fu_3566_p2           |     +    |      0|  0|  27|          20|          20|
    |add_ln703_836_fu_3720_p2           |     +    |      0|  0|   8|          20|          20|
    |add_ln703_837_fu_3724_p2           |     +    |      0|  0|   8|          20|          20|
    |add_ln703_838_fu_3468_p2           |     +    |      0|  0|  27|          20|          20|
    |add_ln703_839_fu_3856_p2           |     +    |      0|  0|   8|          20|          20|
    |add_ln703_840_fu_3862_p2           |     +    |      0|  0|   8|          20|          20|
    |add_ln703_841_fu_3362_p2           |     +    |      0|  0|  27|          20|          20|
    |add_ln703_842_fu_3867_p2           |     +    |      0|  0|  27|          20|          12|
    |add_ln703_843_fu_3940_p2           |     +    |      0|  0|   8|          20|          20|
    |add_ln703_844_fu_3945_p2           |     +    |      0|  0|   8|          20|          20|
    |add_ln703_845_fu_3968_p2           |     +    |      0|  0|   8|          20|          20|
    |add_ln703_fu_2574_p2               |     +    |      0|  0|  27|          20|          20|
    |add_ln79_fu_2158_p2                |     +    |      0|  0|  13|          11|           1|
    |grp_fu_2118_p2                     |     +    |      0|  0|  27|          20|          20|
    |grp_fu_2124_p2                     |     +    |      0|  0|  27|          20|          20|
    |grp_fu_2130_p2                     |     +    |      0|  0|  27|          20|          20|
    |grp_fu_2136_p2                     |     +    |      0|  0|  27|          20|          20|
    |grp_fu_2142_p2                     |     +    |      0|  0|  27|          20|          20|
    |tmp_data_0_V_fu_3890_p2            |     +    |      0|  0|   8|          20|          20|
    |tmp_data_1_V_fu_3954_p2            |     +    |      0|  0|   8|          20|          20|
    |tmp_data_2_V_fu_3842_p2            |     +    |      0|  0|   8|          20|          20|
    |tmp_data_3_V_fu_3851_p2            |     +    |      0|  0|   8|          20|          20|
    |tmp_data_4_V_fu_3963_p2            |     +    |      0|  0|   8|          20|          20|
    |tmp_data_5_V_fu_3881_p2            |     +    |      0|  0|   8|          20|          20|
    |tmp_data_6_V_fu_3807_p2            |     +    |      0|  0|   8|          20|          20|
    |tmp_data_7_V_fu_3972_p2            |     +    |      0|  0|   8|          20|          20|
    |sub_ln1118_20_fu_2350_p2           |     -    |      0|  0|   8|          31|          31|
    |sub_ln1118_21_fu_2525_p2           |     -    |      0|  0|  38|          31|          31|
    |sub_ln1118_22_fu_3387_p2           |     -    |      0|  0|   8|           1|          32|
    |sub_ln1118_23_fu_3404_p2           |     -    |      0|  0|   8|          32|          32|
    |sub_ln1118_fu_2332_p2              |     -    |      0|  0|   8|           1|          31|
    |and_ln289_5_fu_2234_p2             |    and   |      0|  0|   2|           1|           1|
    |and_ln289_6_fu_2240_p2             |    and   |      0|  0|   2|           1|           1|
    |and_ln289_fu_2228_p2               |    and   |      0|  0|   2|           1|           1|
    |ap_block_state36                   |    and   |      0|  0|   2|           1|           1|
    |ap_predicate_op1263_write_state36  |    and   |      0|  0|   2|           1|           1|
    |io_acc_block_signal_op1263         |    and   |      0|  0|   2|           1|           1|
    |io_acc_block_signal_op90           |    and   |      0|  0|   2|           1|           1|
    |icmp_ln289_7_fu_2182_p2            |   icmp   |      0|  0|  18|          32|           2|
    |icmp_ln289_8_fu_2202_p2            |   icmp   |      0|  0|  18|          31|           1|
    |icmp_ln289_9_fu_2222_p2            |   icmp   |      0|  0|  18|          31|           1|
    |icmp_ln289_fu_2172_p2              |   icmp   |      0|  0|  18|          32|           2|
    |icmp_ln313_fu_2993_p2              |   icmp   |      0|  0|  18|          32|           6|
    |icmp_ln317_fu_3033_p2              |   icmp   |      0|  0|  18|          32|           6|
    |icmp_ln79_fu_2152_p2               |   icmp   |      0|  0|  13|          11|          10|
    |ap_block_state1                    |    or    |      0|  0|   2|           1|           1|
    |select_ln323_fu_3054_p3            |  select  |      0|  0|  32|           1|           2|
    |select_ln328_fu_3014_p3            |  select  |      0|  0|  32|           1|           2|
    +-----------------------------------+----------+-------+---+----+------------+------------+
    |Total                              |          |      0|  0|2292|        3256|        2950|
    +-----------------------------------+----------+-------+---+----+------------+------------+

    * Multiplexer: 
    +------------------------+-----+-----------+-----+-----------+
    |          Name          | LUT | Input Size| Bits| Total Bits|
    +------------------------+-----+-----------+-----+-----------+
    |ap_NS_fsm               |  169|         38|    1|         38|
    |ap_done                 |    9|          2|    1|          2|
    |data_V_data_0_V_blk_n   |    9|          2|    1|          2|
    |data_V_data_1_V_blk_n   |    9|          2|    1|          2|
    |data_V_data_2_V_blk_n   |    9|          2|    1|          2|
    |data_V_data_3_V_blk_n   |    9|          2|    1|          2|
    |grp_fu_562_p0           |  133|         29|   20|        580|
    |grp_fu_562_p1           |  133|         29|   15|        435|
    |grp_fu_563_p0           |  129|         28|   20|        560|
    |grp_fu_563_p1           |  129|         28|   14|        392|
    |grp_fu_564_p0           |  129|         28|   20|        560|
    |grp_fu_564_p1           |  133|         29|   14|        406|
    |grp_fu_565_p0           |  133|         29|   20|        580|
    |grp_fu_565_p1           |  129|         28|   14|        392|
    |grp_fu_566_p0           |  133|         29|   20|        580|
    |grp_fu_566_p1           |  133|         29|   14|        406|
    |indvar_flatten_reg_540  |    9|          2|   11|         22|
    |pX_5                    |    9|          2|   32|         64|
    |pY_5                    |    9|          2|   32|         64|
    |real_start              |    9|          2|    1|          2|
    |res_V_data_0_V_blk_n    |    9|          2|    1|          2|
    |res_V_data_1_V_blk_n    |    9|          2|    1|          2|
    |res_V_data_2_V_blk_n    |    9|          2|    1|          2|
    |res_V_data_3_V_blk_n    |    9|          2|    1|          2|
    |res_V_data_4_V_blk_n    |    9|          2|    1|          2|
    |res_V_data_5_V_blk_n    |    9|          2|    1|          2|
    |res_V_data_6_V_blk_n    |    9|          2|    1|          2|
    |res_V_data_7_V_blk_n    |    9|          2|    1|          2|
    |sX_5                    |    9|          2|   32|         64|
    |storemerge_i_i_reg_551  |    9|          2|   32|         64|
    +------------------------+-----+-----------+-----+-----------+
    |Total                   | 1654|        362|  325|       5235|
    +------------------------+-----+-----------+-----+-----------+

    * Register: 
    +----------------------------------+----+----+-----+-----------+
    |               Name               | FF | LUT| Bits| Const Bits|
    +----------------------------------+----+----+-----+-----------+
    |DataOut_V_113_reg_4112            |  20|   0|   20|          0|
    |DataOut_V_114_reg_4118            |  20|   0|   20|          0|
    |DataOut_V_115_reg_4399            |  20|   0|   20|          0|
    |DataOut_V_116_reg_4405            |  20|   0|   20|          0|
    |DataOut_V_117_reg_4124            |  20|   0|   20|          0|
    |DataOut_V_118_reg_4130            |  20|   0|   20|          0|
    |DataOut_V_119_reg_4411            |  20|   0|   20|          0|
    |DataOut_V_reg_4416                |  20|   0|   20|          0|
    |add_ln703_705_reg_4348            |  20|   0|   20|          0|
    |add_ln703_706_reg_4829            |  20|   0|   20|          0|
    |add_ln703_707_reg_4834            |  20|   0|   20|          0|
    |add_ln703_709_reg_4854            |  20|   0|   20|          0|
    |add_ln703_710_reg_4698            |  20|   0|   20|          0|
    |add_ln703_712_reg_4919            |  20|   0|   20|          0|
    |add_ln703_713_reg_4640            |  20|   0|   20|          0|
    |add_ln703_715_reg_4944            |  20|   0|   20|          0|
    |add_ln703_719_reg_4293            |  20|   0|   20|          0|
    |add_ln703_720_reg_4298            |  20|   0|   20|          0|
    |add_ln703_722_reg_4859            |  20|   0|   20|          0|
    |add_ln703_724_reg_4503            |  20|   0|   20|          0|
    |add_ln703_726_reg_4739            |  20|   0|   20|          0|
    |add_ln703_728_reg_4889            |  20|   0|   20|          0|
    |add_ln703_730_reg_4645            |  20|   0|   20|          0|
    |add_ln703_731_reg_4759            |  20|   0|   20|          0|
    |add_ln703_733_reg_4924            |  20|   0|   20|          0|
    |add_ln703_735_reg_4864            |  20|   0|   20|          0|
    |add_ln703_736_reg_4559            |  20|   0|   20|          0|
    |add_ln703_737_reg_4869            |  20|   0|   20|          0|
    |add_ln703_739_reg_4894            |  20|   0|   20|          0|
    |add_ln703_742_reg_4210            |  20|   0|   20|          0|
    |add_ln703_745_reg_4371            |  20|   0|   20|          0|
    |add_ln703_746_reg_4508            |  20|   0|   20|          0|
    |add_ln703_748_reg_4670            |  20|   0|   20|          0|
    |add_ln703_750_reg_4703            |  20|   0|   20|          0|
    |add_ln703_751_reg_4588            |  20|   0|   20|          0|
    |add_ln703_752_reg_4650            |  20|   0|   20|          0|
    |add_ln703_754_reg_4899            |  20|   0|   20|          0|
    |add_ln703_756_reg_4784            |  20|   0|   20|          0|
    |add_ln703_757_reg_4929            |  20|   0|   20|          0|
    |add_ln703_759_reg_4954            |  20|   0|   20|          0|
    |add_ln703_762_reg_4215            |  20|   0|   20|          0|
    |add_ln703_763_reg_4262            |  20|   0|   20|          0|
    |add_ln703_765_reg_4353            |  20|   0|   20|          0|
    |add_ln703_766_reg_4513            |  20|   0|   20|          0|
    |add_ln703_768_reg_4675            |  20|   0|   20|          0|
    |add_ln703_770_reg_4708            |  20|   0|   20|          0|
    |add_ln703_771_reg_4655            |  20|   0|   20|          0|
    |add_ln703_772_reg_4799            |  20|   0|   20|          0|
    |add_ln703_774_reg_4959            |  20|   0|   20|          0|
    |add_ln703_775_reg_4314            |  20|   0|   20|          0|
    |add_ln703_776_reg_4964            |  20|   0|   20|          0|
    |add_ln703_778_reg_4999            |  20|   0|   20|          0|
    |add_ln703_781_reg_4303            |  20|   0|   20|          0|
    |add_ln703_782_reg_4245            |  20|   0|   20|          0|
    |add_ln703_784_reg_4319            |  20|   0|   20|          0|
    |add_ln703_786_reg_4874            |  20|   0|   20|          0|
    |add_ln703_788_reg_4536            |  20|   0|   20|          0|
    |add_ln703_790_reg_4904            |  20|   0|   20|          0|
    |add_ln703_791_reg_4541            |  20|   0|   20|          0|
    |add_ln703_792_reg_4680            |  20|   0|   20|          0|
    |add_ln703_794_reg_4934            |  20|   0|   20|          0|
    |add_ln703_796_reg_4804            |  20|   0|   20|          0|
    |add_ln703_797_reg_4879            |  19|   0|   19|          0|
    |add_ln703_799_reg_4909            |  20|   0|   20|          0|
    |add_ln703_802_reg_4220            |  20|   0|   20|          0|
    |add_ln703_803_reg_4267            |  20|   0|   20|          0|
    |add_ln703_805_reg_4358            |  20|   0|   20|          0|
    |add_ln703_806_reg_4461            |  20|   0|   20|          0|
    |add_ln703_808_reg_4744            |  20|   0|   20|          0|
    |add_ln703_810_reg_4764            |  20|   0|   20|          0|
    |add_ln703_811_reg_4593            |  20|   0|   20|          0|
    |add_ln703_812_reg_4749            |  20|   0|   20|          0|
    |add_ln703_814_reg_4939            |  20|   0|   20|          0|
    |add_ln703_815_reg_4809            |  20|   0|   20|          0|
    |add_ln703_816_reg_4814            |  20|   0|   20|          0|
    |add_ln703_818_reg_4839            |  20|   0|   20|          0|
    |add_ln703_822_reg_4546            |  20|   0|   20|          0|
    |add_ln703_824_reg_5004            |  20|   0|   20|          0|
    |add_ln703_826_reg_5009            |  20|   0|   20|          0|
    |add_ln703_828_reg_5014            |  20|   0|   20|          0|
    |add_ln703_831_reg_4225            |  20|   0|   20|          0|
    |add_ln703_833_reg_4376            |  20|   0|   20|          0|
    |add_ln703_834_reg_4844            |  20|   0|   20|          0|
    |add_ln703_835_reg_4884            |  20|   0|   20|          0|
    |add_ln703_837_reg_4914            |  20|   0|   20|          0|
    |add_ln703_838_reg_4769            |  20|   0|   20|          0|
    |add_ln703_840_reg_4979            |  20|   0|   20|          0|
    |add_ln703_841_reg_4713            |  20|   0|   20|          0|
    |add_ln703_842_reg_4984            |  20|   0|   20|          0|
    |add_ln703_844_reg_5019            |  20|   0|   20|          0|
    |add_ln703_reg_4240                |  20|   0|   20|          0|
    |add_ln79_reg_3981                 |  11|   0|   11|          0|
    |and_ln289_6_reg_4018              |   1|   0|    1|          0|
    |ap_CS_fsm                         |  37|   0|   37|          0|
    |ap_done_reg                       |   1|   0|    1|          0|
    |icmp_ln289_7_reg_4001             |   1|   0|    1|          0|
    |icmp_ln289_reg_3991               |   1|   0|    1|          0|
    |icmp_ln313_reg_4466               |   1|   0|    1|          0|
    |icmp_ln317_reg_4475               |   1|   0|    1|          0|
    |icmp_ln79_reg_3977                |   1|   0|    1|          0|
    |indvar_flatten_reg_540            |  11|   0|   11|          0|
    |kernel_data_V_10                  |  20|   0|   20|          0|
    |kernel_data_V_10_load_reg_4187    |  20|   0|   20|          0|
    |kernel_data_V_11                  |  20|   0|   20|          0|
    |kernel_data_V_16                  |  20|   0|   20|          0|
    |kernel_data_V_17                  |  20|   0|   20|          0|
    |kernel_data_V_17_load_reg_4137    |  20|   0|   20|          0|
    |kernel_data_V_18                  |  20|   0|   20|          0|
    |kernel_data_V_19                  |  20|   0|   20|          0|
    |kernel_data_V_20                  |  20|   0|   20|          0|
    |kernel_data_V_21                  |  20|   0|   20|          0|
    |kernel_data_V_22                  |  20|   0|   20|          0|
    |kernel_data_V_22_load_reg_4156    |  20|   0|   20|          0|
    |kernel_data_V_23                  |  20|   0|   20|          0|
    |kernel_data_V_28                  |  20|   0|   20|          0|
    |kernel_data_V_29                  |  20|   0|   20|          0|
    |kernel_data_V_30                  |  20|   0|   20|          0|
    |kernel_data_V_31                  |  20|   0|   20|          0|
    |kernel_data_V_32                  |  20|   0|   20|          0|
    |kernel_data_V_32_load_reg_4425    |  20|   0|   20|          0|
    |kernel_data_V_33                  |  20|   0|   20|          0|
    |kernel_data_V_34                  |  20|   0|   20|          0|
    |kernel_data_V_34_load_reg_4430    |  20|   0|   20|          0|
    |kernel_data_V_35                  |  20|   0|   20|          0|
    |kernel_data_V_35_load_reg_4435    |  20|   0|   20|          0|
    |kernel_data_V_4374                |  20|   0|   20|          0|
    |kernel_data_V_5375                |  20|   0|   20|          0|
    |kernel_data_V_5375_load_reg_4035  |  20|   0|   20|          0|
    |kernel_data_V_6                   |  20|   0|   20|          0|
    |kernel_data_V_7                   |  20|   0|   20|          0|
    |kernel_data_V_8                   |  20|   0|   20|          0|
    |kernel_data_V_9                   |  20|   0|   20|          0|
    |pX_5                              |  32|   0|   32|          0|
    |pX_5_load_reg_4012                |  32|   0|   32|          0|
    |pY_5                              |  32|   0|   32|          0|
    |pY_5_load_reg_4006                |  32|   0|   32|          0|
    |reg_2014                          |  20|   0|   20|          0|
    |reg_2018                          |  20|   0|   20|          0|
    |reg_2022                          |  19|   0|   19|          0|
    |reg_2026                          |  20|   0|   20|          0|
    |reg_2030                          |  20|   0|   20|          0|
    |reg_2034                          |  20|   0|   20|          0|
    |reg_2038                          |  20|   0|   20|          0|
    |reg_2042                          |  20|   0|   20|          0|
    |reg_2046                          |  20|   0|   20|          0|
    |reg_2050                          |  20|   0|   20|          0|
    |reg_2054                          |  19|   0|   19|          0|
    |reg_2058                          |  19|   0|   19|          0|
    |reg_2062                          |  20|   0|   20|          0|
    |reg_2066                          |  19|   0|   19|          0|
    |reg_2070                          |  19|   0|   19|          0|
    |reg_2074                          |  19|   0|   19|          0|
    |reg_2078                          |  20|   0|   20|          0|
    |reg_2082                          |  20|   0|   20|          0|
    |reg_2086                          |  20|   0|   20|          0|
    |reg_2090                          |  20|   0|   20|          0|
    |reg_2094                          |  19|   0|   19|          0|
    |reg_2098                          |  20|   0|   20|          0|
    |reg_2102                          |  19|   0|   19|          0|
    |reg_2106                          |  20|   0|   20|          0|
    |reg_2110                          |  20|   0|   20|          0|
    |reg_2114                          |  20|   0|   20|          0|
    |reg_2148                          |  20|   0|   20|          0|
    |sX_5                              |  32|   0|   32|          0|
    |sX_5_load_reg_3986                |  32|   0|   32|          0|
    |sY_5                              |  32|   0|   32|          0|
    |sY_5_load_reg_3996                |  32|   0|   32|          0|
    |select_ln323_reg_4479             |  32|   0|   32|          0|
    |select_ln328_reg_4470             |  32|   0|   32|          0|
    |sext_ln1118_360_reg_4161          |  31|   0|   31|          0|
    |sext_ln1118_361_reg_4046          |  32|   0|   32|          0|
    |sext_ln1118_364_reg_4092          |  32|   0|   32|          0|
    |sext_ln1118_365_reg_4099          |  31|   0|   31|          0|
    |sext_ln1118_371_reg_4203          |  32|   0|   32|          0|
    |sext_ln1118_372_reg_4105          |  32|   0|   32|          0|
    |sext_ln1118_373_reg_4167          |  32|   0|   32|          0|
    |sext_ln1118_375_reg_4685          |  32|   0|   32|          0|
    |sext_ln1118_376_reg_4692          |  31|   0|   31|          0|
    |sext_ln1118_377_reg_4718          |  31|   0|   31|          0|
    |sext_ln1118_378_reg_4173          |  32|   0|   32|          0|
    |sext_ln1118_386_reg_4149          |  32|   0|   32|          0|
    |sext_ln1118_395_reg_4180          |  32|   0|   32|          0|
    |sext_ln1118_398_reg_4518          |  32|   0|   32|          0|
    |sext_ln1118_399_reg_4524          |  32|   0|   32|          0|
    |sext_ln1118_402_reg_4564          |  32|   0|   32|          0|
    |sext_ln1118_403_reg_4335          |  31|   0|   31|          0|
    |sext_ln1118_404_reg_4341          |  32|   0|   32|          0|
    |sext_ln1118_405_reg_4363          |  32|   0|   32|          0|
    |sext_ln1118_406_reg_4386          |  32|   0|   32|          0|
    |sext_ln1118_407_reg_4393          |  32|   0|   32|          0|
    |sext_ln1118_408_reg_4441          |  32|   0|   32|          0|
    |sext_ln1118_411_reg_4453          |  32|   0|   32|          0|
    |sext_ln1118_412_reg_4489          |  32|   0|   32|          0|
    |sext_ln1118_414_reg_4496          |  32|   0|   32|          0|
    |sext_ln1118_416_reg_4581          |  32|   0|   32|          0|
    |sext_ln1118_422_reg_4633          |  32|   0|   32|          0|
    |start_once_reg                    |   1|   0|    1|          0|
    |storemerge_i_i_reg_551            |  32|   0|   32|          0|
    |tmp_data_0_V_6_reg_4055           |  20|   0|   20|          0|
    |tmp_data_0_V_reg_4994             |  20|   0|   20|          0|
    |tmp_data_1_V_5_reg_4063           |  20|   0|   20|          0|
    |tmp_data_1_V_reg_5024             |  20|   0|   20|          0|
    |tmp_data_2_V_5_reg_4071           |  20|   0|   20|          0|
    |tmp_data_2_V_reg_4969             |  20|   0|   20|          0|
    |tmp_data_3_V_4_reg_4079           |  20|   0|   20|          0|
    |tmp_data_3_V_reg_4974             |  20|   0|   20|          0|
    |tmp_data_4_V_reg_5029             |  20|   0|   20|          0|
    |tmp_data_5_V_reg_4989             |  20|   0|   20|          0|
    |tmp_data_6_V_reg_4949             |  20|   0|   20|          0|
    |tmp_data_7_V_reg_5034             |  20|   0|   20|          0|
    |trunc_ln708_406_reg_4729          |  20|   0|   20|          0|
    |trunc_ln708_469_reg_4571          |  20|   0|   20|          0|
    |trunc_ln708_470_reg_4598          |  20|   0|   20|          0|
    |trunc_ln708_472_reg_4603          |  20|   0|   20|          0|
    |trunc_ln708_474_reg_4608          |  20|   0|   20|          0|
    |trunc_ln708_734_reg_4087          |  19|   0|   19|          0|
    |trunc_ln708_737_reg_4198          |  19|   0|   19|          0|
    |trunc_ln708_738_reg_4849          |  18|   0|   18|          0|
    |trunc_ln708_741_reg_4789          |  19|   0|   19|          0|
    |trunc_ln708_742_reg_4819          |  19|   0|   19|          0|
    |trunc_ln708_745_reg_4484          |  19|   0|   19|          0|
    |trunc_ln708_748_reg_4381          |  18|   0|   18|          0|
    |trunc_ln708_758_reg_4734          |  19|   0|   19|          0|
    |trunc_ln708_763_reg_4779          |  19|   0|   19|          0|
    +----------------------------------+----+----+-----+-----------+
    |Total                             |4758|   0| 4758|          0|
    +----------------------------------+----+----+-----+-----------+



================================================================
== Interface
================================================================
* Summary: 
+-------------------------+-----+-----+------------+-----------------------------------------------------------------------+--------------+
|        RTL Ports        | Dir | Bits|  Protocol  |                             Source Object                             |    C Type    |
+-------------------------+-----+-----+------------+-----------------------------------------------------------------------+--------------+
|ap_clk                   |  in |    1| ap_ctrl_hs | conv_2d_cl<array<ap_fixed,4u>,array<ap_fixed<20,8,5,3,0>,8u>,config7> | return value |
|ap_rst                   |  in |    1| ap_ctrl_hs | conv_2d_cl<array<ap_fixed,4u>,array<ap_fixed<20,8,5,3,0>,8u>,config7> | return value |
|ap_start                 |  in |    1| ap_ctrl_hs | conv_2d_cl<array<ap_fixed,4u>,array<ap_fixed<20,8,5,3,0>,8u>,config7> | return value |
|start_full_n             |  in |    1| ap_ctrl_hs | conv_2d_cl<array<ap_fixed,4u>,array<ap_fixed<20,8,5,3,0>,8u>,config7> | return value |
|ap_done                  | out |    1| ap_ctrl_hs | conv_2d_cl<array<ap_fixed,4u>,array<ap_fixed<20,8,5,3,0>,8u>,config7> | return value |
|ap_continue              |  in |    1| ap_ctrl_hs | conv_2d_cl<array<ap_fixed,4u>,array<ap_fixed<20,8,5,3,0>,8u>,config7> | return value |
|ap_idle                  | out |    1| ap_ctrl_hs | conv_2d_cl<array<ap_fixed,4u>,array<ap_fixed<20,8,5,3,0>,8u>,config7> | return value |
|ap_ready                 | out |    1| ap_ctrl_hs | conv_2d_cl<array<ap_fixed,4u>,array<ap_fixed<20,8,5,3,0>,8u>,config7> | return value |
|start_out                | out |    1| ap_ctrl_hs | conv_2d_cl<array<ap_fixed,4u>,array<ap_fixed<20,8,5,3,0>,8u>,config7> | return value |
|start_write              | out |    1| ap_ctrl_hs | conv_2d_cl<array<ap_fixed,4u>,array<ap_fixed<20,8,5,3,0>,8u>,config7> | return value |
|data_V_data_0_V_dout     |  in |   20|   ap_fifo  |                            data_V_data_0_V                            |    pointer   |
|data_V_data_0_V_empty_n  |  in |    1|   ap_fifo  |                            data_V_data_0_V                            |    pointer   |
|data_V_data_0_V_read     | out |    1|   ap_fifo  |                            data_V_data_0_V                            |    pointer   |
|data_V_data_1_V_dout     |  in |   20|   ap_fifo  |                            data_V_data_1_V                            |    pointer   |
|data_V_data_1_V_empty_n  |  in |    1|   ap_fifo  |                            data_V_data_1_V                            |    pointer   |
|data_V_data_1_V_read     | out |    1|   ap_fifo  |                            data_V_data_1_V                            |    pointer   |
|data_V_data_2_V_dout     |  in |   20|   ap_fifo  |                            data_V_data_2_V                            |    pointer   |
|data_V_data_2_V_empty_n  |  in |    1|   ap_fifo  |                            data_V_data_2_V                            |    pointer   |
|data_V_data_2_V_read     | out |    1|   ap_fifo  |                            data_V_data_2_V                            |    pointer   |
|data_V_data_3_V_dout     |  in |   20|   ap_fifo  |                            data_V_data_3_V                            |    pointer   |
|data_V_data_3_V_empty_n  |  in |    1|   ap_fifo  |                            data_V_data_3_V                            |    pointer   |
|data_V_data_3_V_read     | out |    1|   ap_fifo  |                            data_V_data_3_V                            |    pointer   |
|res_V_data_0_V_din       | out |   20|   ap_fifo  |                             res_V_data_0_V                            |    pointer   |
|res_V_data_0_V_full_n    |  in |    1|   ap_fifo  |                             res_V_data_0_V                            |    pointer   |
|res_V_data_0_V_write     | out |    1|   ap_fifo  |                             res_V_data_0_V                            |    pointer   |
|res_V_data_1_V_din       | out |   20|   ap_fifo  |                             res_V_data_1_V                            |    pointer   |
|res_V_data_1_V_full_n    |  in |    1|   ap_fifo  |                             res_V_data_1_V                            |    pointer   |
|res_V_data_1_V_write     | out |    1|   ap_fifo  |                             res_V_data_1_V                            |    pointer   |
|res_V_data_2_V_din       | out |   20|   ap_fifo  |                             res_V_data_2_V                            |    pointer   |
|res_V_data_2_V_full_n    |  in |    1|   ap_fifo  |                             res_V_data_2_V                            |    pointer   |
|res_V_data_2_V_write     | out |    1|   ap_fifo  |                             res_V_data_2_V                            |    pointer   |
|res_V_data_3_V_din       | out |   20|   ap_fifo  |                             res_V_data_3_V                            |    pointer   |
|res_V_data_3_V_full_n    |  in |    1|   ap_fifo  |                             res_V_data_3_V                            |    pointer   |
|res_V_data_3_V_write     | out |    1|   ap_fifo  |                             res_V_data_3_V                            |    pointer   |
|res_V_data_4_V_din       | out |   20|   ap_fifo  |                             res_V_data_4_V                            |    pointer   |
|res_V_data_4_V_full_n    |  in |    1|   ap_fifo  |                             res_V_data_4_V                            |    pointer   |
|res_V_data_4_V_write     | out |    1|   ap_fifo  |                             res_V_data_4_V                            |    pointer   |
|res_V_data_5_V_din       | out |   20|   ap_fifo  |                             res_V_data_5_V                            |    pointer   |
|res_V_data_5_V_full_n    |  in |    1|   ap_fifo  |                             res_V_data_5_V                            |    pointer   |
|res_V_data_5_V_write     | out |    1|   ap_fifo  |                             res_V_data_5_V                            |    pointer   |
|res_V_data_6_V_din       | out |   20|   ap_fifo  |                             res_V_data_6_V                            |    pointer   |
|res_V_data_6_V_full_n    |  in |    1|   ap_fifo  |                             res_V_data_6_V                            |    pointer   |
|res_V_data_6_V_write     | out |    1|   ap_fifo  |                             res_V_data_6_V                            |    pointer   |
|res_V_data_7_V_din       | out |   20|   ap_fifo  |                             res_V_data_7_V                            |    pointer   |
|res_V_data_7_V_full_n    |  in |    1|   ap_fifo  |                             res_V_data_7_V                            |    pointer   |
|res_V_data_7_V_write     | out |    1|   ap_fifo  |                             res_V_data_7_V                            |    pointer   |
+-------------------------+-----+-----+------------+-----------------------------------------------------------------------+--------------+

