

================================================================
== Vivado HLS Report for 'dense_wrapper_ap_fixed_20_8_5_3_0_ap_fixed_20_8_5_3_0_config26_s'
================================================================
* Date:           Thu Dec 12 22:34:56 2019

* Version:        2019.2 (Build 2704478 on Wed Nov 06 22:10:23 MST 2019)
* Project:        myproject_prj
* Solution:       solution1
* Product family: zynq
* Target device:  xc7z020-clg400-1


================================================================
== Performance Estimates
================================================================
+ Timing: 
    * Summary: 
    +--------+---------+----------+------------+
    |  Clock |  Target | Estimated| Uncertainty|
    +--------+---------+----------+------------+
    |ap_clk  | 5.00 ns | 5.988 ns |   0.62 ns  |
    +--------+---------+----------+------------+

+ Latency: 
    * Summary: 
    +---------+---------+----------+----------+-----+-----+----------+
    |  Latency (cycles) |  Latency (absolute) |  Interval | Pipeline |
    |   min   |   max   |    min   |    max   | min | max |   Type   |
    +---------+---------+----------+----------+-----+-----+----------+
    |       52|       52| 0.311 us | 0.311 us |   53|   53| function |
    +---------+---------+----------+----------+-----+-----+----------+

    + Detail: 
        * Instance: 
        N/A

        * Loop: 
        N/A



================================================================
== Utilization Estimates
================================================================
* Summary: 
+-----------------+---------+-------+--------+-------+-----+
|       Name      | BRAM_18K| DSP48E|   FF   |  LUT  | URAM|
+-----------------+---------+-------+--------+-------+-----+
|DSP              |        -|      -|       -|      -|    -|
|Expression       |        -|      -|       0|    565|    -|
|FIFO             |        -|      -|       -|      -|    -|
|Instance         |        -|      1|     195|     74|    -|
|Memory           |        -|      -|       -|      -|    -|
|Multiplexer      |        -|      -|       -|    627|    -|
|Register         |        -|      -|    1708|      -|    -|
+-----------------+---------+-------+--------+-------+-----+
|Total            |        0|      1|    1903|   1266|    0|
+-----------------+---------+-------+--------+-------+-----+
|Available        |      280|    220|  106400|  53200|    0|
+-----------------+---------+-------+--------+-------+-----+
|Utilization (%)  |        0|   ~0  |       1|      2|    0|
+-----------------+---------+-------+--------+-------+-----+

+ Detail: 
    * Instance: 
    +---------------------------------------+----------------------------------+---------+-------+-----+----+-----+
    |                Instance               |              Module              | BRAM_18K| DSP48E|  FF | LUT| URAM|
    +---------------------------------------+----------------------------------+---------+-------+-----+----+-----+
    |myproject_axi_mul_20s_14s_32_5_1_U398  |myproject_axi_mul_20s_14s_32_5_1  |        0|      1|  195|  74|    0|
    +---------------------------------------+----------------------------------+---------+-------+-----+----+-----+
    |Total                                  |                                  |        0|      1|  195|  74|    0|
    +---------------------------------------+----------------------------------+---------+-------+-----+----+-----+

    * DSP48E: 
    N/A

    * Memory: 
    N/A

    * FIFO: 
    N/A

    * Expression: 
    +-------------------------+----------+-------+---+----+------------+------------+
    |      Variable Name      | Operation| DSP48E| FF| LUT| Bitwidth P0| Bitwidth P1|
    +-------------------------+----------+-------+---+----+------------+------------+
    |add_ln703_10_fu_730_p2   |     +    |      0|  0|  27|          20|          20|
    |add_ln703_11_fu_885_p2   |     +    |      0|  0|  26|          19|          10|
    |add_ln703_12_fu_902_p2   |     +    |      0|  0|   8|          20|          20|
    |add_ln703_13_fu_908_p2   |     +    |      0|  0|   8|          20|          20|
    |add_ln703_14_fu_1001_p2  |     +    |      0|  0|   8|          20|          20|
    |add_ln703_15_fu_1005_p2  |     +    |      0|  0|   8|          20|          20|
    |add_ln703_18_fu_741_p2   |     +    |      0|  0|   8|          20|          20|
    |add_ln703_1_fu_752_p2    |     +    |      0|  0|   8|          20|          20|
    |add_ln703_21_fu_856_p2   |     +    |      0|  0|   8|          20|          20|
    |add_ln703_22_fu_862_p2   |     +    |      0|  0|   8|          20|          20|
    |add_ln703_24_fu_1010_p2  |     +    |      0|  0|   8|          20|          20|
    |add_ln703_25_fu_1016_p2  |     +    |      0|  0|   8|          20|          20|
    |add_ln703_26_fu_929_p2   |     +    |      0|  0|   8|          20|          20|
    |add_ln703_27_fu_800_p2   |     +    |      0|  0|  23|          16|           9|
    |add_ln703_28_fu_810_p2   |     +    |      0|  0|  26|          19|          19|
    |add_ln703_29_fu_938_p2   |     +    |      0|  0|   8|          20|          20|
    |add_ln703_2_fu_758_p2    |     +    |      0|  0|   8|          20|          20|
    |add_ln703_30_fu_1026_p2  |     +    |      0|  0|   8|          20|          20|
    |add_ln703_31_fu_1030_p2  |     +    |      0|  0|   8|          20|          20|
    |add_ln703_34_fu_764_p2   |     +    |      0|  0|   8|          20|          20|
    |add_ln703_37_fu_837_p2   |     +    |      0|  0|   8|          20|          20|
    |add_ln703_38_fu_842_p2   |     +    |      0|  0|   8|          20|          20|
    |add_ln703_40_fu_1035_p2  |     +    |      0|  0|   8|          20|          20|
    |add_ln703_41_fu_1041_p2  |     +    |      0|  0|   8|          20|          20|
    |add_ln703_42_fu_951_p2   |     +    |      0|  0|  26|          19|          19|
    |add_ln703_43_fu_960_p2   |     +    |      0|  0|  25|          18|           9|
    |add_ln703_44_fu_976_p2   |     +    |      0|  0|  26|          19|          19|
    |add_ln703_45_fu_986_p2   |     +    |      0|  0|  27|          20|          20|
    |add_ln703_46_fu_1047_p2  |     +    |      0|  0|   8|          20|          20|
    |add_ln703_47_fu_1051_p2  |     +    |      0|  0|   8|          20|          20|
    |add_ln703_5_fu_821_p2    |     +    |      0|  0|   8|          20|          20|
    |add_ln703_6_fu_827_p2    |     +    |      0|  0|   8|          20|          20|
    |add_ln703_7_fu_871_p2    |     +    |      0|  0|  27|          20|          20|
    |add_ln703_9_fu_992_p2    |     +    |      0|  0|   8|          20|          20|
    |grp_fu_581_p2            |     +    |      0|  0|  27|          20|          20|
    |grp_fu_587_p2            |     +    |      0|  0|  27|          20|          20|
    |grp_fu_593_p2            |     +    |      0|  0|  27|          20|          20|
    |grp_fu_599_p2            |     +    |      0|  0|   8|          20|          20|
    |grp_fu_605_p2            |     +    |      0|  0|  27|          20|          20|
    |sub_ln1118_1_fu_714_p2   |     -    |      0|  0|   8|          27|          27|
    |sub_ln1118_fu_708_p2     |     -    |      0|  0|   8|           1|          27|
    +-------------------------+----------+-------+---+----+------------+------------+
    |Total                    |          |      0|  0| 565|         798|         799|
    +-------------------------+----------+-------+---+----+------------+------------+

    * Multiplexer: 
    +---------------+-----+-----------+-----+-----------+
    |      Name     | LUT | Input Size| Bits| Total Bits|
    +---------------+-----+-----------+-----+-----------+
    |ap_NS_fsm      |  233|         54|    1|         54|
    |grp_fu_280_p0  |  185|         42|   20|        840|
    |grp_fu_280_p1  |  209|         48|   14|        672|
    +---------------+-----+-----------+-----+-----------+
    |Total          |  627|        144|   35|       1566|
    +---------------+-----+-----------+-----+-----------+

    * Register: 
    +----------------------------+----+----+-----+-----------+
    |            Name            | FF | LUT| Bits| Const Bits|
    +----------------------------+----+----+-----+-----------+
    |add_ln703_10_reg_1158       |  20|   0|   20|          0|
    |add_ln703_11_reg_1293       |  19|   0|   19|          0|
    |add_ln703_13_reg_1303       |  20|   0|   20|          0|
    |add_ln703_15_reg_1353       |  20|   0|   20|          0|
    |add_ln703_18_reg_1168       |  20|   0|   20|          0|
    |add_ln703_22_reg_1273       |  20|   0|   20|          0|
    |add_ln703_25_reg_1358       |  20|   0|   20|          0|
    |add_ln703_28_reg_1228       |  19|   0|   19|          0|
    |add_ln703_29_reg_1328       |  20|   0|   20|          0|
    |add_ln703_2_reg_1178        |  20|   0|   20|          0|
    |add_ln703_31_reg_1363       |  20|   0|   20|          0|
    |add_ln703_34_reg_1183       |  20|   0|   20|          0|
    |add_ln703_36_reg_1243       |  20|   0|   20|          0|
    |add_ln703_38_reg_1253       |  20|   0|   20|          0|
    |add_ln703_41_reg_1368       |  20|   0|   20|          0|
    |add_ln703_42_reg_1333       |  19|   0|   19|          0|
    |add_ln703_43_reg_1338       |  18|   0|   18|          0|
    |add_ln703_45_reg_1343       |  20|   0|   20|          0|
    |add_ln703_6_reg_1238        |  20|   0|   20|          0|
    |add_ln703_7_reg_1283        |  20|   0|   20|          0|
    |add_ln703_9_reg_1348        |  20|   0|   20|          0|
    |ap_CS_fsm                   |  53|   0|   53|          0|
    |ap_port_reg_data_10_V_read  |  20|   0|   20|          0|
    |ap_port_reg_data_11_V_read  |  20|   0|   20|          0|
    |ap_port_reg_data_12_V_read  |  20|   0|   20|          0|
    |ap_port_reg_data_13_V_read  |  20|   0|   20|          0|
    |ap_port_reg_data_14_V_read  |  20|   0|   20|          0|
    |ap_port_reg_data_15_V_read  |  20|   0|   20|          0|
    |ap_port_reg_data_1_V_read   |  20|   0|   20|          0|
    |ap_port_reg_data_2_V_read   |  20|   0|   20|          0|
    |ap_port_reg_data_3_V_read   |  20|   0|   20|          0|
    |ap_port_reg_data_4_V_read   |  20|   0|   20|          0|
    |ap_port_reg_data_5_V_read   |  20|   0|   20|          0|
    |ap_port_reg_data_6_V_read   |  20|   0|   20|          0|
    |ap_port_reg_data_7_V_read   |  20|   0|   20|          0|
    |ap_port_reg_data_8_V_read   |  20|   0|   20|          0|
    |ap_port_reg_data_9_V_read   |  20|   0|   20|          0|
    |data_0_V_read_1_reg_1072    |  20|   0|   20|          0|
    |data_10_V_read_1_reg_1203   |  20|   0|   20|          0|
    |data_11_V_read_1_reg_1213   |  20|   0|   20|          0|
    |data_14_V_read_1_reg_1258   |  20|   0|   20|          0|
    |data_1_V_read_1_reg_1083    |  20|   0|   20|          0|
    |data_2_V_read_1_reg_1093    |  20|   0|   20|          0|
    |data_3_V_read_1_reg_1103    |  20|   0|   20|          0|
    |data_5_V_read_1_reg_1138    |  20|   0|   20|          0|
    |data_9_V_read_1_reg_1188    |  20|   0|   20|          0|
    |reg_553                     |  20|   0|   20|          0|
    |reg_557                     |  20|   0|   20|          0|
    |reg_561                     |  20|   0|   20|          0|
    |reg_565                     |  20|   0|   20|          0|
    |reg_569                     |  19|   0|   19|          0|
    |reg_573                     |  19|   0|   19|          0|
    |reg_577                     |  18|   0|   18|          0|
    |reg_611                     |  20|   0|   20|          0|
    |reg_615                     |  20|   0|   20|          0|
    |reg_619                     |  20|   0|   20|          0|
    |reg_623                     |  20|   0|   20|          0|
    |sext_ln1118_10_reg_1113     |  32|   0|   32|          0|
    |sext_ln1118_11_reg_1288     |  30|   0|   30|          0|
    |sext_ln1118_14_reg_1148     |  32|   0|   32|          0|
    |sext_ln1118_18_reg_1163     |  32|   0|   32|          0|
    |sext_ln1118_19_reg_1173     |  32|   0|   32|          0|
    |sext_ln1118_21_reg_1193     |  32|   0|   32|          0|
    |sext_ln1118_24_reg_1208     |  32|   0|   32|          0|
    |sext_ln1118_26_reg_1218     |  30|   0|   30|          0|
    |sext_ln1118_29_reg_1233     |  32|   0|   32|          0|
    |sext_ln1118_30_reg_1248     |  32|   0|   32|          0|
    |sext_ln1118_32_reg_1263     |  32|   0|   32|          0|
    |sext_ln1118_34_reg_1323     |  32|   0|   32|          0|
    |sext_ln1118_4_reg_1118      |  31|   0|   31|          0|
    |sext_ln1118_6_reg_1098      |  32|   0|   32|          0|
    |sext_ln1118_8_reg_1108      |  32|   0|   32|          0|
    |trunc_ln708_181_reg_1133    |  17|   0|   17|          0|
    |trunc_ln708_190_reg_1308    |  18|   0|   18|          0|
    |trunc_ln708_192_reg_1153    |  15|   0|   15|          0|
    |trunc_ln708_204_reg_1318    |  19|   0|   19|          0|
    +----------------------------+----+----+-----+-----------+
    |Total                       |1708|   0| 1708|          0|
    +----------------------------+----+----+-----+-----------+



================================================================
== Interface
================================================================
* Summary: 
+----------------+-----+-----+------------+-----------------------------------------------------------------------------+--------------+
|    RTL Ports   | Dir | Bits|  Protocol  |                                Source Object                                |    C Type    |
+----------------+-----+-----+------------+-----------------------------------------------------------------------------+--------------+
|ap_clk          |  in |    1| ap_ctrl_hs | dense_wrapper<ap_fixed<20, 8, 5, 3, 0>, ap_fixed<20, 8, 5, 3, 0>, config26> | return value |
|ap_rst          |  in |    1| ap_ctrl_hs | dense_wrapper<ap_fixed<20, 8, 5, 3, 0>, ap_fixed<20, 8, 5, 3, 0>, config26> | return value |
|ap_start        |  in |    1| ap_ctrl_hs | dense_wrapper<ap_fixed<20, 8, 5, 3, 0>, ap_fixed<20, 8, 5, 3, 0>, config26> | return value |
|ap_done         | out |    1| ap_ctrl_hs | dense_wrapper<ap_fixed<20, 8, 5, 3, 0>, ap_fixed<20, 8, 5, 3, 0>, config26> | return value |
|ap_idle         | out |    1| ap_ctrl_hs | dense_wrapper<ap_fixed<20, 8, 5, 3, 0>, ap_fixed<20, 8, 5, 3, 0>, config26> | return value |
|ap_ready        | out |    1| ap_ctrl_hs | dense_wrapper<ap_fixed<20, 8, 5, 3, 0>, ap_fixed<20, 8, 5, 3, 0>, config26> | return value |
|ap_return_0     | out |   20| ap_ctrl_hs | dense_wrapper<ap_fixed<20, 8, 5, 3, 0>, ap_fixed<20, 8, 5, 3, 0>, config26> | return value |
|ap_return_1     | out |   20| ap_ctrl_hs | dense_wrapper<ap_fixed<20, 8, 5, 3, 0>, ap_fixed<20, 8, 5, 3, 0>, config26> | return value |
|ap_return_2     | out |   20| ap_ctrl_hs | dense_wrapper<ap_fixed<20, 8, 5, 3, 0>, ap_fixed<20, 8, 5, 3, 0>, config26> | return value |
|data_0_V_read   |  in |   20|   ap_none  |                                data_0_V_read                                |    scalar    |
|data_1_V_read   |  in |   20|   ap_none  |                                data_1_V_read                                |    scalar    |
|data_2_V_read   |  in |   20|   ap_none  |                                data_2_V_read                                |    scalar    |
|data_3_V_read   |  in |   20|   ap_none  |                                data_3_V_read                                |    scalar    |
|data_4_V_read   |  in |   20|   ap_none  |                                data_4_V_read                                |    scalar    |
|data_5_V_read   |  in |   20|   ap_none  |                                data_5_V_read                                |    scalar    |
|data_6_V_read   |  in |   20|   ap_none  |                                data_6_V_read                                |    scalar    |
|data_7_V_read   |  in |   20|   ap_none  |                                data_7_V_read                                |    scalar    |
|data_8_V_read   |  in |   20|   ap_none  |                                data_8_V_read                                |    scalar    |
|data_9_V_read   |  in |   20|   ap_none  |                                data_9_V_read                                |    scalar    |
|data_10_V_read  |  in |   20|   ap_none  |                                data_10_V_read                               |    scalar    |
|data_11_V_read  |  in |   20|   ap_none  |                                data_11_V_read                               |    scalar    |
|data_12_V_read  |  in |   20|   ap_none  |                                data_12_V_read                               |    scalar    |
|data_13_V_read  |  in |   20|   ap_none  |                                data_13_V_read                               |    scalar    |
|data_14_V_read  |  in |   20|   ap_none  |                                data_14_V_read                               |    scalar    |
|data_15_V_read  |  in |   20|   ap_none  |                                data_15_V_read                               |    scalar    |
+----------------+-----+-----+------------+-----------------------------------------------------------------------------+--------------+

