

================================================================
== Vivado HLS Report for 'dense_array_ap_fixed_8u_array_ap_fixed_20_8_5_3_0_16u_config22_s'
================================================================
* Date:           Thu Dec 12 22:34:54 2019

* Version:        2019.2 (Build 2704478 on Wed Nov 06 22:10:23 MST 2019)
* Project:        myproject_prj
* Solution:       solution1
* Product family: zynq
* Target device:  xc7z020-clg400-1


================================================================
== Performance Estimates
================================================================
+ Timing: 
    * Summary: 
    +--------+---------+----------+------------+
    |  Clock |  Target | Estimated| Uncertainty|
    +--------+---------+----------+------------+
    |ap_clk  | 5.00 ns | 6.030 ns |   0.62 ns  |
    +--------+---------+----------+------------+

+ Latency: 
    * Summary: 
    +---------+---------+----------+----------+-----+-----+---------+
    |  Latency (cycles) |  Latency (absolute) |  Interval | Pipeline|
    |   min   |   max   |    min   |    max   | min | max |   Type  |
    +---------+---------+----------+----------+-----+-----+---------+
    |       69|       69| 0.416 us | 0.416 us |   69|   69|   none  |
    +---------+---------+----------+----------+-----+-----+---------+

    + Detail: 
        * Instance: 
        +-----------------------------------------------------------------------------+------------------------------------------------------------------+---------+---------+----------+----------+-----+-----+----------+
        |                                                                             |                                                                  |  Latency (cycles) |  Latency (absolute) |  Interval | Pipeline |
        |                                   Instance                                  |                              Module                              |   min   |   max   |    min   |    max   | min | max |   Type   |
        +-----------------------------------------------------------------------------+------------------------------------------------------------------+---------+---------+----------+----------+-----+-----+----------+
        |grp_dense_wrapper_ap_fixed_20_8_5_3_0_ap_fixed_20_8_5_3_0_config22_s_fu_147  |dense_wrapper_ap_fixed_20_8_5_3_0_ap_fixed_20_8_5_3_0_config22_s  |       67|       67| 0.404 us | 0.404 us |   64|   64| function |
        +-----------------------------------------------------------------------------+------------------------------------------------------------------+---------+---------+----------+----------+-----+-----+----------+

        * Loop: 
        N/A



================================================================
== Utilization Estimates
================================================================
* Summary: 
+-----------------+---------+-------+--------+-------+-----+
|       Name      | BRAM_18K| DSP48E|   FF   |  LUT  | URAM|
+-----------------+---------+-------+--------+-------+-----+
|DSP              |        -|      -|       -|      -|    -|
|Expression       |        -|      -|       0|      6|    -|
|FIFO             |        -|      -|       -|      -|    -|
|Instance         |        -|      1|    1737|   1689|    -|
|Memory           |        -|      -|       -|      -|    -|
|Multiplexer      |        -|      -|       -|    551|    -|
|Register         |        -|      -|     533|      -|    -|
+-----------------+---------+-------+--------+-------+-----+
|Total            |        0|      1|    2270|   2246|    0|
+-----------------+---------+-------+--------+-------+-----+
|Available        |      280|    220|  106400|  53200|    0|
+-----------------+---------+-------+--------+-------+-----+
|Utilization (%)  |        0|   ~0  |       2|      4|    0|
+-----------------+---------+-------+--------+-------+-----+

+ Detail: 
    * Instance: 
    +-----------------------------------------------------------------------------+------------------------------------------------------------------+---------+-------+------+------+-----+
    |                                   Instance                                  |                              Module                              | BRAM_18K| DSP48E|  FF  |  LUT | URAM|
    +-----------------------------------------------------------------------------+------------------------------------------------------------------+---------+-------+------+------+-----+
    |grp_dense_wrapper_ap_fixed_20_8_5_3_0_ap_fixed_20_8_5_3_0_config22_s_fu_147  |dense_wrapper_ap_fixed_20_8_5_3_0_ap_fixed_20_8_5_3_0_config22_s  |        0|      1|  1737|  1689|    0|
    +-----------------------------------------------------------------------------+------------------------------------------------------------------+---------+-------+------+------+-----+
    |Total                                                                        |                                                                  |        0|      1|  1737|  1689|    0|
    +-----------------------------------------------------------------------------+------------------------------------------------------------------+---------+-------+------+------+-----+

    * DSP48E: 
    N/A

    * Memory: 
    N/A

    * FIFO: 
    N/A

    * Expression: 
    +---------------------------+----------+-------+---+----+------------+------------+
    |       Variable Name       | Operation| DSP48E| FF| LUT| Bitwidth P0| Bitwidth P1|
    +---------------------------+----------+-------+---+----+------------+------------+
    |io_acc_block_signal_op189  |    and   |      0|  0|   2|           1|           1|
    |io_acc_block_signal_op71   |    and   |      0|  0|   2|           1|           1|
    |ap_block_state1            |    or    |      0|  0|   2|           1|           1|
    +---------------------------+----------+-------+---+----+------------+------------+
    |Total                      |          |      0|  0|   6|           3|           3|
    +---------------------------+----------+-------+---+----+------------+------------+

    * Multiplexer: 
    +------------------------------+-----+-----------+-----+-----------+
    |             Name             | LUT | Input Size| Bits| Total Bits|
    +------------------------------+-----+-----------+-----+-----------+
    |ap_NS_fsm                     |  317|         71|    1|         71|
    |ap_done                       |    9|          2|    1|          2|
    |data_stream_V_data_0_V_blk_n  |    9|          2|    1|          2|
    |data_stream_V_data_1_V_blk_n  |    9|          2|    1|          2|
    |data_stream_V_data_2_V_blk_n  |    9|          2|    1|          2|
    |data_stream_V_data_3_V_blk_n  |    9|          2|    1|          2|
    |data_stream_V_data_4_V_blk_n  |    9|          2|    1|          2|
    |data_stream_V_data_5_V_blk_n  |    9|          2|    1|          2|
    |data_stream_V_data_6_V_blk_n  |    9|          2|    1|          2|
    |data_stream_V_data_7_V_blk_n  |    9|          2|    1|          2|
    |real_start                    |    9|          2|    1|          2|
    |res_stream_V_data_0_V_blk_n   |    9|          2|    1|          2|
    |res_stream_V_data_10_V_blk_n  |    9|          2|    1|          2|
    |res_stream_V_data_11_V_blk_n  |    9|          2|    1|          2|
    |res_stream_V_data_12_V_blk_n  |    9|          2|    1|          2|
    |res_stream_V_data_13_V_blk_n  |    9|          2|    1|          2|
    |res_stream_V_data_14_V_blk_n  |    9|          2|    1|          2|
    |res_stream_V_data_15_V_blk_n  |    9|          2|    1|          2|
    |res_stream_V_data_1_V_blk_n   |    9|          2|    1|          2|
    |res_stream_V_data_2_V_blk_n   |    9|          2|    1|          2|
    |res_stream_V_data_3_V_blk_n   |    9|          2|    1|          2|
    |res_stream_V_data_4_V_blk_n   |    9|          2|    1|          2|
    |res_stream_V_data_5_V_blk_n   |    9|          2|    1|          2|
    |res_stream_V_data_6_V_blk_n   |    9|          2|    1|          2|
    |res_stream_V_data_7_V_blk_n   |    9|          2|    1|          2|
    |res_stream_V_data_8_V_blk_n   |    9|          2|    1|          2|
    |res_stream_V_data_9_V_blk_n   |    9|          2|    1|          2|
    +------------------------------+-----+-----------+-----+-----------+
    |Total                         |  551|        123|   27|        123|
    +------------------------------+-----+-----------+-----+-----------+

    * Register: 
    +------------------------------------------------------------------------------------------+----+----+-----+-----------+
    |                                           Name                                           | FF | LUT| Bits| Const Bits|
    +------------------------------------------------------------------------------------------+----+----+-----+-----------+
    |ap_CS_fsm                                                                                 |  70|   0|   70|          0|
    |ap_done_reg                                                                               |   1|   0|    1|          0|
    |data_0_V_reg_251                                                                          |  20|   0|   20|          0|
    |data_1_V_reg_256                                                                          |  20|   0|   20|          0|
    |data_2_V_reg_261                                                                          |  20|   0|   20|          0|
    |data_3_V_reg_266                                                                          |  20|   0|   20|          0|
    |data_4_V_reg_271                                                                          |  20|   0|   20|          0|
    |data_5_V_reg_276                                                                          |  20|   0|   20|          0|
    |data_6_V_reg_281                                                                          |  20|   0|   20|          0|
    |data_7_V_reg_286                                                                          |  20|   0|   20|          0|
    |grp_dense_wrapper_ap_fixed_20_8_5_3_0_ap_fixed_20_8_5_3_0_config22_s_fu_147_ap_start_reg  |   1|   0|    1|          0|
    |start_once_reg                                                                            |   1|   0|    1|          0|
    |tmp_data_0_V_reg_291                                                                      |  20|   0|   20|          0|
    |tmp_data_10_V_reg_336                                                                     |  20|   0|   20|          0|
    |tmp_data_11_V_reg_341                                                                     |  20|   0|   20|          0|
    |tmp_data_12_V_reg_346                                                                     |  20|   0|   20|          0|
    |tmp_data_13_V_reg_351                                                                     |  20|   0|   20|          0|
    |tmp_data_14_V_reg_356                                                                     |  20|   0|   20|          0|
    |tmp_data_15_V_reg_361                                                                     |  20|   0|   20|          0|
    |tmp_data_1_V_reg_296                                                                      |  20|   0|   20|          0|
    |tmp_data_2_V_reg_301                                                                      |  20|   0|   20|          0|
    |tmp_data_3_V_reg_306                                                                      |  20|   0|   20|          0|
    |tmp_data_4_V_reg_311                                                                      |  20|   0|   20|          0|
    |tmp_data_5_V_reg_316                                                                      |  20|   0|   20|          0|
    |tmp_data_7_V_reg_321                                                                      |  20|   0|   20|          0|
    |tmp_data_8_V_reg_326                                                                      |  20|   0|   20|          0|
    |tmp_data_9_V_reg_331                                                                      |  20|   0|   20|          0|
    +------------------------------------------------------------------------------------------+----+----+-----+-----------+
    |Total                                                                                     | 533|   0|  533|          0|
    +------------------------------------------------------------------------------------------+----+----+-----+-----------+



================================================================
== Interface
================================================================
* Summary: 
+--------------------------------+-----+-----+------------+--------------------------------------------------------------------+--------------+
|            RTL Ports           | Dir | Bits|  Protocol  |                            Source Object                           |    C Type    |
+--------------------------------+-----+-----+------------+--------------------------------------------------------------------+--------------+
|ap_clk                          |  in |    1| ap_ctrl_hs | dense<array<ap_fixed,8u>,array<ap_fixed<20,8,5,3,0>,16u>,config22> | return value |
|ap_rst                          |  in |    1| ap_ctrl_hs | dense<array<ap_fixed,8u>,array<ap_fixed<20,8,5,3,0>,16u>,config22> | return value |
|ap_start                        |  in |    1| ap_ctrl_hs | dense<array<ap_fixed,8u>,array<ap_fixed<20,8,5,3,0>,16u>,config22> | return value |
|start_full_n                    |  in |    1| ap_ctrl_hs | dense<array<ap_fixed,8u>,array<ap_fixed<20,8,5,3,0>,16u>,config22> | return value |
|ap_done                         | out |    1| ap_ctrl_hs | dense<array<ap_fixed,8u>,array<ap_fixed<20,8,5,3,0>,16u>,config22> | return value |
|ap_continue                     |  in |    1| ap_ctrl_hs | dense<array<ap_fixed,8u>,array<ap_fixed<20,8,5,3,0>,16u>,config22> | return value |
|ap_idle                         | out |    1| ap_ctrl_hs | dense<array<ap_fixed,8u>,array<ap_fixed<20,8,5,3,0>,16u>,config22> | return value |
|ap_ready                        | out |    1| ap_ctrl_hs | dense<array<ap_fixed,8u>,array<ap_fixed<20,8,5,3,0>,16u>,config22> | return value |
|start_out                       | out |    1| ap_ctrl_hs | dense<array<ap_fixed,8u>,array<ap_fixed<20,8,5,3,0>,16u>,config22> | return value |
|start_write                     | out |    1| ap_ctrl_hs | dense<array<ap_fixed,8u>,array<ap_fixed<20,8,5,3,0>,16u>,config22> | return value |
|data_stream_V_data_0_V_dout     |  in |   20|   ap_fifo  |                       data_stream_V_data_0_V                       |    pointer   |
|data_stream_V_data_0_V_empty_n  |  in |    1|   ap_fifo  |                       data_stream_V_data_0_V                       |    pointer   |
|data_stream_V_data_0_V_read     | out |    1|   ap_fifo  |                       data_stream_V_data_0_V                       |    pointer   |
|data_stream_V_data_1_V_dout     |  in |   20|   ap_fifo  |                       data_stream_V_data_1_V                       |    pointer   |
|data_stream_V_data_1_V_empty_n  |  in |    1|   ap_fifo  |                       data_stream_V_data_1_V                       |    pointer   |
|data_stream_V_data_1_V_read     | out |    1|   ap_fifo  |                       data_stream_V_data_1_V                       |    pointer   |
|data_stream_V_data_2_V_dout     |  in |   20|   ap_fifo  |                       data_stream_V_data_2_V                       |    pointer   |
|data_stream_V_data_2_V_empty_n  |  in |    1|   ap_fifo  |                       data_stream_V_data_2_V                       |    pointer   |
|data_stream_V_data_2_V_read     | out |    1|   ap_fifo  |                       data_stream_V_data_2_V                       |    pointer   |
|data_stream_V_data_3_V_dout     |  in |   20|   ap_fifo  |                       data_stream_V_data_3_V                       |    pointer   |
|data_stream_V_data_3_V_empty_n  |  in |    1|   ap_fifo  |                       data_stream_V_data_3_V                       |    pointer   |
|data_stream_V_data_3_V_read     | out |    1|   ap_fifo  |                       data_stream_V_data_3_V                       |    pointer   |
|data_stream_V_data_4_V_dout     |  in |   20|   ap_fifo  |                       data_stream_V_data_4_V                       |    pointer   |
|data_stream_V_data_4_V_empty_n  |  in |    1|   ap_fifo  |                       data_stream_V_data_4_V                       |    pointer   |
|data_stream_V_data_4_V_read     | out |    1|   ap_fifo  |                       data_stream_V_data_4_V                       |    pointer   |
|data_stream_V_data_5_V_dout     |  in |   20|   ap_fifo  |                       data_stream_V_data_5_V                       |    pointer   |
|data_stream_V_data_5_V_empty_n  |  in |    1|   ap_fifo  |                       data_stream_V_data_5_V                       |    pointer   |
|data_stream_V_data_5_V_read     | out |    1|   ap_fifo  |                       data_stream_V_data_5_V                       |    pointer   |
|data_stream_V_data_6_V_dout     |  in |   20|   ap_fifo  |                       data_stream_V_data_6_V                       |    pointer   |
|data_stream_V_data_6_V_empty_n  |  in |    1|   ap_fifo  |                       data_stream_V_data_6_V                       |    pointer   |
|data_stream_V_data_6_V_read     | out |    1|   ap_fifo  |                       data_stream_V_data_6_V                       |    pointer   |
|data_stream_V_data_7_V_dout     |  in |   20|   ap_fifo  |                       data_stream_V_data_7_V                       |    pointer   |
|data_stream_V_data_7_V_empty_n  |  in |    1|   ap_fifo  |                       data_stream_V_data_7_V                       |    pointer   |
|data_stream_V_data_7_V_read     | out |    1|   ap_fifo  |                       data_stream_V_data_7_V                       |    pointer   |
|res_stream_V_data_0_V_din       | out |   20|   ap_fifo  |                        res_stream_V_data_0_V                       |    pointer   |
|res_stream_V_data_0_V_full_n    |  in |    1|   ap_fifo  |                        res_stream_V_data_0_V                       |    pointer   |
|res_stream_V_data_0_V_write     | out |    1|   ap_fifo  |                        res_stream_V_data_0_V                       |    pointer   |
|res_stream_V_data_1_V_din       | out |   20|   ap_fifo  |                        res_stream_V_data_1_V                       |    pointer   |
|res_stream_V_data_1_V_full_n    |  in |    1|   ap_fifo  |                        res_stream_V_data_1_V                       |    pointer   |
|res_stream_V_data_1_V_write     | out |    1|   ap_fifo  |                        res_stream_V_data_1_V                       |    pointer   |
|res_stream_V_data_2_V_din       | out |   20|   ap_fifo  |                        res_stream_V_data_2_V                       |    pointer   |
|res_stream_V_data_2_V_full_n    |  in |    1|   ap_fifo  |                        res_stream_V_data_2_V                       |    pointer   |
|res_stream_V_data_2_V_write     | out |    1|   ap_fifo  |                        res_stream_V_data_2_V                       |    pointer   |
|res_stream_V_data_3_V_din       | out |   20|   ap_fifo  |                        res_stream_V_data_3_V                       |    pointer   |
|res_stream_V_data_3_V_full_n    |  in |    1|   ap_fifo  |                        res_stream_V_data_3_V                       |    pointer   |
|res_stream_V_data_3_V_write     | out |    1|   ap_fifo  |                        res_stream_V_data_3_V                       |    pointer   |
|res_stream_V_data_4_V_din       | out |   20|   ap_fifo  |                        res_stream_V_data_4_V                       |    pointer   |
|res_stream_V_data_4_V_full_n    |  in |    1|   ap_fifo  |                        res_stream_V_data_4_V                       |    pointer   |
|res_stream_V_data_4_V_write     | out |    1|   ap_fifo  |                        res_stream_V_data_4_V                       |    pointer   |
|res_stream_V_data_5_V_din       | out |   20|   ap_fifo  |                        res_stream_V_data_5_V                       |    pointer   |
|res_stream_V_data_5_V_full_n    |  in |    1|   ap_fifo  |                        res_stream_V_data_5_V                       |    pointer   |
|res_stream_V_data_5_V_write     | out |    1|   ap_fifo  |                        res_stream_V_data_5_V                       |    pointer   |
|res_stream_V_data_6_V_din       | out |   20|   ap_fifo  |                        res_stream_V_data_6_V                       |    pointer   |
|res_stream_V_data_6_V_full_n    |  in |    1|   ap_fifo  |                        res_stream_V_data_6_V                       |    pointer   |
|res_stream_V_data_6_V_write     | out |    1|   ap_fifo  |                        res_stream_V_data_6_V                       |    pointer   |
|res_stream_V_data_7_V_din       | out |   20|   ap_fifo  |                        res_stream_V_data_7_V                       |    pointer   |
|res_stream_V_data_7_V_full_n    |  in |    1|   ap_fifo  |                        res_stream_V_data_7_V                       |    pointer   |
|res_stream_V_data_7_V_write     | out |    1|   ap_fifo  |                        res_stream_V_data_7_V                       |    pointer   |
|res_stream_V_data_8_V_din       | out |   20|   ap_fifo  |                        res_stream_V_data_8_V                       |    pointer   |
|res_stream_V_data_8_V_full_n    |  in |    1|   ap_fifo  |                        res_stream_V_data_8_V                       |    pointer   |
|res_stream_V_data_8_V_write     | out |    1|   ap_fifo  |                        res_stream_V_data_8_V                       |    pointer   |
|res_stream_V_data_9_V_din       | out |   20|   ap_fifo  |                        res_stream_V_data_9_V                       |    pointer   |
|res_stream_V_data_9_V_full_n    |  in |    1|   ap_fifo  |                        res_stream_V_data_9_V                       |    pointer   |
|res_stream_V_data_9_V_write     | out |    1|   ap_fifo  |                        res_stream_V_data_9_V                       |    pointer   |
|res_stream_V_data_10_V_din      | out |   20|   ap_fifo  |                       res_stream_V_data_10_V                       |    pointer   |
|res_stream_V_data_10_V_full_n   |  in |    1|   ap_fifo  |                       res_stream_V_data_10_V                       |    pointer   |
|res_stream_V_data_10_V_write    | out |    1|   ap_fifo  |                       res_stream_V_data_10_V                       |    pointer   |
|res_stream_V_data_11_V_din      | out |   20|   ap_fifo  |                       res_stream_V_data_11_V                       |    pointer   |
|res_stream_V_data_11_V_full_n   |  in |    1|   ap_fifo  |                       res_stream_V_data_11_V                       |    pointer   |
|res_stream_V_data_11_V_write    | out |    1|   ap_fifo  |                       res_stream_V_data_11_V                       |    pointer   |
|res_stream_V_data_12_V_din      | out |   20|   ap_fifo  |                       res_stream_V_data_12_V                       |    pointer   |
|res_stream_V_data_12_V_full_n   |  in |    1|   ap_fifo  |                       res_stream_V_data_12_V                       |    pointer   |
|res_stream_V_data_12_V_write    | out |    1|   ap_fifo  |                       res_stream_V_data_12_V                       |    pointer   |
|res_stream_V_data_13_V_din      | out |   20|   ap_fifo  |                       res_stream_V_data_13_V                       |    pointer   |
|res_stream_V_data_13_V_full_n   |  in |    1|   ap_fifo  |                       res_stream_V_data_13_V                       |    pointer   |
|res_stream_V_data_13_V_write    | out |    1|   ap_fifo  |                       res_stream_V_data_13_V                       |    pointer   |
|res_stream_V_data_14_V_din      | out |   20|   ap_fifo  |                       res_stream_V_data_14_V                       |    pointer   |
|res_stream_V_data_14_V_full_n   |  in |    1|   ap_fifo  |                       res_stream_V_data_14_V                       |    pointer   |
|res_stream_V_data_14_V_write    | out |    1|   ap_fifo  |                       res_stream_V_data_14_V                       |    pointer   |
|res_stream_V_data_15_V_din      | out |   20|   ap_fifo  |                       res_stream_V_data_15_V                       |    pointer   |
|res_stream_V_data_15_V_full_n   |  in |    1|   ap_fifo  |                       res_stream_V_data_15_V                       |    pointer   |
|res_stream_V_data_15_V_write    | out |    1|   ap_fifo  |                       res_stream_V_data_15_V                       |    pointer   |
+--------------------------------+-----+-----+------------+--------------------------------------------------------------------+--------------+

