

================================================================
== Vivado HLS Report for 'Loop_2_proc'
================================================================
* Date:           Thu Dec 12 22:35:04 2019

* Version:        2019.2 (Build 2704478 on Wed Nov 06 22:10:23 MST 2019)
* Project:        myproject_prj
* Solution:       solution1
* Product family: zynq
* Target device:  xc7z020-clg400-1


================================================================
== Performance Estimates
================================================================
+ Timing: 
    * Summary: 
    +--------+---------+----------+------------+
    |  Clock |  Target | Estimated| Uncertainty|
    +--------+---------+----------+------------+
    |ap_clk  | 5.00 ns | 4.367 ns |   0.62 ns  |
    +--------+---------+----------+------------+

+ Latency: 
    * Summary: 
    +---------+---------+----------+----------+-----+-----+---------+
    |  Latency (cycles) |  Latency (absolute) |  Interval | Pipeline|
    |   min   |   max   |    min   |    max   | min | max |   Type  |
    +---------+---------+----------+----------+-----+-----+---------+
    |       31|       31| 0.155 us | 0.155 us |   31|   31|   none  |
    +---------+---------+----------+----------+-----+-----+---------+

    + Detail: 
        * Instance: 
        N/A

        * Loop: 
        +----------+---------+---------+----------+-----------+-----------+------+----------+
        |          |  Latency (cycles) | Iteration|  Initiation Interval  | Trip |          |
        | Loop Name|   min   |   max   |  Latency |  achieved |   target  | Count| Pipelined|
        +----------+---------+---------+----------+-----------+-----------+------+----------+
        |- Loop 1  |       30|       30|        10|          -|          -|     3|    no    |
        +----------+---------+---------+----------+-----------+-----------+------+----------+



================================================================
== Utilization Estimates
================================================================
* Summary: 
+-----------------+---------+-------+--------+-------+-----+
|       Name      | BRAM_18K| DSP48E|   FF   |  LUT  | URAM|
+-----------------+---------+-------+--------+-------+-----+
|DSP              |        -|      -|       -|      -|    -|
|Expression       |        -|      -|      40|    655|    -|
|FIFO             |        -|      -|       -|      -|    -|
|Instance         |        -|      -|     280|    267|    -|
|Memory           |        -|      -|       -|      -|    -|
|Multiplexer      |        -|      -|       -|     80|    -|
|Register         |        -|      -|     467|      -|    -|
+-----------------+---------+-------+--------+-------+-----+
|Total            |        0|      0|     787|   1002|    0|
+-----------------+---------+-------+--------+-------+-----+
|Available        |      280|    220|  106400|  53200|    0|
+-----------------+---------+-------+--------+-------+-----+
|Utilization (%)  |        0|      0|   ~0   |      1|    0|
+-----------------+---------+-------+--------+-------+-----+

+ Detail: 
    * Instance: 
    +------------------------------------------+-------------------------------------+---------+-------+-----+-----+-----+
    |                 Instance                 |                Module               | BRAM_18K| DSP48E|  FF | LUT | URAM|
    +------------------------------------------+-------------------------------------+---------+-------+-----+-----+-----+
    |myproject_axi_lshr_32ns_32ns_32_2_1_U586  |myproject_axi_lshr_32ns_32ns_32_2_1  |        0|      0|  140|  126|    0|
    |myproject_axi_mux_32_20_1_1_U585          |myproject_axi_mux_32_20_1_1          |        0|      0|    0|   15|    0|
    |myproject_axi_shl_64ns_32ns_64_2_1_U587   |myproject_axi_shl_64ns_32ns_64_2_1   |        0|      0|  140|  126|    0|
    +------------------------------------------+-------------------------------------+---------+-------+-----+-----+-----+
    |Total                                     |                                     |        0|      0|  280|  267|    0|
    +------------------------------------------+-------------------------------------+---------+-------+-----+-----+-----+

    * DSP48E: 
    N/A

    * Memory: 
    N/A

    * FIFO: 
    N/A

    * Expression: 
    +------------------------+----------+-------+----+----+------------+------------+
    |      Variable Name     | Operation| DSP48E| FF | LUT| Bitwidth P0| Bitwidth P1|
    +------------------------+----------+-------+----+----+------------+------------+
    |add_ln949_fu_327_p2     |     +    |      0|   0|  27|           6|          20|
    |add_ln958_fu_294_p2     |     +    |      0|   0|  39|           6|          32|
    |add_ln964_fu_435_p2     |     +    |      0|   0|   8|           8|           8|
    |j_fu_157_p2             |     +    |      0|   0|  10|           2|           1|
    |lsb_index_fu_259_p2     |     +    |      0|   0|  39|           6|          32|
    |m_2_fu_396_p2           |     +    |      0|   0|  71|          64|          64|
    |sub_ln944_fu_240_p2     |     -    |      0|   0|  39|           5|          32|
    |sub_ln947_fu_253_p2     |     -    |      0|   0|  15|           4|           5|
    |sub_ln958_fu_299_p2     |     -    |      0|   0|  39|           5|          32|
    |sub_ln964_fu_430_p2     |     -    |      0|   0|   8|           4|           8|
    |tmp_V_fu_194_p2         |     -    |      0|   0|  27|           1|          20|
    |a_fu_309_p2             |    and   |      0|   0|   2|           1|           1|
    |and_ln949_fu_339_p2     |    and   |      0|   0|   2|           1|           1|
    |last_fu_169_p2          |    and   |      0|   0|   2|           1|           1|
    |p_Result_10_fu_283_p2   |    and   |      0|   0|  20|          20|          20|
    |l_fu_228_p3             |   cttz   |      0|  40|  36|          32|           0|
    |icmp_ln31_fu_151_p2     |   icmp   |      0|   0|   8|           2|           2|
    |icmp_ln32_fu_163_p2     |   icmp   |      0|   0|   9|           2|           3|
    |icmp_ln935_fu_200_p2    |   icmp   |      0|   0|  18|          20|           1|
    |icmp_ln947_1_fu_288_p2  |   icmp   |      0|   0|  18|          20|           1|
    |icmp_ln947_fu_304_p2    |   icmp   |      0|   0|  18|          31|           1|
    |icmp_ln958_fu_365_p2    |   icmp   |      0|   0|  18|          32|           1|
    |lshr_ln947_fu_277_p2    |   lshr   |      0|   0|  53|           2|          20|
    |ap_block_state1         |    or    |      0|   0|   2|           1|           1|
    |or_ln949_fu_345_p2      |    or    |      0|   0|   2|           1|           1|
    |m_1_fu_387_p3           |  select  |      0|   0|  64|           1|          64|
    |out_r_TDATA_int         |  select  |      0|   0|  32|           1|           1|
    |select_ln964_fu_420_p3  |  select  |      0|   0|   7|           1|           7|
    |tmp_V_4_fu_205_p3       |  select  |      0|   0|  20|           1|          20|
    |xor_ln949_fu_321_p2     |    xor   |      0|   0|   2|           1|           2|
    +------------------------+----------+-------+----+----+------------+------------+
    |Total                   |          |      0|  40| 655|         282|         402|
    +------------------------+----------+-------+----+----+------------+------------+

    * Multiplexer: 
    +-------------------+----+-----------+-----+-----------+
    |        Name       | LUT| Input Size| Bits| Total Bits|
    +-------------------+----+-----------+-----+-----------+
    |ap_NS_fsm          |  53|         12|    1|         12|
    |ap_done            |   9|          2|    1|          2|
    |j3_0_i_reg_140     |   9|          2|    2|          4|
    |out_r_TDATA_blk_n  |   9|          2|    1|          2|
    +-------------------+----+-----------+-----+-----------+
    |Total              |  80|         18|    5|         20|
    +-------------------+----+-----------+-----+-----------+

    * Register: 
    +----------------------+----+----+-----+-----------+
    |         Name         | FF | LUT| Bits| Const Bits|
    +----------------------+----+----+-----+-----------+
    |add_ln958_reg_566     |  32|   0|   32|          0|
    |ap_CS_fsm             |  11|   0|   11|          0|
    |ap_done_reg           |   1|   0|    1|          0|
    |icmp_ln935_reg_510    |   1|   0|    1|          0|
    |icmp_ln947_1_reg_561  |   1|   0|    1|          0|
    |icmp_ln958_reg_591    |   1|   0|    1|          0|
    |j3_0_i_reg_140        |   2|   0|    2|          0|
    |j_reg_483             |   2|   0|    2|          0|
    |l_reg_523             |  32|   0|   32|          0|
    |last_reg_488          |   1|   0|    1|          0|
    |lsb_index_reg_550     |  32|   0|   32|          0|
    |lshr_ln958_reg_601    |  32|   0|   32|          0|
    |m_5_reg_611           |  63|   0|   63|          0|
    |or_ln_i_reg_576       |   1|   0|   32|         31|
    |p_Result_12_reg_499   |   1|   0|    1|          0|
    |select_ln964_reg_621  |   1|   0|    8|          7|
    |shl_ln958_reg_606     |  64|   0|   64|          0|
    |sub_ln944_reg_533     |  32|   0|   32|          0|
    |sub_ln947_reg_545     |   5|   0|    5|          0|
    |sub_ln958_reg_571     |  32|   0|   32|          0|
    |tmp_23_reg_616        |   1|   0|    1|          0|
    |tmp_V_3_reg_493       |  20|   0|   20|          0|
    |tmp_V_4_reg_515       |  20|   0|   20|          0|
    |tmp_V_reg_505         |  20|   0|   20|          0|
    |tmp_reg_556           |  31|   0|   31|          0|
    |trunc_ln943_reg_528   |   8|   0|    8|          0|
    |trunc_ln944_reg_540   |  20|   0|   20|          0|
    +----------------------+----+----+-----+-----------+
    |Total                 | 467|   0|  505|         38|
    +----------------------+----+----+-----+-----------+



================================================================
== Interface
================================================================
* Summary: 
+--------------+-----+-----+------------+--------------+--------------+
|   RTL Ports  | Dir | Bits|  Protocol  | Source Object|    C Type    |
+--------------+-----+-----+------------+--------------+--------------+
|ap_clk        |  in |    1| ap_ctrl_hs |  Loop_2_proc | return value |
|ap_rst        |  in |    1| ap_ctrl_hs |  Loop_2_proc | return value |
|ap_start      |  in |    1| ap_ctrl_hs |  Loop_2_proc | return value |
|ap_done       | out |    1| ap_ctrl_hs |  Loop_2_proc | return value |
|ap_continue   |  in |    1| ap_ctrl_hs |  Loop_2_proc | return value |
|ap_idle       | out |    1| ap_ctrl_hs |  Loop_2_proc | return value |
|ap_ready      | out |    1| ap_ctrl_hs |  Loop_2_proc | return value |
|out_r_TDATA   | out |   32|    axis    |   out_data   |    pointer   |
|out_r_TVALID  | out |    1|    axis    |  out_last_V  |    pointer   |
|out_r_TREADY  |  in |    1|    axis    |  out_last_V  |    pointer   |
|out_r_TLAST   | out |    1|    axis    |  out_last_V  |    pointer   |
|p_read        |  in |    1|   ap_none  |    p_read    |    scalar    |
|tmp_data_V_0  |  in |   20|   ap_none  | tmp_data_V_0 |    pointer   |
|tmp_data_V_1  |  in |   20|   ap_none  | tmp_data_V_1 |    pointer   |
|tmp_data_V_2  |  in |   20|   ap_none  | tmp_data_V_2 |    pointer   |
+--------------+-----+-----+------------+--------------+--------------+

