

================================================================
== Vivado HLS Report for 'pooling2d_cl_array_ap_fixed_8u_array_ap_fixed_20_8_5_3_0_8u_config16_s'
================================================================
* Date:           Thu Dec 12 22:34:46 2019

* Version:        2019.2 (Build 2704478 on Wed Nov 06 22:10:23 MST 2019)
* Project:        myproject_prj
* Solution:       solution1
* Product family: zynq
* Target device:  xc7z020-clg400-1


================================================================
== Performance Estimates
================================================================
+ Timing: 
    * Summary: 
    +--------+---------+----------+------------+
    |  Clock |  Target | Estimated| Uncertainty|
    +--------+---------+----------+------------+
    |ap_clk  | 5.00 ns | 4.429 ns |   0.62 ns  |
    +--------+---------+----------+------------+

+ Latency: 
    * Summary: 
    +---------+---------+----------+----------+-----+-----+---------+
    |  Latency (cycles) |  Latency (absolute) |  Interval | Pipeline|
    |   min   |   max   |    min   |    max   | min | max |   Type  |
    +---------+---------+----------+----------+-----+-----+---------+
    |      251|      251| 1.255 us | 1.255 us |  251|  251|   none  |
    +---------+---------+----------+----------+-----+-----+---------+

    + Detail: 
        * Instance: 
        N/A

        * Loop: 
        +----------------------------------+---------+---------+----------+-----------+-----------+------+----------+
        |                                  |  Latency (cycles) | Iteration|  Initiation Interval  | Trip |          |
        |             Loop Name            |   min   |   max   |  Latency |  achieved |   target  | Count| Pipelined|
        +----------------------------------+---------+---------+----------+-----------+-----------+------+----------+
        |- ReadInputHeight_ReadInputWidth  |      249|      249|        10|          2|          1|   121|    yes   |
        +----------------------------------+---------+---------+----------+-----------+-----------+------+----------+



================================================================
== Utilization Estimates
================================================================
* Summary: 
+-----------------+---------+-------+--------+-------+-----+
|       Name      | BRAM_18K| DSP48E|   FF   |  LUT  | URAM|
+-----------------+---------+-------+--------+-------+-----+
|DSP              |        -|      -|       -|      -|    -|
|Expression       |        -|      -|       0|   2266|    -|
|FIFO             |        -|      -|       -|      -|    -|
|Instance         |        -|      -|       0|    480|    -|
|Memory           |        0|      -|    1024|    512|    -|
|Multiplexer      |        -|      -|       -|    261|    -|
|Register         |        0|      -|    6845|    288|    -|
+-----------------+---------+-------+--------+-------+-----+
|Total            |        0|      0|    7869|   3807|    0|
+-----------------+---------+-------+--------+-------+-----+
|Available        |      280|    220|  106400|  53200|    0|
+-----------------+---------+-------+--------+-------+-----+
|Utilization (%)  |        0|      0|       7|      7|    0|
+-----------------+---------+-------+--------+-------+-----+

+ Detail: 
    * Instance: 
    +-----------------------------------+------------------------------+---------+-------+---+----+-----+
    |              Instance             |            Module            | BRAM_18K| DSP48E| FF| LUT| URAM|
    +-----------------------------------+------------------------------+---------+-------+---+----+-----+
    |myproject_axi_mux_164_20_1_1_U174  |myproject_axi_mux_164_20_1_1  |        0|      0|  0|  15|    0|
    |myproject_axi_mux_164_20_1_1_U175  |myproject_axi_mux_164_20_1_1  |        0|      0|  0|  15|    0|
    |myproject_axi_mux_164_20_1_1_U176  |myproject_axi_mux_164_20_1_1  |        0|      0|  0|  15|    0|
    |myproject_axi_mux_164_20_1_1_U177  |myproject_axi_mux_164_20_1_1  |        0|      0|  0|  15|    0|
    |myproject_axi_mux_164_20_1_1_U178  |myproject_axi_mux_164_20_1_1  |        0|      0|  0|  15|    0|
    |myproject_axi_mux_164_20_1_1_U179  |myproject_axi_mux_164_20_1_1  |        0|      0|  0|  15|    0|
    |myproject_axi_mux_164_20_1_1_U180  |myproject_axi_mux_164_20_1_1  |        0|      0|  0|  15|    0|
    |myproject_axi_mux_164_20_1_1_U181  |myproject_axi_mux_164_20_1_1  |        0|      0|  0|  15|    0|
    |myproject_axi_mux_164_20_1_1_U182  |myproject_axi_mux_164_20_1_1  |        0|      0|  0|  15|    0|
    |myproject_axi_mux_164_20_1_1_U183  |myproject_axi_mux_164_20_1_1  |        0|      0|  0|  15|    0|
    |myproject_axi_mux_164_20_1_1_U184  |myproject_axi_mux_164_20_1_1  |        0|      0|  0|  15|    0|
    |myproject_axi_mux_164_20_1_1_U185  |myproject_axi_mux_164_20_1_1  |        0|      0|  0|  15|    0|
    |myproject_axi_mux_164_20_1_1_U186  |myproject_axi_mux_164_20_1_1  |        0|      0|  0|  15|    0|
    |myproject_axi_mux_164_20_1_1_U187  |myproject_axi_mux_164_20_1_1  |        0|      0|  0|  15|    0|
    |myproject_axi_mux_164_20_1_1_U188  |myproject_axi_mux_164_20_1_1  |        0|      0|  0|  15|    0|
    |myproject_axi_mux_164_20_1_1_U189  |myproject_axi_mux_164_20_1_1  |        0|      0|  0|  15|    0|
    |myproject_axi_mux_164_20_1_1_U190  |myproject_axi_mux_164_20_1_1  |        0|      0|  0|  15|    0|
    |myproject_axi_mux_164_20_1_1_U191  |myproject_axi_mux_164_20_1_1  |        0|      0|  0|  15|    0|
    |myproject_axi_mux_164_20_1_1_U192  |myproject_axi_mux_164_20_1_1  |        0|      0|  0|  15|    0|
    |myproject_axi_mux_164_20_1_1_U193  |myproject_axi_mux_164_20_1_1  |        0|      0|  0|  15|    0|
    |myproject_axi_mux_164_20_1_1_U194  |myproject_axi_mux_164_20_1_1  |        0|      0|  0|  15|    0|
    |myproject_axi_mux_164_20_1_1_U195  |myproject_axi_mux_164_20_1_1  |        0|      0|  0|  15|    0|
    |myproject_axi_mux_164_20_1_1_U196  |myproject_axi_mux_164_20_1_1  |        0|      0|  0|  15|    0|
    |myproject_axi_mux_164_20_1_1_U197  |myproject_axi_mux_164_20_1_1  |        0|      0|  0|  15|    0|
    |myproject_axi_mux_94_20_1_1_U198   |myproject_axi_mux_94_20_1_1   |        0|      0|  0|  15|    0|
    |myproject_axi_mux_94_20_1_1_U199   |myproject_axi_mux_94_20_1_1   |        0|      0|  0|  15|    0|
    |myproject_axi_mux_94_20_1_1_U200   |myproject_axi_mux_94_20_1_1   |        0|      0|  0|  15|    0|
    |myproject_axi_mux_94_20_1_1_U201   |myproject_axi_mux_94_20_1_1   |        0|      0|  0|  15|    0|
    |myproject_axi_mux_94_20_1_1_U202   |myproject_axi_mux_94_20_1_1   |        0|      0|  0|  15|    0|
    |myproject_axi_mux_94_20_1_1_U203   |myproject_axi_mux_94_20_1_1   |        0|      0|  0|  15|    0|
    |myproject_axi_mux_94_20_1_1_U204   |myproject_axi_mux_94_20_1_1   |        0|      0|  0|  15|    0|
    |myproject_axi_mux_94_20_1_1_U205   |myproject_axi_mux_94_20_1_1   |        0|      0|  0|  15|    0|
    +-----------------------------------+------------------------------+---------+-------+---+----+-----+
    |Total                              |                              |        0|      0|  0| 480|    0|
    +-----------------------------------+------------------------------+---------+-------+---+----+-----+

    * DSP48E: 
    N/A

    * Memory: 
    +-----------------------------+----------------------------------------------------------------------------------+---------+----+----+-----+------+-----+------+-------------+
    |            Memory           |                                      Module                                      | BRAM_18K| FF | LUT| URAM| Words| Bits| Banks| W*Bits*Banks|
    +-----------------------------+----------------------------------------------------------------------------------+---------+----+----+-----+------+-----+------+-------------+
    |line_buffer_Array_V_5_0_0_U  |pooling2d_cl_array_ap_fixed_8u_array_ap_fixed_20_8_5_3_0_8u_config16_s_line_bZio  |        0|  64|  32|    0|    11|   20|     1|          220|
    |line_buffer_Array_V_5_1_0_U  |pooling2d_cl_array_ap_fixed_8u_array_ap_fixed_20_8_5_3_0_8u_config16_s_line_bZio  |        0|  64|  32|    0|    11|   20|     1|          220|
    |line_buffer_Array_V_5_0_1_U  |pooling2d_cl_array_ap_fixed_8u_array_ap_fixed_20_8_5_3_0_8u_config16_s_line_bZio  |        0|  64|  32|    0|    11|   20|     1|          220|
    |line_buffer_Array_V_5_1_1_U  |pooling2d_cl_array_ap_fixed_8u_array_ap_fixed_20_8_5_3_0_8u_config16_s_line_bZio  |        0|  64|  32|    0|    11|   20|     1|          220|
    |line_buffer_Array_V_5_0_2_U  |pooling2d_cl_array_ap_fixed_8u_array_ap_fixed_20_8_5_3_0_8u_config16_s_line_bZio  |        0|  64|  32|    0|    11|   20|     1|          220|
    |line_buffer_Array_V_5_1_2_U  |pooling2d_cl_array_ap_fixed_8u_array_ap_fixed_20_8_5_3_0_8u_config16_s_line_bZio  |        0|  64|  32|    0|    11|   20|     1|          220|
    |line_buffer_Array_V_5_0_3_U  |pooling2d_cl_array_ap_fixed_8u_array_ap_fixed_20_8_5_3_0_8u_config16_s_line_bZio  |        0|  64|  32|    0|    11|   20|     1|          220|
    |line_buffer_Array_V_5_1_3_U  |pooling2d_cl_array_ap_fixed_8u_array_ap_fixed_20_8_5_3_0_8u_config16_s_line_bZio  |        0|  64|  32|    0|    11|   20|     1|          220|
    |line_buffer_Array_V_5_0_4_U  |pooling2d_cl_array_ap_fixed_8u_array_ap_fixed_20_8_5_3_0_8u_config16_s_line_bZio  |        0|  64|  32|    0|    11|   20|     1|          220|
    |line_buffer_Array_V_5_1_4_U  |pooling2d_cl_array_ap_fixed_8u_array_ap_fixed_20_8_5_3_0_8u_config16_s_line_bZio  |        0|  64|  32|    0|    11|   20|     1|          220|
    |line_buffer_Array_V_5_0_5_U  |pooling2d_cl_array_ap_fixed_8u_array_ap_fixed_20_8_5_3_0_8u_config16_s_line_bZio  |        0|  64|  32|    0|    11|   20|     1|          220|
    |line_buffer_Array_V_5_1_5_U  |pooling2d_cl_array_ap_fixed_8u_array_ap_fixed_20_8_5_3_0_8u_config16_s_line_bZio  |        0|  64|  32|    0|    11|   20|     1|          220|
    |line_buffer_Array_V_5_0_6_U  |pooling2d_cl_array_ap_fixed_8u_array_ap_fixed_20_8_5_3_0_8u_config16_s_line_bZio  |        0|  64|  32|    0|    11|   20|     1|          220|
    |line_buffer_Array_V_5_1_6_U  |pooling2d_cl_array_ap_fixed_8u_array_ap_fixed_20_8_5_3_0_8u_config16_s_line_bZio  |        0|  64|  32|    0|    11|   20|     1|          220|
    |line_buffer_Array_V_5_0_7_U  |pooling2d_cl_array_ap_fixed_8u_array_ap_fixed_20_8_5_3_0_8u_config16_s_line_bZio  |        0|  64|  32|    0|    11|   20|     1|          220|
    |line_buffer_Array_V_5_1_7_U  |pooling2d_cl_array_ap_fixed_8u_array_ap_fixed_20_8_5_3_0_8u_config16_s_line_bZio  |        0|  64|  32|    0|    11|   20|     1|          220|
    +-----------------------------+----------------------------------------------------------------------------------+---------+----+----+-----+------+-----+------+-------------+
    |Total                        |                                                                                  |        0|1024| 512|    0|   176|  320|    16|         3520|
    +-----------------------------+----------------------------------------------------------------------------------+---------+----+----+-----+------+-----+------+-------------+

    * FIFO: 
    N/A

    * Expression: 
    +-----------------------------------+----------+-------+---+----+------------+------------+
    |           Variable Name           | Operation| DSP48E| FF| LUT| Bitwidth P0| Bitwidth P1|
    +-----------------------------------+----------+-------+---+----+------------+------------+
    |add_ln220_fu_492_p2                |     +    |      0|  0|  39|          32|           1|
    |add_ln222_fu_504_p2                |     +    |      0|  0|  39|          32|           1|
    |add_ln225_fu_448_p2                |     +    |      0|  0|  39|          32|           1|
    |add_ln227_fu_460_p2                |     +    |      0|  0|  39|          32|           1|
    |add_ln241_fu_358_p2                |     +    |      0|  0|  15|           7|           1|
    |and_ln191_1_fu_430_p2              |    and   |      0|  0|   2|           1|           1|
    |and_ln191_2_fu_436_p2              |    and   |      0|  0|   2|           1|           1|
    |and_ln191_fu_424_p2                |    and   |      0|  0|   2|           1|           1|
    |ap_block_state11_pp0_stage1_iter4  |    and   |      0|  0|   2|           1|           1|
    |ap_block_state3_pp0_stage1_iter0   |    and   |      0|  0|   2|           1|           1|
    |ap_condition_1153                  |    and   |      0|  0|   2|           1|           1|
    |ap_condition_1157                  |    and   |      0|  0|   2|           1|           1|
    |ap_condition_1164                  |    and   |      0|  0|   2|           1|           1|
    |ap_condition_2852                  |    and   |      0|  0|   2|           1|           1|
    |ap_condition_3304                  |    and   |      0|  0|   2|           1|           1|
    |ap_condition_379                   |    and   |      0|  0|   2|           1|           1|
    |io_acc_block_signal_op574          |    and   |      0|  0|   2|           1|           1|
    |io_acc_block_signal_op67           |    and   |      0|  0|   2|           1|           1|
    |icmp_ln1496_10_fu_2149_p2          |   icmp   |      0|  0|  18|          17|          17|
    |icmp_ln1496_11_fu_1389_p2          |   icmp   |      0|  0|  18|          17|          17|
    |icmp_ln1496_12_fu_1395_p2          |   icmp   |      0|  0|  18|          17|          17|
    |icmp_ln1496_13_fu_2173_p2          |   icmp   |      0|  0|  18|          17|          17|
    |icmp_ln1496_14_fu_3520_p2          |   icmp   |      0|  0|  18|          20|          20|
    |icmp_ln1496_15_fu_3833_p2          |   icmp   |      0|  0|  18|          20|          20|
    |icmp_ln1496_16_fu_1489_p2          |   icmp   |      0|  0|  18|          17|          17|
    |icmp_ln1496_17_fu_1495_p2          |   icmp   |      0|  0|  18|          17|          17|
    |icmp_ln1496_18_fu_2199_p2          |   icmp   |      0|  0|  18|          17|          17|
    |icmp_ln1496_19_fu_1501_p2          |   icmp   |      0|  0|  18|          17|          17|
    |icmp_ln1496_1_fu_1271_p2           |   icmp   |      0|  0|  18|          17|          17|
    |icmp_ln1496_20_fu_1507_p2          |   icmp   |      0|  0|  18|          17|          17|
    |icmp_ln1496_21_fu_2223_p2          |   icmp   |      0|  0|  18|          17|          17|
    |icmp_ln1496_22_fu_3534_p2          |   icmp   |      0|  0|  18|          20|          20|
    |icmp_ln1496_23_fu_3848_p2          |   icmp   |      0|  0|  18|          20|          20|
    |icmp_ln1496_24_fu_1601_p2          |   icmp   |      0|  0|  18|          17|          17|
    |icmp_ln1496_25_fu_1607_p2          |   icmp   |      0|  0|  18|          17|          17|
    |icmp_ln1496_26_fu_2249_p2          |   icmp   |      0|  0|  18|          17|          17|
    |icmp_ln1496_27_fu_1613_p2          |   icmp   |      0|  0|  18|          17|          17|
    |icmp_ln1496_28_fu_1619_p2          |   icmp   |      0|  0|  18|          17|          17|
    |icmp_ln1496_29_fu_2273_p2          |   icmp   |      0|  0|  18|          17|          17|
    |icmp_ln1496_2_fu_2099_p2           |   icmp   |      0|  0|  18|          17|          17|
    |icmp_ln1496_30_fu_3548_p2          |   icmp   |      0|  0|  18|          20|          20|
    |icmp_ln1496_31_fu_3863_p2          |   icmp   |      0|  0|  18|          20|          20|
    |icmp_ln1496_32_fu_1713_p2          |   icmp   |      0|  0|  18|          17|          17|
    |icmp_ln1496_33_fu_1719_p2          |   icmp   |      0|  0|  18|          17|          17|
    |icmp_ln1496_34_fu_2299_p2          |   icmp   |      0|  0|  18|          17|          17|
    |icmp_ln1496_35_fu_1725_p2          |   icmp   |      0|  0|  18|          17|          17|
    |icmp_ln1496_36_fu_1731_p2          |   icmp   |      0|  0|  18|          17|          17|
    |icmp_ln1496_37_fu_2323_p2          |   icmp   |      0|  0|  18|          17|          17|
    |icmp_ln1496_38_fu_3562_p2          |   icmp   |      0|  0|  18|          20|          20|
    |icmp_ln1496_39_fu_3878_p2          |   icmp   |      0|  0|  18|          20|          20|
    |icmp_ln1496_3_fu_1277_p2           |   icmp   |      0|  0|  18|          17|          17|
    |icmp_ln1496_40_fu_1825_p2          |   icmp   |      0|  0|  18|          17|          17|
    |icmp_ln1496_41_fu_1831_p2          |   icmp   |      0|  0|  18|          17|          17|
    |icmp_ln1496_42_fu_2349_p2          |   icmp   |      0|  0|  18|          17|          17|
    |icmp_ln1496_43_fu_1837_p2          |   icmp   |      0|  0|  18|          17|          17|
    |icmp_ln1496_44_fu_1843_p2          |   icmp   |      0|  0|  18|          17|          17|
    |icmp_ln1496_45_fu_2373_p2          |   icmp   |      0|  0|  18|          17|          17|
    |icmp_ln1496_46_fu_3576_p2          |   icmp   |      0|  0|  18|          20|          20|
    |icmp_ln1496_47_fu_3893_p2          |   icmp   |      0|  0|  18|          20|          20|
    |icmp_ln1496_48_fu_1937_p2          |   icmp   |      0|  0|  18|          17|          17|
    |icmp_ln1496_49_fu_1943_p2          |   icmp   |      0|  0|  18|          17|          17|
    |icmp_ln1496_4_fu_1283_p2           |   icmp   |      0|  0|  18|          17|          17|
    |icmp_ln1496_50_fu_2399_p2          |   icmp   |      0|  0|  18|          17|          17|
    |icmp_ln1496_51_fu_1949_p2          |   icmp   |      0|  0|  18|          17|          17|
    |icmp_ln1496_52_fu_1955_p2          |   icmp   |      0|  0|  18|          17|          17|
    |icmp_ln1496_53_fu_2423_p2          |   icmp   |      0|  0|  18|          17|          17|
    |icmp_ln1496_54_fu_3590_p2          |   icmp   |      0|  0|  18|          20|          20|
    |icmp_ln1496_55_fu_3908_p2          |   icmp   |      0|  0|  18|          20|          20|
    |icmp_ln1496_56_fu_2049_p2          |   icmp   |      0|  0|  18|          17|          17|
    |icmp_ln1496_57_fu_2055_p2          |   icmp   |      0|  0|  18|          17|          17|
    |icmp_ln1496_58_fu_2449_p2          |   icmp   |      0|  0|  18|          17|          17|
    |icmp_ln1496_59_fu_2061_p2          |   icmp   |      0|  0|  18|          17|          17|
    |icmp_ln1496_5_fu_2123_p2           |   icmp   |      0|  0|  18|          17|          17|
    |icmp_ln1496_60_fu_2067_p2          |   icmp   |      0|  0|  18|          17|          17|
    |icmp_ln1496_61_fu_2473_p2          |   icmp   |      0|  0|  18|          17|          17|
    |icmp_ln1496_62_fu_3604_p2          |   icmp   |      0|  0|  18|          20|          20|
    |icmp_ln1496_63_fu_3923_p2          |   icmp   |      0|  0|  18|          20|          20|
    |icmp_ln1496_6_fu_3506_p2           |   icmp   |      0|  0|  18|          20|          20|
    |icmp_ln1496_7_fu_3818_p2           |   icmp   |      0|  0|  18|          20|          20|
    |icmp_ln1496_8_fu_1377_p2           |   icmp   |      0|  0|  18|          17|          17|
    |icmp_ln1496_9_fu_1383_p2           |   icmp   |      0|  0|  18|          17|          17|
    |icmp_ln1496_fu_1265_p2             |   icmp   |      0|  0|  18|          17|          17|
    |icmp_ln191_1_fu_378_p2             |   icmp   |      0|  0|  18|          32|           2|
    |icmp_ln191_2_fu_398_p2             |   icmp   |      0|  0|  18|          31|           1|
    |icmp_ln191_3_fu_418_p2             |   icmp   |      0|  0|  18|          31|           1|
    |icmp_ln191_fu_368_p2               |   icmp   |      0|  0|  18|          32|           2|
    |icmp_ln212_fu_442_p2               |   icmp   |      0|  0|  18|          32|           4|
    |icmp_ln216_fu_486_p2               |   icmp   |      0|  0|  18|          32|           4|
    |icmp_ln241_fu_352_p2               |   icmp   |      0|  0|  11|           7|           4|
    |ap_block_pp0_stage1_01001          |    or    |      0|  0|   2|           1|           1|
    |ap_block_state1                    |    or    |      0|  0|   2|           1|           1|
    |select_ln222_fu_510_p3             |  select  |      0|  0|  32|           1|           1|
    |select_ln227_fu_466_p3             |  select  |      0|  0|  32|           1|           1|
    |select_ln40_1_fu_3838_p3           |  select  |      0|  0|   5|           1|           5|
    |select_ln40_2_fu_3853_p3           |  select  |      0|  0|   5|           1|           5|
    |select_ln40_3_fu_3868_p3           |  select  |      0|  0|   5|           1|           5|
    |select_ln40_4_fu_3883_p3           |  select  |      0|  0|   5|           1|           5|
    |select_ln40_5_fu_3898_p3           |  select  |      0|  0|   5|           1|           5|
    |select_ln40_6_fu_3913_p3           |  select  |      0|  0|   5|           1|           5|
    |select_ln40_7_fu_3928_p3           |  select  |      0|  0|   5|           1|           5|
    |select_ln40_fu_3823_p3             |  select  |      0|  0|   5|           1|           5|
    |select_ln65_10_fu_2132_p3          |  select  |      0|  0|  17|           1|          17|
    |select_ln65_11_fu_2137_p3          |  select  |      0|  0|   3|           1|           2|
    |select_ln65_12_fu_2144_p3          |  select  |      0|  0|  17|           1|          17|
    |select_ln65_13_fu_2155_p3          |  select  |      0|  0|   2|           1|           2|
    |select_ln65_14_fu_2672_p3          |  select  |      0|  0|   4|           1|           3|
    |select_ln65_15_fu_2163_p3          |  select  |      0|  0|  17|           1|          17|
    |select_ln65_16_fu_2679_p3          |  select  |      0|  0|   3|           1|           2|
    |select_ln65_17_fu_2168_p3          |  select  |      0|  0|  17|           1|          17|
    |select_ln65_18_fu_2686_p3          |  select  |      0|  0|   3|           1|           3|
    |select_ln65_19_fu_3524_p3          |  select  |      0|  0|   3|           1|           3|
    |select_ln65_1_fu_2087_p3           |  select  |      0|  0|   3|           1|           2|
    |select_ln65_20_fu_2182_p3          |  select  |      0|  0|  17|           1|          17|
    |select_ln65_21_fu_2187_p3          |  select  |      0|  0|   3|           1|           2|
    |select_ln65_22_fu_2194_p3          |  select  |      0|  0|  17|           1|          17|
    |select_ln65_23_fu_2205_p3          |  select  |      0|  0|   2|           1|           2|
    |select_ln65_24_fu_2800_p3          |  select  |      0|  0|   4|           1|           3|
    |select_ln65_25_fu_2213_p3          |  select  |      0|  0|  17|           1|          17|
    |select_ln65_26_fu_2807_p3          |  select  |      0|  0|   3|           1|           2|
    |select_ln65_27_fu_2218_p3          |  select  |      0|  0|  17|           1|          17|
    |select_ln65_28_fu_2814_p3          |  select  |      0|  0|   3|           1|           3|
    |select_ln65_29_fu_3538_p3          |  select  |      0|  0|   3|           1|           3|
    |select_ln65_2_fu_2094_p3           |  select  |      0|  0|  17|           1|          17|
    |select_ln65_30_fu_2232_p3          |  select  |      0|  0|  17|           1|          17|
    |select_ln65_31_fu_2237_p3          |  select  |      0|  0|   3|           1|           2|
    |select_ln65_32_fu_2244_p3          |  select  |      0|  0|  17|           1|          17|
    |select_ln65_33_fu_2255_p3          |  select  |      0|  0|   2|           1|           2|
    |select_ln65_34_fu_2928_p3          |  select  |      0|  0|   4|           1|           3|
    |select_ln65_35_fu_2263_p3          |  select  |      0|  0|  17|           1|          17|
    |select_ln65_36_fu_2935_p3          |  select  |      0|  0|   3|           1|           2|
    |select_ln65_37_fu_2268_p3          |  select  |      0|  0|  17|           1|          17|
    |select_ln65_38_fu_2942_p3          |  select  |      0|  0|   3|           1|           3|
    |select_ln65_39_fu_3552_p3          |  select  |      0|  0|   3|           1|           3|
    |select_ln65_3_fu_2105_p3           |  select  |      0|  0|   2|           1|           2|
    |select_ln65_40_fu_2282_p3          |  select  |      0|  0|  17|           1|          17|
    |select_ln65_41_fu_2287_p3          |  select  |      0|  0|   3|           1|           2|
    |select_ln65_42_fu_2294_p3          |  select  |      0|  0|  17|           1|          17|
    |select_ln65_43_fu_2305_p3          |  select  |      0|  0|   2|           1|           2|
    |select_ln65_44_fu_3056_p3          |  select  |      0|  0|   4|           1|           3|
    |select_ln65_45_fu_2313_p3          |  select  |      0|  0|  17|           1|          17|
    |select_ln65_46_fu_3063_p3          |  select  |      0|  0|   3|           1|           2|
    |select_ln65_47_fu_2318_p3          |  select  |      0|  0|  17|           1|          17|
    |select_ln65_48_fu_3070_p3          |  select  |      0|  0|   3|           1|           3|
    |select_ln65_49_fu_3566_p3          |  select  |      0|  0|   3|           1|           3|
    |select_ln65_4_fu_2544_p3           |  select  |      0|  0|   4|           1|           3|
    |select_ln65_50_fu_2332_p3          |  select  |      0|  0|  17|           1|          17|
    |select_ln65_51_fu_2337_p3          |  select  |      0|  0|   3|           1|           2|
    |select_ln65_52_fu_2344_p3          |  select  |      0|  0|  17|           1|          17|
    |select_ln65_53_fu_2355_p3          |  select  |      0|  0|   2|           1|           2|
    |select_ln65_54_fu_3184_p3          |  select  |      0|  0|   4|           1|           3|
    |select_ln65_55_fu_2363_p3          |  select  |      0|  0|  17|           1|          17|
    |select_ln65_56_fu_3191_p3          |  select  |      0|  0|   3|           1|           2|
    |select_ln65_57_fu_2368_p3          |  select  |      0|  0|  17|           1|          17|
    |select_ln65_58_fu_3198_p3          |  select  |      0|  0|   3|           1|           3|
    |select_ln65_59_fu_3580_p3          |  select  |      0|  0|   3|           1|           3|
    |select_ln65_5_fu_2113_p3           |  select  |      0|  0|  17|           1|          17|
    |select_ln65_60_fu_2382_p3          |  select  |      0|  0|  17|           1|          17|
    |select_ln65_61_fu_2387_p3          |  select  |      0|  0|   3|           1|           2|
    |select_ln65_62_fu_2394_p3          |  select  |      0|  0|  17|           1|          17|
    |select_ln65_63_fu_2405_p3          |  select  |      0|  0|   2|           1|           2|
    |select_ln65_64_fu_3312_p3          |  select  |      0|  0|   4|           1|           3|
    |select_ln65_65_fu_2413_p3          |  select  |      0|  0|  17|           1|          17|
    |select_ln65_66_fu_3319_p3          |  select  |      0|  0|   3|           1|           2|
    |select_ln65_67_fu_2418_p3          |  select  |      0|  0|  17|           1|          17|
    |select_ln65_68_fu_3326_p3          |  select  |      0|  0|   3|           1|           3|
    |select_ln65_69_fu_3594_p3          |  select  |      0|  0|   3|           1|           3|
    |select_ln65_6_fu_2551_p3           |  select  |      0|  0|   3|           1|           2|
    |select_ln65_70_fu_2432_p3          |  select  |      0|  0|  17|           1|          17|
    |select_ln65_71_fu_2437_p3          |  select  |      0|  0|   3|           1|           2|
    |select_ln65_72_fu_2444_p3          |  select  |      0|  0|  17|           1|          17|
    |select_ln65_73_fu_2455_p3          |  select  |      0|  0|   2|           1|           2|
    |select_ln65_74_fu_3440_p3          |  select  |      0|  0|   4|           1|           3|
    |select_ln65_75_fu_2463_p3          |  select  |      0|  0|  17|           1|          17|
    |select_ln65_76_fu_3447_p3          |  select  |      0|  0|   3|           1|           2|
    |select_ln65_77_fu_2468_p3          |  select  |      0|  0|  17|           1|          17|
    |select_ln65_78_fu_3454_p3          |  select  |      0|  0|   3|           1|           3|
    |select_ln65_79_fu_3608_p3          |  select  |      0|  0|   3|           1|           3|
    |select_ln65_7_fu_2118_p3           |  select  |      0|  0|  17|           1|          17|
    |select_ln65_8_fu_2558_p3           |  select  |      0|  0|   3|           1|           3|
    |select_ln65_9_fu_3510_p3           |  select  |      0|  0|   3|           1|           3|
    |select_ln65_fu_2082_p3             |  select  |      0|  0|  17|           1|          17|
    |ap_enable_pp0                      |    xor   |      0|  0|   2|           1|           2|
    +-----------------------------------+----------+-------+---+----+------------+------------+
    |Total                              |          |      0|  0|2266|        1574|        1882|
    +-----------------------------------+----------+-------+---+----+------------+------------+

    * Multiplexer: 
    +---------------------------------------------+----+-----------+-----+-----------+
    |                     Name                    | LUT| Input Size| Bits| Total Bits|
    +---------------------------------------------+----+-----------+-----+-----------+
    |ap_NS_fsm                                    |  27|          5|    1|          5|
    |ap_done                                      |   9|          2|    1|          2|
    |ap_enable_reg_pp0_iter4                      |   9|          2|    1|          2|
    |ap_phi_mux_indvar_flatten_phi_fu_334_p4      |   9|          2|    7|         14|
    |ap_phi_reg_pp0_iter1_storemerge_i_i_reg_341  |   9|          2|   32|         64|
    |ap_sig_allocacmp_sY_load                     |   9|          2|   32|         64|
    |data_V_data_0_V_blk_n                        |   9|          2|    1|          2|
    |data_V_data_1_V_blk_n                        |   9|          2|    1|          2|
    |data_V_data_2_V_blk_n                        |   9|          2|    1|          2|
    |data_V_data_3_V_blk_n                        |   9|          2|    1|          2|
    |data_V_data_4_V_blk_n                        |   9|          2|    1|          2|
    |data_V_data_5_V_blk_n                        |   9|          2|    1|          2|
    |data_V_data_6_V_blk_n                        |   9|          2|    1|          2|
    |data_V_data_7_V_blk_n                        |   9|          2|    1|          2|
    |indvar_flatten_reg_330                       |   9|          2|    7|         14|
    |pX                                           |   9|          2|   32|         64|
    |pY                                           |   9|          2|   32|         64|
    |real_start                                   |   9|          2|    1|          2|
    |res_V_data_0_V_blk_n                         |   9|          2|    1|          2|
    |res_V_data_1_V_blk_n                         |   9|          2|    1|          2|
    |res_V_data_2_V_blk_n                         |   9|          2|    1|          2|
    |res_V_data_3_V_blk_n                         |   9|          2|    1|          2|
    |res_V_data_4_V_blk_n                         |   9|          2|    1|          2|
    |res_V_data_5_V_blk_n                         |   9|          2|    1|          2|
    |res_V_data_6_V_blk_n                         |   9|          2|    1|          2|
    |res_V_data_7_V_blk_n                         |   9|          2|    1|          2|
    |sX                                           |   9|          2|   32|         64|
    +---------------------------------------------+----+-----------+-----+-----------+
    |Total                                        | 261|         57|  194|        391|
    +---------------------------------------------+----+-----------+-----+-----------+

    * Register: 
    +---------------------------------------------+----+----+-----+-----------+
    |                     Name                    | FF | LUT| Bits| Const Bits|
    +---------------------------------------------+----+----+-----+-----------+
    |DataOut_V_16_reg_4174                        |  20|   0|   20|          0|
    |DataOut_V_18_reg_4181                        |  20|   0|   20|          0|
    |DataOut_V_20_reg_4188                        |  20|   0|   20|          0|
    |DataOut_V_22_reg_4195                        |  20|   0|   20|          0|
    |DataOut_V_24_reg_4202                        |  20|   0|   20|          0|
    |DataOut_V_26_reg_4209                        |  20|   0|   20|          0|
    |DataOut_V_28_reg_4216                        |  20|   0|   20|          0|
    |DataOut_V_30_reg_4223                        |  20|   0|   20|          0|
    |add_ln241_reg_4099                           |   7|   0|    7|          0|
    |and_ln191_2_reg_4104                         |   1|   0|    1|          0|
    |ap_CS_fsm                                    |   4|   0|    4|          0|
    |ap_done_reg                                  |   1|   0|    1|          0|
    |ap_enable_reg_pp0_iter0                      |   1|   0|    1|          0|
    |ap_enable_reg_pp0_iter1                      |   1|   0|    1|          0|
    |ap_enable_reg_pp0_iter2                      |   1|   0|    1|          0|
    |ap_enable_reg_pp0_iter3                      |   1|   0|    1|          0|
    |ap_enable_reg_pp0_iter4                      |   1|   0|    1|          0|
    |ap_phi_reg_pp0_iter1_storemerge_i_i_reg_341  |  32|   0|   32|          0|
    |icmp_ln1496_11_reg_4372                      |   1|   0|    1|          0|
    |icmp_ln1496_12_reg_4378                      |   1|   0|    1|          0|
    |icmp_ln1496_13_reg_4863                      |   1|   0|    1|          0|
    |icmp_ln1496_16_reg_4437                      |   1|   0|    1|          0|
    |icmp_ln1496_17_reg_4443                      |   1|   0|    1|          0|
    |icmp_ln1496_19_reg_4449                      |   1|   0|    1|          0|
    |icmp_ln1496_1_reg_4289                       |   1|   0|    1|          0|
    |icmp_ln1496_20_reg_4455                      |   1|   0|    1|          0|
    |icmp_ln1496_21_reg_4874                      |   1|   0|    1|          0|
    |icmp_ln1496_24_reg_4514                      |   1|   0|    1|          0|
    |icmp_ln1496_25_reg_4520                      |   1|   0|    1|          0|
    |icmp_ln1496_27_reg_4526                      |   1|   0|    1|          0|
    |icmp_ln1496_28_reg_4532                      |   1|   0|    1|          0|
    |icmp_ln1496_29_reg_4885                      |   1|   0|    1|          0|
    |icmp_ln1496_32_reg_4591                      |   1|   0|    1|          0|
    |icmp_ln1496_33_reg_4597                      |   1|   0|    1|          0|
    |icmp_ln1496_35_reg_4603                      |   1|   0|    1|          0|
    |icmp_ln1496_36_reg_4609                      |   1|   0|    1|          0|
    |icmp_ln1496_37_reg_4896                      |   1|   0|    1|          0|
    |icmp_ln1496_3_reg_4295                       |   1|   0|    1|          0|
    |icmp_ln1496_40_reg_4668                      |   1|   0|    1|          0|
    |icmp_ln1496_41_reg_4674                      |   1|   0|    1|          0|
    |icmp_ln1496_43_reg_4680                      |   1|   0|    1|          0|
    |icmp_ln1496_44_reg_4686                      |   1|   0|    1|          0|
    |icmp_ln1496_45_reg_4907                      |   1|   0|    1|          0|
    |icmp_ln1496_48_reg_4745                      |   1|   0|    1|          0|
    |icmp_ln1496_49_reg_4751                      |   1|   0|    1|          0|
    |icmp_ln1496_4_reg_4301                       |   1|   0|    1|          0|
    |icmp_ln1496_51_reg_4757                      |   1|   0|    1|          0|
    |icmp_ln1496_52_reg_4763                      |   1|   0|    1|          0|
    |icmp_ln1496_53_reg_4918                      |   1|   0|    1|          0|
    |icmp_ln1496_56_reg_4822                      |   1|   0|    1|          0|
    |icmp_ln1496_57_reg_4828                      |   1|   0|    1|          0|
    |icmp_ln1496_59_reg_4834                      |   1|   0|    1|          0|
    |icmp_ln1496_5_reg_4852                       |   1|   0|    1|          0|
    |icmp_ln1496_60_reg_4840                      |   1|   0|    1|          0|
    |icmp_ln1496_61_reg_4929                      |   1|   0|    1|          0|
    |icmp_ln1496_8_reg_4360                       |   1|   0|    1|          0|
    |icmp_ln1496_9_reg_4366                       |   1|   0|    1|          0|
    |icmp_ln1496_reg_4283                         |   1|   0|    1|          0|
    |icmp_ln212_reg_4108                          |   1|   0|    1|          0|
    |icmp_ln216_reg_4117                          |   1|   0|    1|          0|
    |icmp_ln241_reg_4095                          |   1|   0|    1|          0|
    |indvar_flatten_reg_330                       |   7|   0|    7|          0|
    |kernel_data_V_5_10                           |  20|   0|   20|          0|
    |kernel_data_V_5_11                           |  20|   0|   20|          0|
    |kernel_data_V_5_12                           |  20|   0|   20|          0|
    |kernel_data_V_5_13                           |  20|   0|   20|          0|
    |kernel_data_V_5_14                           |  20|   0|   20|          0|
    |kernel_data_V_5_15                           |  20|   0|   20|          0|
    |kernel_data_V_5_16                           |  20|   0|   20|          0|
    |kernel_data_V_5_17                           |  20|   0|   20|          0|
    |kernel_data_V_5_18                           |  20|   0|   20|          0|
    |kernel_data_V_5_19                           |  20|   0|   20|          0|
    |kernel_data_V_5_20                           |  20|   0|   20|          0|
    |kernel_data_V_5_21                           |  20|   0|   20|          0|
    |kernel_data_V_5_22                           |  20|   0|   20|          0|
    |kernel_data_V_5_23                           |  20|   0|   20|          0|
    |kernel_data_V_5_32                           |  20|   0|   20|          0|
    |kernel_data_V_5_33                           |  20|   0|   20|          0|
    |kernel_data_V_5_34                           |  20|   0|   20|          0|
    |kernel_data_V_5_35                           |  20|   0|   20|          0|
    |kernel_data_V_5_36                           |  20|   0|   20|          0|
    |kernel_data_V_5_37                           |  20|   0|   20|          0|
    |kernel_data_V_5_38                           |  20|   0|   20|          0|
    |kernel_data_V_5_39                           |  20|   0|   20|          0|
    |kernel_data_V_5_40                           |  20|   0|   20|          0|
    |kernel_data_V_5_41                           |  20|   0|   20|          0|
    |kernel_data_V_5_42                           |  20|   0|   20|          0|
    |kernel_data_V_5_43                           |  20|   0|   20|          0|
    |kernel_data_V_5_44                           |  20|   0|   20|          0|
    |kernel_data_V_5_45                           |  20|   0|   20|          0|
    |kernel_data_V_5_46                           |  20|   0|   20|          0|
    |kernel_data_V_5_47                           |  20|   0|   20|          0|
    |kernel_data_V_5_56                           |  20|   0|   20|          0|
    |kernel_data_V_5_57                           |  20|   0|   20|          0|
    |kernel_data_V_5_58                           |  20|   0|   20|          0|
    |kernel_data_V_5_59                           |  20|   0|   20|          0|
    |kernel_data_V_5_60                           |  20|   0|   20|          0|
    |kernel_data_V_5_61                           |  20|   0|   20|          0|
    |kernel_data_V_5_62                           |  20|   0|   20|          0|
    |kernel_data_V_5_63                           |  20|   0|   20|          0|
    |kernel_data_V_5_64                           |  20|   0|   20|          0|
    |kernel_data_V_5_65                           |  20|   0|   20|          0|
    |kernel_data_V_5_66                           |  20|   0|   20|          0|
    |kernel_data_V_5_67                           |  20|   0|   20|          0|
    |kernel_data_V_5_68                           |  20|   0|   20|          0|
    |kernel_data_V_5_69                           |  20|   0|   20|          0|
    |kernel_data_V_5_70                           |  20|   0|   20|          0|
    |kernel_data_V_5_71                           |  20|   0|   20|          0|
    |kernel_data_V_5_8                            |  20|   0|   20|          0|
    |kernel_data_V_5_9                            |  20|   0|   20|          0|
    |pX                                           |  32|   0|   32|          0|
    |pY                                           |  32|   0|   32|          0|
    |phi_ln65_10_reg_5577                         |  20|   0|   20|          0|
    |phi_ln65_11_reg_5274                         |  20|   0|   20|          0|
    |phi_ln65_12_reg_5284                         |  20|   0|   20|          0|
    |phi_ln65_13_reg_5587                         |  20|   0|   20|          0|
    |phi_ln65_14_reg_5345                         |  20|   0|   20|          0|
    |phi_ln65_15_reg_5355                         |  20|   0|   20|          0|
    |phi_ln65_16_reg_5597                         |  20|   0|   20|          0|
    |phi_ln65_17_reg_5416                         |  20|   0|   20|          0|
    |phi_ln65_18_reg_5426                         |  20|   0|   20|          0|
    |phi_ln65_19_reg_5607                         |  20|   0|   20|          0|
    |phi_ln65_1_reg_5000                          |  20|   0|   20|          0|
    |phi_ln65_20_reg_5487                         |  20|   0|   20|          0|
    |phi_ln65_21_reg_5497                         |  20|   0|   20|          0|
    |phi_ln65_22_reg_5617                         |  20|   0|   20|          0|
    |phi_ln65_2_reg_5547                          |  20|   0|   20|          0|
    |phi_ln65_3_reg_5061                          |  20|   0|   20|          0|
    |phi_ln65_4_reg_5071                          |  20|   0|   20|          0|
    |phi_ln65_5_reg_5557                          |  20|   0|   20|          0|
    |phi_ln65_6_reg_5132                          |  20|   0|   20|          0|
    |phi_ln65_7_reg_5142                          |  20|   0|   20|          0|
    |phi_ln65_8_reg_5567                          |  20|   0|   20|          0|
    |phi_ln65_9_reg_5203                          |  20|   0|   20|          0|
    |phi_ln65_s_reg_5213                          |  20|   0|   20|          0|
    |phi_ln_reg_4990                              |  20|   0|   20|          0|
    |pool_window_0_V_1_reg_5005                   |  20|   0|   20|          0|
    |pool_window_0_V_1_reg_5005_pp0_iter3_reg     |  20|   0|   20|          0|
    |pool_window_0_V_2_reg_5076                   |  20|   0|   20|          0|
    |pool_window_0_V_2_reg_5076_pp0_iter3_reg     |  20|   0|   20|          0|
    |pool_window_0_V_3_reg_5147                   |  20|   0|   20|          0|
    |pool_window_0_V_3_reg_5147_pp0_iter3_reg     |  20|   0|   20|          0|
    |pool_window_0_V_4_reg_5218                   |  20|   0|   20|          0|
    |pool_window_0_V_4_reg_5218_pp0_iter3_reg     |  20|   0|   20|          0|
    |pool_window_0_V_5_reg_5289                   |  20|   0|   20|          0|
    |pool_window_0_V_5_reg_5289_pp0_iter3_reg     |  20|   0|   20|          0|
    |pool_window_0_V_6_reg_5360                   |  20|   0|   20|          0|
    |pool_window_0_V_6_reg_5360_pp0_iter3_reg     |  20|   0|   20|          0|
    |pool_window_0_V_7_reg_5431                   |  20|   0|   20|          0|
    |pool_window_0_V_7_reg_5431_pp0_iter3_reg     |  20|   0|   20|          0|
    |pool_window_0_V_reg_4934                     |  20|   0|   20|          0|
    |pool_window_0_V_reg_4934_pp0_iter3_reg       |  20|   0|   20|          0|
    |pool_window_1_V_1_reg_5011                   |  20|   0|   20|          0|
    |pool_window_1_V_1_reg_5011_pp0_iter3_reg     |  20|   0|   20|          0|
    |pool_window_1_V_2_reg_5082                   |  20|   0|   20|          0|
    |pool_window_1_V_2_reg_5082_pp0_iter3_reg     |  20|   0|   20|          0|
    |pool_window_1_V_3_reg_5153                   |  20|   0|   20|          0|
    |pool_window_1_V_3_reg_5153_pp0_iter3_reg     |  20|   0|   20|          0|
    |pool_window_1_V_4_reg_5224                   |  20|   0|   20|          0|
    |pool_window_1_V_4_reg_5224_pp0_iter3_reg     |  20|   0|   20|          0|
    |pool_window_1_V_5_reg_5295                   |  20|   0|   20|          0|
    |pool_window_1_V_5_reg_5295_pp0_iter3_reg     |  20|   0|   20|          0|
    |pool_window_1_V_6_reg_5366                   |  20|   0|   20|          0|
    |pool_window_1_V_6_reg_5366_pp0_iter3_reg     |  20|   0|   20|          0|
    |pool_window_1_V_7_reg_5437                   |  20|   0|   20|          0|
    |pool_window_1_V_7_reg_5437_pp0_iter3_reg     |  20|   0|   20|          0|
    |pool_window_1_V_reg_4940                     |  20|   0|   20|          0|
    |pool_window_1_V_reg_4940_pp0_iter3_reg       |  20|   0|   20|          0|
    |pool_window_2_V_1_reg_5017                   |  20|   0|   20|          0|
    |pool_window_2_V_1_reg_5017_pp0_iter3_reg     |  20|   0|   20|          0|
    |pool_window_2_V_2_reg_5088                   |  20|   0|   20|          0|
    |pool_window_2_V_2_reg_5088_pp0_iter3_reg     |  20|   0|   20|          0|
    |pool_window_2_V_3_reg_5159                   |  20|   0|   20|          0|
    |pool_window_2_V_3_reg_5159_pp0_iter3_reg     |  20|   0|   20|          0|
    |pool_window_2_V_4_reg_5230                   |  20|   0|   20|          0|
    |pool_window_2_V_4_reg_5230_pp0_iter3_reg     |  20|   0|   20|          0|
    |pool_window_2_V_5_reg_5301                   |  20|   0|   20|          0|
    |pool_window_2_V_5_reg_5301_pp0_iter3_reg     |  20|   0|   20|          0|
    |pool_window_2_V_6_reg_5372                   |  20|   0|   20|          0|
    |pool_window_2_V_6_reg_5372_pp0_iter3_reg     |  20|   0|   20|          0|
    |pool_window_2_V_7_reg_5443                   |  20|   0|   20|          0|
    |pool_window_2_V_7_reg_5443_pp0_iter3_reg     |  20|   0|   20|          0|
    |pool_window_2_V_reg_4946                     |  20|   0|   20|          0|
    |pool_window_2_V_reg_4946_pp0_iter3_reg       |  20|   0|   20|          0|
    |pool_window_3_V_1_reg_5023                   |  20|   0|   20|          0|
    |pool_window_3_V_1_reg_5023_pp0_iter3_reg     |  20|   0|   20|          0|
    |pool_window_3_V_2_reg_5094                   |  20|   0|   20|          0|
    |pool_window_3_V_2_reg_5094_pp0_iter3_reg     |  20|   0|   20|          0|
    |pool_window_3_V_3_reg_5165                   |  20|   0|   20|          0|
    |pool_window_3_V_3_reg_5165_pp0_iter3_reg     |  20|   0|   20|          0|
    |pool_window_3_V_4_reg_5236                   |  20|   0|   20|          0|
    |pool_window_3_V_4_reg_5236_pp0_iter3_reg     |  20|   0|   20|          0|
    |pool_window_3_V_5_reg_5307                   |  20|   0|   20|          0|
    |pool_window_3_V_5_reg_5307_pp0_iter3_reg     |  20|   0|   20|          0|
    |pool_window_3_V_6_reg_5378                   |  20|   0|   20|          0|
    |pool_window_3_V_6_reg_5378_pp0_iter3_reg     |  20|   0|   20|          0|
    |pool_window_3_V_7_reg_5449                   |  20|   0|   20|          0|
    |pool_window_3_V_7_reg_5449_pp0_iter3_reg     |  20|   0|   20|          0|
    |pool_window_3_V_reg_4952                     |  20|   0|   20|          0|
    |pool_window_3_V_reg_4952_pp0_iter3_reg       |  20|   0|   20|          0|
    |pool_window_4_V_1_reg_5029                   |  20|   0|   20|          0|
    |pool_window_4_V_1_reg_5029_pp0_iter3_reg     |  20|   0|   20|          0|
    |pool_window_4_V_2_reg_5100                   |  20|   0|   20|          0|
    |pool_window_4_V_2_reg_5100_pp0_iter3_reg     |  20|   0|   20|          0|
    |pool_window_4_V_3_reg_5171                   |  20|   0|   20|          0|
    |pool_window_4_V_3_reg_5171_pp0_iter3_reg     |  20|   0|   20|          0|
    |pool_window_4_V_4_reg_5242                   |  20|   0|   20|          0|
    |pool_window_4_V_4_reg_5242_pp0_iter3_reg     |  20|   0|   20|          0|
    |pool_window_4_V_5_reg_5313                   |  20|   0|   20|          0|
    |pool_window_4_V_5_reg_5313_pp0_iter3_reg     |  20|   0|   20|          0|
    |pool_window_4_V_6_reg_5384                   |  20|   0|   20|          0|
    |pool_window_4_V_6_reg_5384_pp0_iter3_reg     |  20|   0|   20|          0|
    |pool_window_4_V_7_reg_5455                   |  20|   0|   20|          0|
    |pool_window_4_V_7_reg_5455_pp0_iter3_reg     |  20|   0|   20|          0|
    |pool_window_4_V_reg_4958                     |  20|   0|   20|          0|
    |pool_window_4_V_reg_4958_pp0_iter3_reg       |  20|   0|   20|          0|
    |pool_window_5_V_1_reg_5035                   |  20|   0|   20|          0|
    |pool_window_5_V_1_reg_5035_pp0_iter3_reg     |  20|   0|   20|          0|
    |pool_window_5_V_2_reg_5106                   |  20|   0|   20|          0|
    |pool_window_5_V_2_reg_5106_pp0_iter3_reg     |  20|   0|   20|          0|
    |pool_window_5_V_3_reg_5177                   |  20|   0|   20|          0|
    |pool_window_5_V_3_reg_5177_pp0_iter3_reg     |  20|   0|   20|          0|
    |pool_window_5_V_4_reg_5248                   |  20|   0|   20|          0|
    |pool_window_5_V_4_reg_5248_pp0_iter3_reg     |  20|   0|   20|          0|
    |pool_window_5_V_5_reg_5319                   |  20|   0|   20|          0|
    |pool_window_5_V_5_reg_5319_pp0_iter3_reg     |  20|   0|   20|          0|
    |pool_window_5_V_6_reg_5390                   |  20|   0|   20|          0|
    |pool_window_5_V_6_reg_5390_pp0_iter3_reg     |  20|   0|   20|          0|
    |pool_window_5_V_7_reg_5461                   |  20|   0|   20|          0|
    |pool_window_5_V_7_reg_5461_pp0_iter3_reg     |  20|   0|   20|          0|
    |pool_window_5_V_reg_4964                     |  20|   0|   20|          0|
    |pool_window_5_V_reg_4964_pp0_iter3_reg       |  20|   0|   20|          0|
    |pool_window_6_V_1_reg_5041                   |  20|   0|   20|          0|
    |pool_window_6_V_1_reg_5041_pp0_iter3_reg     |  20|   0|   20|          0|
    |pool_window_6_V_2_reg_5112                   |  20|   0|   20|          0|
    |pool_window_6_V_2_reg_5112_pp0_iter3_reg     |  20|   0|   20|          0|
    |pool_window_6_V_3_reg_5183                   |  20|   0|   20|          0|
    |pool_window_6_V_3_reg_5183_pp0_iter3_reg     |  20|   0|   20|          0|
    |pool_window_6_V_4_reg_5254                   |  20|   0|   20|          0|
    |pool_window_6_V_4_reg_5254_pp0_iter3_reg     |  20|   0|   20|          0|
    |pool_window_6_V_5_reg_5325                   |  20|   0|   20|          0|
    |pool_window_6_V_5_reg_5325_pp0_iter3_reg     |  20|   0|   20|          0|
    |pool_window_6_V_6_reg_5396                   |  20|   0|   20|          0|
    |pool_window_6_V_6_reg_5396_pp0_iter3_reg     |  20|   0|   20|          0|
    |pool_window_6_V_7_reg_5467                   |  20|   0|   20|          0|
    |pool_window_6_V_7_reg_5467_pp0_iter3_reg     |  20|   0|   20|          0|
    |pool_window_6_V_reg_4970                     |  20|   0|   20|          0|
    |pool_window_6_V_reg_4970_pp0_iter3_reg       |  20|   0|   20|          0|
    |pool_window_7_V_1_reg_5047                   |  20|   0|   20|          0|
    |pool_window_7_V_1_reg_5047_pp0_iter3_reg     |  20|   0|   20|          0|
    |pool_window_7_V_2_reg_5118                   |  20|   0|   20|          0|
    |pool_window_7_V_2_reg_5118_pp0_iter3_reg     |  20|   0|   20|          0|
    |pool_window_7_V_3_reg_5189                   |  20|   0|   20|          0|
    |pool_window_7_V_3_reg_5189_pp0_iter3_reg     |  20|   0|   20|          0|
    |pool_window_7_V_4_reg_5260                   |  20|   0|   20|          0|
    |pool_window_7_V_4_reg_5260_pp0_iter3_reg     |  20|   0|   20|          0|
    |pool_window_7_V_5_reg_5331                   |  20|   0|   20|          0|
    |pool_window_7_V_5_reg_5331_pp0_iter3_reg     |  20|   0|   20|          0|
    |pool_window_7_V_6_reg_5402                   |  20|   0|   20|          0|
    |pool_window_7_V_6_reg_5402_pp0_iter3_reg     |  20|   0|   20|          0|
    |pool_window_7_V_7_reg_5473                   |  20|   0|   20|          0|
    |pool_window_7_V_7_reg_5473_pp0_iter3_reg     |  20|   0|   20|          0|
    |pool_window_7_V_reg_4976                     |  20|   0|   20|          0|
    |pool_window_7_V_reg_4976_pp0_iter3_reg       |  20|   0|   20|          0|
    |pool_window_8_V_1_reg_5632                   |  20|   0|   20|          0|
    |pool_window_8_V_2_reg_5642                   |  20|   0|   20|          0|
    |pool_window_8_V_3_reg_5652                   |  20|   0|   20|          0|
    |pool_window_8_V_4_reg_5662                   |  20|   0|   20|          0|
    |pool_window_8_V_5_reg_5672                   |  20|   0|   20|          0|
    |pool_window_8_V_6_reg_5682                   |  20|   0|   20|          0|
    |pool_window_8_V_7_reg_5692                   |  20|   0|   20|          0|
    |pool_window_8_V_reg_5622                     |  20|   0|   20|          0|
    |sX                                           |  32|   0|   32|          0|
    |sY                                           |  32|   0|   32|          0|
    |select_ln222_reg_4121                        |  32|   0|   32|          0|
    |select_ln227_reg_4112                        |  32|   0|   32|          0|
    |select_ln40_1_reg_5637                       |   4|   0|    4|          0|
    |select_ln40_2_reg_5647                       |   4|   0|    4|          0|
    |select_ln40_3_reg_5657                       |   4|   0|    4|          0|
    |select_ln40_4_reg_5667                       |   4|   0|    4|          0|
    |select_ln40_5_reg_5677                       |   4|   0|    4|          0|
    |select_ln40_6_reg_5687                       |   4|   0|    4|          0|
    |select_ln40_7_reg_5697                       |   4|   0|    4|          0|
    |select_ln40_reg_5627                         |   4|   0|    4|          0|
    |select_ln65_13_reg_4857                      |   2|   0|    2|          0|
    |select_ln65_18_reg_5066                      |   2|   0|    3|          1|
    |select_ln65_19_reg_5507                      |   3|   0|    3|          0|
    |select_ln65_23_reg_4868                      |   2|   0|    2|          0|
    |select_ln65_28_reg_5137                      |   2|   0|    3|          1|
    |select_ln65_29_reg_5512                      |   3|   0|    3|          0|
    |select_ln65_33_reg_4879                      |   2|   0|    2|          0|
    |select_ln65_38_reg_5208                      |   2|   0|    3|          1|
    |select_ln65_39_reg_5517                      |   3|   0|    3|          0|
    |select_ln65_3_reg_4846                       |   2|   0|    2|          0|
    |select_ln65_43_reg_4890                      |   2|   0|    2|          0|
    |select_ln65_48_reg_5279                      |   2|   0|    3|          1|
    |select_ln65_49_reg_5522                      |   3|   0|    3|          0|
    |select_ln65_53_reg_4901                      |   2|   0|    2|          0|
    |select_ln65_58_reg_5350                      |   2|   0|    3|          1|
    |select_ln65_59_reg_5527                      |   3|   0|    3|          0|
    |select_ln65_63_reg_4912                      |   2|   0|    2|          0|
    |select_ln65_68_reg_5421                      |   2|   0|    3|          1|
    |select_ln65_69_reg_5532                      |   3|   0|    3|          0|
    |select_ln65_73_reg_4923                      |   2|   0|    2|          0|
    |select_ln65_78_reg_5492                      |   2|   0|    3|          1|
    |select_ln65_79_reg_5537                      |   3|   0|    3|          0|
    |select_ln65_8_reg_4995                       |   2|   0|    3|          1|
    |select_ln65_9_reg_5502                       |   3|   0|    3|          0|
    |shift_buffer_2_0_V_reg_4126                  |  20|   0|   20|          0|
    |shift_buffer_2_1_V_reg_4132                  |  20|   0|   20|          0|
    |shift_buffer_2_2_V_reg_4138                  |  20|   0|   20|          0|
    |shift_buffer_2_3_V_reg_4144                  |  20|   0|   20|          0|
    |shift_buffer_2_4_V_reg_4150                  |  20|   0|   20|          0|
    |shift_buffer_2_5_V_reg_4156                  |  20|   0|   20|          0|
    |shift_buffer_2_6_V_reg_4162                  |  20|   0|   20|          0|
    |shift_buffer_2_7_V_reg_4168                  |  20|   0|   20|          0|
    |start_once_reg                               |   1|   0|    1|          0|
    |tmp_1_reg_5702                               |  20|   0|   20|          0|
    |tmp_2_reg_5707                               |  20|   0|   20|          0|
    |tmp_3_reg_5727                               |  20|   0|   20|          0|
    |tmp_4_reg_5712                               |  20|   0|   20|          0|
    |tmp_5_reg_5732                               |  20|   0|   20|          0|
    |tmp_6_reg_5717                               |  20|   0|   20|          0|
    |tmp_7_reg_5737                               |  20|   0|   20|          0|
    |tmp_8_reg_5722                               |  20|   0|   20|          0|
    |trunc_ln708_10_reg_4319                      |  17|   0|   17|          0|
    |trunc_ln708_11_reg_4325                      |  17|   0|   17|          0|
    |trunc_ln708_12_reg_4331                      |  17|   0|   17|          0|
    |trunc_ln708_13_reg_4337                      |  17|   0|   17|          0|
    |trunc_ln708_14_reg_4343                      |  17|   0|   17|          0|
    |trunc_ln708_15_reg_4349                      |  17|   0|   17|          0|
    |trunc_ln708_16_reg_4355                      |  17|   0|   17|          0|
    |trunc_ln708_17_reg_4384                      |  17|   0|   17|          0|
    |trunc_ln708_18_reg_4390                      |  17|   0|   17|          0|
    |trunc_ln708_19_reg_4396                      |  17|   0|   17|          0|
    |trunc_ln708_1_reg_4307                       |  17|   0|   17|          0|
    |trunc_ln708_20_reg_4402                      |  17|   0|   17|          0|
    |trunc_ln708_21_reg_4408                      |  17|   0|   17|          0|
    |trunc_ln708_22_reg_4414                      |  17|   0|   17|          0|
    |trunc_ln708_23_reg_4420                      |  17|   0|   17|          0|
    |trunc_ln708_24_reg_4426                      |  17|   0|   17|          0|
    |trunc_ln708_25_reg_4432                      |  17|   0|   17|          0|
    |trunc_ln708_26_reg_4461                      |  17|   0|   17|          0|
    |trunc_ln708_27_reg_4467                      |  17|   0|   17|          0|
    |trunc_ln708_28_reg_4473                      |  17|   0|   17|          0|
    |trunc_ln708_29_reg_4479                      |  17|   0|   17|          0|
    |trunc_ln708_2_reg_4313                       |  17|   0|   17|          0|
    |trunc_ln708_30_reg_4485                      |  17|   0|   17|          0|
    |trunc_ln708_31_reg_4491                      |  17|   0|   17|          0|
    |trunc_ln708_32_reg_4497                      |  17|   0|   17|          0|
    |trunc_ln708_33_reg_4503                      |  17|   0|   17|          0|
    |trunc_ln708_34_reg_4509                      |  17|   0|   17|          0|
    |trunc_ln708_35_reg_4538                      |  17|   0|   17|          0|
    |trunc_ln708_36_reg_4544                      |  17|   0|   17|          0|
    |trunc_ln708_37_reg_4550                      |  17|   0|   17|          0|
    |trunc_ln708_38_reg_4556                      |  17|   0|   17|          0|
    |trunc_ln708_39_reg_4562                      |  17|   0|   17|          0|
    |trunc_ln708_3_reg_4236                       |  17|   0|   17|          0|
    |trunc_ln708_40_reg_4568                      |  17|   0|   17|          0|
    |trunc_ln708_41_reg_4574                      |  17|   0|   17|          0|
    |trunc_ln708_42_reg_4580                      |  17|   0|   17|          0|
    |trunc_ln708_43_reg_4586                      |  17|   0|   17|          0|
    |trunc_ln708_44_reg_4615                      |  17|   0|   17|          0|
    |trunc_ln708_45_reg_4621                      |  17|   0|   17|          0|
    |trunc_ln708_46_reg_4627                      |  17|   0|   17|          0|
    |trunc_ln708_47_reg_4633                      |  17|   0|   17|          0|
    |trunc_ln708_48_reg_4639                      |  17|   0|   17|          0|
    |trunc_ln708_49_reg_4645                      |  17|   0|   17|          0|
    |trunc_ln708_4_reg_4242                       |  17|   0|   17|          0|
    |trunc_ln708_50_reg_4651                      |  17|   0|   17|          0|
    |trunc_ln708_51_reg_4657                      |  17|   0|   17|          0|
    |trunc_ln708_52_reg_4663                      |  17|   0|   17|          0|
    |trunc_ln708_53_reg_4692                      |  17|   0|   17|          0|
    |trunc_ln708_54_reg_4698                      |  17|   0|   17|          0|
    |trunc_ln708_55_reg_4704                      |  17|   0|   17|          0|
    |trunc_ln708_56_reg_4710                      |  17|   0|   17|          0|
    |trunc_ln708_57_reg_4716                      |  17|   0|   17|          0|
    |trunc_ln708_58_reg_4722                      |  17|   0|   17|          0|
    |trunc_ln708_59_reg_4728                      |  17|   0|   17|          0|
    |trunc_ln708_5_reg_4248                       |  17|   0|   17|          0|
    |trunc_ln708_60_reg_4734                      |  17|   0|   17|          0|
    |trunc_ln708_61_reg_4740                      |  17|   0|   17|          0|
    |trunc_ln708_62_reg_4769                      |  17|   0|   17|          0|
    |trunc_ln708_63_reg_4775                      |  17|   0|   17|          0|
    |trunc_ln708_64_reg_4781                      |  17|   0|   17|          0|
    |trunc_ln708_65_reg_4787                      |  17|   0|   17|          0|
    |trunc_ln708_66_reg_4793                      |  17|   0|   17|          0|
    |trunc_ln708_67_reg_4799                      |  17|   0|   17|          0|
    |trunc_ln708_68_reg_4805                      |  17|   0|   17|          0|
    |trunc_ln708_69_reg_4811                      |  17|   0|   17|          0|
    |trunc_ln708_6_reg_4254                       |  17|   0|   17|          0|
    |trunc_ln708_70_reg_4817                      |  17|   0|   17|          0|
    |trunc_ln708_7_reg_4260                       |  17|   0|   17|          0|
    |trunc_ln708_8_reg_4266                       |  17|   0|   17|          0|
    |trunc_ln708_9_reg_4272                       |  17|   0|   17|          0|
    |trunc_ln708_s_reg_4278                       |  17|   0|   17|          0|
    |trunc_ln_reg_4230                            |  17|   0|   17|          0|
    |zext_ln65_11_reg_5572                        |   3|   0|    4|          1|
    |zext_ln65_14_reg_5582                        |   3|   0|    4|          1|
    |zext_ln65_17_reg_5592                        |   3|   0|    4|          1|
    |zext_ln65_20_reg_5602                        |   3|   0|    4|          1|
    |zext_ln65_23_reg_5612                        |   3|   0|    4|          1|
    |zext_ln65_2_reg_5542                         |   3|   0|    4|          1|
    |zext_ln65_5_reg_5552                         |   3|   0|    4|          1|
    |zext_ln65_8_reg_5562                         |   3|   0|    4|          1|
    |and_ln191_2_reg_4104                         |  64|  32|    1|          0|
    |trunc_ln708_16_reg_4355                      |  64|  32|   17|          0|
    |trunc_ln708_25_reg_4432                      |  64|  32|   17|          0|
    |trunc_ln708_34_reg_4509                      |  64|  32|   17|          0|
    |trunc_ln708_43_reg_4586                      |  64|  32|   17|          0|
    |trunc_ln708_52_reg_4663                      |  64|  32|   17|          0|
    |trunc_ln708_61_reg_4740                      |  64|  32|   17|          0|
    |trunc_ln708_70_reg_4817                      |  64|  32|   17|          0|
    |trunc_ln708_s_reg_4278                       |  64|  32|   17|          0|
    +---------------------------------------------+----+----+-----+-----------+
    |Total                                        |6845| 288| 6422|         16|
    +---------------------------------------------+----+----+-----+-----------+



================================================================
== Interface
================================================================
* Summary: 
+-------------------------+-----+-----+------------+--------------------------------------------------------------------------+--------------+
|        RTL Ports        | Dir | Bits|  Protocol  |                               Source Object                              |    C Type    |
+-------------------------+-----+-----+------------+--------------------------------------------------------------------------+--------------+
|ap_clk                   |  in |    1| ap_ctrl_hs | pooling2d_cl<array<ap_fixed,8u>,array<ap_fixed<20,8,5,3,0>,8u>,config16> | return value |
|ap_rst                   |  in |    1| ap_ctrl_hs | pooling2d_cl<array<ap_fixed,8u>,array<ap_fixed<20,8,5,3,0>,8u>,config16> | return value |
|ap_start                 |  in |    1| ap_ctrl_hs | pooling2d_cl<array<ap_fixed,8u>,array<ap_fixed<20,8,5,3,0>,8u>,config16> | return value |
|start_full_n             |  in |    1| ap_ctrl_hs | pooling2d_cl<array<ap_fixed,8u>,array<ap_fixed<20,8,5,3,0>,8u>,config16> | return value |
|ap_done                  | out |    1| ap_ctrl_hs | pooling2d_cl<array<ap_fixed,8u>,array<ap_fixed<20,8,5,3,0>,8u>,config16> | return value |
|ap_continue              |  in |    1| ap_ctrl_hs | pooling2d_cl<array<ap_fixed,8u>,array<ap_fixed<20,8,5,3,0>,8u>,config16> | return value |
|ap_idle                  | out |    1| ap_ctrl_hs | pooling2d_cl<array<ap_fixed,8u>,array<ap_fixed<20,8,5,3,0>,8u>,config16> | return value |
|ap_ready                 | out |    1| ap_ctrl_hs | pooling2d_cl<array<ap_fixed,8u>,array<ap_fixed<20,8,5,3,0>,8u>,config16> | return value |
|start_out                | out |    1| ap_ctrl_hs | pooling2d_cl<array<ap_fixed,8u>,array<ap_fixed<20,8,5,3,0>,8u>,config16> | return value |
|start_write              | out |    1| ap_ctrl_hs | pooling2d_cl<array<ap_fixed,8u>,array<ap_fixed<20,8,5,3,0>,8u>,config16> | return value |
|data_V_data_0_V_dout     |  in |   20|   ap_fifo  |                              data_V_data_0_V                             |    pointer   |
|data_V_data_0_V_empty_n  |  in |    1|   ap_fifo  |                              data_V_data_0_V                             |    pointer   |
|data_V_data_0_V_read     | out |    1|   ap_fifo  |                              data_V_data_0_V                             |    pointer   |
|data_V_data_1_V_dout     |  in |   20|   ap_fifo  |                              data_V_data_1_V                             |    pointer   |
|data_V_data_1_V_empty_n  |  in |    1|   ap_fifo  |                              data_V_data_1_V                             |    pointer   |
|data_V_data_1_V_read     | out |    1|   ap_fifo  |                              data_V_data_1_V                             |    pointer   |
|data_V_data_2_V_dout     |  in |   20|   ap_fifo  |                              data_V_data_2_V                             |    pointer   |
|data_V_data_2_V_empty_n  |  in |    1|   ap_fifo  |                              data_V_data_2_V                             |    pointer   |
|data_V_data_2_V_read     | out |    1|   ap_fifo  |                              data_V_data_2_V                             |    pointer   |
|data_V_data_3_V_dout     |  in |   20|   ap_fifo  |                              data_V_data_3_V                             |    pointer   |
|data_V_data_3_V_empty_n  |  in |    1|   ap_fifo  |                              data_V_data_3_V                             |    pointer   |
|data_V_data_3_V_read     | out |    1|   ap_fifo  |                              data_V_data_3_V                             |    pointer   |
|data_V_data_4_V_dout     |  in |   20|   ap_fifo  |                              data_V_data_4_V                             |    pointer   |
|data_V_data_4_V_empty_n  |  in |    1|   ap_fifo  |                              data_V_data_4_V                             |    pointer   |
|data_V_data_4_V_read     | out |    1|   ap_fifo  |                              data_V_data_4_V                             |    pointer   |
|data_V_data_5_V_dout     |  in |   20|   ap_fifo  |                              data_V_data_5_V                             |    pointer   |
|data_V_data_5_V_empty_n  |  in |    1|   ap_fifo  |                              data_V_data_5_V                             |    pointer   |
|data_V_data_5_V_read     | out |    1|   ap_fifo  |                              data_V_data_5_V                             |    pointer   |
|data_V_data_6_V_dout     |  in |   20|   ap_fifo  |                              data_V_data_6_V                             |    pointer   |
|data_V_data_6_V_empty_n  |  in |    1|   ap_fifo  |                              data_V_data_6_V                             |    pointer   |
|data_V_data_6_V_read     | out |    1|   ap_fifo  |                              data_V_data_6_V                             |    pointer   |
|data_V_data_7_V_dout     |  in |   20|   ap_fifo  |                              data_V_data_7_V                             |    pointer   |
|data_V_data_7_V_empty_n  |  in |    1|   ap_fifo  |                              data_V_data_7_V                             |    pointer   |
|data_V_data_7_V_read     | out |    1|   ap_fifo  |                              data_V_data_7_V                             |    pointer   |
|res_V_data_0_V_din       | out |   20|   ap_fifo  |                              res_V_data_0_V                              |    pointer   |
|res_V_data_0_V_full_n    |  in |    1|   ap_fifo  |                              res_V_data_0_V                              |    pointer   |
|res_V_data_0_V_write     | out |    1|   ap_fifo  |                              res_V_data_0_V                              |    pointer   |
|res_V_data_1_V_din       | out |   20|   ap_fifo  |                              res_V_data_1_V                              |    pointer   |
|res_V_data_1_V_full_n    |  in |    1|   ap_fifo  |                              res_V_data_1_V                              |    pointer   |
|res_V_data_1_V_write     | out |    1|   ap_fifo  |                              res_V_data_1_V                              |    pointer   |
|res_V_data_2_V_din       | out |   20|   ap_fifo  |                              res_V_data_2_V                              |    pointer   |
|res_V_data_2_V_full_n    |  in |    1|   ap_fifo  |                              res_V_data_2_V                              |    pointer   |
|res_V_data_2_V_write     | out |    1|   ap_fifo  |                              res_V_data_2_V                              |    pointer   |
|res_V_data_3_V_din       | out |   20|   ap_fifo  |                              res_V_data_3_V                              |    pointer   |
|res_V_data_3_V_full_n    |  in |    1|   ap_fifo  |                              res_V_data_3_V                              |    pointer   |
|res_V_data_3_V_write     | out |    1|   ap_fifo  |                              res_V_data_3_V                              |    pointer   |
|res_V_data_4_V_din       | out |   20|   ap_fifo  |                              res_V_data_4_V                              |    pointer   |
|res_V_data_4_V_full_n    |  in |    1|   ap_fifo  |                              res_V_data_4_V                              |    pointer   |
|res_V_data_4_V_write     | out |    1|   ap_fifo  |                              res_V_data_4_V                              |    pointer   |
|res_V_data_5_V_din       | out |   20|   ap_fifo  |                              res_V_data_5_V                              |    pointer   |
|res_V_data_5_V_full_n    |  in |    1|   ap_fifo  |                              res_V_data_5_V                              |    pointer   |
|res_V_data_5_V_write     | out |    1|   ap_fifo  |                              res_V_data_5_V                              |    pointer   |
|res_V_data_6_V_din       | out |   20|   ap_fifo  |                              res_V_data_6_V                              |    pointer   |
|res_V_data_6_V_full_n    |  in |    1|   ap_fifo  |                              res_V_data_6_V                              |    pointer   |
|res_V_data_6_V_write     | out |    1|   ap_fifo  |                              res_V_data_6_V                              |    pointer   |
|res_V_data_7_V_din       | out |   20|   ap_fifo  |                              res_V_data_7_V                              |    pointer   |
|res_V_data_7_V_full_n    |  in |    1|   ap_fifo  |                              res_V_data_7_V                              |    pointer   |
|res_V_data_7_V_write     | out |    1|   ap_fifo  |                              res_V_data_7_V                              |    pointer   |
+-------------------------+-----+-----+------------+--------------------------------------------------------------------------+--------------+

