

================================================================
== Vivado HLS Report for 'relu_array_ap_fixed_8u_array_ap_fixed_20_8_5_3_0_8u_relu_config10_s'
================================================================
* Date:           Thu Dec 12 22:34:41 2019

* Version:        2019.2 (Build 2704478 on Wed Nov 06 22:10:23 MST 2019)
* Project:        myproject_prj
* Solution:       solution1
* Product family: zynq
* Target device:  xc7z020-clg400-1


================================================================
== Performance Estimates
================================================================
+ Timing: 
    * Summary: 
    +--------+---------+----------+------------+
    |  Clock |  Target | Estimated| Uncertainty|
    +--------+---------+----------+------------+
    |ap_clk  | 5.00 ns | 3.148 ns |   0.62 ns  |
    +--------+---------+----------+------------+

+ Latency: 
    * Summary: 
    +---------+---------+----------+----------+------+------+---------+
    |  Latency (cycles) |  Latency (absolute) |   Interval  | Pipeline|
    |   min   |   max   |    min   |    max   |  min |  max |   Type  |
    +---------+---------+----------+----------+------+------+---------+
    |     1604|     1604| 8.020 us | 8.020 us |  1604|  1604|   none  |
    +---------+---------+----------+----------+------+------+---------+

    + Detail: 
        * Instance: 
        N/A

        * Loop: 
        +---------------+---------+---------+----------+-----------+-----------+------+----------+
        |               |  Latency (cycles) | Iteration|  Initiation Interval  | Trip |          |
        |   Loop Name   |   min   |   max   |  Latency |  achieved |   target  | Count| Pipelined|
        +---------------+---------+---------+----------+-----------+-----------+------+----------+
        |- ReLUActLoop  |     1602|     1602|         4|          1|          1|  1600|    yes   |
        +---------------+---------+---------+----------+-----------+-----------+------+----------+



================================================================
== Utilization Estimates
================================================================
* Summary: 
+-----------------+---------+-------+--------+-------+-----+
|       Name      | BRAM_18K| DSP48E|   FF   |  LUT  | URAM|
+-----------------+---------+-------+--------+-------+-----+
|DSP              |        -|      -|       -|      -|    -|
|Expression       |        -|      -|       0|    346|    -|
|FIFO             |        -|      -|       -|      -|    -|
|Instance         |        -|      -|       -|      -|    -|
|Memory           |        -|      -|       -|      -|    -|
|Multiplexer      |        -|      -|       -|    210|    -|
|Register         |        0|      -|     405|     32|    -|
+-----------------+---------+-------+--------+-------+-----+
|Total            |        0|      0|     405|    588|    0|
+-----------------+---------+-------+--------+-------+-----+
|Available        |      280|    220|  106400|  53200|    0|
+-----------------+---------+-------+--------+-------+-----+
|Utilization (%)  |        0|      0|   ~0   |      1|    0|
+-----------------+---------+-------+--------+-------+-----+

+ Detail: 
    * Instance: 
    N/A

    * DSP48E: 
    N/A

    * Memory: 
    N/A

    * FIFO: 
    N/A

    * Expression: 
    +----------------------------------+----------+-------+---+----+------------+------------+
    |           Variable Name          | Operation| DSP48E| FF| LUT| Bitwidth P0| Bitwidth P1|
    +----------------------------------+----------+-------+---+----+------------+------------+
    |i_fu_141_p2                       |     +    |      0|  0|  13|          11|           1|
    |ap_block_state3_pp0_stage0_iter1  |    and   |      0|  0|   2|           1|           1|
    |ap_block_state5_pp0_stage0_iter3  |    and   |      0|  0|   2|           1|           1|
    |io_acc_block_signal_op29          |    and   |      0|  0|   2|           1|           1|
    |io_acc_block_signal_op57          |    and   |      0|  0|   2|           1|           1|
    |icmp_ln1494_1_fu_191_p2           |   icmp   |      0|  0|  18|          20|           1|
    |icmp_ln1494_2_fu_203_p2           |   icmp   |      0|  0|  18|          20|           1|
    |icmp_ln1494_3_fu_215_p2           |   icmp   |      0|  0|  18|          20|           1|
    |icmp_ln1494_4_fu_227_p2           |   icmp   |      0|  0|  18|          20|           1|
    |icmp_ln1494_5_fu_239_p2           |   icmp   |      0|  0|  18|          20|           1|
    |icmp_ln1494_6_fu_251_p2           |   icmp   |      0|  0|  18|          20|           1|
    |icmp_ln1494_7_fu_263_p2           |   icmp   |      0|  0|  18|          20|           1|
    |icmp_ln1494_fu_179_p2             |   icmp   |      0|  0|  18|          20|           1|
    |icmp_ln41_fu_135_p2               |   icmp   |      0|  0|  13|          11|          10|
    |ap_block_pp0_stage0_01001         |    or    |      0|  0|   2|           1|           1|
    |ap_block_state1                   |    or    |      0|  0|   2|           1|           1|
    |tmp_data_0_V_fu_184_p3            |  select  |      0|  0|  20|           1|          20|
    |tmp_data_1_V_fu_196_p3            |  select  |      0|  0|  20|           1|          20|
    |tmp_data_2_V_fu_208_p3            |  select  |      0|  0|  20|           1|          20|
    |tmp_data_3_V_fu_220_p3            |  select  |      0|  0|  20|           1|          20|
    |tmp_data_4_V_fu_232_p3            |  select  |      0|  0|  20|           1|          20|
    |tmp_data_5_V_fu_244_p3            |  select  |      0|  0|  20|           1|          20|
    |tmp_data_6_V_fu_256_p3            |  select  |      0|  0|  20|           1|          20|
    |tmp_data_7_V_fu_268_p3            |  select  |      0|  0|  20|           1|          20|
    |ap_enable_pp0                     |    xor   |      0|  0|   2|           1|           2|
    |ap_enable_reg_pp0_iter1           |    xor   |      0|  0|   2|           2|           1|
    +----------------------------------+----------+-------+---+----+------------+------------+
    |Total                             |          |      0|  0| 346|         199|         188|
    +----------------------------------+----------+-------+---+----+------------+------------+

    * Multiplexer: 
    +-------------------------+----+-----------+-----+-----------+
    |           Name          | LUT| Input Size| Bits| Total Bits|
    +-------------------------+----+-----------+-----+-----------+
    |ap_NS_fsm                |  21|          4|    1|          4|
    |ap_done                  |   9|          2|    1|          2|
    |ap_enable_reg_pp0_iter1  |   9|          2|    1|          2|
    |ap_enable_reg_pp0_iter3  |   9|          2|    1|          2|
    |data_V_data_0_V_blk_n    |   9|          2|    1|          2|
    |data_V_data_1_V_blk_n    |   9|          2|    1|          2|
    |data_V_data_2_V_blk_n    |   9|          2|    1|          2|
    |data_V_data_3_V_blk_n    |   9|          2|    1|          2|
    |data_V_data_4_V_blk_n    |   9|          2|    1|          2|
    |data_V_data_5_V_blk_n    |   9|          2|    1|          2|
    |data_V_data_6_V_blk_n    |   9|          2|    1|          2|
    |data_V_data_7_V_blk_n    |   9|          2|    1|          2|
    |i_0_reg_124              |   9|          2|   11|         22|
    |real_start               |   9|          2|    1|          2|
    |res_V_data_0_V_blk_n     |   9|          2|    1|          2|
    |res_V_data_1_V_blk_n     |   9|          2|    1|          2|
    |res_V_data_2_V_blk_n     |   9|          2|    1|          2|
    |res_V_data_3_V_blk_n     |   9|          2|    1|          2|
    |res_V_data_4_V_blk_n     |   9|          2|    1|          2|
    |res_V_data_5_V_blk_n     |   9|          2|    1|          2|
    |res_V_data_6_V_blk_n     |   9|          2|    1|          2|
    |res_V_data_7_V_blk_n     |   9|          2|    1|          2|
    +-------------------------+----+-----------+-----+-----------+
    |Total                    | 210|         46|   32|         66|
    +-------------------------+----+-----------+-----+-----------+

    * Register: 
    +-------------------------+----+----+-----+-----------+
    |           Name          | FF | LUT| Bits| Const Bits|
    +-------------------------+----+----+-----+-----------+
    |ap_CS_fsm                |   3|   0|    3|          0|
    |ap_done_reg              |   1|   0|    1|          0|
    |ap_enable_reg_pp0_iter0  |   1|   0|    1|          0|
    |ap_enable_reg_pp0_iter1  |   1|   0|    1|          0|
    |ap_enable_reg_pp0_iter2  |   1|   0|    1|          0|
    |ap_enable_reg_pp0_iter3  |   1|   0|    1|          0|
    |i_0_reg_124              |  11|   0|   11|          0|
    |icmp_ln41_reg_275        |   1|   0|    1|          0|
    |start_once_reg           |   1|   0|    1|          0|
    |tmp_data_0_V_reg_332     |  20|   0|   20|          0|
    |tmp_data_1_V_reg_337     |  20|   0|   20|          0|
    |tmp_data_2_V_reg_342     |  20|   0|   20|          0|
    |tmp_data_3_V_reg_347     |  20|   0|   20|          0|
    |tmp_data_4_V_reg_352     |  20|   0|   20|          0|
    |tmp_data_5_V_reg_357     |  20|   0|   20|          0|
    |tmp_data_6_V_reg_362     |  20|   0|   20|          0|
    |tmp_data_7_V_reg_367     |  20|   0|   20|          0|
    |tmp_data_V_0_reg_284     |  20|   0|   20|          0|
    |tmp_data_V_1_reg_290     |  20|   0|   20|          0|
    |tmp_data_V_2_reg_296     |  20|   0|   20|          0|
    |tmp_data_V_3_reg_302     |  20|   0|   20|          0|
    |tmp_data_V_416_reg_308   |  20|   0|   20|          0|
    |tmp_data_V_5_reg_314     |  20|   0|   20|          0|
    |tmp_data_V_6_reg_320     |  20|   0|   20|          0|
    |tmp_data_V_7_reg_326     |  20|   0|   20|          0|
    |icmp_ln41_reg_275        |  64|  32|    1|          0|
    +-------------------------+----+----+-----+-----------+
    |Total                    | 405|  32|  342|          0|
    +-------------------------+----+----+-----+-----------+



================================================================
== Interface
================================================================
* Summary: 
+-------------------------+-----+-----+------------+-----------------------------------------------------------------------+--------------+
|        RTL Ports        | Dir | Bits|  Protocol  |                             Source Object                             |    C Type    |
+-------------------------+-----+-----+------------+-----------------------------------------------------------------------+--------------+
|ap_clk                   |  in |    1| ap_ctrl_hs | relu<array<ap_fixed,8u>,array<ap_fixed<20,8,5,3,0>,8u>,relu_config10> | return value |
|ap_rst                   |  in |    1| ap_ctrl_hs | relu<array<ap_fixed,8u>,array<ap_fixed<20,8,5,3,0>,8u>,relu_config10> | return value |
|ap_start                 |  in |    1| ap_ctrl_hs | relu<array<ap_fixed,8u>,array<ap_fixed<20,8,5,3,0>,8u>,relu_config10> | return value |
|start_full_n             |  in |    1| ap_ctrl_hs | relu<array<ap_fixed,8u>,array<ap_fixed<20,8,5,3,0>,8u>,relu_config10> | return value |
|ap_done                  | out |    1| ap_ctrl_hs | relu<array<ap_fixed,8u>,array<ap_fixed<20,8,5,3,0>,8u>,relu_config10> | return value |
|ap_continue              |  in |    1| ap_ctrl_hs | relu<array<ap_fixed,8u>,array<ap_fixed<20,8,5,3,0>,8u>,relu_config10> | return value |
|ap_idle                  | out |    1| ap_ctrl_hs | relu<array<ap_fixed,8u>,array<ap_fixed<20,8,5,3,0>,8u>,relu_config10> | return value |
|ap_ready                 | out |    1| ap_ctrl_hs | relu<array<ap_fixed,8u>,array<ap_fixed<20,8,5,3,0>,8u>,relu_config10> | return value |
|start_out                | out |    1| ap_ctrl_hs | relu<array<ap_fixed,8u>,array<ap_fixed<20,8,5,3,0>,8u>,relu_config10> | return value |
|start_write              | out |    1| ap_ctrl_hs | relu<array<ap_fixed,8u>,array<ap_fixed<20,8,5,3,0>,8u>,relu_config10> | return value |
|data_V_data_0_V_dout     |  in |   20|   ap_fifo  |                            data_V_data_0_V                            |    pointer   |
|data_V_data_0_V_empty_n  |  in |    1|   ap_fifo  |                            data_V_data_0_V                            |    pointer   |
|data_V_data_0_V_read     | out |    1|   ap_fifo  |                            data_V_data_0_V                            |    pointer   |
|data_V_data_1_V_dout     |  in |   20|   ap_fifo  |                            data_V_data_1_V                            |    pointer   |
|data_V_data_1_V_empty_n  |  in |    1|   ap_fifo  |                            data_V_data_1_V                            |    pointer   |
|data_V_data_1_V_read     | out |    1|   ap_fifo  |                            data_V_data_1_V                            |    pointer   |
|data_V_data_2_V_dout     |  in |   20|   ap_fifo  |                            data_V_data_2_V                            |    pointer   |
|data_V_data_2_V_empty_n  |  in |    1|   ap_fifo  |                            data_V_data_2_V                            |    pointer   |
|data_V_data_2_V_read     | out |    1|   ap_fifo  |                            data_V_data_2_V                            |    pointer   |
|data_V_data_3_V_dout     |  in |   20|   ap_fifo  |                            data_V_data_3_V                            |    pointer   |
|data_V_data_3_V_empty_n  |  in |    1|   ap_fifo  |                            data_V_data_3_V                            |    pointer   |
|data_V_data_3_V_read     | out |    1|   ap_fifo  |                            data_V_data_3_V                            |    pointer   |
|data_V_data_4_V_dout     |  in |   20|   ap_fifo  |                            data_V_data_4_V                            |    pointer   |
|data_V_data_4_V_empty_n  |  in |    1|   ap_fifo  |                            data_V_data_4_V                            |    pointer   |
|data_V_data_4_V_read     | out |    1|   ap_fifo  |                            data_V_data_4_V                            |    pointer   |
|data_V_data_5_V_dout     |  in |   20|   ap_fifo  |                            data_V_data_5_V                            |    pointer   |
|data_V_data_5_V_empty_n  |  in |    1|   ap_fifo  |                            data_V_data_5_V                            |    pointer   |
|data_V_data_5_V_read     | out |    1|   ap_fifo  |                            data_V_data_5_V                            |    pointer   |
|data_V_data_6_V_dout     |  in |   20|   ap_fifo  |                            data_V_data_6_V                            |    pointer   |
|data_V_data_6_V_empty_n  |  in |    1|   ap_fifo  |                            data_V_data_6_V                            |    pointer   |
|data_V_data_6_V_read     | out |    1|   ap_fifo  |                            data_V_data_6_V                            |    pointer   |
|data_V_data_7_V_dout     |  in |   20|   ap_fifo  |                            data_V_data_7_V                            |    pointer   |
|data_V_data_7_V_empty_n  |  in |    1|   ap_fifo  |                            data_V_data_7_V                            |    pointer   |
|data_V_data_7_V_read     | out |    1|   ap_fifo  |                            data_V_data_7_V                            |    pointer   |
|res_V_data_0_V_din       | out |   20|   ap_fifo  |                             res_V_data_0_V                            |    pointer   |
|res_V_data_0_V_full_n    |  in |    1|   ap_fifo  |                             res_V_data_0_V                            |    pointer   |
|res_V_data_0_V_write     | out |    1|   ap_fifo  |                             res_V_data_0_V                            |    pointer   |
|res_V_data_1_V_din       | out |   20|   ap_fifo  |                             res_V_data_1_V                            |    pointer   |
|res_V_data_1_V_full_n    |  in |    1|   ap_fifo  |                             res_V_data_1_V                            |    pointer   |
|res_V_data_1_V_write     | out |    1|   ap_fifo  |                             res_V_data_1_V                            |    pointer   |
|res_V_data_2_V_din       | out |   20|   ap_fifo  |                             res_V_data_2_V                            |    pointer   |
|res_V_data_2_V_full_n    |  in |    1|   ap_fifo  |                             res_V_data_2_V                            |    pointer   |
|res_V_data_2_V_write     | out |    1|   ap_fifo  |                             res_V_data_2_V                            |    pointer   |
|res_V_data_3_V_din       | out |   20|   ap_fifo  |                             res_V_data_3_V                            |    pointer   |
|res_V_data_3_V_full_n    |  in |    1|   ap_fifo  |                             res_V_data_3_V                            |    pointer   |
|res_V_data_3_V_write     | out |    1|   ap_fifo  |                             res_V_data_3_V                            |    pointer   |
|res_V_data_4_V_din       | out |   20|   ap_fifo  |                             res_V_data_4_V                            |    pointer   |
|res_V_data_4_V_full_n    |  in |    1|   ap_fifo  |                             res_V_data_4_V                            |    pointer   |
|res_V_data_4_V_write     | out |    1|   ap_fifo  |                             res_V_data_4_V                            |    pointer   |
|res_V_data_5_V_din       | out |   20|   ap_fifo  |                             res_V_data_5_V                            |    pointer   |
|res_V_data_5_V_full_n    |  in |    1|   ap_fifo  |                             res_V_data_5_V                            |    pointer   |
|res_V_data_5_V_write     | out |    1|   ap_fifo  |                             res_V_data_5_V                            |    pointer   |
|res_V_data_6_V_din       | out |   20|   ap_fifo  |                             res_V_data_6_V                            |    pointer   |
|res_V_data_6_V_full_n    |  in |    1|   ap_fifo  |                             res_V_data_6_V                            |    pointer   |
|res_V_data_6_V_write     | out |    1|   ap_fifo  |                             res_V_data_6_V                            |    pointer   |
|res_V_data_7_V_din       | out |   20|   ap_fifo  |                             res_V_data_7_V                            |    pointer   |
|res_V_data_7_V_full_n    |  in |    1|   ap_fifo  |                             res_V_data_7_V                            |    pointer   |
|res_V_data_7_V_write     | out |    1|   ap_fifo  |                             res_V_data_7_V                            |    pointer   |
+-------------------------+-----+-----+------------+-----------------------------------------------------------------------+--------------+

