

================================================================
== Vivado HLS Report for 'conv_2d_cl_array_ap_uint_8_1u_array_ap_fixed_20_8_5_3_0_4u_config2_s'
================================================================
* Date:           Thu Dec 12 22:34:07 2019

* Version:        2019.2 (Build 2704478 on Wed Nov 06 22:10:23 MST 2019)
* Project:        myproject_prj
* Solution:       solution1
* Product family: zynq
* Target device:  xc7z020-clg400-1


================================================================
== Performance Estimates
================================================================
+ Timing: 
    * Summary: 
    +--------+---------+----------+------------+
    |  Clock |  Target | Estimated| Uncertainty|
    +--------+---------+----------+------------+
    |ap_clk  | 5.00 ns | 5.407 ns |   0.62 ns  |
    +--------+---------+----------+------------+

+ Latency: 
    * Summary: 
    +---------+---------+----------+----------+--------+--------+---------+
    |  Latency (cycles) |  Latency (absolute) |     Interval    | Pipeline|
    |   min   |   max   |    min   |    max   |   min  |   max  |   Type  |
    +---------+---------+----------+----------+--------+--------+---------+
    |   229378|   229378| 1.240 ms | 1.240 ms |  229378|  229378|   none  |
    +---------+---------+----------+----------+--------+--------+---------+

    + Detail: 
        * Instance: 
        N/A

        * Loop: 
        +----------------------------------+---------+---------+----------+-----------+-----------+-------+----------+
        |                                  |  Latency (cycles) | Iteration|  Initiation Interval  |  Trip |          |
        |             Loop Name            |   min   |   max   |  Latency |  achieved |   target  | Count | Pipelined|
        +----------------------------------+---------+---------+----------+-----------+-----------+-------+----------+
        |- ReadInputHeight_ReadInputWidth  |   229376|   229376|        14|         14|         64|  16384|    yes   |
        +----------------------------------+---------+---------+----------+-----------+-----------+-------+----------+

============================================================
+ Verbose Summary: Synthesis Manager
============================================================
InlineROM: 1
ExposeGlobal: 0
============================================================
+ Verbose Summary: CDFG Model
============================================================
IsTopModel: 0
ResetActiveHigh: 1
IsCombinational: 2
IsDatapathOnly: 0
HasWiredReturn: 1
HasMFsm: 0
HasVarLatency: 1
IsPipeline: 0
IsRtlPipelined: 0
IsInstanceOverlapped: 0
IsDontTouch: 0
HasImplIP: 0
IsGatedGlobalClock: 0

+ Individual pipeline summary: 
  * Pipeline-0: initiation interval (II) = 14, depth = 14


============================================================
+ Verbose Summary: Schedule
============================================================
* Number of FSM states : 16
* Pipeline : 1
  Pipeline-0 : II = 14, D = 14, States = { 2 3 4 5 6 7 8 9 10 11 12 13 14 15 }
* Dataflow Pipeline: 0

* FSM state transitions: 
1 --> 2 
2 --> 16 3 
3 --> 4 
4 --> 5 
5 --> 6 
6 --> 7 
7 --> 8 
8 --> 9 
9 --> 10 
10 --> 11 
11 --> 12 
12 --> 13 
13 --> 14 
14 --> 15 
15 --> 2 
16 --> 

* FSM state operations: 

State 1 <SV = 0> <Delay = 1.76>
ST_1 : Operation 17 [1/1] (0.00ns)   --->   "call void (...)* @_ssdm_op_SpecInterface(i20* %res_V_data_3_V, [8 x i8]* @ap_fifo_str, i32 0, i32 0, [1 x i8]* @p_str, i32 0, i32 0, [1 x i8]* @p_str, [1 x i8]* @p_str, [1 x i8]* @p_str, i32 2, i32 2, i32 16, i32 16, [1 x i8]* @p_str, [1 x i8]* @p_str)"   --->   Operation 17 'specinterface' <Predicate = true> <Delay = 0.00>
ST_1 : Operation 18 [1/1] (0.00ns)   --->   "call void (...)* @_ssdm_op_SpecInterface(i20* %res_V_data_2_V, [8 x i8]* @ap_fifo_str, i32 0, i32 0, [1 x i8]* @p_str, i32 0, i32 0, [1 x i8]* @p_str, [1 x i8]* @p_str, [1 x i8]* @p_str, i32 2, i32 2, i32 16, i32 16, [1 x i8]* @p_str, [1 x i8]* @p_str)"   --->   Operation 18 'specinterface' <Predicate = true> <Delay = 0.00>
ST_1 : Operation 19 [1/1] (0.00ns)   --->   "call void (...)* @_ssdm_op_SpecInterface(i20* %res_V_data_1_V, [8 x i8]* @ap_fifo_str, i32 0, i32 0, [1 x i8]* @p_str, i32 0, i32 0, [1 x i8]* @p_str, [1 x i8]* @p_str, [1 x i8]* @p_str, i32 2, i32 2, i32 16, i32 16, [1 x i8]* @p_str, [1 x i8]* @p_str)"   --->   Operation 19 'specinterface' <Predicate = true> <Delay = 0.00>
ST_1 : Operation 20 [1/1] (0.00ns)   --->   "call void (...)* @_ssdm_op_SpecInterface(i20* %res_V_data_0_V, [8 x i8]* @ap_fifo_str, i32 0, i32 0, [1 x i8]* @p_str, i32 0, i32 0, [1 x i8]* @p_str, [1 x i8]* @p_str, [1 x i8]* @p_str, i32 2, i32 2, i32 16, i32 16, [1 x i8]* @p_str, [1 x i8]* @p_str)"   --->   Operation 20 'specinterface' <Predicate = true> <Delay = 0.00>
ST_1 : Operation 21 [1/1] (0.00ns)   --->   "call void (...)* @_ssdm_op_SpecInterface(i8* %data_V_data_V, [8 x i8]* @ap_fifo_str, i32 0, i32 0, [1 x i8]* @p_str, i32 0, i32 0, [1 x i8]* @p_str, [1 x i8]* @p_str, [1 x i8]* @p_str, i32 2, i32 2, i32 16, i32 16, [1 x i8]* @p_str, [1 x i8]* @p_str)"   --->   Operation 21 'specinterface' <Predicate = true> <Delay = 0.00>
ST_1 : Operation 22 [1/1] (1.76ns)   --->   "br label %0" [firmware/nnet_utils/nnet_conv2d_stream.h:79->firmware/nnet_utils/nnet_conv2d_stream.h:103]   --->   Operation 22 'br' <Predicate = true> <Delay = 1.76>

State 2 <SV = 1> <Delay = 5.40>
ST_2 : Operation 23 [1/1] (0.00ns)   --->   "%indvar_flatten = phi i15 [ 0, %codeRepl ], [ %add_ln79, %ReadInputWidth_end ]" [firmware/nnet_utils/nnet_conv2d_stream.h:79->firmware/nnet_utils/nnet_conv2d_stream.h:103]   --->   Operation 23 'phi' 'indvar_flatten' <Predicate = true> <Delay = 0.00>
ST_2 : Operation 24 [1/1] (2.31ns)   --->   "%icmp_ln79 = icmp eq i15 %indvar_flatten, -16384" [firmware/nnet_utils/nnet_conv2d_stream.h:79->firmware/nnet_utils/nnet_conv2d_stream.h:103]   --->   Operation 24 'icmp' 'icmp_ln79' <Predicate = true> <Delay = 2.31> <Core = "Cmp">   --->   Core 25 'Cmp' <Latency = 0> <II = 1> <Delay = 2.47> <FuncUnit> <Opcode : 'icmp'> <InPorts = 2> <OutPorts = 1>
ST_2 : Operation 25 [1/1] (1.94ns)   --->   "%add_ln79 = add i15 %indvar_flatten, 1" [firmware/nnet_utils/nnet_conv2d_stream.h:79->firmware/nnet_utils/nnet_conv2d_stream.h:103]   --->   Operation 25 'add' 'add_ln79' <Predicate = true> <Delay = 1.94> <Core = "AddSub">   --->   Core 14 'AddSub' <Latency = 0> <II = 1> <Delay = 2.55> <FuncUnit> <Opcode : 'add' 'sub'> <InPorts = 2> <OutPorts = 1>
ST_2 : Operation 26 [1/1] (0.00ns)   --->   "br i1 %icmp_ln79, label %"conv_2d_buffer_cl<array<ap_uint<8>, 1u>, array<ap_fixed<20, 8, 5, 3, 0>, 4u>, config2>.exit", label %ReadInputWidth_begin" [firmware/nnet_utils/nnet_conv2d_stream.h:79->firmware/nnet_utils/nnet_conv2d_stream.h:103]   --->   Operation 26 'br' <Predicate = true> <Delay = 0.00>
ST_2 : Operation 27 [1/1] (0.00ns)   --->   "%kernel_data_V_2_2_load = load i8* @kernel_data_V_2_2, align 1" [firmware/nnet_utils/nnet_conv_stream.h:201->firmware/nnet_utils/nnet_conv_stream.h:252->firmware/nnet_utils/nnet_conv_stream.h:286->firmware/nnet_utils/nnet_conv2d_stream.h:87->firmware/nnet_utils/nnet_conv2d_stream.h:103]   --->   Operation 27 'load' 'kernel_data_V_2_2_load' <Predicate = (!icmp_ln79)> <Delay = 0.00>
ST_2 : Operation 28 [1/1] (0.00ns)   --->   "%sX_3_load = load i32* @sX_3, align 4" [firmware/nnet_utils/nnet_conv_stream.h:289->firmware/nnet_utils/nnet_conv2d_stream.h:87->firmware/nnet_utils/nnet_conv2d_stream.h:103]   --->   Operation 28 'load' 'sX_3_load' <Predicate = (!icmp_ln79)> <Delay = 0.00>
ST_2 : Operation 29 [1/1] (2.47ns)   --->   "%icmp_ln289 = icmp eq i32 %sX_3_load, 2" [firmware/nnet_utils/nnet_conv_stream.h:289->firmware/nnet_utils/nnet_conv2d_stream.h:87->firmware/nnet_utils/nnet_conv2d_stream.h:103]   --->   Operation 29 'icmp' 'icmp_ln289' <Predicate = (!icmp_ln79)> <Delay = 2.47> <Core = "Cmp">   --->   Core 25 'Cmp' <Latency = 0> <II = 1> <Delay = 2.47> <FuncUnit> <Opcode : 'icmp'> <InPorts = 2> <OutPorts = 1>
ST_2 : Operation 30 [1/1] (0.00ns)   --->   "%sY_3_load = load i32* @sY_3, align 4" [firmware/nnet_utils/nnet_conv_stream.h:289->firmware/nnet_utils/nnet_conv2d_stream.h:87->firmware/nnet_utils/nnet_conv2d_stream.h:103]   --->   Operation 30 'load' 'sY_3_load' <Predicate = (!icmp_ln79)> <Delay = 0.00>
ST_2 : Operation 31 [1/1] (2.47ns)   --->   "%icmp_ln289_1 = icmp eq i32 %sY_3_load, 2" [firmware/nnet_utils/nnet_conv_stream.h:289->firmware/nnet_utils/nnet_conv2d_stream.h:87->firmware/nnet_utils/nnet_conv2d_stream.h:103]   --->   Operation 31 'icmp' 'icmp_ln289_1' <Predicate = (!icmp_ln79)> <Delay = 2.47> <Core = "Cmp">   --->   Core 25 'Cmp' <Latency = 0> <II = 1> <Delay = 2.47> <FuncUnit> <Opcode : 'icmp'> <InPorts = 2> <OutPorts = 1>
ST_2 : Operation 32 [1/1] (0.00ns)   --->   "%pY_3_load = load i32* @pY_3, align 4" [firmware/nnet_utils/nnet_conv_stream.h:289->firmware/nnet_utils/nnet_conv2d_stream.h:87->firmware/nnet_utils/nnet_conv2d_stream.h:103]   --->   Operation 32 'load' 'pY_3_load' <Predicate = (!icmp_ln79)> <Delay = 0.00>
ST_2 : Operation 33 [1/1] (0.00ns)   --->   "%tmp = call i31 @_ssdm_op_PartSelect.i31.i32.i32.i32(i32 %pY_3_load, i32 1, i32 31)" [firmware/nnet_utils/nnet_conv_stream.h:289->firmware/nnet_utils/nnet_conv2d_stream.h:87->firmware/nnet_utils/nnet_conv2d_stream.h:103]   --->   Operation 33 'partselect' 'tmp' <Predicate = (!icmp_ln79)> <Delay = 0.00>
ST_2 : Operation 34 [1/1] (2.47ns)   --->   "%icmp_ln289_2 = icmp sgt i31 %tmp, 0" [firmware/nnet_utils/nnet_conv_stream.h:289->firmware/nnet_utils/nnet_conv2d_stream.h:87->firmware/nnet_utils/nnet_conv2d_stream.h:103]   --->   Operation 34 'icmp' 'icmp_ln289_2' <Predicate = (!icmp_ln79)> <Delay = 2.47> <Core = "Cmp">   --->   Core 25 'Cmp' <Latency = 0> <II = 1> <Delay = 2.47> <FuncUnit> <Opcode : 'icmp'> <InPorts = 2> <OutPorts = 1>
ST_2 : Operation 35 [1/1] (0.00ns)   --->   "%pX_3_load = load i32* @pX_3, align 4" [firmware/nnet_utils/nnet_conv_stream.h:289->firmware/nnet_utils/nnet_conv2d_stream.h:87->firmware/nnet_utils/nnet_conv2d_stream.h:103]   --->   Operation 35 'load' 'pX_3_load' <Predicate = (!icmp_ln79)> <Delay = 0.00>
ST_2 : Operation 36 [1/1] (0.00ns)   --->   "%tmp_19 = call i31 @_ssdm_op_PartSelect.i31.i32.i32.i32(i32 %pX_3_load, i32 1, i32 31)" [firmware/nnet_utils/nnet_conv_stream.h:289->firmware/nnet_utils/nnet_conv2d_stream.h:87->firmware/nnet_utils/nnet_conv2d_stream.h:103]   --->   Operation 36 'partselect' 'tmp_19' <Predicate = (!icmp_ln79)> <Delay = 0.00>
ST_2 : Operation 37 [1/1] (2.47ns)   --->   "%icmp_ln289_3 = icmp sgt i31 %tmp_19, 0" [firmware/nnet_utils/nnet_conv_stream.h:289->firmware/nnet_utils/nnet_conv2d_stream.h:87->firmware/nnet_utils/nnet_conv2d_stream.h:103]   --->   Operation 37 'icmp' 'icmp_ln289_3' <Predicate = (!icmp_ln79)> <Delay = 2.47> <Core = "Cmp">   --->   Core 25 'Cmp' <Latency = 0> <II = 1> <Delay = 2.47> <FuncUnit> <Opcode : 'icmp'> <InPorts = 2> <OutPorts = 1>
ST_2 : Operation 38 [1/1] (0.00ns) (grouped into LUT with out node and_ln289_2)   --->   "%and_ln289 = and i1 %icmp_ln289, %icmp_ln289_1" [firmware/nnet_utils/nnet_conv_stream.h:289->firmware/nnet_utils/nnet_conv2d_stream.h:87->firmware/nnet_utils/nnet_conv2d_stream.h:103]   --->   Operation 38 'and' 'and_ln289' <Predicate = (!icmp_ln79)> <Delay = 0.00> <Core = "LogicGate">   --->   Core 27 'LogicGate' <Latency = 0> <II = 1> <Delay = 0.97> <FuncUnit> <Opcode : 'and' 'or' 'xor'> <InPorts = 2> <OutPorts = 1>
ST_2 : Operation 39 [1/1] (0.00ns) (grouped into LUT with out node and_ln289_2)   --->   "%and_ln289_1 = and i1 %icmp_ln289_2, %icmp_ln289_3" [firmware/nnet_utils/nnet_conv_stream.h:289->firmware/nnet_utils/nnet_conv2d_stream.h:87->firmware/nnet_utils/nnet_conv2d_stream.h:103]   --->   Operation 39 'and' 'and_ln289_1' <Predicate = (!icmp_ln79)> <Delay = 0.00> <Core = "LogicGate">   --->   Core 27 'LogicGate' <Latency = 0> <II = 1> <Delay = 0.97> <FuncUnit> <Opcode : 'and' 'or' 'xor'> <InPorts = 2> <OutPorts = 1>
ST_2 : Operation 40 [1/1] (0.97ns) (out node of the LUT)   --->   "%and_ln289_2 = and i1 %and_ln289_1, %and_ln289" [firmware/nnet_utils/nnet_conv_stream.h:289->firmware/nnet_utils/nnet_conv2d_stream.h:87->firmware/nnet_utils/nnet_conv2d_stream.h:103]   --->   Operation 40 'and' 'and_ln289_2' <Predicate = (!icmp_ln79)> <Delay = 0.97> <Core = "LogicGate">   --->   Core 27 'LogicGate' <Latency = 0> <II = 1> <Delay = 0.97> <FuncUnit> <Opcode : 'and' 'or' 'xor'> <InPorts = 2> <OutPorts = 1>
ST_2 : Operation 41 [1/1] (0.00ns)   --->   "%zext_ln703_4 = zext i8 %kernel_data_V_2_2_load to i14" [firmware/nnet_utils/nnet_dense_latency.h:42->firmware/nnet_utils/nnet_conv_stream.h:294->firmware/nnet_utils/nnet_conv2d_stream.h:87->firmware/nnet_utils/nnet_conv2d_stream.h:103]   --->   Operation 41 'zext' 'zext_ln703_4' <Predicate = (!icmp_ln79 & and_ln289_2)> <Delay = 0.00>
ST_2 : Operation 42 [1/1] (4.17ns)   --->   "%mul_ln703 = mul i14 %zext_ln703_4, -23" [firmware/nnet_utils/nnet_dense_latency.h:42->firmware/nnet_utils/nnet_conv_stream.h:294->firmware/nnet_utils/nnet_conv2d_stream.h:87->firmware/nnet_utils/nnet_conv2d_stream.h:103]   --->   Operation 42 'mul' 'mul_ln703' <Predicate = (!icmp_ln79 & and_ln289_2)> <Delay = 4.17> <Core = "Mul">   --->   Core 16 'Mul' <Latency = 0> <II = 1> <Delay = 4.17> <FuncUnit> <Opcode : 'mul'> <InPorts = 2> <OutPorts = 1>

State 3 <SV = 2> <Delay = 4.17>
ST_3 : Operation 43 [1/1] (2.18ns)   --->   "%tmp_data_0_V = call i8 @_ssdm_op_Read.ap_fifo.volatile.i8P(i8* %data_V_data_V)" [firmware/nnet_utils/nnet_conv2d_stream.h:87->firmware/nnet_utils/nnet_conv2d_stream.h:103]   --->   Operation 43 'read' 'tmp_data_0_V' <Predicate = true> <Delay = 2.18> <Core = "FIFO">   --->   Core 32 'FIFO' <Latency = 0> <II = 1> <Delay = 3.63> <Storage> <Opcode : 'read' 'write' 'nbread' 'nbwrite'> <Ports = 0> <Width = 20> <Depth = 1> <FIFO>
ST_3 : Operation 44 [1/1] (0.00ns)   --->   "%zext_ln703_3 = zext i8 %kernel_data_V_2_2_load to i16" [firmware/nnet_utils/nnet_dense_latency.h:42->firmware/nnet_utils/nnet_conv_stream.h:294->firmware/nnet_utils/nnet_conv2d_stream.h:87->firmware/nnet_utils/nnet_conv2d_stream.h:103]   --->   Operation 44 'zext' 'zext_ln703_3' <Predicate = (and_ln289_2)> <Delay = 0.00>
ST_3 : Operation 45 [1/1] (4.17ns)   --->   "%mul_ln703_1 = mul i16 %zext_ln703_3, -101" [firmware/nnet_utils/nnet_dense_latency.h:42->firmware/nnet_utils/nnet_conv_stream.h:294->firmware/nnet_utils/nnet_conv2d_stream.h:87->firmware/nnet_utils/nnet_conv2d_stream.h:103]   --->   Operation 45 'mul' 'mul_ln703_1' <Predicate = (and_ln289_2)> <Delay = 4.17> <Core = "Mul">   --->   Core 16 'Mul' <Latency = 0> <II = 1> <Delay = 4.17> <FuncUnit> <Opcode : 'mul'> <InPorts = 2> <OutPorts = 1>

State 4 <SV = 3> <Delay = 4.42>
ST_4 : Operation 46 [1/1] (0.00ns)   --->   "call void (...)* @_ssdm_op_SpecLoopName([31 x i8]* @ReadInputHeight_ReadInputWidth_str)"   --->   Operation 46 'specloopname' <Predicate = true> <Delay = 0.00>
ST_4 : Operation 47 [1/1] (0.00ns)   --->   "%empty_165 = call i32 (...)* @_ssdm_op_SpecLoopTripCount(i64 16384, i64 16384, i64 16384)"   --->   Operation 47 'speclooptripcount' 'empty_165' <Predicate = true> <Delay = 0.00>
ST_4 : Operation 48 [1/1] (0.00ns)   --->   "call void (...)* @_ssdm_op_SpecLoopName([15 x i8]* @p_str56) nounwind" [firmware/nnet_utils/nnet_conv2d_stream.h:81->firmware/nnet_utils/nnet_conv2d_stream.h:103]   --->   Operation 48 'specloopname' <Predicate = true> <Delay = 0.00>
ST_4 : Operation 49 [1/1] (0.00ns)   --->   "%tmp_s = call i32 (...)* @_ssdm_op_SpecRegionBegin([15 x i8]* @p_str56)" [firmware/nnet_utils/nnet_conv2d_stream.h:81->firmware/nnet_utils/nnet_conv2d_stream.h:103]   --->   Operation 49 'specregionbegin' 'tmp_s' <Predicate = true> <Delay = 0.00>
ST_4 : Operation 50 [1/1] (0.00ns)   --->   "%tmp_1 = call i32 (...)* @_ssdm_op_SpecRegionBegin([12 x i8]* @p_str72)" [firmware/nnet_utils/nnet_conv2d_stream.h:83->firmware/nnet_utils/nnet_conv2d_stream.h:103]   --->   Operation 50 'specregionbegin' 'tmp_1' <Predicate = true> <Delay = 0.00>
ST_4 : Operation 51 [1/1] (0.00ns)   --->   "call void (...)* @_ssdm_op_SpecPipeline(i32 64, i32 1, i32 1, i32 0, [1 x i8]* @p_str17) nounwind" [firmware/nnet_utils/nnet_conv2d_stream.h:84->firmware/nnet_utils/nnet_conv2d_stream.h:103]   --->   Operation 51 'specpipeline' <Predicate = true> <Delay = 0.00>
ST_4 : Operation 52 [1/1] (0.00ns)   --->   "%empty_166 = call i32 (...)* @_ssdm_op_SpecRegionEnd([12 x i8]* @p_str72, i32 %tmp_1)" [firmware/nnet_utils/nnet_conv2d_stream.h:85->firmware/nnet_utils/nnet_conv2d_stream.h:103]   --->   Operation 52 'specregionend' 'empty_166' <Predicate = true> <Delay = 0.00>
ST_4 : Operation 53 [1/1] (0.00ns)   --->   "call void (...)* @_ssdm_op_SpecLoopName([17 x i8]* @p_str60) nounwind" [firmware/nnet_utils/nnet_conv_stream.h:241->firmware/nnet_utils/nnet_conv_stream.h:286->firmware/nnet_utils/nnet_conv2d_stream.h:87->firmware/nnet_utils/nnet_conv2d_stream.h:103]   --->   Operation 53 'specloopname' <Predicate = true> <Delay = 0.00>
ST_4 : Operation 54 [1/1] (1.61ns)   --->   "%DataOut_V_75 = call i8 @"_ssdm_op_MemShiftRead.[128 x i8]P"(i8* getelementptr inbounds ([128 x i8]* @line_buffer_Array_V_2_0_0, i64 0, i64 127), i8 %tmp_data_0_V, i1 true)" [firmware/nnet_utils/nnet_conv_stream.h:246->firmware/nnet_utils/nnet_conv_stream.h:286->firmware/nnet_utils/nnet_conv2d_stream.h:87->firmware/nnet_utils/nnet_conv2d_stream.h:103]   --->   Operation 54 'memshiftread' 'DataOut_V_75' <Predicate = true> <Delay = 1.61> <Core = "ShiftReg">   --->   Core 33 'ShiftReg' <Latency = 0> <II = 1> <Delay = 1.61> <Storage> <Opcode : 'memshiftread' 'load'> <Ports = 1> <Width = 8> <Depth = 128> <ShiftMem>
ST_4 : Operation 55 [1/1] (1.61ns)   --->   "%DataOut_V = call i8 @"_ssdm_op_MemShiftRead.[128 x i8]P"(i8* getelementptr inbounds ([128 x i8]* @line_buffer_Array_V_2_1_0, i64 0, i64 127), i8 %DataOut_V_75, i1 true)" [firmware/nnet_utils/nnet_conv_stream.h:246->firmware/nnet_utils/nnet_conv_stream.h:286->firmware/nnet_utils/nnet_conv2d_stream.h:87->firmware/nnet_utils/nnet_conv2d_stream.h:103]   --->   Operation 55 'memshiftread' 'DataOut_V' <Predicate = true> <Delay = 1.61> <Core = "ShiftReg">   --->   Core 33 'ShiftReg' <Latency = 0> <II = 1> <Delay = 1.61> <Storage> <Opcode : 'memshiftread' 'load'> <Ports = 1> <Width = 8> <Depth = 128> <ShiftMem>
ST_4 : Operation 56 [1/1] (0.00ns)   --->   "%kernel_data_V_2_1_load = load i8* @kernel_data_V_2_1, align 1" [firmware/nnet_utils/nnet_conv_stream.h:201->firmware/nnet_utils/nnet_conv_stream.h:252->firmware/nnet_utils/nnet_conv_stream.h:286->firmware/nnet_utils/nnet_conv2d_stream.h:87->firmware/nnet_utils/nnet_conv2d_stream.h:103]   --->   Operation 56 'load' 'kernel_data_V_2_1_load' <Predicate = true> <Delay = 0.00>
ST_4 : Operation 57 [1/1] (0.00ns)   --->   "%kernel_data_V_2_4_load = load i8* @kernel_data_V_2_4, align 1" [firmware/nnet_utils/nnet_conv_stream.h:201->firmware/nnet_utils/nnet_conv_stream.h:252->firmware/nnet_utils/nnet_conv_stream.h:286->firmware/nnet_utils/nnet_conv2d_stream.h:87->firmware/nnet_utils/nnet_conv2d_stream.h:103]   --->   Operation 57 'load' 'kernel_data_V_2_4_load' <Predicate = true> <Delay = 0.00>
ST_4 : Operation 58 [1/1] (0.00ns)   --->   "%kernel_data_V_2_7_load = load i8* @kernel_data_V_2_7, align 1" [firmware/nnet_utils/nnet_conv_stream.h:201->firmware/nnet_utils/nnet_conv_stream.h:252->firmware/nnet_utils/nnet_conv_stream.h:286->firmware/nnet_utils/nnet_conv2d_stream.h:87->firmware/nnet_utils/nnet_conv2d_stream.h:103]   --->   Operation 58 'load' 'kernel_data_V_2_7_load' <Predicate = true> <Delay = 0.00>
ST_4 : Operation 59 [1/1] (0.00ns)   --->   "store i8 %kernel_data_V_2_2_load, i8* @kernel_data_V_2_1, align 1" [firmware/nnet_utils/nnet_conv_stream.h:201->firmware/nnet_utils/nnet_conv_stream.h:252->firmware/nnet_utils/nnet_conv_stream.h:286->firmware/nnet_utils/nnet_conv2d_stream.h:87->firmware/nnet_utils/nnet_conv2d_stream.h:103]   --->   Operation 59 'store' <Predicate = true> <Delay = 0.00>
ST_4 : Operation 60 [1/1] (0.00ns)   --->   "%kernel_data_V_2_5_load = load i8* @kernel_data_V_2_5, align 1" [firmware/nnet_utils/nnet_conv_stream.h:201->firmware/nnet_utils/nnet_conv_stream.h:252->firmware/nnet_utils/nnet_conv_stream.h:286->firmware/nnet_utils/nnet_conv2d_stream.h:87->firmware/nnet_utils/nnet_conv2d_stream.h:103]   --->   Operation 60 'load' 'kernel_data_V_2_5_load' <Predicate = true> <Delay = 0.00>
ST_4 : Operation 61 [1/1] (0.00ns)   --->   "store i8 %kernel_data_V_2_5_load, i8* @kernel_data_V_2_4, align 1" [firmware/nnet_utils/nnet_conv_stream.h:201->firmware/nnet_utils/nnet_conv_stream.h:252->firmware/nnet_utils/nnet_conv_stream.h:286->firmware/nnet_utils/nnet_conv2d_stream.h:87->firmware/nnet_utils/nnet_conv2d_stream.h:103]   --->   Operation 61 'store' <Predicate = true> <Delay = 0.00>
ST_4 : Operation 62 [1/1] (0.00ns)   --->   "%kernel_data_V_2_8_load = load i8* @kernel_data_V_2_8, align 1" [firmware/nnet_utils/nnet_conv_stream.h:201->firmware/nnet_utils/nnet_conv_stream.h:252->firmware/nnet_utils/nnet_conv_stream.h:286->firmware/nnet_utils/nnet_conv2d_stream.h:87->firmware/nnet_utils/nnet_conv2d_stream.h:103]   --->   Operation 62 'load' 'kernel_data_V_2_8_load' <Predicate = true> <Delay = 0.00>
ST_4 : Operation 63 [1/1] (0.00ns)   --->   "store i8 %kernel_data_V_2_8_load, i8* @kernel_data_V_2_7, align 1" [firmware/nnet_utils/nnet_conv_stream.h:201->firmware/nnet_utils/nnet_conv_stream.h:252->firmware/nnet_utils/nnet_conv_stream.h:286->firmware/nnet_utils/nnet_conv2d_stream.h:87->firmware/nnet_utils/nnet_conv2d_stream.h:103]   --->   Operation 63 'store' <Predicate = true> <Delay = 0.00>
ST_4 : Operation 64 [1/1] (0.00ns)   --->   "store i8 %DataOut_V, i8* @kernel_data_V_2_2, align 1" [firmware/nnet_utils/nnet_conv_stream.h:214->firmware/nnet_utils/nnet_conv_stream.h:252->firmware/nnet_utils/nnet_conv_stream.h:286->firmware/nnet_utils/nnet_conv2d_stream.h:87->firmware/nnet_utils/nnet_conv2d_stream.h:103]   --->   Operation 64 'store' <Predicate = true> <Delay = 0.00>
ST_4 : Operation 65 [1/1] (0.00ns)   --->   "store i8 %DataOut_V_75, i8* @kernel_data_V_2_5, align 1" [firmware/nnet_utils/nnet_conv_stream.h:214->firmware/nnet_utils/nnet_conv_stream.h:252->firmware/nnet_utils/nnet_conv_stream.h:286->firmware/nnet_utils/nnet_conv2d_stream.h:87->firmware/nnet_utils/nnet_conv2d_stream.h:103]   --->   Operation 65 'store' <Predicate = true> <Delay = 0.00>
ST_4 : Operation 66 [1/1] (0.00ns)   --->   "store i8 %tmp_data_0_V, i8* @kernel_data_V_2_8, align 1" [firmware/nnet_utils/nnet_conv_stream.h:214->firmware/nnet_utils/nnet_conv_stream.h:252->firmware/nnet_utils/nnet_conv_stream.h:286->firmware/nnet_utils/nnet_conv2d_stream.h:87->firmware/nnet_utils/nnet_conv2d_stream.h:103]   --->   Operation 66 'store' <Predicate = true> <Delay = 0.00>
ST_4 : Operation 67 [1/1] (0.00ns)   --->   "br i1 %and_ln289_2, label %hls_label_1, label %._crit_edge22.i.i" [firmware/nnet_utils/nnet_conv_stream.h:289->firmware/nnet_utils/nnet_conv2d_stream.h:87->firmware/nnet_utils/nnet_conv2d_stream.h:103]   --->   Operation 67 'br' <Predicate = true> <Delay = 0.00>
ST_4 : Operation 68 [1/1] (0.00ns)   --->   "%zext_ln703 = zext i8 %kernel_data_V_2_1_load to i14" [firmware/nnet_utils/nnet_dense_latency.h:42->firmware/nnet_utils/nnet_conv_stream.h:294->firmware/nnet_utils/nnet_conv2d_stream.h:87->firmware/nnet_utils/nnet_conv2d_stream.h:103]   --->   Operation 68 'zext' 'zext_ln703' <Predicate = (and_ln289_2)> <Delay = 0.00>
ST_4 : Operation 69 [1/1] (0.00ns)   --->   "%shl_ln = call i13 @_ssdm_op_BitConcatenate.i13.i8.i5(i8 %kernel_data_V_2_1_load, i5 0)" [firmware/nnet_utils/nnet_dense_latency.h:42->firmware/nnet_utils/nnet_conv_stream.h:294->firmware/nnet_utils/nnet_conv2d_stream.h:87->firmware/nnet_utils/nnet_conv2d_stream.h:103]   --->   Operation 69 'bitconcatenate' 'shl_ln' <Predicate = (and_ln289_2)> <Delay = 0.00>
ST_4 : Operation 70 [1/1] (0.00ns)   --->   "%zext_ln703_1 = zext i13 %shl_ln to i14" [firmware/nnet_utils/nnet_dense_latency.h:42->firmware/nnet_utils/nnet_conv_stream.h:294->firmware/nnet_utils/nnet_conv2d_stream.h:87->firmware/nnet_utils/nnet_conv2d_stream.h:103]   --->   Operation 70 'zext' 'zext_ln703_1' <Predicate = (and_ln289_2)> <Delay = 0.00>
ST_4 : Operation 71 [1/1] (1.67ns)   --->   "%add_ln703 = add i14 %zext_ln703, %zext_ln703_1" [firmware/nnet_utils/nnet_dense_latency.h:42->firmware/nnet_utils/nnet_conv_stream.h:294->firmware/nnet_utils/nnet_conv2d_stream.h:87->firmware/nnet_utils/nnet_conv2d_stream.h:103]   --->   Operation 71 'add' 'add_ln703' <Predicate = (and_ln289_2)> <Delay = 1.67> <Core = "AddSub">   --->   Core 14 'AddSub' <Latency = 0> <II = 1> <Delay = 2.55> <FuncUnit> <Opcode : 'add' 'sub'> <InPorts = 2> <OutPorts = 1>
ST_4 : Operation 72 [1/1] (0.00ns)   --->   "%zext_ln703_12 = zext i8 %kernel_data_V_2_4_load to i15" [firmware/nnet_utils/nnet_dense_latency.h:42->firmware/nnet_utils/nnet_conv_stream.h:294->firmware/nnet_utils/nnet_conv2d_stream.h:87->firmware/nnet_utils/nnet_conv2d_stream.h:103]   --->   Operation 72 'zext' 'zext_ln703_12' <Predicate = (and_ln289_2)> <Delay = 0.00>
ST_4 : Operation 73 [1/1] (4.17ns)   --->   "%mul_ln703_4 = mul i15 %zext_ln703_12, -58" [firmware/nnet_utils/nnet_dense_latency.h:42->firmware/nnet_utils/nnet_conv_stream.h:294->firmware/nnet_utils/nnet_conv2d_stream.h:87->firmware/nnet_utils/nnet_conv2d_stream.h:103]   --->   Operation 73 'mul' 'mul_ln703_4' <Predicate = (and_ln289_2)> <Delay = 4.17> <Core = "Mul">   --->   Core 16 'Mul' <Latency = 0> <II = 1> <Delay = 4.17> <FuncUnit> <Opcode : 'mul'> <InPorts = 2> <OutPorts = 1>
ST_4 : Operation 74 [1/1] (2.47ns)   --->   "%icmp_ln313 = icmp eq i32 %pX_3_load, 127" [firmware/nnet_utils/nnet_conv_stream.h:313->firmware/nnet_utils/nnet_conv2d_stream.h:87->firmware/nnet_utils/nnet_conv2d_stream.h:103]   --->   Operation 74 'icmp' 'icmp_ln313' <Predicate = true> <Delay = 2.47> <Core = "Cmp">   --->   Core 25 'Cmp' <Latency = 0> <II = 1> <Delay = 2.47> <FuncUnit> <Opcode : 'icmp'> <InPorts = 2> <OutPorts = 1>
ST_4 : Operation 75 [1/1] (0.00ns)   --->   "br i1 %icmp_ln313, label %1, label %5" [firmware/nnet_utils/nnet_conv_stream.h:313->firmware/nnet_utils/nnet_conv2d_stream.h:87->firmware/nnet_utils/nnet_conv2d_stream.h:103]   --->   Operation 75 'br' <Predicate = true> <Delay = 0.00>
ST_4 : Operation 76 [1/1] (2.55ns)   --->   "%add_ln326 = add nsw i32 %pX_3_load, 1" [firmware/nnet_utils/nnet_conv_stream.h:326->firmware/nnet_utils/nnet_conv2d_stream.h:87->firmware/nnet_utils/nnet_conv2d_stream.h:103]   --->   Operation 76 'add' 'add_ln326' <Predicate = (!icmp_ln313)> <Delay = 2.55> <Core = "AddSub">   --->   Core 14 'AddSub' <Latency = 0> <II = 1> <Delay = 2.55> <FuncUnit> <Opcode : 'add' 'sub'> <InPorts = 2> <OutPorts = 1>
ST_4 : Operation 77 [1/1] (1.76ns)   --->   "store i32 %add_ln326, i32* @pX_3, align 4" [firmware/nnet_utils/nnet_conv_stream.h:326->firmware/nnet_utils/nnet_conv2d_stream.h:87->firmware/nnet_utils/nnet_conv2d_stream.h:103]   --->   Operation 77 'store' <Predicate = (!icmp_ln313)> <Delay = 1.76>
ST_4 : Operation 78 [1/1] (2.55ns)   --->   "%add_ln328 = add i32 %sX_3_load, 1" [firmware/nnet_utils/nnet_conv_stream.h:328->firmware/nnet_utils/nnet_conv2d_stream.h:87->firmware/nnet_utils/nnet_conv2d_stream.h:103]   --->   Operation 78 'add' 'add_ln328' <Predicate = (!icmp_ln313 & !icmp_ln289)> <Delay = 2.55> <Core = "AddSub">   --->   Core 14 'AddSub' <Latency = 0> <II = 1> <Delay = 2.55> <FuncUnit> <Opcode : 'add' 'sub'> <InPorts = 2> <OutPorts = 1>
ST_4 : Operation 79 [1/1] (0.69ns)   --->   "%select_ln328 = select i1 %icmp_ln289, i32 2, i32 %add_ln328" [firmware/nnet_utils/nnet_conv_stream.h:328->firmware/nnet_utils/nnet_conv2d_stream.h:87->firmware/nnet_utils/nnet_conv2d_stream.h:103]   --->   Operation 79 'select' 'select_ln328' <Predicate = (!icmp_ln313)> <Delay = 0.69> <Core = "Sel">   --->   Core 26 'Sel' <Latency = 0> <II = 1> <Delay = 0.69> <FuncUnit> <Opcode : 'select'> <InPorts = 3> <OutPorts = 1>
ST_4 : Operation 80 [1/1] (1.76ns)   --->   "store i32 0, i32* @pX_3, align 4" [firmware/nnet_utils/nnet_conv_stream.h:315->firmware/nnet_utils/nnet_conv2d_stream.h:87->firmware/nnet_utils/nnet_conv2d_stream.h:103]   --->   Operation 80 'store' <Predicate = (icmp_ln313)> <Delay = 1.76>
ST_4 : Operation 81 [1/1] (1.76ns)   --->   "store i32 0, i32* @sX_3, align 4" [firmware/nnet_utils/nnet_conv_stream.h:316->firmware/nnet_utils/nnet_conv2d_stream.h:87->firmware/nnet_utils/nnet_conv2d_stream.h:103]   --->   Operation 81 'store' <Predicate = (icmp_ln313)> <Delay = 1.76>
ST_4 : Operation 82 [1/1] (2.47ns)   --->   "%icmp_ln317 = icmp eq i32 %pY_3_load, 127" [firmware/nnet_utils/nnet_conv_stream.h:317->firmware/nnet_utils/nnet_conv2d_stream.h:87->firmware/nnet_utils/nnet_conv2d_stream.h:103]   --->   Operation 82 'icmp' 'icmp_ln317' <Predicate = (icmp_ln313)> <Delay = 2.47> <Core = "Cmp">   --->   Core 25 'Cmp' <Latency = 0> <II = 1> <Delay = 2.47> <FuncUnit> <Opcode : 'icmp'> <InPorts = 2> <OutPorts = 1>
ST_4 : Operation 83 [1/1] (0.00ns)   --->   "br i1 %icmp_ln317, label %2, label %3" [firmware/nnet_utils/nnet_conv_stream.h:317->firmware/nnet_utils/nnet_conv2d_stream.h:87->firmware/nnet_utils/nnet_conv2d_stream.h:103]   --->   Operation 83 'br' <Predicate = (icmp_ln313)> <Delay = 0.00>
ST_4 : Operation 84 [1/1] (2.55ns)   --->   "%add_ln321 = add nsw i32 %pY_3_load, 1" [firmware/nnet_utils/nnet_conv_stream.h:321->firmware/nnet_utils/nnet_conv2d_stream.h:87->firmware/nnet_utils/nnet_conv2d_stream.h:103]   --->   Operation 84 'add' 'add_ln321' <Predicate = (icmp_ln313 & !icmp_ln317)> <Delay = 2.55> <Core = "AddSub">   --->   Core 14 'AddSub' <Latency = 0> <II = 1> <Delay = 2.55> <FuncUnit> <Opcode : 'add' 'sub'> <InPorts = 2> <OutPorts = 1>
ST_4 : Operation 85 [1/1] (1.76ns)   --->   "store i32 %add_ln321, i32* @pY_3, align 4" [firmware/nnet_utils/nnet_conv_stream.h:321->firmware/nnet_utils/nnet_conv2d_stream.h:87->firmware/nnet_utils/nnet_conv2d_stream.h:103]   --->   Operation 85 'store' <Predicate = (icmp_ln313 & !icmp_ln317)> <Delay = 1.76>
ST_4 : Operation 86 [1/1] (2.55ns)   --->   "%add_ln323 = add i32 %sY_3_load, 1" [firmware/nnet_utils/nnet_conv_stream.h:323->firmware/nnet_utils/nnet_conv2d_stream.h:87->firmware/nnet_utils/nnet_conv2d_stream.h:103]   --->   Operation 86 'add' 'add_ln323' <Predicate = (icmp_ln313 & !icmp_ln317 & !icmp_ln289_1)> <Delay = 2.55> <Core = "AddSub">   --->   Core 14 'AddSub' <Latency = 0> <II = 1> <Delay = 2.55> <FuncUnit> <Opcode : 'add' 'sub'> <InPorts = 2> <OutPorts = 1>
ST_4 : Operation 87 [1/1] (0.69ns)   --->   "%select_ln323 = select i1 %icmp_ln289_1, i32 2, i32 %add_ln323" [firmware/nnet_utils/nnet_conv_stream.h:323->firmware/nnet_utils/nnet_conv2d_stream.h:87->firmware/nnet_utils/nnet_conv2d_stream.h:103]   --->   Operation 87 'select' 'select_ln323' <Predicate = (icmp_ln313 & !icmp_ln317)> <Delay = 0.69> <Core = "Sel">   --->   Core 26 'Sel' <Latency = 0> <II = 1> <Delay = 0.69> <FuncUnit> <Opcode : 'select'> <InPorts = 3> <OutPorts = 1>
ST_4 : Operation 88 [1/1] (1.76ns)   --->   "store i32 0, i32* @pY_3, align 4" [firmware/nnet_utils/nnet_conv_stream.h:318->firmware/nnet_utils/nnet_conv2d_stream.h:87->firmware/nnet_utils/nnet_conv2d_stream.h:103]   --->   Operation 88 'store' <Predicate = (icmp_ln313 & icmp_ln317)> <Delay = 1.76>
ST_4 : Operation 89 [1/1] (1.76ns)   --->   "br label %4" [firmware/nnet_utils/nnet_conv_stream.h:320->firmware/nnet_utils/nnet_conv2d_stream.h:87->firmware/nnet_utils/nnet_conv2d_stream.h:103]   --->   Operation 89 'br' <Predicate = (icmp_ln313 & icmp_ln317)> <Delay = 1.76>

State 5 <SV = 4> <Delay = 4.17>
ST_5 : Operation 90 [1/1] (0.00ns)   --->   "%zext_ln703_2 = zext i14 %add_ln703 to i15" [firmware/nnet_utils/nnet_dense_latency.h:42->firmware/nnet_utils/nnet_conv_stream.h:294->firmware/nnet_utils/nnet_conv2d_stream.h:87->firmware/nnet_utils/nnet_conv2d_stream.h:103]   --->   Operation 90 'zext' 'zext_ln703_2' <Predicate = (!icmp_ln79 & and_ln289_2)> <Delay = 0.00>
ST_5 : Operation 91 [1/1] (0.00ns)   --->   "%sext_ln703_4 = sext i14 %mul_ln703 to i15" [firmware/nnet_utils/nnet_dense_latency.h:42->firmware/nnet_utils/nnet_conv_stream.h:294->firmware/nnet_utils/nnet_conv2d_stream.h:87->firmware/nnet_utils/nnet_conv2d_stream.h:103]   --->   Operation 91 'sext' 'sext_ln703_4' <Predicate = (!icmp_ln79 & and_ln289_2)> <Delay = 0.00>
ST_5 : Operation 92 [1/1] (0.00ns)   --->   "%zext_ln703_11 = zext i8 %kernel_data_V_2_4_load to i14" [firmware/nnet_utils/nnet_dense_latency.h:42->firmware/nnet_utils/nnet_conv_stream.h:294->firmware/nnet_utils/nnet_conv2d_stream.h:87->firmware/nnet_utils/nnet_conv2d_stream.h:103]   --->   Operation 92 'zext' 'zext_ln703_11' <Predicate = (!icmp_ln79 & and_ln289_2)> <Delay = 0.00>
ST_5 : Operation 93 [1/1] (4.17ns)   --->   "%mul_ln703_5 = mul i14 %zext_ln703_11, -25" [firmware/nnet_utils/nnet_dense_latency.h:42->firmware/nnet_utils/nnet_conv_stream.h:294->firmware/nnet_utils/nnet_conv2d_stream.h:87->firmware/nnet_utils/nnet_conv2d_stream.h:103]   --->   Operation 93 'mul' 'mul_ln703_5' <Predicate = (!icmp_ln79 & and_ln289_2)> <Delay = 4.17> <Core = "Mul">   --->   Core 16 'Mul' <Latency = 0> <II = 1> <Delay = 4.17> <FuncUnit> <Opcode : 'mul'> <InPorts = 2> <OutPorts = 1>
ST_5 : Operation 94 [1/1] (0.00ns) (grouped into TernaryAdder)   --->   "%add_ln703_399 = add i15 %zext_ln703_2, 8510" [firmware/nnet_utils/nnet_dense_latency.h:58->firmware/nnet_utils/nnet_conv_stream.h:294->firmware/nnet_utils/nnet_conv2d_stream.h:87->firmware/nnet_utils/nnet_conv2d_stream.h:103]   --->   Operation 94 'add' 'add_ln703_399' <Predicate = (!icmp_ln79 & and_ln289_2)> <Delay = 0.00> <Core = "TAddSub">   --->   Core 83 'TAddSub' <Latency = 0> <II = 1> <Delay = 1.95> <IPBlock> <Opcode : 'add' 'sub'> <InPorts = 3> <OutPorts = 1> <Sync> <CReg>
ST_5 : Operation 95 [1/1] (3.87ns) (root node of TernaryAdder)   --->   "%add_ln703_400 = add i15 %sext_ln703_4, %add_ln703_399" [firmware/nnet_utils/nnet_dense_latency.h:58->firmware/nnet_utils/nnet_conv_stream.h:294->firmware/nnet_utils/nnet_conv2d_stream.h:87->firmware/nnet_utils/nnet_conv2d_stream.h:103]   --->   Operation 95 'add' 'add_ln703_400' <Predicate = (!icmp_ln79 & and_ln289_2)> <Delay = 3.87> <Core = "TAddSub">   --->   Core 83 'TAddSub' <Latency = 0> <II = 1> <Delay = 1.95> <IPBlock> <Opcode : 'add' 'sub'> <InPorts = 3> <OutPorts = 1> <Sync> <CReg>
ST_5 : Operation 96 [1/1] (1.76ns)   --->   "store i32 %select_ln328, i32* @sX_3, align 4" [firmware/nnet_utils/nnet_conv_stream.h:328->firmware/nnet_utils/nnet_conv2d_stream.h:87->firmware/nnet_utils/nnet_conv2d_stream.h:103]   --->   Operation 96 'store' <Predicate = (!icmp_ln79 & !icmp_ln313)> <Delay = 1.76>
ST_5 : Operation 97 [1/1] (0.00ns)   --->   "br label %ReadInputWidth_end"   --->   Operation 97 'br' <Predicate = (!icmp_ln79 & !icmp_ln313)> <Delay = 0.00>
ST_5 : Operation 98 [1/1] (1.76ns)   --->   "br label %4"   --->   Operation 98 'br' <Predicate = (!icmp_ln79 & icmp_ln313 & !icmp_ln317)> <Delay = 1.76>

State 6 <SV = 5> <Delay = 4.17>
ST_6 : Operation 99 [1/1] (0.00ns)   --->   "%zext_ln703_10 = zext i8 %kernel_data_V_2_4_load to i16" [firmware/nnet_utils/nnet_dense_latency.h:42->firmware/nnet_utils/nnet_conv_stream.h:294->firmware/nnet_utils/nnet_conv2d_stream.h:87->firmware/nnet_utils/nnet_conv2d_stream.h:103]   --->   Operation 99 'zext' 'zext_ln703_10' <Predicate = (!icmp_ln79 & and_ln289_2)> <Delay = 0.00>
ST_6 : Operation 100 [1/1] (4.17ns)   --->   "%mul_ln703_6 = mul i16 %zext_ln703_10, 85" [firmware/nnet_utils/nnet_dense_latency.h:42->firmware/nnet_utils/nnet_conv_stream.h:294->firmware/nnet_utils/nnet_conv2d_stream.h:87->firmware/nnet_utils/nnet_conv2d_stream.h:103]   --->   Operation 100 'mul' 'mul_ln703_6' <Predicate = (!icmp_ln79 & and_ln289_2)> <Delay = 4.17> <Core = "Mul">   --->   Core 16 'Mul' <Latency = 0> <II = 1> <Delay = 4.17> <FuncUnit> <Opcode : 'mul'> <InPorts = 2> <OutPorts = 1>
ST_6 : Operation 101 [1/1] (0.00ns)   --->   "%storemerge_i_i = phi i32 [ %select_ln323, %3 ], [ 0, %2 ]" [firmware/nnet_utils/nnet_conv_stream.h:323->firmware/nnet_utils/nnet_conv2d_stream.h:87->firmware/nnet_utils/nnet_conv2d_stream.h:103]   --->   Operation 101 'phi' 'storemerge_i_i' <Predicate = (!icmp_ln79 & icmp_ln313)> <Delay = 0.00>
ST_6 : Operation 102 [1/1] (0.00ns)   --->   "store i32 %storemerge_i_i, i32* @sY_3, align 4" [firmware/nnet_utils/nnet_conv_stream.h:319->firmware/nnet_utils/nnet_conv2d_stream.h:87->firmware/nnet_utils/nnet_conv2d_stream.h:103]   --->   Operation 102 'store' <Predicate = (!icmp_ln79 & icmp_ln313)> <Delay = 0.00>
ST_6 : Operation 103 [1/1] (0.00ns)   --->   "br label %ReadInputWidth_end" [firmware/nnet_utils/nnet_conv_stream.h:325->firmware/nnet_utils/nnet_conv2d_stream.h:87->firmware/nnet_utils/nnet_conv2d_stream.h:103]   --->   Operation 103 'br' <Predicate = (!icmp_ln79 & icmp_ln313)> <Delay = 0.00>

State 7 <SV = 6> <Delay = 4.17>
ST_7 : Operation 104 [1/1] (0.00ns)   --->   "%zext_ln703_21 = zext i8 %kernel_data_V_2_8_load to i14" [firmware/nnet_utils/nnet_dense_latency.h:42->firmware/nnet_utils/nnet_conv_stream.h:294->firmware/nnet_utils/nnet_conv2d_stream.h:87->firmware/nnet_utils/nnet_conv2d_stream.h:103]   --->   Operation 104 'zext' 'zext_ln703_21' <Predicate = (!icmp_ln79 & and_ln289_2)> <Delay = 0.00>
ST_7 : Operation 105 [1/1] (4.17ns)   --->   "%mul_ln703_10 = mul i14 %zext_ln703_21, 25" [firmware/nnet_utils/nnet_dense_latency.h:42->firmware/nnet_utils/nnet_conv_stream.h:294->firmware/nnet_utils/nnet_conv2d_stream.h:87->firmware/nnet_utils/nnet_conv2d_stream.h:103]   --->   Operation 105 'mul' 'mul_ln703_10' <Predicate = (!icmp_ln79 & and_ln289_2)> <Delay = 4.17> <Core = "Mul">   --->   Core 16 'Mul' <Latency = 0> <II = 1> <Delay = 4.17> <FuncUnit> <Opcode : 'mul'> <InPorts = 2> <OutPorts = 1>

State 8 <SV = 7> <Delay = 4.17>
ST_8 : Operation 106 [1/1] (0.00ns)   --->   "%shl_ln703_1 = call i13 @_ssdm_op_BitConcatenate.i13.i8.i5(i8 %kernel_data_V_2_2_load, i5 0)" [firmware/nnet_utils/nnet_dense_latency.h:42->firmware/nnet_utils/nnet_conv_stream.h:294->firmware/nnet_utils/nnet_conv2d_stream.h:87->firmware/nnet_utils/nnet_conv2d_stream.h:103]   --->   Operation 106 'bitconcatenate' 'shl_ln703_1' <Predicate = (!icmp_ln79 & and_ln289_2)> <Delay = 0.00>
ST_8 : Operation 107 [1/1] (0.00ns)   --->   "%zext_ln703_5 = zext i13 %shl_ln703_1 to i14" [firmware/nnet_utils/nnet_dense_latency.h:42->firmware/nnet_utils/nnet_conv_stream.h:294->firmware/nnet_utils/nnet_conv2d_stream.h:87->firmware/nnet_utils/nnet_conv2d_stream.h:103]   --->   Operation 107 'zext' 'zext_ln703_5' <Predicate = (!icmp_ln79 & and_ln289_2)> <Delay = 0.00>
ST_8 : Operation 108 [1/1] (0.00ns)   --->   "%shl_ln703_2 = call i10 @_ssdm_op_BitConcatenate.i10.i8.i2(i8 %kernel_data_V_2_2_load, i2 0)" [firmware/nnet_utils/nnet_dense_latency.h:42->firmware/nnet_utils/nnet_conv_stream.h:294->firmware/nnet_utils/nnet_conv2d_stream.h:87->firmware/nnet_utils/nnet_conv2d_stream.h:103]   --->   Operation 108 'bitconcatenate' 'shl_ln703_2' <Predicate = (!icmp_ln79 & and_ln289_2)> <Delay = 0.00>
ST_8 : Operation 109 [1/1] (0.00ns)   --->   "%zext_ln703_6 = zext i10 %shl_ln703_2 to i14" [firmware/nnet_utils/nnet_dense_latency.h:42->firmware/nnet_utils/nnet_conv_stream.h:294->firmware/nnet_utils/nnet_conv2d_stream.h:87->firmware/nnet_utils/nnet_conv2d_stream.h:103]   --->   Operation 109 'zext' 'zext_ln703_6' <Predicate = (!icmp_ln79 & and_ln289_2)> <Delay = 0.00>
ST_8 : Operation 110 [1/1] (1.67ns)   --->   "%sub_ln703 = sub i14 %zext_ln703_5, %zext_ln703_6" [firmware/nnet_utils/nnet_dense_latency.h:42->firmware/nnet_utils/nnet_conv_stream.h:294->firmware/nnet_utils/nnet_conv2d_stream.h:87->firmware/nnet_utils/nnet_conv2d_stream.h:103]   --->   Operation 110 'sub' 'sub_ln703' <Predicate = (!icmp_ln79 & and_ln289_2)> <Delay = 1.67> <Core = "AddSub">   --->   Core 14 'AddSub' <Latency = 0> <II = 1> <Delay = 2.55> <FuncUnit> <Opcode : 'add' 'sub'> <InPorts = 2> <OutPorts = 1>
ST_8 : Operation 111 [1/1] (0.00ns)   --->   "%sext_ln703 = sext i14 %sub_ln703 to i15" [firmware/nnet_utils/nnet_dense_latency.h:42->firmware/nnet_utils/nnet_conv_stream.h:294->firmware/nnet_utils/nnet_conv2d_stream.h:87->firmware/nnet_utils/nnet_conv2d_stream.h:103]   --->   Operation 111 'sext' 'sext_ln703' <Predicate = (!icmp_ln79 & and_ln289_2)> <Delay = 0.00>
ST_8 : Operation 112 [1/1] (0.00ns)   --->   "%shl_ln703_4 = call i12 @_ssdm_op_BitConcatenate.i12.i8.i4(i8 %kernel_data_V_2_5_load, i4 0)" [firmware/nnet_utils/nnet_dense_latency.h:42->firmware/nnet_utils/nnet_conv_stream.h:294->firmware/nnet_utils/nnet_conv2d_stream.h:87->firmware/nnet_utils/nnet_conv2d_stream.h:103]   --->   Operation 112 'bitconcatenate' 'shl_ln703_4' <Predicate = (!icmp_ln79 & and_ln289_2)> <Delay = 0.00>
ST_8 : Operation 113 [1/1] (0.00ns)   --->   "%zext_ln703_13 = zext i12 %shl_ln703_4 to i13" [firmware/nnet_utils/nnet_dense_latency.h:42->firmware/nnet_utils/nnet_conv_stream.h:294->firmware/nnet_utils/nnet_conv2d_stream.h:87->firmware/nnet_utils/nnet_conv2d_stream.h:103]   --->   Operation 113 'zext' 'zext_ln703_13' <Predicate = (!icmp_ln79 & and_ln289_2)> <Delay = 0.00>
ST_8 : Operation 114 [1/1] (1.54ns)   --->   "%sub_ln703_3 = sub i13 0, %zext_ln703_13" [firmware/nnet_utils/nnet_dense_latency.h:42->firmware/nnet_utils/nnet_conv_stream.h:294->firmware/nnet_utils/nnet_conv2d_stream.h:87->firmware/nnet_utils/nnet_conv2d_stream.h:103]   --->   Operation 114 'sub' 'sub_ln703_3' <Predicate = (!icmp_ln79 & and_ln289_2)> <Delay = 1.54> <Core = "AddSub">   --->   Core 14 'AddSub' <Latency = 0> <II = 1> <Delay = 2.55> <FuncUnit> <Opcode : 'add' 'sub'> <InPorts = 2> <OutPorts = 1>
ST_8 : Operation 115 [1/1] (0.00ns)   --->   "%sext_ln703_9 = sext i13 %sub_ln703_3 to i14" [firmware/nnet_utils/nnet_dense_latency.h:42->firmware/nnet_utils/nnet_conv_stream.h:294->firmware/nnet_utils/nnet_conv2d_stream.h:87->firmware/nnet_utils/nnet_conv2d_stream.h:103]   --->   Operation 115 'sext' 'sext_ln703_9' <Predicate = (!icmp_ln79 & and_ln289_2)> <Delay = 0.00>
ST_8 : Operation 116 [1/1] (0.00ns)   --->   "%shl_ln703_5 = call i10 @_ssdm_op_BitConcatenate.i10.i8.i2(i8 %kernel_data_V_2_5_load, i2 0)" [firmware/nnet_utils/nnet_dense_latency.h:42->firmware/nnet_utils/nnet_conv_stream.h:294->firmware/nnet_utils/nnet_conv2d_stream.h:87->firmware/nnet_utils/nnet_conv2d_stream.h:103]   --->   Operation 116 'bitconcatenate' 'shl_ln703_5' <Predicate = (!icmp_ln79 & and_ln289_2)> <Delay = 0.00>
ST_8 : Operation 117 [1/1] (0.00ns)   --->   "%zext_ln703_14 = zext i10 %shl_ln703_5 to i14" [firmware/nnet_utils/nnet_dense_latency.h:42->firmware/nnet_utils/nnet_conv_stream.h:294->firmware/nnet_utils/nnet_conv2d_stream.h:87->firmware/nnet_utils/nnet_conv2d_stream.h:103]   --->   Operation 117 'zext' 'zext_ln703_14' <Predicate = (!icmp_ln79 & and_ln289_2)> <Delay = 0.00>
ST_8 : Operation 118 [1/1] (1.67ns)   --->   "%sub_ln703_4 = sub i14 %sext_ln703_9, %zext_ln703_14" [firmware/nnet_utils/nnet_dense_latency.h:42->firmware/nnet_utils/nnet_conv_stream.h:294->firmware/nnet_utils/nnet_conv2d_stream.h:87->firmware/nnet_utils/nnet_conv2d_stream.h:103]   --->   Operation 118 'sub' 'sub_ln703_4' <Predicate = (!icmp_ln79 & and_ln289_2)> <Delay = 1.67> <Core = "AddSub">   --->   Core 14 'AddSub' <Latency = 0> <II = 1> <Delay = 2.55> <FuncUnit> <Opcode : 'add' 'sub'> <InPorts = 2> <OutPorts = 1>
ST_8 : Operation 119 [1/1] (0.00ns)   --->   "%zext_ln703_16 = zext i8 %DataOut_V_75 to i14" [firmware/nnet_utils/nnet_dense_latency.h:42->firmware/nnet_utils/nnet_conv_stream.h:294->firmware/nnet_utils/nnet_conv2d_stream.h:87->firmware/nnet_utils/nnet_conv2d_stream.h:103]   --->   Operation 119 'zext' 'zext_ln703_16' <Predicate = (!icmp_ln79 & and_ln289_2)> <Delay = 0.00>
ST_8 : Operation 120 [1/1] (4.17ns)   --->   "%mul_ln703_7 = mul i14 %zext_ln703_16, -21" [firmware/nnet_utils/nnet_dense_latency.h:42->firmware/nnet_utils/nnet_conv_stream.h:294->firmware/nnet_utils/nnet_conv2d_stream.h:87->firmware/nnet_utils/nnet_conv2d_stream.h:103]   --->   Operation 120 'mul' 'mul_ln703_7' <Predicate = (!icmp_ln79 & and_ln289_2)> <Delay = 4.17> <Core = "Mul">   --->   Core 16 'Mul' <Latency = 0> <II = 1> <Delay = 4.17> <FuncUnit> <Opcode : 'mul'> <InPorts = 2> <OutPorts = 1>
ST_8 : Operation 121 [1/1] (0.00ns)   --->   "%zext_ln703_17 = zext i8 %kernel_data_V_2_7_load to i14" [firmware/nnet_utils/nnet_dense_latency.h:42->firmware/nnet_utils/nnet_conv_stream.h:294->firmware/nnet_utils/nnet_conv2d_stream.h:87->firmware/nnet_utils/nnet_conv2d_stream.h:103]   --->   Operation 121 'zext' 'zext_ln703_17' <Predicate = (!icmp_ln79 & and_ln289_2)> <Delay = 0.00>
ST_8 : Operation 122 [1/1] (0.00ns)   --->   "%shl_ln703_6 = call i13 @_ssdm_op_BitConcatenate.i13.i8.i5(i8 %kernel_data_V_2_7_load, i5 0)" [firmware/nnet_utils/nnet_dense_latency.h:42->firmware/nnet_utils/nnet_conv_stream.h:294->firmware/nnet_utils/nnet_conv2d_stream.h:87->firmware/nnet_utils/nnet_conv2d_stream.h:103]   --->   Operation 122 'bitconcatenate' 'shl_ln703_6' <Predicate = (!icmp_ln79 & and_ln289_2)> <Delay = 0.00>
ST_8 : Operation 123 [1/1] (0.00ns)   --->   "%zext_ln703_18 = zext i13 %shl_ln703_6 to i14" [firmware/nnet_utils/nnet_dense_latency.h:42->firmware/nnet_utils/nnet_conv_stream.h:294->firmware/nnet_utils/nnet_conv2d_stream.h:87->firmware/nnet_utils/nnet_conv2d_stream.h:103]   --->   Operation 123 'zext' 'zext_ln703_18' <Predicate = (!icmp_ln79 & and_ln289_2)> <Delay = 0.00>
ST_8 : Operation 124 [1/1] (0.00ns)   --->   "%shl_ln703_7 = call i11 @_ssdm_op_BitConcatenate.i11.i8.i3(i8 %kernel_data_V_2_7_load, i3 0)" [firmware/nnet_utils/nnet_dense_latency.h:42->firmware/nnet_utils/nnet_conv_stream.h:294->firmware/nnet_utils/nnet_conv2d_stream.h:87->firmware/nnet_utils/nnet_conv2d_stream.h:103]   --->   Operation 124 'bitconcatenate' 'shl_ln703_7' <Predicate = (!icmp_ln79 & and_ln289_2)> <Delay = 0.00>
ST_8 : Operation 125 [1/1] (0.00ns)   --->   "%zext_ln703_19 = zext i11 %shl_ln703_7 to i14" [firmware/nnet_utils/nnet_dense_latency.h:42->firmware/nnet_utils/nnet_conv_stream.h:294->firmware/nnet_utils/nnet_conv2d_stream.h:87->firmware/nnet_utils/nnet_conv2d_stream.h:103]   --->   Operation 125 'zext' 'zext_ln703_19' <Predicate = (!icmp_ln79 & and_ln289_2)> <Delay = 0.00>
ST_8 : Operation 126 [1/1] (1.67ns)   --->   "%add_ln703_398 = add i14 %zext_ln703_19, %zext_ln703_18" [firmware/nnet_utils/nnet_dense_latency.h:42->firmware/nnet_utils/nnet_conv_stream.h:294->firmware/nnet_utils/nnet_conv2d_stream.h:87->firmware/nnet_utils/nnet_conv2d_stream.h:103]   --->   Operation 126 'add' 'add_ln703_398' <Predicate = (!icmp_ln79 & and_ln289_2)> <Delay = 1.67> <Core = "AddSub">   --->   Core 14 'AddSub' <Latency = 0> <II = 1> <Delay = 2.55> <FuncUnit> <Opcode : 'add' 'sub'> <InPorts = 2> <OutPorts = 1>
ST_8 : Operation 127 [1/1] (1.67ns)   --->   "%sub_ln703_5 = sub i14 %zext_ln703_18, %zext_ln703_17" [firmware/nnet_utils/nnet_dense_latency.h:42->firmware/nnet_utils/nnet_conv_stream.h:294->firmware/nnet_utils/nnet_conv2d_stream.h:87->firmware/nnet_utils/nnet_conv2d_stream.h:103]   --->   Operation 127 'sub' 'sub_ln703_5' <Predicate = (!icmp_ln79 & and_ln289_2)> <Delay = 1.67> <Core = "AddSub">   --->   Core 14 'AddSub' <Latency = 0> <II = 1> <Delay = 2.55> <FuncUnit> <Opcode : 'add' 'sub'> <InPorts = 2> <OutPorts = 1>
ST_8 : Operation 128 [1/1] (0.00ns)   --->   "%sext_ln703_12 = sext i14 %sub_ln703_5 to i15" [firmware/nnet_utils/nnet_dense_latency.h:42->firmware/nnet_utils/nnet_conv_stream.h:294->firmware/nnet_utils/nnet_conv2d_stream.h:87->firmware/nnet_utils/nnet_conv2d_stream.h:103]   --->   Operation 128 'sext' 'sext_ln703_12' <Predicate = (!icmp_ln79 & and_ln289_2)> <Delay = 0.00>
ST_8 : Operation 129 [1/1] (0.00ns)   --->   "%zext_ln703_23 = zext i14 %mul_ln703_10 to i15" [firmware/nnet_utils/nnet_dense_latency.h:42->firmware/nnet_utils/nnet_conv_stream.h:294->firmware/nnet_utils/nnet_conv2d_stream.h:87->firmware/nnet_utils/nnet_conv2d_stream.h:103]   --->   Operation 129 'zext' 'zext_ln703_23' <Predicate = (!icmp_ln79 & and_ln289_2)> <Delay = 0.00>
ST_8 : Operation 130 [1/1] (1.94ns)   --->   "%add_ln703_409 = add i15 %sext_ln703, -8327" [firmware/nnet_utils/nnet_dense_latency.h:58->firmware/nnet_utils/nnet_conv_stream.h:294->firmware/nnet_utils/nnet_conv2d_stream.h:87->firmware/nnet_utils/nnet_conv2d_stream.h:103]   --->   Operation 130 'add' 'add_ln703_409' <Predicate = (!icmp_ln79 & and_ln289_2)> <Delay = 1.94> <Core = "AddSub">   --->   Core 14 'AddSub' <Latency = 0> <II = 1> <Delay = 2.55> <FuncUnit> <Opcode : 'add' 'sub'> <InPorts = 2> <OutPorts = 1>
ST_8 : Operation 131 [1/1] (1.81ns)   --->   "%add_ln703_410 = add i15 %zext_ln703_23, %sext_ln703_12" [firmware/nnet_utils/nnet_dense_latency.h:58->firmware/nnet_utils/nnet_conv_stream.h:294->firmware/nnet_utils/nnet_conv2d_stream.h:87->firmware/nnet_utils/nnet_conv2d_stream.h:103]   --->   Operation 131 'add' 'add_ln703_410' <Predicate = (!icmp_ln79 & and_ln289_2)> <Delay = 1.81> <Core = "AddSub">   --->   Core 14 'AddSub' <Latency = 0> <II = 1> <Delay = 2.55> <FuncUnit> <Opcode : 'add' 'sub'> <InPorts = 2> <OutPorts = 1>

State 9 <SV = 8> <Delay = 4.17>
ST_9 : Operation 132 [1/1] (0.00ns)   --->   "%sext_ln703_47 = sext i14 %mul_ln703_5 to i15" [firmware/nnet_utils/nnet_dense_latency.h:42->firmware/nnet_utils/nnet_conv_stream.h:294->firmware/nnet_utils/nnet_conv2d_stream.h:87->firmware/nnet_utils/nnet_conv2d_stream.h:103]   --->   Operation 132 'sext' 'sext_ln703_47' <Predicate = (!icmp_ln79 & and_ln289_2)> <Delay = 0.00>
ST_9 : Operation 133 [1/1] (0.00ns)   --->   "%sext_ln703_10 = sext i14 %sub_ln703_4 to i15" [firmware/nnet_utils/nnet_dense_latency.h:42->firmware/nnet_utils/nnet_conv_stream.h:294->firmware/nnet_utils/nnet_conv2d_stream.h:87->firmware/nnet_utils/nnet_conv2d_stream.h:103]   --->   Operation 133 'sext' 'sext_ln703_10' <Predicate = (!icmp_ln79 & and_ln289_2)> <Delay = 0.00>
ST_9 : Operation 134 [1/1] (0.00ns)   --->   "%zext_ln703_15 = zext i8 %DataOut_V_75 to i16" [firmware/nnet_utils/nnet_dense_latency.h:42->firmware/nnet_utils/nnet_conv_stream.h:294->firmware/nnet_utils/nnet_conv2d_stream.h:87->firmware/nnet_utils/nnet_conv2d_stream.h:103]   --->   Operation 134 'zext' 'zext_ln703_15' <Predicate = (!icmp_ln79 & and_ln289_2)> <Delay = 0.00>
ST_9 : Operation 135 [1/1] (0.00ns)   --->   "%sext_ln703_48 = sext i14 %mul_ln703_7 to i15" [firmware/nnet_utils/nnet_dense_latency.h:42->firmware/nnet_utils/nnet_conv_stream.h:294->firmware/nnet_utils/nnet_conv2d_stream.h:87->firmware/nnet_utils/nnet_conv2d_stream.h:103]   --->   Operation 135 'sext' 'sext_ln703_48' <Predicate = (!icmp_ln79 & and_ln289_2)> <Delay = 0.00>
ST_9 : Operation 136 [1/1] (4.17ns)   --->   "%mul_ln703_8 = mul i16 %zext_ln703_15, 116" [firmware/nnet_utils/nnet_dense_latency.h:42->firmware/nnet_utils/nnet_conv_stream.h:294->firmware/nnet_utils/nnet_conv2d_stream.h:87->firmware/nnet_utils/nnet_conv2d_stream.h:103]   --->   Operation 136 'mul' 'mul_ln703_8' <Predicate = (!icmp_ln79 & and_ln289_2)> <Delay = 4.17> <Core = "Mul">   --->   Core 16 'Mul' <Latency = 0> <II = 1> <Delay = 4.17> <FuncUnit> <Opcode : 'mul'> <InPorts = 2> <OutPorts = 1>
ST_9 : Operation 137 [1/1] (1.81ns)   --->   "%add_ln703_404 = add i15 %sext_ln703_48, %sext_ln703_47" [firmware/nnet_utils/nnet_dense_latency.h:58->firmware/nnet_utils/nnet_conv_stream.h:294->firmware/nnet_utils/nnet_conv2d_stream.h:87->firmware/nnet_utils/nnet_conv2d_stream.h:103]   --->   Operation 137 'add' 'add_ln703_404' <Predicate = (!icmp_ln79 & and_ln289_2)> <Delay = 1.81> <Core = "AddSub">   --->   Core 14 'AddSub' <Latency = 0> <II = 1> <Delay = 2.55> <FuncUnit> <Opcode : 'add' 'sub'> <InPorts = 2> <OutPorts = 1>
ST_9 : Operation 138 [1/1] (0.00ns) (grouped into TernaryAdder)   --->   "%add_ln703_411 = add i15 %sext_ln703_10, %add_ln703_410" [firmware/nnet_utils/nnet_dense_latency.h:58->firmware/nnet_utils/nnet_conv_stream.h:294->firmware/nnet_utils/nnet_conv2d_stream.h:87->firmware/nnet_utils/nnet_conv2d_stream.h:103]   --->   Operation 138 'add' 'add_ln703_411' <Predicate = (!icmp_ln79 & and_ln289_2)> <Delay = 0.00> <Core = "TAddSub">   --->   Core 83 'TAddSub' <Latency = 0> <II = 1> <Delay = 1.95> <IPBlock> <Opcode : 'add' 'sub'> <InPorts = 3> <OutPorts = 1> <Sync> <CReg>
ST_9 : Operation 139 [1/1] (3.87ns) (root node of TernaryAdder)   --->   "%tmp_data_1_V = add i15 %add_ln703_409, %add_ln703_411" [firmware/nnet_utils/nnet_dense_latency.h:58->firmware/nnet_utils/nnet_conv_stream.h:294->firmware/nnet_utils/nnet_conv2d_stream.h:87->firmware/nnet_utils/nnet_conv2d_stream.h:103]   --->   Operation 139 'add' 'tmp_data_1_V' <Predicate = (!icmp_ln79 & and_ln289_2)> <Delay = 3.87> <Core = "TAddSub">   --->   Core 83 'TAddSub' <Latency = 0> <II = 1> <Delay = 1.95> <IPBlock> <Opcode : 'add' 'sub'> <InPorts = 3> <OutPorts = 1> <Sync> <CReg>

State 10 <SV = 9> <Delay = 4.17>
ST_10 : Operation 140 [1/1] (0.00ns)   --->   "%zext_ln703_24 = zext i8 %tmp_data_0_V to i15" [firmware/nnet_utils/nnet_dense_latency.h:42->firmware/nnet_utils/nnet_conv_stream.h:294->firmware/nnet_utils/nnet_conv2d_stream.h:87->firmware/nnet_utils/nnet_conv2d_stream.h:103]   --->   Operation 140 'zext' 'zext_ln703_24' <Predicate = (!icmp_ln79 & and_ln289_2)> <Delay = 0.00>
ST_10 : Operation 141 [1/1] (4.17ns)   --->   "%mul_ln703_11 = mul i15 %zext_ln703_24, -42" [firmware/nnet_utils/nnet_dense_latency.h:42->firmware/nnet_utils/nnet_conv_stream.h:294->firmware/nnet_utils/nnet_conv2d_stream.h:87->firmware/nnet_utils/nnet_conv2d_stream.h:103]   --->   Operation 141 'mul' 'mul_ln703_11' <Predicate = (!icmp_ln79 & and_ln289_2)> <Delay = 4.17> <Core = "Mul">   --->   Core 16 'Mul' <Latency = 0> <II = 1> <Delay = 4.17> <FuncUnit> <Opcode : 'mul'> <InPorts = 2> <OutPorts = 1>
ST_10 : Operation 142 [1/1] (2.07ns)   --->   "%add_ln703_407 = add i16 %mul_ln703_8, %mul_ln703_6" [firmware/nnet_utils/nnet_dense_latency.h:58->firmware/nnet_utils/nnet_conv_stream.h:294->firmware/nnet_utils/nnet_conv2d_stream.h:87->firmware/nnet_utils/nnet_conv2d_stream.h:103]   --->   Operation 142 'add' 'add_ln703_407' <Predicate = (!icmp_ln79 & and_ln289_2)> <Delay = 2.07> <Core = "AddSub">   --->   Core 14 'AddSub' <Latency = 0> <II = 1> <Delay = 2.55> <FuncUnit> <Opcode : 'add' 'sub'> <InPorts = 2> <OutPorts = 1>

State 11 <SV = 10> <Delay = 4.17>
ST_11 : Operation 143 [1/1] (0.00ns)   --->   "%zext_ln703_8 = zext i8 %DataOut_V to i15" [firmware/nnet_utils/nnet_dense_latency.h:42->firmware/nnet_utils/nnet_conv_stream.h:294->firmware/nnet_utils/nnet_conv2d_stream.h:87->firmware/nnet_utils/nnet_conv2d_stream.h:103]   --->   Operation 143 'zext' 'zext_ln703_8' <Predicate = (!icmp_ln79 & and_ln289_2)> <Delay = 0.00>
ST_11 : Operation 144 [1/1] (4.17ns)   --->   "%mul_ln703_2 = mul i15 %zext_ln703_8, 45" [firmware/nnet_utils/nnet_dense_latency.h:42->firmware/nnet_utils/nnet_conv_stream.h:294->firmware/nnet_utils/nnet_conv2d_stream.h:87->firmware/nnet_utils/nnet_conv2d_stream.h:103]   --->   Operation 144 'mul' 'mul_ln703_2' <Predicate = (!icmp_ln79 & and_ln289_2)> <Delay = 4.17> <Core = "Mul">   --->   Core 16 'Mul' <Latency = 0> <II = 1> <Delay = 4.17> <FuncUnit> <Opcode : 'mul'> <InPorts = 2> <OutPorts = 1>
ST_11 : Operation 145 [1/1] (0.00ns)   --->   "%shl_ln703_3 = call i13 @_ssdm_op_BitConcatenate.i13.i8.i5(i8 %DataOut_V, i5 0)" [firmware/nnet_utils/nnet_dense_latency.h:42->firmware/nnet_utils/nnet_conv_stream.h:294->firmware/nnet_utils/nnet_conv2d_stream.h:87->firmware/nnet_utils/nnet_conv2d_stream.h:103]   --->   Operation 145 'bitconcatenate' 'shl_ln703_3' <Predicate = (!icmp_ln79 & and_ln289_2)> <Delay = 0.00>
ST_11 : Operation 146 [1/1] (0.00ns)   --->   "%zext_ln703_9 = zext i13 %shl_ln703_3 to i14" [firmware/nnet_utils/nnet_dense_latency.h:42->firmware/nnet_utils/nnet_conv_stream.h:294->firmware/nnet_utils/nnet_conv2d_stream.h:87->firmware/nnet_utils/nnet_conv2d_stream.h:103]   --->   Operation 146 'zext' 'zext_ln703_9' <Predicate = (!icmp_ln79 & and_ln289_2)> <Delay = 0.00>
ST_11 : Operation 147 [1/1] (1.67ns)   --->   "%sub_ln703_1 = sub i14 0, %zext_ln703_9" [firmware/nnet_utils/nnet_dense_latency.h:42->firmware/nnet_utils/nnet_conv_stream.h:294->firmware/nnet_utils/nnet_conv2d_stream.h:87->firmware/nnet_utils/nnet_conv2d_stream.h:103]   --->   Operation 147 'sub' 'sub_ln703_1' <Predicate = (!icmp_ln79 & and_ln289_2)> <Delay = 1.67> <Core = "AddSub">   --->   Core 14 'AddSub' <Latency = 0> <II = 1> <Delay = 2.55> <FuncUnit> <Opcode : 'add' 'sub'> <InPorts = 2> <OutPorts = 1>
ST_11 : Operation 148 [1/1] (0.00ns)   --->   "%sext_ln703_5 = sext i14 %sub_ln703_1 to i15" [firmware/nnet_utils/nnet_dense_latency.h:42->firmware/nnet_utils/nnet_conv_stream.h:294->firmware/nnet_utils/nnet_conv2d_stream.h:87->firmware/nnet_utils/nnet_conv2d_stream.h:103]   --->   Operation 148 'sext' 'sext_ln703_5' <Predicate = (!icmp_ln79 & and_ln289_2)> <Delay = 0.00>
ST_11 : Operation 149 [1/1] (1.81ns)   --->   "%sub_ln703_2 = sub i15 %sext_ln703_5, %zext_ln703_8" [firmware/nnet_utils/nnet_dense_latency.h:42->firmware/nnet_utils/nnet_conv_stream.h:294->firmware/nnet_utils/nnet_conv2d_stream.h:87->firmware/nnet_utils/nnet_conv2d_stream.h:103]   --->   Operation 149 'sub' 'sub_ln703_2' <Predicate = (!icmp_ln79 & and_ln289_2)> <Delay = 1.81> <Core = "AddSub">   --->   Core 14 'AddSub' <Latency = 0> <II = 1> <Delay = 2.55> <FuncUnit> <Opcode : 'add' 'sub'> <InPorts = 2> <OutPorts = 1>
ST_11 : Operation 150 [1/1] (0.00ns)   --->   "%zext_ln703_20 = zext i14 %add_ln703_398 to i15" [firmware/nnet_utils/nnet_dense_latency.h:42->firmware/nnet_utils/nnet_conv_stream.h:294->firmware/nnet_utils/nnet_conv2d_stream.h:87->firmware/nnet_utils/nnet_conv2d_stream.h:103]   --->   Operation 150 'zext' 'zext_ln703_20' <Predicate = (!icmp_ln79 & and_ln289_2)> <Delay = 0.00>
ST_11 : Operation 151 [1/1] (1.94ns)   --->   "%add_ln703_414 = add i15 %zext_ln703_20, %mul_ln703_11" [firmware/nnet_utils/nnet_dense_latency.h:58->firmware/nnet_utils/nnet_conv_stream.h:294->firmware/nnet_utils/nnet_conv2d_stream.h:87->firmware/nnet_utils/nnet_conv2d_stream.h:103]   --->   Operation 151 'add' 'add_ln703_414' <Predicate = (!icmp_ln79 & and_ln289_2)> <Delay = 1.94> <Core = "AddSub">   --->   Core 14 'AddSub' <Latency = 0> <II = 1> <Delay = 2.55> <FuncUnit> <Opcode : 'add' 'sub'> <InPorts = 2> <OutPorts = 1>

State 12 <SV = 11> <Delay = 4.17>
ST_12 : Operation 152 [1/1] (0.00ns)   --->   "%sext_ln703_6 = sext i15 %sub_ln703_2 to i16" [firmware/nnet_utils/nnet_dense_latency.h:42->firmware/nnet_utils/nnet_conv_stream.h:294->firmware/nnet_utils/nnet_conv2d_stream.h:87->firmware/nnet_utils/nnet_conv2d_stream.h:103]   --->   Operation 152 'sext' 'sext_ln703_6' <Predicate = (!icmp_ln79 & and_ln289_2)> <Delay = 0.00>
ST_12 : Operation 153 [1/1] (0.00ns)   --->   "%sext_ln703_7 = sext i15 %mul_ln703_4 to i16" [firmware/nnet_utils/nnet_dense_latency.h:42->firmware/nnet_utils/nnet_conv_stream.h:294->firmware/nnet_utils/nnet_conv2d_stream.h:87->firmware/nnet_utils/nnet_conv2d_stream.h:103]   --->   Operation 153 'sext' 'sext_ln703_7' <Predicate = (!icmp_ln79 & and_ln289_2)> <Delay = 0.00>
ST_12 : Operation 154 [1/1] (0.00ns)   --->   "%zext_ln703_22 = zext i8 %kernel_data_V_2_8_load to i15" [firmware/nnet_utils/nnet_dense_latency.h:42->firmware/nnet_utils/nnet_conv_stream.h:294->firmware/nnet_utils/nnet_conv2d_stream.h:87->firmware/nnet_utils/nnet_conv2d_stream.h:103]   --->   Operation 154 'zext' 'zext_ln703_22' <Predicate = (!icmp_ln79 & and_ln289_2)> <Delay = 0.00>
ST_12 : Operation 155 [1/1] (4.17ns)   --->   "%mul_ln703_9 = mul i15 %zext_ln703_22, -51" [firmware/nnet_utils/nnet_dense_latency.h:42->firmware/nnet_utils/nnet_conv_stream.h:294->firmware/nnet_utils/nnet_conv2d_stream.h:87->firmware/nnet_utils/nnet_conv2d_stream.h:103]   --->   Operation 155 'mul' 'mul_ln703_9' <Predicate = (!icmp_ln79 & and_ln289_2)> <Delay = 4.17> <Core = "Mul">   --->   Core 16 'Mul' <Latency = 0> <II = 1> <Delay = 4.17> <FuncUnit> <Opcode : 'mul'> <InPorts = 2> <OutPorts = 1>
ST_12 : Operation 156 [1/1] (0.00ns)   --->   "%zext_ln703_25 = zext i15 %add_ln703_400 to i16" [firmware/nnet_utils/nnet_dense_latency.h:58->firmware/nnet_utils/nnet_conv_stream.h:294->firmware/nnet_utils/nnet_conv2d_stream.h:87->firmware/nnet_utils/nnet_conv2d_stream.h:103]   --->   Operation 156 'zext' 'zext_ln703_25' <Predicate = (!icmp_ln79 & and_ln289_2)> <Delay = 0.00>
ST_12 : Operation 157 [1/1] (1.94ns)   --->   "%add_ln703_402 = add i15 %mul_ln703_2, 8301" [firmware/nnet_utils/nnet_dense_latency.h:58->firmware/nnet_utils/nnet_conv_stream.h:294->firmware/nnet_utils/nnet_conv2d_stream.h:87->firmware/nnet_utils/nnet_conv2d_stream.h:103]   --->   Operation 157 'add' 'add_ln703_402' <Predicate = (!icmp_ln79 & and_ln289_2)> <Delay = 1.94> <Core = "AddSub">   --->   Core 14 'AddSub' <Latency = 0> <II = 1> <Delay = 2.55> <FuncUnit> <Opcode : 'add' 'sub'> <InPorts = 2> <OutPorts = 1>
ST_12 : Operation 158 [1/1] (0.00ns)   --->   "%zext_ln703_26 = zext i15 %add_ln703_402 to i16" [firmware/nnet_utils/nnet_dense_latency.h:58->firmware/nnet_utils/nnet_conv_stream.h:294->firmware/nnet_utils/nnet_conv2d_stream.h:87->firmware/nnet_utils/nnet_conv2d_stream.h:103]   --->   Operation 158 'zext' 'zext_ln703_26' <Predicate = (!icmp_ln79 & and_ln289_2)> <Delay = 0.00>
ST_12 : Operation 159 [1/1] (0.00ns) (grouped into TernaryAdder)   --->   "%add_ln703_403 = add i16 %zext_ln703_25, %sext_ln703_6" [firmware/nnet_utils/nnet_dense_latency.h:58->firmware/nnet_utils/nnet_conv_stream.h:294->firmware/nnet_utils/nnet_conv2d_stream.h:87->firmware/nnet_utils/nnet_conv2d_stream.h:103]   --->   Operation 159 'add' 'add_ln703_403' <Predicate = (!icmp_ln79 & and_ln289_2)> <Delay = 0.00> <Core = "TAddSub">   --->   Core 83 'TAddSub' <Latency = 0> <II = 1> <Delay = 1.95> <IPBlock> <Opcode : 'add' 'sub'> <InPorts = 3> <OutPorts = 1> <Sync> <CReg>
ST_12 : Operation 160 [1/1] (0.00ns)   --->   "%sext_ln703_49 = sext i15 %add_ln703_404 to i16" [firmware/nnet_utils/nnet_dense_latency.h:58->firmware/nnet_utils/nnet_conv_stream.h:294->firmware/nnet_utils/nnet_conv2d_stream.h:87->firmware/nnet_utils/nnet_conv2d_stream.h:103]   --->   Operation 160 'sext' 'sext_ln703_49' <Predicate = (!icmp_ln79 & and_ln289_2)> <Delay = 0.00>
ST_12 : Operation 161 [1/1] (3.90ns) (root node of TernaryAdder)   --->   "%tmp_data_2_V = add i16 %add_ln703_403, %sext_ln703_49" [firmware/nnet_utils/nnet_dense_latency.h:58->firmware/nnet_utils/nnet_conv_stream.h:294->firmware/nnet_utils/nnet_conv2d_stream.h:87->firmware/nnet_utils/nnet_conv2d_stream.h:103]   --->   Operation 161 'add' 'tmp_data_2_V' <Predicate = (!icmp_ln79 & and_ln289_2)> <Delay = 3.90> <Core = "TAddSub">   --->   Core 83 'TAddSub' <Latency = 0> <II = 1> <Delay = 1.95> <IPBlock> <Opcode : 'add' 'sub'> <InPorts = 3> <OutPorts = 1> <Sync> <CReg>
ST_12 : Operation 162 [1/1] (1.94ns)   --->   "%add_ln703_413 = add i16 %zext_ln703_26, %sext_ln703_7" [firmware/nnet_utils/nnet_dense_latency.h:58->firmware/nnet_utils/nnet_conv_stream.h:294->firmware/nnet_utils/nnet_conv2d_stream.h:87->firmware/nnet_utils/nnet_conv2d_stream.h:103]   --->   Operation 162 'add' 'add_ln703_413' <Predicate = (!icmp_ln79 & and_ln289_2)> <Delay = 1.94> <Core = "AddSub">   --->   Core 14 'AddSub' <Latency = 0> <II = 1> <Delay = 2.55> <FuncUnit> <Opcode : 'add' 'sub'> <InPorts = 2> <OutPorts = 1>

State 13 <SV = 12> <Delay = 4.35>
ST_13 : Operation 163 [1/1] (0.00ns)   --->   "%zext_ln703_7 = zext i8 %DataOut_V to i17" [firmware/nnet_utils/nnet_dense_latency.h:42->firmware/nnet_utils/nnet_conv_stream.h:294->firmware/nnet_utils/nnet_conv2d_stream.h:87->firmware/nnet_utils/nnet_conv2d_stream.h:103]   --->   Operation 163 'zext' 'zext_ln703_7' <Predicate = (!icmp_ln79 & and_ln289_2)> <Delay = 0.00>
ST_13 : Operation 164 [1/1] (4.35ns)   --->   "%mul_ln703_3 = mul i17 %zext_ln703_7, -151" [firmware/nnet_utils/nnet_dense_latency.h:42->firmware/nnet_utils/nnet_conv_stream.h:294->firmware/nnet_utils/nnet_conv2d_stream.h:87->firmware/nnet_utils/nnet_conv2d_stream.h:103]   --->   Operation 164 'mul' 'mul_ln703_3' <Predicate = (!icmp_ln79 & and_ln289_2)> <Delay = 4.35> <Core = "Mul">   --->   Core 16 'Mul' <Latency = 0> <II = 1> <Delay = 4.17> <FuncUnit> <Opcode : 'mul'> <InPorts = 2> <OutPorts = 1>
ST_13 : Operation 165 [1/1] (0.00ns)   --->   "%sext_ln703_13 = sext i15 %mul_ln703_9 to i16" [firmware/nnet_utils/nnet_dense_latency.h:42->firmware/nnet_utils/nnet_conv_stream.h:294->firmware/nnet_utils/nnet_conv2d_stream.h:87->firmware/nnet_utils/nnet_conv2d_stream.h:103]   --->   Operation 165 'sext' 'sext_ln703_13' <Predicate = (!icmp_ln79 & and_ln289_2)> <Delay = 0.00>
ST_13 : Operation 166 [1/1] (2.07ns)   --->   "%add_ln703_401 = add i16 %mul_ln703_1, 5591" [firmware/nnet_utils/nnet_dense_latency.h:58->firmware/nnet_utils/nnet_conv_stream.h:294->firmware/nnet_utils/nnet_conv2d_stream.h:87->firmware/nnet_utils/nnet_conv2d_stream.h:103]   --->   Operation 166 'add' 'add_ln703_401' <Predicate = (!icmp_ln79 & and_ln289_2)> <Delay = 2.07> <Core = "AddSub">   --->   Core 14 'AddSub' <Latency = 0> <II = 1> <Delay = 2.55> <FuncUnit> <Opcode : 'add' 'sub'> <InPorts = 2> <OutPorts = 1>
ST_13 : Operation 167 [1/1] (0.00ns)   --->   "%sext_ln703_53 = sext i15 %add_ln703_414 to i16" [firmware/nnet_utils/nnet_dense_latency.h:58->firmware/nnet_utils/nnet_conv_stream.h:294->firmware/nnet_utils/nnet_conv2d_stream.h:87->firmware/nnet_utils/nnet_conv2d_stream.h:103]   --->   Operation 167 'sext' 'sext_ln703_53' <Predicate = (!icmp_ln79 & and_ln289_2)> <Delay = 0.00>
ST_13 : Operation 168 [1/1] (0.00ns) (grouped into TernaryAdder)   --->   "%add_ln703_415 = add i16 %sext_ln703_13, %sext_ln703_53" [firmware/nnet_utils/nnet_dense_latency.h:58->firmware/nnet_utils/nnet_conv_stream.h:294->firmware/nnet_utils/nnet_conv2d_stream.h:87->firmware/nnet_utils/nnet_conv2d_stream.h:103]   --->   Operation 168 'add' 'add_ln703_415' <Predicate = (!icmp_ln79 & and_ln289_2)> <Delay = 0.00> <Core = "TAddSub">   --->   Core 83 'TAddSub' <Latency = 0> <II = 1> <Delay = 1.95> <IPBlock> <Opcode : 'add' 'sub'> <InPorts = 3> <OutPorts = 1> <Sync> <CReg>
ST_13 : Operation 169 [1/1] (3.90ns) (root node of TernaryAdder)   --->   "%tmp_data_0_V_4 = add i16 %add_ln703_413, %add_ln703_415" [firmware/nnet_utils/nnet_dense_latency.h:58->firmware/nnet_utils/nnet_conv_stream.h:294->firmware/nnet_utils/nnet_conv2d_stream.h:87->firmware/nnet_utils/nnet_conv2d_stream.h:103]   --->   Operation 169 'add' 'tmp_data_0_V_4' <Predicate = (!icmp_ln79 & and_ln289_2)> <Delay = 3.90> <Core = "TAddSub">   --->   Core 83 'TAddSub' <Latency = 0> <II = 1> <Delay = 1.95> <IPBlock> <Opcode : 'add' 'sub'> <InPorts = 3> <OutPorts = 1> <Sync> <CReg>

State 14 <SV = 13> <Delay = 3.93>
ST_14 : Operation 170 [1/1] (0.00ns)   --->   "%sext_ln703_15 = sext i16 %add_ln703_401 to i17" [firmware/nnet_utils/nnet_dense_latency.h:58->firmware/nnet_utils/nnet_conv_stream.h:294->firmware/nnet_utils/nnet_conv2d_stream.h:87->firmware/nnet_utils/nnet_conv2d_stream.h:103]   --->   Operation 170 'sext' 'sext_ln703_15' <Predicate = (!icmp_ln79 & and_ln289_2)> <Delay = 0.00>
ST_14 : Operation 171 [1/1] (0.00ns) (grouped into TernaryAdder)   --->   "%add_ln703_406 = add i17 %sext_ln703_15, %mul_ln703_3" [firmware/nnet_utils/nnet_dense_latency.h:58->firmware/nnet_utils/nnet_conv_stream.h:294->firmware/nnet_utils/nnet_conv2d_stream.h:87->firmware/nnet_utils/nnet_conv2d_stream.h:103]   --->   Operation 171 'add' 'add_ln703_406' <Predicate = (!icmp_ln79 & and_ln289_2)> <Delay = 0.00> <Core = "TAddSub">   --->   Core 83 'TAddSub' <Latency = 0> <II = 1> <Delay = 1.95> <IPBlock> <Opcode : 'add' 'sub'> <InPorts = 3> <OutPorts = 1> <Sync> <CReg>
ST_14 : Operation 172 [1/1] (0.00ns)   --->   "%zext_ln703_27 = zext i16 %add_ln703_407 to i17" [firmware/nnet_utils/nnet_dense_latency.h:58->firmware/nnet_utils/nnet_conv_stream.h:294->firmware/nnet_utils/nnet_conv2d_stream.h:87->firmware/nnet_utils/nnet_conv2d_stream.h:103]   --->   Operation 172 'zext' 'zext_ln703_27' <Predicate = (!icmp_ln79 & and_ln289_2)> <Delay = 0.00>
ST_14 : Operation 173 [1/1] (3.93ns) (root node of TernaryAdder)   --->   "%tmp_data_3_V = add i17 %add_ln703_406, %zext_ln703_27" [firmware/nnet_utils/nnet_dense_latency.h:58->firmware/nnet_utils/nnet_conv_stream.h:294->firmware/nnet_utils/nnet_conv2d_stream.h:87->firmware/nnet_utils/nnet_conv2d_stream.h:103]   --->   Operation 173 'add' 'tmp_data_3_V' <Predicate = (!icmp_ln79 & and_ln289_2)> <Delay = 3.93> <Core = "TAddSub">   --->   Core 83 'TAddSub' <Latency = 0> <II = 1> <Delay = 1.95> <IPBlock> <Opcode : 'add' 'sub'> <InPorts = 3> <OutPorts = 1> <Sync> <CReg>

State 15 <SV = 14> <Delay = 2.18>
ST_15 : Operation 174 [1/1] (0.00ns)   --->   "%tmp_2 = call i32 (...)* @_ssdm_op_SpecRegionBegin([12 x i8]* @p_str73)" [firmware/nnet_utils/nnet_conv_stream.h:289->firmware/nnet_utils/nnet_conv2d_stream.h:87->firmware/nnet_utils/nnet_conv2d_stream.h:103]   --->   Operation 174 'specregionbegin' 'tmp_2' <Predicate = (!icmp_ln79 & and_ln289_2)> <Delay = 0.00>
ST_15 : Operation 175 [1/1] (0.00ns)   --->   "call void (...)* @_ssdm_op_SpecResourceLimit(i32 1, [4 x i8]* @p_str38, [1 x i8]* @p_str17, [1 x i8]* @p_str17, [1 x i8]* @p_str17) nounwind" [firmware/nnet_utils/nnet_dense_latency.h:33->firmware/nnet_utils/nnet_conv_stream.h:294->firmware/nnet_utils/nnet_conv2d_stream.h:87->firmware/nnet_utils/nnet_conv2d_stream.h:103]   --->   Operation 175 'specresourcelimit' <Predicate = (!icmp_ln79 & and_ln289_2)> <Delay = 0.00>
ST_15 : Operation 176 [1/1] (0.00ns)   --->   "%tmp_data_2_V_4 = sext i16 %tmp_data_2_V to i20" [firmware/nnet_utils/nnet_dense_latency.h:58->firmware/nnet_utils/nnet_conv_stream.h:294->firmware/nnet_utils/nnet_conv2d_stream.h:87->firmware/nnet_utils/nnet_conv2d_stream.h:103]   --->   Operation 176 'sext' 'tmp_data_2_V_4' <Predicate = (!icmp_ln79 & and_ln289_2)> <Delay = 0.00>
ST_15 : Operation 177 [1/1] (0.00ns)   --->   "%tmp_data_3_V_3 = sext i17 %tmp_data_3_V to i20" [firmware/nnet_utils/nnet_dense_latency.h:58->firmware/nnet_utils/nnet_conv_stream.h:294->firmware/nnet_utils/nnet_conv2d_stream.h:87->firmware/nnet_utils/nnet_conv2d_stream.h:103]   --->   Operation 177 'sext' 'tmp_data_3_V_3' <Predicate = (!icmp_ln79 & and_ln289_2)> <Delay = 0.00>
ST_15 : Operation 178 [1/1] (0.00ns)   --->   "%tmp_data_1_V_4 = sext i15 %tmp_data_1_V to i20" [firmware/nnet_utils/nnet_dense_latency.h:58->firmware/nnet_utils/nnet_conv_stream.h:294->firmware/nnet_utils/nnet_conv2d_stream.h:87->firmware/nnet_utils/nnet_conv2d_stream.h:103]   --->   Operation 178 'sext' 'tmp_data_1_V_4' <Predicate = (!icmp_ln79 & and_ln289_2)> <Delay = 0.00>
ST_15 : Operation 179 [1/1] (0.00ns)   --->   "%tmp_data_0_V_5 = sext i16 %tmp_data_0_V_4 to i20" [firmware/nnet_utils/nnet_dense_latency.h:58->firmware/nnet_utils/nnet_conv_stream.h:294->firmware/nnet_utils/nnet_conv2d_stream.h:87->firmware/nnet_utils/nnet_conv2d_stream.h:103]   --->   Operation 179 'sext' 'tmp_data_0_V_5' <Predicate = (!icmp_ln79 & and_ln289_2)> <Delay = 0.00>
ST_15 : Operation 180 [1/1] (2.18ns)   --->   "call void @_ssdm_op_Write.ap_fifo.volatile.i20P.i20P.i20P.i20P(i20* %res_V_data_0_V, i20* %res_V_data_1_V, i20* %res_V_data_2_V, i20* %res_V_data_3_V, i20 %tmp_data_0_V_5, i20 %tmp_data_1_V_4, i20 %tmp_data_2_V_4, i20 %tmp_data_3_V_3)" [firmware/nnet_utils/nnet_conv_stream.h:309->firmware/nnet_utils/nnet_conv2d_stream.h:87->firmware/nnet_utils/nnet_conv2d_stream.h:103]   --->   Operation 180 'write' <Predicate = (!icmp_ln79 & and_ln289_2)> <Delay = 2.18> <Core = "FIFO">   --->   Core 32 'FIFO' <Latency = 0> <II = 1> <Delay = 3.63> <Storage> <Opcode : 'read' 'write' 'nbread' 'nbwrite'> <Ports = 0> <Width = 20> <Depth = 1> <FIFO>
ST_15 : Operation 181 [1/1] (0.00ns)   --->   "%empty = call i32 (...)* @_ssdm_op_SpecRegionEnd([12 x i8]* @p_str73, i32 %tmp_2)" [firmware/nnet_utils/nnet_conv_stream.h:310->firmware/nnet_utils/nnet_conv2d_stream.h:87->firmware/nnet_utils/nnet_conv2d_stream.h:103]   --->   Operation 181 'specregionend' 'empty' <Predicate = (!icmp_ln79 & and_ln289_2)> <Delay = 0.00>
ST_15 : Operation 182 [1/1] (0.00ns)   --->   "br label %._crit_edge22.i.i" [firmware/nnet_utils/nnet_conv_stream.h:310->firmware/nnet_utils/nnet_conv2d_stream.h:87->firmware/nnet_utils/nnet_conv2d_stream.h:103]   --->   Operation 182 'br' <Predicate = (!icmp_ln79 & and_ln289_2)> <Delay = 0.00>
ST_15 : Operation 183 [1/1] (0.00ns)   --->   "%empty_164 = call i32 (...)* @_ssdm_op_SpecRegionEnd([15 x i8]* @p_str56, i32 %tmp_s)" [firmware/nnet_utils/nnet_conv2d_stream.h:91->firmware/nnet_utils/nnet_conv2d_stream.h:103]   --->   Operation 183 'specregionend' 'empty_164' <Predicate = (!icmp_ln79)> <Delay = 0.00>
ST_15 : Operation 184 [1/1] (0.00ns)   --->   "br label %0"   --->   Operation 184 'br' <Predicate = (!icmp_ln79)> <Delay = 0.00>

State 16 <SV = 2> <Delay = 0.00>
ST_16 : Operation 185 [1/1] (0.00ns)   --->   "ret void" [firmware/nnet_utils/nnet_conv2d_stream.h:109]   --->   Operation 185 'ret' <Predicate = true> <Delay = 0.00>


============================================================
+ Verbose Summary: Timing violations
============================================================
Target clock period: 5ns, clock uncertainty: 0.625ns.

 <State 1>: 1.77ns
The critical path consists of the following:
	multiplexor before 'phi' operation ('indvar_flatten', firmware/nnet_utils/nnet_conv2d_stream.h:79->firmware/nnet_utils/nnet_conv2d_stream.h:103) with incoming values : ('add_ln79', firmware/nnet_utils/nnet_conv2d_stream.h:79->firmware/nnet_utils/nnet_conv2d_stream.h:103) [25]  (1.77 ns)

 <State 2>: 5.41ns
The critical path consists of the following:
	'load' operation ('kernel_data_V_2_2_load', firmware/nnet_utils/nnet_conv_stream.h:201->firmware/nnet_utils/nnet_conv_stream.h:252->firmware/nnet_utils/nnet_conv_stream.h:286->firmware/nnet_utils/nnet_conv2d_stream.h:87->firmware/nnet_utils/nnet_conv2d_stream.h:103) on static variable 'kernel_data_V_2_2' [44]  (0 ns)
	'mul' operation ('mul_ln703', firmware/nnet_utils/nnet_dense_latency.h:42->firmware/nnet_utils/nnet_conv_stream.h:294->firmware/nnet_utils/nnet_conv2d_stream.h:87->firmware/nnet_utils/nnet_conv2d_stream.h:103) [83]  (4.17 ns)
	blocking operation 1.24 ns on control path)

 <State 3>: 4.17ns
The critical path consists of the following:
	'mul' operation ('mul_ln703_1', firmware/nnet_utils/nnet_dense_latency.h:42->firmware/nnet_utils/nnet_conv_stream.h:294->firmware/nnet_utils/nnet_conv2d_stream.h:87->firmware/nnet_utils/nnet_conv2d_stream.h:103) [85]  (4.17 ns)

 <State 4>: 4.43ns
The critical path consists of the following:
	'icmp' operation ('icmp_ln313', firmware/nnet_utils/nnet_conv_stream.h:313->firmware/nnet_utils/nnet_conv2d_stream.h:87->firmware/nnet_utils/nnet_conv2d_stream.h:103) [166]  (2.47 ns)
	blocking operation 1.96 ns on control path)

 <State 5>: 4.17ns
The critical path consists of the following:
	'mul' operation ('mul_ln703_5', firmware/nnet_utils/nnet_dense_latency.h:42->firmware/nnet_utils/nnet_conv_stream.h:294->firmware/nnet_utils/nnet_conv2d_stream.h:87->firmware/nnet_utils/nnet_conv2d_stream.h:103) [101]  (4.17 ns)

 <State 6>: 4.17ns
The critical path consists of the following:
	'mul' operation ('mul_ln703_6', firmware/nnet_utils/nnet_dense_latency.h:42->firmware/nnet_utils/nnet_conv_stream.h:294->firmware/nnet_utils/nnet_conv2d_stream.h:87->firmware/nnet_utils/nnet_conv2d_stream.h:103) [103]  (4.17 ns)

 <State 7>: 4.17ns
The critical path consists of the following:
	'mul' operation ('mul_ln703_10', firmware/nnet_utils/nnet_dense_latency.h:42->firmware/nnet_utils/nnet_conv_stream.h:294->firmware/nnet_utils/nnet_conv2d_stream.h:87->firmware/nnet_utils/nnet_conv2d_stream.h:103) [130]  (4.17 ns)

 <State 8>: 4.17ns
The critical path consists of the following:
	'mul' operation ('mul_ln703_7', firmware/nnet_utils/nnet_dense_latency.h:42->firmware/nnet_utils/nnet_conv_stream.h:294->firmware/nnet_utils/nnet_conv2d_stream.h:87->firmware/nnet_utils/nnet_conv2d_stream.h:103) [114]  (4.17 ns)

 <State 9>: 4.17ns
The critical path consists of the following:
	'mul' operation ('mul_ln703_8', firmware/nnet_utils/nnet_dense_latency.h:42->firmware/nnet_utils/nnet_conv_stream.h:294->firmware/nnet_utils/nnet_conv2d_stream.h:87->firmware/nnet_utils/nnet_conv2d_stream.h:103) [116]  (4.17 ns)

 <State 10>: 4.17ns
The critical path consists of the following:
	'mul' operation ('mul_ln703_11', firmware/nnet_utils/nnet_dense_latency.h:42->firmware/nnet_utils/nnet_conv_stream.h:294->firmware/nnet_utils/nnet_conv2d_stream.h:87->firmware/nnet_utils/nnet_conv2d_stream.h:103) [133]  (4.17 ns)

 <State 11>: 4.17ns
The critical path consists of the following:
	'mul' operation ('mul_ln703_2', firmware/nnet_utils/nnet_dense_latency.h:42->firmware/nnet_utils/nnet_conv_stream.h:294->firmware/nnet_utils/nnet_conv2d_stream.h:87->firmware/nnet_utils/nnet_conv2d_stream.h:103) [88]  (4.17 ns)

 <State 12>: 4.17ns
The critical path consists of the following:
	'mul' operation ('mul_ln703_9', firmware/nnet_utils/nnet_dense_latency.h:42->firmware/nnet_utils/nnet_conv_stream.h:294->firmware/nnet_utils/nnet_conv2d_stream.h:87->firmware/nnet_utils/nnet_conv2d_stream.h:103) [128]  (4.17 ns)

 <State 13>: 4.35ns
The critical path consists of the following:
	'mul' operation ('mul_ln703_3', firmware/nnet_utils/nnet_dense_latency.h:42->firmware/nnet_utils/nnet_conv_stream.h:294->firmware/nnet_utils/nnet_conv2d_stream.h:87->firmware/nnet_utils/nnet_conv2d_stream.h:103) [95]  (4.35 ns)

 <State 14>: 3.93ns
The critical path consists of the following:
	'add' operation ('add_ln703_406', firmware/nnet_utils/nnet_dense_latency.h:58->firmware/nnet_utils/nnet_conv_stream.h:294->firmware/nnet_utils/nnet_conv2d_stream.h:87->firmware/nnet_utils/nnet_conv2d_stream.h:103) [146]  (0 ns)
	'add' operation ('tmp.data[3].V', firmware/nnet_utils/nnet_dense_latency.h:58->firmware/nnet_utils/nnet_conv_stream.h:294->firmware/nnet_utils/nnet_conv2d_stream.h:87->firmware/nnet_utils/nnet_conv2d_stream.h:103) [149]  (3.93 ns)

 <State 15>: 2.19ns
The critical path consists of the following:
	fifo write on port 'res_V_data_0_V' (firmware/nnet_utils/nnet_conv_stream.h:309->firmware/nnet_utils/nnet_conv2d_stream.h:87->firmware/nnet_utils/nnet_conv2d_stream.h:103) [162]  (2.19 ns)

 <State 16>: 0ns
The critical path consists of the following:


============================================================
+ Verbose Summary: Binding
============================================================
N/A
* FSMD analyzer results:
  - Output states:
 - Input state : 
  - Chain level:
	State 1
	State 2
	State 3
	State 4
	State 5
	State 6
	State 7
	State 8
	State 9
	State 10
	State 11
	State 12
	State 13
	State 14
	State 15
	State 16


============================================================
+ Verbose Summary: Datapath Resource usage 
============================================================
N/A
