

================================================================
== Vivado HLS Report for 'dense_array_ap_fixed_16u_array_ap_fixed_20_8_5_3_0_3u_config26_s'
================================================================
* Date:           Thu Dec 12 22:34:29 2019

* Version:        2019.2 (Build 2704478 on Wed Nov 06 22:10:23 MST 2019)
* Project:        myproject_prj
* Solution:       solution1
* Product family: zynq
* Target device:  xc7z020-clg400-1


================================================================
== Performance Estimates
================================================================
+ Timing: 
    * Summary: 
    +--------+---------+----------+------------+
    |  Clock |  Target | Estimated| Uncertainty|
    +--------+---------+----------+------------+
    |ap_clk  | 5.00 ns | 5.988 ns |   0.62 ns  |
    +--------+---------+----------+------------+

+ Latency: 
    * Summary: 
    +---------+---------+----------+----------+-----+-----+---------+
    |  Latency (cycles) |  Latency (absolute) |  Interval | Pipeline|
    |   min   |   max   |    min   |    max   | min | max |   Type  |
    +---------+---------+----------+----------+-----+-----+---------+
    |       54|       54| 0.323 us | 0.323 us |   54|   54|   none  |
    +---------+---------+----------+----------+-----+-----+---------+

    + Detail: 
        * Instance: 
        N/A

        * Loop: 
        N/A

============================================================
+ Verbose Summary: Synthesis Manager
============================================================
InlineROM: 1
ExposeGlobal: 0
============================================================
+ Verbose Summary: CDFG Model
============================================================
IsTopModel: 0
ResetActiveHigh: 1
IsCombinational: 2
IsDatapathOnly: 0
HasWiredReturn: 1
HasMFsm: 0
HasVarLatency: 1
IsPipeline: 0
IsRtlPipelined: 0
IsInstanceOverlapped: 0
IsDontTouch: 0
HasImplIP: 0
IsGatedGlobalClock: 0


============================================================
+ Verbose Summary: Schedule
============================================================
* Number of FSM states : 55
* Pipeline : 0
* Dataflow Pipeline: 0

* FSM state transitions: 
1 --> 2 
2 --> 3 
3 --> 4 
4 --> 5 
5 --> 6 
6 --> 7 
7 --> 8 
8 --> 9 
9 --> 10 
10 --> 11 
11 --> 12 
12 --> 13 
13 --> 14 
14 --> 15 
15 --> 16 
16 --> 17 
17 --> 18 
18 --> 19 
19 --> 20 
20 --> 21 
21 --> 22 
22 --> 23 
23 --> 24 
24 --> 25 
25 --> 26 
26 --> 27 
27 --> 28 
28 --> 29 
29 --> 30 
30 --> 31 
31 --> 32 
32 --> 33 
33 --> 34 
34 --> 35 
35 --> 36 
36 --> 37 
37 --> 38 
38 --> 39 
39 --> 40 
40 --> 41 
41 --> 42 
42 --> 43 
43 --> 44 
44 --> 45 
45 --> 46 
46 --> 47 
47 --> 48 
48 --> 49 
49 --> 50 
50 --> 51 
51 --> 52 
52 --> 53 
53 --> 54 
54 --> 55 
55 --> 

* FSM state operations: 

State 1 <SV = 0> <Delay = 2.18>
ST_1 : Operation 56 [1/1] (2.18ns)   --->   "%empty = call { i20, i20, i20, i20, i20, i20, i20, i20, i20, i20, i20, i20, i20, i20, i20, i20 } @_ssdm_op_Read.ap_fifo.volatile.i20P.i20P.i20P.i20P.i20P.i20P.i20P.i20P.i20P.i20P.i20P.i20P.i20P.i20P.i20P.i20P(i20* %data_stream_V_data_0_V, i20* %data_stream_V_data_1_V, i20* %data_stream_V_data_2_V, i20* %data_stream_V_data_3_V, i20* %data_stream_V_data_4_V, i20* %data_stream_V_data_5_V, i20* %data_stream_V_data_6_V, i20* %data_stream_V_data_7_V, i20* %data_stream_V_data_8_V, i20* %data_stream_V_data_9_V, i20* %data_stream_V_data_10_V, i20* %data_stream_V_data_11_V, i20* %data_stream_V_data_12_V, i20* %data_stream_V_data_13_V, i20* %data_stream_V_data_14_V, i20* %data_stream_V_data_15_V)" [firmware/nnet_utils/nnet_dense_stream.h:40]   --->   Operation 56 'read' 'empty' <Predicate = true> <Delay = 2.18> <Core = "FIFO">   --->   Core 32 'FIFO' <Latency = 0> <II = 1> <Delay = 3.63> <Storage> <Opcode : 'read' 'write' 'nbread' 'nbwrite'> <Ports = 0> <Width = 20> <Depth = 1> <FIFO>
ST_1 : Operation 57 [1/1] (0.00ns)   --->   "%data_0_V = extractvalue { i20, i20, i20, i20, i20, i20, i20, i20, i20, i20, i20, i20, i20, i20, i20, i20 } %empty, 0" [firmware/nnet_utils/nnet_dense_stream.h:40]   --->   Operation 57 'extractvalue' 'data_0_V' <Predicate = true> <Delay = 0.00>
ST_1 : Operation 58 [1/1] (0.00ns)   --->   "%data_1_V = extractvalue { i20, i20, i20, i20, i20, i20, i20, i20, i20, i20, i20, i20, i20, i20, i20, i20 } %empty, 1" [firmware/nnet_utils/nnet_dense_stream.h:40]   --->   Operation 58 'extractvalue' 'data_1_V' <Predicate = true> <Delay = 0.00>
ST_1 : Operation 59 [1/1] (0.00ns)   --->   "%data_2_V = extractvalue { i20, i20, i20, i20, i20, i20, i20, i20, i20, i20, i20, i20, i20, i20, i20, i20 } %empty, 2" [firmware/nnet_utils/nnet_dense_stream.h:40]   --->   Operation 59 'extractvalue' 'data_2_V' <Predicate = true> <Delay = 0.00>
ST_1 : Operation 60 [1/1] (0.00ns)   --->   "%data_3_V = extractvalue { i20, i20, i20, i20, i20, i20, i20, i20, i20, i20, i20, i20, i20, i20, i20, i20 } %empty, 3" [firmware/nnet_utils/nnet_dense_stream.h:40]   --->   Operation 60 'extractvalue' 'data_3_V' <Predicate = true> <Delay = 0.00>
ST_1 : Operation 61 [1/1] (0.00ns)   --->   "%data_4_V = extractvalue { i20, i20, i20, i20, i20, i20, i20, i20, i20, i20, i20, i20, i20, i20, i20, i20 } %empty, 4" [firmware/nnet_utils/nnet_dense_stream.h:40]   --->   Operation 61 'extractvalue' 'data_4_V' <Predicate = true> <Delay = 0.00>
ST_1 : Operation 62 [1/1] (0.00ns)   --->   "%data_5_V = extractvalue { i20, i20, i20, i20, i20, i20, i20, i20, i20, i20, i20, i20, i20, i20, i20, i20 } %empty, 5" [firmware/nnet_utils/nnet_dense_stream.h:40]   --->   Operation 62 'extractvalue' 'data_5_V' <Predicate = true> <Delay = 0.00>
ST_1 : Operation 63 [1/1] (0.00ns)   --->   "%data_6_V = extractvalue { i20, i20, i20, i20, i20, i20, i20, i20, i20, i20, i20, i20, i20, i20, i20, i20 } %empty, 6" [firmware/nnet_utils/nnet_dense_stream.h:40]   --->   Operation 63 'extractvalue' 'data_6_V' <Predicate = true> <Delay = 0.00>
ST_1 : Operation 64 [1/1] (0.00ns)   --->   "%data_7_V = extractvalue { i20, i20, i20, i20, i20, i20, i20, i20, i20, i20, i20, i20, i20, i20, i20, i20 } %empty, 7" [firmware/nnet_utils/nnet_dense_stream.h:40]   --->   Operation 64 'extractvalue' 'data_7_V' <Predicate = true> <Delay = 0.00>
ST_1 : Operation 65 [1/1] (0.00ns)   --->   "%data_8_V = extractvalue { i20, i20, i20, i20, i20, i20, i20, i20, i20, i20, i20, i20, i20, i20, i20, i20 } %empty, 8" [firmware/nnet_utils/nnet_dense_stream.h:40]   --->   Operation 65 'extractvalue' 'data_8_V' <Predicate = true> <Delay = 0.00>
ST_1 : Operation 66 [1/1] (0.00ns)   --->   "%data_9_V = extractvalue { i20, i20, i20, i20, i20, i20, i20, i20, i20, i20, i20, i20, i20, i20, i20, i20 } %empty, 9" [firmware/nnet_utils/nnet_dense_stream.h:40]   --->   Operation 66 'extractvalue' 'data_9_V' <Predicate = true> <Delay = 0.00>
ST_1 : Operation 67 [1/1] (0.00ns)   --->   "%data_10_V = extractvalue { i20, i20, i20, i20, i20, i20, i20, i20, i20, i20, i20, i20, i20, i20, i20, i20 } %empty, 10" [firmware/nnet_utils/nnet_dense_stream.h:40]   --->   Operation 67 'extractvalue' 'data_10_V' <Predicate = true> <Delay = 0.00>
ST_1 : Operation 68 [1/1] (0.00ns)   --->   "%data_11_V = extractvalue { i20, i20, i20, i20, i20, i20, i20, i20, i20, i20, i20, i20, i20, i20, i20, i20 } %empty, 11" [firmware/nnet_utils/nnet_dense_stream.h:40]   --->   Operation 68 'extractvalue' 'data_11_V' <Predicate = true> <Delay = 0.00>
ST_1 : Operation 69 [1/1] (0.00ns)   --->   "%data_12_V = extractvalue { i20, i20, i20, i20, i20, i20, i20, i20, i20, i20, i20, i20, i20, i20, i20, i20 } %empty, 12" [firmware/nnet_utils/nnet_dense_stream.h:40]   --->   Operation 69 'extractvalue' 'data_12_V' <Predicate = true> <Delay = 0.00>
ST_1 : Operation 70 [1/1] (0.00ns)   --->   "%data_13_V = extractvalue { i20, i20, i20, i20, i20, i20, i20, i20, i20, i20, i20, i20, i20, i20, i20, i20 } %empty, 13" [firmware/nnet_utils/nnet_dense_stream.h:40]   --->   Operation 70 'extractvalue' 'data_13_V' <Predicate = true> <Delay = 0.00>
ST_1 : Operation 71 [1/1] (0.00ns)   --->   "%data_14_V = extractvalue { i20, i20, i20, i20, i20, i20, i20, i20, i20, i20, i20, i20, i20, i20, i20, i20 } %empty, 14" [firmware/nnet_utils/nnet_dense_stream.h:40]   --->   Operation 71 'extractvalue' 'data_14_V' <Predicate = true> <Delay = 0.00>
ST_1 : Operation 72 [1/1] (0.00ns)   --->   "%data_15_V = extractvalue { i20, i20, i20, i20, i20, i20, i20, i20, i20, i20, i20, i20, i20, i20, i20, i20 } %empty, 15" [firmware/nnet_utils/nnet_dense_stream.h:40]   --->   Operation 72 'extractvalue' 'data_15_V' <Predicate = true> <Delay = 0.00>

State 2 <SV = 1> <Delay = 4.22>
ST_2 : Operation 73 [53/53] (4.22ns)   --->   "%call_ret = call fastcc { i20, i20, i20 } @"dense_wrapper<ap_fixed<20, 8, 5, 3, 0>, ap_fixed<20, 8, 5, 3, 0>, config26>"(i20 %data_0_V, i20 %data_1_V, i20 %data_2_V, i20 %data_3_V, i20 %data_4_V, i20 %data_5_V, i20 %data_6_V, i20 %data_7_V, i20 %data_8_V, i20 %data_9_V, i20 %data_10_V, i20 %data_11_V, i20 %data_12_V, i20 %data_13_V, i20 %data_14_V, i20 %data_15_V)" [firmware/nnet_utils/nnet_dense_stream.h:48]   --->   Operation 73 'call' 'call_ret' <Predicate = true> <Delay = 4.22> <CoreType = "Generic">   --->   Core 0 '' <Latency = 0> <II = 1> <Delay = 1.00> <Generic> <Opcode : >

State 3 <SV = 2> <Delay = 4.37>
ST_3 : Operation 74 [52/53] (4.37ns)   --->   "%call_ret = call fastcc { i20, i20, i20 } @"dense_wrapper<ap_fixed<20, 8, 5, 3, 0>, ap_fixed<20, 8, 5, 3, 0>, config26>"(i20 %data_0_V, i20 %data_1_V, i20 %data_2_V, i20 %data_3_V, i20 %data_4_V, i20 %data_5_V, i20 %data_6_V, i20 %data_7_V, i20 %data_8_V, i20 %data_9_V, i20 %data_10_V, i20 %data_11_V, i20 %data_12_V, i20 %data_13_V, i20 %data_14_V, i20 %data_15_V)" [firmware/nnet_utils/nnet_dense_stream.h:48]   --->   Operation 74 'call' 'call_ret' <Predicate = true> <Delay = 4.37> <CoreType = "Generic">   --->   Core 0 '' <Latency = 0> <II = 1> <Delay = 1.00> <Generic> <Opcode : >

State 4 <SV = 3> <Delay = 4.37>
ST_4 : Operation 75 [51/53] (4.37ns)   --->   "%call_ret = call fastcc { i20, i20, i20 } @"dense_wrapper<ap_fixed<20, 8, 5, 3, 0>, ap_fixed<20, 8, 5, 3, 0>, config26>"(i20 %data_0_V, i20 %data_1_V, i20 %data_2_V, i20 %data_3_V, i20 %data_4_V, i20 %data_5_V, i20 %data_6_V, i20 %data_7_V, i20 %data_8_V, i20 %data_9_V, i20 %data_10_V, i20 %data_11_V, i20 %data_12_V, i20 %data_13_V, i20 %data_14_V, i20 %data_15_V)" [firmware/nnet_utils/nnet_dense_stream.h:48]   --->   Operation 75 'call' 'call_ret' <Predicate = true> <Delay = 4.37> <CoreType = "Generic">   --->   Core 0 '' <Latency = 0> <II = 1> <Delay = 1.00> <Generic> <Opcode : >

State 5 <SV = 4> <Delay = 4.37>
ST_5 : Operation 76 [50/53] (4.37ns)   --->   "%call_ret = call fastcc { i20, i20, i20 } @"dense_wrapper<ap_fixed<20, 8, 5, 3, 0>, ap_fixed<20, 8, 5, 3, 0>, config26>"(i20 %data_0_V, i20 %data_1_V, i20 %data_2_V, i20 %data_3_V, i20 %data_4_V, i20 %data_5_V, i20 %data_6_V, i20 %data_7_V, i20 %data_8_V, i20 %data_9_V, i20 %data_10_V, i20 %data_11_V, i20 %data_12_V, i20 %data_13_V, i20 %data_14_V, i20 %data_15_V)" [firmware/nnet_utils/nnet_dense_stream.h:48]   --->   Operation 76 'call' 'call_ret' <Predicate = true> <Delay = 4.37> <CoreType = "Generic">   --->   Core 0 '' <Latency = 0> <II = 1> <Delay = 1.00> <Generic> <Opcode : >

State 6 <SV = 5> <Delay = 4.37>
ST_6 : Operation 77 [49/53] (4.37ns)   --->   "%call_ret = call fastcc { i20, i20, i20 } @"dense_wrapper<ap_fixed<20, 8, 5, 3, 0>, ap_fixed<20, 8, 5, 3, 0>, config26>"(i20 %data_0_V, i20 %data_1_V, i20 %data_2_V, i20 %data_3_V, i20 %data_4_V, i20 %data_5_V, i20 %data_6_V, i20 %data_7_V, i20 %data_8_V, i20 %data_9_V, i20 %data_10_V, i20 %data_11_V, i20 %data_12_V, i20 %data_13_V, i20 %data_14_V, i20 %data_15_V)" [firmware/nnet_utils/nnet_dense_stream.h:48]   --->   Operation 77 'call' 'call_ret' <Predicate = true> <Delay = 4.37> <CoreType = "Generic">   --->   Core 0 '' <Latency = 0> <II = 1> <Delay = 1.00> <Generic> <Opcode : >

State 7 <SV = 6> <Delay = 4.37>
ST_7 : Operation 78 [48/53] (4.37ns)   --->   "%call_ret = call fastcc { i20, i20, i20 } @"dense_wrapper<ap_fixed<20, 8, 5, 3, 0>, ap_fixed<20, 8, 5, 3, 0>, config26>"(i20 %data_0_V, i20 %data_1_V, i20 %data_2_V, i20 %data_3_V, i20 %data_4_V, i20 %data_5_V, i20 %data_6_V, i20 %data_7_V, i20 %data_8_V, i20 %data_9_V, i20 %data_10_V, i20 %data_11_V, i20 %data_12_V, i20 %data_13_V, i20 %data_14_V, i20 %data_15_V)" [firmware/nnet_utils/nnet_dense_stream.h:48]   --->   Operation 78 'call' 'call_ret' <Predicate = true> <Delay = 4.37> <CoreType = "Generic">   --->   Core 0 '' <Latency = 0> <II = 1> <Delay = 1.00> <Generic> <Opcode : >

State 8 <SV = 7> <Delay = 4.37>
ST_8 : Operation 79 [47/53] (4.37ns)   --->   "%call_ret = call fastcc { i20, i20, i20 } @"dense_wrapper<ap_fixed<20, 8, 5, 3, 0>, ap_fixed<20, 8, 5, 3, 0>, config26>"(i20 %data_0_V, i20 %data_1_V, i20 %data_2_V, i20 %data_3_V, i20 %data_4_V, i20 %data_5_V, i20 %data_6_V, i20 %data_7_V, i20 %data_8_V, i20 %data_9_V, i20 %data_10_V, i20 %data_11_V, i20 %data_12_V, i20 %data_13_V, i20 %data_14_V, i20 %data_15_V)" [firmware/nnet_utils/nnet_dense_stream.h:48]   --->   Operation 79 'call' 'call_ret' <Predicate = true> <Delay = 4.37> <CoreType = "Generic">   --->   Core 0 '' <Latency = 0> <II = 1> <Delay = 1.00> <Generic> <Opcode : >

State 9 <SV = 8> <Delay = 4.37>
ST_9 : Operation 80 [46/53] (4.37ns)   --->   "%call_ret = call fastcc { i20, i20, i20 } @"dense_wrapper<ap_fixed<20, 8, 5, 3, 0>, ap_fixed<20, 8, 5, 3, 0>, config26>"(i20 %data_0_V, i20 %data_1_V, i20 %data_2_V, i20 %data_3_V, i20 %data_4_V, i20 %data_5_V, i20 %data_6_V, i20 %data_7_V, i20 %data_8_V, i20 %data_9_V, i20 %data_10_V, i20 %data_11_V, i20 %data_12_V, i20 %data_13_V, i20 %data_14_V, i20 %data_15_V)" [firmware/nnet_utils/nnet_dense_stream.h:48]   --->   Operation 80 'call' 'call_ret' <Predicate = true> <Delay = 4.37> <CoreType = "Generic">   --->   Core 0 '' <Latency = 0> <II = 1> <Delay = 1.00> <Generic> <Opcode : >

State 10 <SV = 9> <Delay = 4.37>
ST_10 : Operation 81 [45/53] (4.37ns)   --->   "%call_ret = call fastcc { i20, i20, i20 } @"dense_wrapper<ap_fixed<20, 8, 5, 3, 0>, ap_fixed<20, 8, 5, 3, 0>, config26>"(i20 %data_0_V, i20 %data_1_V, i20 %data_2_V, i20 %data_3_V, i20 %data_4_V, i20 %data_5_V, i20 %data_6_V, i20 %data_7_V, i20 %data_8_V, i20 %data_9_V, i20 %data_10_V, i20 %data_11_V, i20 %data_12_V, i20 %data_13_V, i20 %data_14_V, i20 %data_15_V)" [firmware/nnet_utils/nnet_dense_stream.h:48]   --->   Operation 81 'call' 'call_ret' <Predicate = true> <Delay = 4.37> <CoreType = "Generic">   --->   Core 0 '' <Latency = 0> <II = 1> <Delay = 1.00> <Generic> <Opcode : >

State 11 <SV = 10> <Delay = 4.37>
ST_11 : Operation 82 [44/53] (4.37ns)   --->   "%call_ret = call fastcc { i20, i20, i20 } @"dense_wrapper<ap_fixed<20, 8, 5, 3, 0>, ap_fixed<20, 8, 5, 3, 0>, config26>"(i20 %data_0_V, i20 %data_1_V, i20 %data_2_V, i20 %data_3_V, i20 %data_4_V, i20 %data_5_V, i20 %data_6_V, i20 %data_7_V, i20 %data_8_V, i20 %data_9_V, i20 %data_10_V, i20 %data_11_V, i20 %data_12_V, i20 %data_13_V, i20 %data_14_V, i20 %data_15_V)" [firmware/nnet_utils/nnet_dense_stream.h:48]   --->   Operation 82 'call' 'call_ret' <Predicate = true> <Delay = 4.37> <CoreType = "Generic">   --->   Core 0 '' <Latency = 0> <II = 1> <Delay = 1.00> <Generic> <Opcode : >

State 12 <SV = 11> <Delay = 4.37>
ST_12 : Operation 83 [43/53] (4.37ns)   --->   "%call_ret = call fastcc { i20, i20, i20 } @"dense_wrapper<ap_fixed<20, 8, 5, 3, 0>, ap_fixed<20, 8, 5, 3, 0>, config26>"(i20 %data_0_V, i20 %data_1_V, i20 %data_2_V, i20 %data_3_V, i20 %data_4_V, i20 %data_5_V, i20 %data_6_V, i20 %data_7_V, i20 %data_8_V, i20 %data_9_V, i20 %data_10_V, i20 %data_11_V, i20 %data_12_V, i20 %data_13_V, i20 %data_14_V, i20 %data_15_V)" [firmware/nnet_utils/nnet_dense_stream.h:48]   --->   Operation 83 'call' 'call_ret' <Predicate = true> <Delay = 4.37> <CoreType = "Generic">   --->   Core 0 '' <Latency = 0> <II = 1> <Delay = 1.00> <Generic> <Opcode : >

State 13 <SV = 12> <Delay = 4.37>
ST_13 : Operation 84 [42/53] (4.37ns)   --->   "%call_ret = call fastcc { i20, i20, i20 } @"dense_wrapper<ap_fixed<20, 8, 5, 3, 0>, ap_fixed<20, 8, 5, 3, 0>, config26>"(i20 %data_0_V, i20 %data_1_V, i20 %data_2_V, i20 %data_3_V, i20 %data_4_V, i20 %data_5_V, i20 %data_6_V, i20 %data_7_V, i20 %data_8_V, i20 %data_9_V, i20 %data_10_V, i20 %data_11_V, i20 %data_12_V, i20 %data_13_V, i20 %data_14_V, i20 %data_15_V)" [firmware/nnet_utils/nnet_dense_stream.h:48]   --->   Operation 84 'call' 'call_ret' <Predicate = true> <Delay = 4.37> <CoreType = "Generic">   --->   Core 0 '' <Latency = 0> <II = 1> <Delay = 1.00> <Generic> <Opcode : >

State 14 <SV = 13> <Delay = 4.37>
ST_14 : Operation 85 [41/53] (4.37ns)   --->   "%call_ret = call fastcc { i20, i20, i20 } @"dense_wrapper<ap_fixed<20, 8, 5, 3, 0>, ap_fixed<20, 8, 5, 3, 0>, config26>"(i20 %data_0_V, i20 %data_1_V, i20 %data_2_V, i20 %data_3_V, i20 %data_4_V, i20 %data_5_V, i20 %data_6_V, i20 %data_7_V, i20 %data_8_V, i20 %data_9_V, i20 %data_10_V, i20 %data_11_V, i20 %data_12_V, i20 %data_13_V, i20 %data_14_V, i20 %data_15_V)" [firmware/nnet_utils/nnet_dense_stream.h:48]   --->   Operation 85 'call' 'call_ret' <Predicate = true> <Delay = 4.37> <CoreType = "Generic">   --->   Core 0 '' <Latency = 0> <II = 1> <Delay = 1.00> <Generic> <Opcode : >

State 15 <SV = 14> <Delay = 4.37>
ST_15 : Operation 86 [40/53] (4.37ns)   --->   "%call_ret = call fastcc { i20, i20, i20 } @"dense_wrapper<ap_fixed<20, 8, 5, 3, 0>, ap_fixed<20, 8, 5, 3, 0>, config26>"(i20 %data_0_V, i20 %data_1_V, i20 %data_2_V, i20 %data_3_V, i20 %data_4_V, i20 %data_5_V, i20 %data_6_V, i20 %data_7_V, i20 %data_8_V, i20 %data_9_V, i20 %data_10_V, i20 %data_11_V, i20 %data_12_V, i20 %data_13_V, i20 %data_14_V, i20 %data_15_V)" [firmware/nnet_utils/nnet_dense_stream.h:48]   --->   Operation 86 'call' 'call_ret' <Predicate = true> <Delay = 4.37> <CoreType = "Generic">   --->   Core 0 '' <Latency = 0> <II = 1> <Delay = 1.00> <Generic> <Opcode : >

State 16 <SV = 15> <Delay = 4.37>
ST_16 : Operation 87 [39/53] (4.37ns)   --->   "%call_ret = call fastcc { i20, i20, i20 } @"dense_wrapper<ap_fixed<20, 8, 5, 3, 0>, ap_fixed<20, 8, 5, 3, 0>, config26>"(i20 %data_0_V, i20 %data_1_V, i20 %data_2_V, i20 %data_3_V, i20 %data_4_V, i20 %data_5_V, i20 %data_6_V, i20 %data_7_V, i20 %data_8_V, i20 %data_9_V, i20 %data_10_V, i20 %data_11_V, i20 %data_12_V, i20 %data_13_V, i20 %data_14_V, i20 %data_15_V)" [firmware/nnet_utils/nnet_dense_stream.h:48]   --->   Operation 87 'call' 'call_ret' <Predicate = true> <Delay = 4.37> <CoreType = "Generic">   --->   Core 0 '' <Latency = 0> <II = 1> <Delay = 1.00> <Generic> <Opcode : >

State 17 <SV = 16> <Delay = 4.37>
ST_17 : Operation 88 [38/53] (4.37ns)   --->   "%call_ret = call fastcc { i20, i20, i20 } @"dense_wrapper<ap_fixed<20, 8, 5, 3, 0>, ap_fixed<20, 8, 5, 3, 0>, config26>"(i20 %data_0_V, i20 %data_1_V, i20 %data_2_V, i20 %data_3_V, i20 %data_4_V, i20 %data_5_V, i20 %data_6_V, i20 %data_7_V, i20 %data_8_V, i20 %data_9_V, i20 %data_10_V, i20 %data_11_V, i20 %data_12_V, i20 %data_13_V, i20 %data_14_V, i20 %data_15_V)" [firmware/nnet_utils/nnet_dense_stream.h:48]   --->   Operation 88 'call' 'call_ret' <Predicate = true> <Delay = 4.37> <CoreType = "Generic">   --->   Core 0 '' <Latency = 0> <II = 1> <Delay = 1.00> <Generic> <Opcode : >

State 18 <SV = 17> <Delay = 4.37>
ST_18 : Operation 89 [37/53] (4.37ns)   --->   "%call_ret = call fastcc { i20, i20, i20 } @"dense_wrapper<ap_fixed<20, 8, 5, 3, 0>, ap_fixed<20, 8, 5, 3, 0>, config26>"(i20 %data_0_V, i20 %data_1_V, i20 %data_2_V, i20 %data_3_V, i20 %data_4_V, i20 %data_5_V, i20 %data_6_V, i20 %data_7_V, i20 %data_8_V, i20 %data_9_V, i20 %data_10_V, i20 %data_11_V, i20 %data_12_V, i20 %data_13_V, i20 %data_14_V, i20 %data_15_V)" [firmware/nnet_utils/nnet_dense_stream.h:48]   --->   Operation 89 'call' 'call_ret' <Predicate = true> <Delay = 4.37> <CoreType = "Generic">   --->   Core 0 '' <Latency = 0> <II = 1> <Delay = 1.00> <Generic> <Opcode : >

State 19 <SV = 18> <Delay = 4.37>
ST_19 : Operation 90 [36/53] (4.37ns)   --->   "%call_ret = call fastcc { i20, i20, i20 } @"dense_wrapper<ap_fixed<20, 8, 5, 3, 0>, ap_fixed<20, 8, 5, 3, 0>, config26>"(i20 %data_0_V, i20 %data_1_V, i20 %data_2_V, i20 %data_3_V, i20 %data_4_V, i20 %data_5_V, i20 %data_6_V, i20 %data_7_V, i20 %data_8_V, i20 %data_9_V, i20 %data_10_V, i20 %data_11_V, i20 %data_12_V, i20 %data_13_V, i20 %data_14_V, i20 %data_15_V)" [firmware/nnet_utils/nnet_dense_stream.h:48]   --->   Operation 90 'call' 'call_ret' <Predicate = true> <Delay = 4.37> <CoreType = "Generic">   --->   Core 0 '' <Latency = 0> <II = 1> <Delay = 1.00> <Generic> <Opcode : >

State 20 <SV = 19> <Delay = 4.37>
ST_20 : Operation 91 [35/53] (4.37ns)   --->   "%call_ret = call fastcc { i20, i20, i20 } @"dense_wrapper<ap_fixed<20, 8, 5, 3, 0>, ap_fixed<20, 8, 5, 3, 0>, config26>"(i20 %data_0_V, i20 %data_1_V, i20 %data_2_V, i20 %data_3_V, i20 %data_4_V, i20 %data_5_V, i20 %data_6_V, i20 %data_7_V, i20 %data_8_V, i20 %data_9_V, i20 %data_10_V, i20 %data_11_V, i20 %data_12_V, i20 %data_13_V, i20 %data_14_V, i20 %data_15_V)" [firmware/nnet_utils/nnet_dense_stream.h:48]   --->   Operation 91 'call' 'call_ret' <Predicate = true> <Delay = 4.37> <CoreType = "Generic">   --->   Core 0 '' <Latency = 0> <II = 1> <Delay = 1.00> <Generic> <Opcode : >

State 21 <SV = 20> <Delay = 4.37>
ST_21 : Operation 92 [34/53] (4.37ns)   --->   "%call_ret = call fastcc { i20, i20, i20 } @"dense_wrapper<ap_fixed<20, 8, 5, 3, 0>, ap_fixed<20, 8, 5, 3, 0>, config26>"(i20 %data_0_V, i20 %data_1_V, i20 %data_2_V, i20 %data_3_V, i20 %data_4_V, i20 %data_5_V, i20 %data_6_V, i20 %data_7_V, i20 %data_8_V, i20 %data_9_V, i20 %data_10_V, i20 %data_11_V, i20 %data_12_V, i20 %data_13_V, i20 %data_14_V, i20 %data_15_V)" [firmware/nnet_utils/nnet_dense_stream.h:48]   --->   Operation 92 'call' 'call_ret' <Predicate = true> <Delay = 4.37> <CoreType = "Generic">   --->   Core 0 '' <Latency = 0> <II = 1> <Delay = 1.00> <Generic> <Opcode : >

State 22 <SV = 21> <Delay = 4.37>
ST_22 : Operation 93 [33/53] (4.37ns)   --->   "%call_ret = call fastcc { i20, i20, i20 } @"dense_wrapper<ap_fixed<20, 8, 5, 3, 0>, ap_fixed<20, 8, 5, 3, 0>, config26>"(i20 %data_0_V, i20 %data_1_V, i20 %data_2_V, i20 %data_3_V, i20 %data_4_V, i20 %data_5_V, i20 %data_6_V, i20 %data_7_V, i20 %data_8_V, i20 %data_9_V, i20 %data_10_V, i20 %data_11_V, i20 %data_12_V, i20 %data_13_V, i20 %data_14_V, i20 %data_15_V)" [firmware/nnet_utils/nnet_dense_stream.h:48]   --->   Operation 93 'call' 'call_ret' <Predicate = true> <Delay = 4.37> <CoreType = "Generic">   --->   Core 0 '' <Latency = 0> <II = 1> <Delay = 1.00> <Generic> <Opcode : >

State 23 <SV = 22> <Delay = 4.37>
ST_23 : Operation 94 [32/53] (4.37ns)   --->   "%call_ret = call fastcc { i20, i20, i20 } @"dense_wrapper<ap_fixed<20, 8, 5, 3, 0>, ap_fixed<20, 8, 5, 3, 0>, config26>"(i20 %data_0_V, i20 %data_1_V, i20 %data_2_V, i20 %data_3_V, i20 %data_4_V, i20 %data_5_V, i20 %data_6_V, i20 %data_7_V, i20 %data_8_V, i20 %data_9_V, i20 %data_10_V, i20 %data_11_V, i20 %data_12_V, i20 %data_13_V, i20 %data_14_V, i20 %data_15_V)" [firmware/nnet_utils/nnet_dense_stream.h:48]   --->   Operation 94 'call' 'call_ret' <Predicate = true> <Delay = 4.37> <CoreType = "Generic">   --->   Core 0 '' <Latency = 0> <II = 1> <Delay = 1.00> <Generic> <Opcode : >

State 24 <SV = 23> <Delay = 4.37>
ST_24 : Operation 95 [31/53] (4.37ns)   --->   "%call_ret = call fastcc { i20, i20, i20 } @"dense_wrapper<ap_fixed<20, 8, 5, 3, 0>, ap_fixed<20, 8, 5, 3, 0>, config26>"(i20 %data_0_V, i20 %data_1_V, i20 %data_2_V, i20 %data_3_V, i20 %data_4_V, i20 %data_5_V, i20 %data_6_V, i20 %data_7_V, i20 %data_8_V, i20 %data_9_V, i20 %data_10_V, i20 %data_11_V, i20 %data_12_V, i20 %data_13_V, i20 %data_14_V, i20 %data_15_V)" [firmware/nnet_utils/nnet_dense_stream.h:48]   --->   Operation 95 'call' 'call_ret' <Predicate = true> <Delay = 4.37> <CoreType = "Generic">   --->   Core 0 '' <Latency = 0> <II = 1> <Delay = 1.00> <Generic> <Opcode : >

State 25 <SV = 24> <Delay = 4.37>
ST_25 : Operation 96 [30/53] (4.37ns)   --->   "%call_ret = call fastcc { i20, i20, i20 } @"dense_wrapper<ap_fixed<20, 8, 5, 3, 0>, ap_fixed<20, 8, 5, 3, 0>, config26>"(i20 %data_0_V, i20 %data_1_V, i20 %data_2_V, i20 %data_3_V, i20 %data_4_V, i20 %data_5_V, i20 %data_6_V, i20 %data_7_V, i20 %data_8_V, i20 %data_9_V, i20 %data_10_V, i20 %data_11_V, i20 %data_12_V, i20 %data_13_V, i20 %data_14_V, i20 %data_15_V)" [firmware/nnet_utils/nnet_dense_stream.h:48]   --->   Operation 96 'call' 'call_ret' <Predicate = true> <Delay = 4.37> <CoreType = "Generic">   --->   Core 0 '' <Latency = 0> <II = 1> <Delay = 1.00> <Generic> <Opcode : >

State 26 <SV = 25> <Delay = 4.37>
ST_26 : Operation 97 [29/53] (4.37ns)   --->   "%call_ret = call fastcc { i20, i20, i20 } @"dense_wrapper<ap_fixed<20, 8, 5, 3, 0>, ap_fixed<20, 8, 5, 3, 0>, config26>"(i20 %data_0_V, i20 %data_1_V, i20 %data_2_V, i20 %data_3_V, i20 %data_4_V, i20 %data_5_V, i20 %data_6_V, i20 %data_7_V, i20 %data_8_V, i20 %data_9_V, i20 %data_10_V, i20 %data_11_V, i20 %data_12_V, i20 %data_13_V, i20 %data_14_V, i20 %data_15_V)" [firmware/nnet_utils/nnet_dense_stream.h:48]   --->   Operation 97 'call' 'call_ret' <Predicate = true> <Delay = 4.37> <CoreType = "Generic">   --->   Core 0 '' <Latency = 0> <II = 1> <Delay = 1.00> <Generic> <Opcode : >

State 27 <SV = 26> <Delay = 4.37>
ST_27 : Operation 98 [28/53] (4.37ns)   --->   "%call_ret = call fastcc { i20, i20, i20 } @"dense_wrapper<ap_fixed<20, 8, 5, 3, 0>, ap_fixed<20, 8, 5, 3, 0>, config26>"(i20 %data_0_V, i20 %data_1_V, i20 %data_2_V, i20 %data_3_V, i20 %data_4_V, i20 %data_5_V, i20 %data_6_V, i20 %data_7_V, i20 %data_8_V, i20 %data_9_V, i20 %data_10_V, i20 %data_11_V, i20 %data_12_V, i20 %data_13_V, i20 %data_14_V, i20 %data_15_V)" [firmware/nnet_utils/nnet_dense_stream.h:48]   --->   Operation 98 'call' 'call_ret' <Predicate = true> <Delay = 4.37> <CoreType = "Generic">   --->   Core 0 '' <Latency = 0> <II = 1> <Delay = 1.00> <Generic> <Opcode : >

State 28 <SV = 27> <Delay = 4.37>
ST_28 : Operation 99 [27/53] (4.37ns)   --->   "%call_ret = call fastcc { i20, i20, i20 } @"dense_wrapper<ap_fixed<20, 8, 5, 3, 0>, ap_fixed<20, 8, 5, 3, 0>, config26>"(i20 %data_0_V, i20 %data_1_V, i20 %data_2_V, i20 %data_3_V, i20 %data_4_V, i20 %data_5_V, i20 %data_6_V, i20 %data_7_V, i20 %data_8_V, i20 %data_9_V, i20 %data_10_V, i20 %data_11_V, i20 %data_12_V, i20 %data_13_V, i20 %data_14_V, i20 %data_15_V)" [firmware/nnet_utils/nnet_dense_stream.h:48]   --->   Operation 99 'call' 'call_ret' <Predicate = true> <Delay = 4.37> <CoreType = "Generic">   --->   Core 0 '' <Latency = 0> <II = 1> <Delay = 1.00> <Generic> <Opcode : >

State 29 <SV = 28> <Delay = 4.37>
ST_29 : Operation 100 [26/53] (4.37ns)   --->   "%call_ret = call fastcc { i20, i20, i20 } @"dense_wrapper<ap_fixed<20, 8, 5, 3, 0>, ap_fixed<20, 8, 5, 3, 0>, config26>"(i20 %data_0_V, i20 %data_1_V, i20 %data_2_V, i20 %data_3_V, i20 %data_4_V, i20 %data_5_V, i20 %data_6_V, i20 %data_7_V, i20 %data_8_V, i20 %data_9_V, i20 %data_10_V, i20 %data_11_V, i20 %data_12_V, i20 %data_13_V, i20 %data_14_V, i20 %data_15_V)" [firmware/nnet_utils/nnet_dense_stream.h:48]   --->   Operation 100 'call' 'call_ret' <Predicate = true> <Delay = 4.37> <CoreType = "Generic">   --->   Core 0 '' <Latency = 0> <II = 1> <Delay = 1.00> <Generic> <Opcode : >

State 30 <SV = 29> <Delay = 4.37>
ST_30 : Operation 101 [25/53] (4.37ns)   --->   "%call_ret = call fastcc { i20, i20, i20 } @"dense_wrapper<ap_fixed<20, 8, 5, 3, 0>, ap_fixed<20, 8, 5, 3, 0>, config26>"(i20 %data_0_V, i20 %data_1_V, i20 %data_2_V, i20 %data_3_V, i20 %data_4_V, i20 %data_5_V, i20 %data_6_V, i20 %data_7_V, i20 %data_8_V, i20 %data_9_V, i20 %data_10_V, i20 %data_11_V, i20 %data_12_V, i20 %data_13_V, i20 %data_14_V, i20 %data_15_V)" [firmware/nnet_utils/nnet_dense_stream.h:48]   --->   Operation 101 'call' 'call_ret' <Predicate = true> <Delay = 4.37> <CoreType = "Generic">   --->   Core 0 '' <Latency = 0> <II = 1> <Delay = 1.00> <Generic> <Opcode : >

State 31 <SV = 30> <Delay = 4.37>
ST_31 : Operation 102 [24/53] (4.37ns)   --->   "%call_ret = call fastcc { i20, i20, i20 } @"dense_wrapper<ap_fixed<20, 8, 5, 3, 0>, ap_fixed<20, 8, 5, 3, 0>, config26>"(i20 %data_0_V, i20 %data_1_V, i20 %data_2_V, i20 %data_3_V, i20 %data_4_V, i20 %data_5_V, i20 %data_6_V, i20 %data_7_V, i20 %data_8_V, i20 %data_9_V, i20 %data_10_V, i20 %data_11_V, i20 %data_12_V, i20 %data_13_V, i20 %data_14_V, i20 %data_15_V)" [firmware/nnet_utils/nnet_dense_stream.h:48]   --->   Operation 102 'call' 'call_ret' <Predicate = true> <Delay = 4.37> <CoreType = "Generic">   --->   Core 0 '' <Latency = 0> <II = 1> <Delay = 1.00> <Generic> <Opcode : >

State 32 <SV = 31> <Delay = 4.37>
ST_32 : Operation 103 [23/53] (4.37ns)   --->   "%call_ret = call fastcc { i20, i20, i20 } @"dense_wrapper<ap_fixed<20, 8, 5, 3, 0>, ap_fixed<20, 8, 5, 3, 0>, config26>"(i20 %data_0_V, i20 %data_1_V, i20 %data_2_V, i20 %data_3_V, i20 %data_4_V, i20 %data_5_V, i20 %data_6_V, i20 %data_7_V, i20 %data_8_V, i20 %data_9_V, i20 %data_10_V, i20 %data_11_V, i20 %data_12_V, i20 %data_13_V, i20 %data_14_V, i20 %data_15_V)" [firmware/nnet_utils/nnet_dense_stream.h:48]   --->   Operation 103 'call' 'call_ret' <Predicate = true> <Delay = 4.37> <CoreType = "Generic">   --->   Core 0 '' <Latency = 0> <II = 1> <Delay = 1.00> <Generic> <Opcode : >

State 33 <SV = 32> <Delay = 4.37>
ST_33 : Operation 104 [22/53] (4.37ns)   --->   "%call_ret = call fastcc { i20, i20, i20 } @"dense_wrapper<ap_fixed<20, 8, 5, 3, 0>, ap_fixed<20, 8, 5, 3, 0>, config26>"(i20 %data_0_V, i20 %data_1_V, i20 %data_2_V, i20 %data_3_V, i20 %data_4_V, i20 %data_5_V, i20 %data_6_V, i20 %data_7_V, i20 %data_8_V, i20 %data_9_V, i20 %data_10_V, i20 %data_11_V, i20 %data_12_V, i20 %data_13_V, i20 %data_14_V, i20 %data_15_V)" [firmware/nnet_utils/nnet_dense_stream.h:48]   --->   Operation 104 'call' 'call_ret' <Predicate = true> <Delay = 4.37> <CoreType = "Generic">   --->   Core 0 '' <Latency = 0> <II = 1> <Delay = 1.00> <Generic> <Opcode : >

State 34 <SV = 33> <Delay = 4.37>
ST_34 : Operation 105 [21/53] (4.37ns)   --->   "%call_ret = call fastcc { i20, i20, i20 } @"dense_wrapper<ap_fixed<20, 8, 5, 3, 0>, ap_fixed<20, 8, 5, 3, 0>, config26>"(i20 %data_0_V, i20 %data_1_V, i20 %data_2_V, i20 %data_3_V, i20 %data_4_V, i20 %data_5_V, i20 %data_6_V, i20 %data_7_V, i20 %data_8_V, i20 %data_9_V, i20 %data_10_V, i20 %data_11_V, i20 %data_12_V, i20 %data_13_V, i20 %data_14_V, i20 %data_15_V)" [firmware/nnet_utils/nnet_dense_stream.h:48]   --->   Operation 105 'call' 'call_ret' <Predicate = true> <Delay = 4.37> <CoreType = "Generic">   --->   Core 0 '' <Latency = 0> <II = 1> <Delay = 1.00> <Generic> <Opcode : >

State 35 <SV = 34> <Delay = 4.37>
ST_35 : Operation 106 [20/53] (4.37ns)   --->   "%call_ret = call fastcc { i20, i20, i20 } @"dense_wrapper<ap_fixed<20, 8, 5, 3, 0>, ap_fixed<20, 8, 5, 3, 0>, config26>"(i20 %data_0_V, i20 %data_1_V, i20 %data_2_V, i20 %data_3_V, i20 %data_4_V, i20 %data_5_V, i20 %data_6_V, i20 %data_7_V, i20 %data_8_V, i20 %data_9_V, i20 %data_10_V, i20 %data_11_V, i20 %data_12_V, i20 %data_13_V, i20 %data_14_V, i20 %data_15_V)" [firmware/nnet_utils/nnet_dense_stream.h:48]   --->   Operation 106 'call' 'call_ret' <Predicate = true> <Delay = 4.37> <CoreType = "Generic">   --->   Core 0 '' <Latency = 0> <II = 1> <Delay = 1.00> <Generic> <Opcode : >

State 36 <SV = 35> <Delay = 4.37>
ST_36 : Operation 107 [19/53] (4.37ns)   --->   "%call_ret = call fastcc { i20, i20, i20 } @"dense_wrapper<ap_fixed<20, 8, 5, 3, 0>, ap_fixed<20, 8, 5, 3, 0>, config26>"(i20 %data_0_V, i20 %data_1_V, i20 %data_2_V, i20 %data_3_V, i20 %data_4_V, i20 %data_5_V, i20 %data_6_V, i20 %data_7_V, i20 %data_8_V, i20 %data_9_V, i20 %data_10_V, i20 %data_11_V, i20 %data_12_V, i20 %data_13_V, i20 %data_14_V, i20 %data_15_V)" [firmware/nnet_utils/nnet_dense_stream.h:48]   --->   Operation 107 'call' 'call_ret' <Predicate = true> <Delay = 4.37> <CoreType = "Generic">   --->   Core 0 '' <Latency = 0> <II = 1> <Delay = 1.00> <Generic> <Opcode : >

State 37 <SV = 36> <Delay = 4.37>
ST_37 : Operation 108 [18/53] (4.37ns)   --->   "%call_ret = call fastcc { i20, i20, i20 } @"dense_wrapper<ap_fixed<20, 8, 5, 3, 0>, ap_fixed<20, 8, 5, 3, 0>, config26>"(i20 %data_0_V, i20 %data_1_V, i20 %data_2_V, i20 %data_3_V, i20 %data_4_V, i20 %data_5_V, i20 %data_6_V, i20 %data_7_V, i20 %data_8_V, i20 %data_9_V, i20 %data_10_V, i20 %data_11_V, i20 %data_12_V, i20 %data_13_V, i20 %data_14_V, i20 %data_15_V)" [firmware/nnet_utils/nnet_dense_stream.h:48]   --->   Operation 108 'call' 'call_ret' <Predicate = true> <Delay = 4.37> <CoreType = "Generic">   --->   Core 0 '' <Latency = 0> <II = 1> <Delay = 1.00> <Generic> <Opcode : >

State 38 <SV = 37> <Delay = 4.37>
ST_38 : Operation 109 [17/53] (4.37ns)   --->   "%call_ret = call fastcc { i20, i20, i20 } @"dense_wrapper<ap_fixed<20, 8, 5, 3, 0>, ap_fixed<20, 8, 5, 3, 0>, config26>"(i20 %data_0_V, i20 %data_1_V, i20 %data_2_V, i20 %data_3_V, i20 %data_4_V, i20 %data_5_V, i20 %data_6_V, i20 %data_7_V, i20 %data_8_V, i20 %data_9_V, i20 %data_10_V, i20 %data_11_V, i20 %data_12_V, i20 %data_13_V, i20 %data_14_V, i20 %data_15_V)" [firmware/nnet_utils/nnet_dense_stream.h:48]   --->   Operation 109 'call' 'call_ret' <Predicate = true> <Delay = 4.37> <CoreType = "Generic">   --->   Core 0 '' <Latency = 0> <II = 1> <Delay = 1.00> <Generic> <Opcode : >

State 39 <SV = 38> <Delay = 4.37>
ST_39 : Operation 110 [16/53] (4.37ns)   --->   "%call_ret = call fastcc { i20, i20, i20 } @"dense_wrapper<ap_fixed<20, 8, 5, 3, 0>, ap_fixed<20, 8, 5, 3, 0>, config26>"(i20 %data_0_V, i20 %data_1_V, i20 %data_2_V, i20 %data_3_V, i20 %data_4_V, i20 %data_5_V, i20 %data_6_V, i20 %data_7_V, i20 %data_8_V, i20 %data_9_V, i20 %data_10_V, i20 %data_11_V, i20 %data_12_V, i20 %data_13_V, i20 %data_14_V, i20 %data_15_V)" [firmware/nnet_utils/nnet_dense_stream.h:48]   --->   Operation 110 'call' 'call_ret' <Predicate = true> <Delay = 4.37> <CoreType = "Generic">   --->   Core 0 '' <Latency = 0> <II = 1> <Delay = 1.00> <Generic> <Opcode : >

State 40 <SV = 39> <Delay = 4.37>
ST_40 : Operation 111 [15/53] (4.37ns)   --->   "%call_ret = call fastcc { i20, i20, i20 } @"dense_wrapper<ap_fixed<20, 8, 5, 3, 0>, ap_fixed<20, 8, 5, 3, 0>, config26>"(i20 %data_0_V, i20 %data_1_V, i20 %data_2_V, i20 %data_3_V, i20 %data_4_V, i20 %data_5_V, i20 %data_6_V, i20 %data_7_V, i20 %data_8_V, i20 %data_9_V, i20 %data_10_V, i20 %data_11_V, i20 %data_12_V, i20 %data_13_V, i20 %data_14_V, i20 %data_15_V)" [firmware/nnet_utils/nnet_dense_stream.h:48]   --->   Operation 111 'call' 'call_ret' <Predicate = true> <Delay = 4.37> <CoreType = "Generic">   --->   Core 0 '' <Latency = 0> <II = 1> <Delay = 1.00> <Generic> <Opcode : >

State 41 <SV = 40> <Delay = 4.37>
ST_41 : Operation 112 [14/53] (4.37ns)   --->   "%call_ret = call fastcc { i20, i20, i20 } @"dense_wrapper<ap_fixed<20, 8, 5, 3, 0>, ap_fixed<20, 8, 5, 3, 0>, config26>"(i20 %data_0_V, i20 %data_1_V, i20 %data_2_V, i20 %data_3_V, i20 %data_4_V, i20 %data_5_V, i20 %data_6_V, i20 %data_7_V, i20 %data_8_V, i20 %data_9_V, i20 %data_10_V, i20 %data_11_V, i20 %data_12_V, i20 %data_13_V, i20 %data_14_V, i20 %data_15_V)" [firmware/nnet_utils/nnet_dense_stream.h:48]   --->   Operation 112 'call' 'call_ret' <Predicate = true> <Delay = 4.37> <CoreType = "Generic">   --->   Core 0 '' <Latency = 0> <II = 1> <Delay = 1.00> <Generic> <Opcode : >

State 42 <SV = 41> <Delay = 4.37>
ST_42 : Operation 113 [13/53] (4.37ns)   --->   "%call_ret = call fastcc { i20, i20, i20 } @"dense_wrapper<ap_fixed<20, 8, 5, 3, 0>, ap_fixed<20, 8, 5, 3, 0>, config26>"(i20 %data_0_V, i20 %data_1_V, i20 %data_2_V, i20 %data_3_V, i20 %data_4_V, i20 %data_5_V, i20 %data_6_V, i20 %data_7_V, i20 %data_8_V, i20 %data_9_V, i20 %data_10_V, i20 %data_11_V, i20 %data_12_V, i20 %data_13_V, i20 %data_14_V, i20 %data_15_V)" [firmware/nnet_utils/nnet_dense_stream.h:48]   --->   Operation 113 'call' 'call_ret' <Predicate = true> <Delay = 4.37> <CoreType = "Generic">   --->   Core 0 '' <Latency = 0> <II = 1> <Delay = 1.00> <Generic> <Opcode : >

State 43 <SV = 42> <Delay = 4.37>
ST_43 : Operation 114 [12/53] (4.37ns)   --->   "%call_ret = call fastcc { i20, i20, i20 } @"dense_wrapper<ap_fixed<20, 8, 5, 3, 0>, ap_fixed<20, 8, 5, 3, 0>, config26>"(i20 %data_0_V, i20 %data_1_V, i20 %data_2_V, i20 %data_3_V, i20 %data_4_V, i20 %data_5_V, i20 %data_6_V, i20 %data_7_V, i20 %data_8_V, i20 %data_9_V, i20 %data_10_V, i20 %data_11_V, i20 %data_12_V, i20 %data_13_V, i20 %data_14_V, i20 %data_15_V)" [firmware/nnet_utils/nnet_dense_stream.h:48]   --->   Operation 114 'call' 'call_ret' <Predicate = true> <Delay = 4.37> <CoreType = "Generic">   --->   Core 0 '' <Latency = 0> <II = 1> <Delay = 1.00> <Generic> <Opcode : >

State 44 <SV = 43> <Delay = 4.37>
ST_44 : Operation 115 [11/53] (4.37ns)   --->   "%call_ret = call fastcc { i20, i20, i20 } @"dense_wrapper<ap_fixed<20, 8, 5, 3, 0>, ap_fixed<20, 8, 5, 3, 0>, config26>"(i20 %data_0_V, i20 %data_1_V, i20 %data_2_V, i20 %data_3_V, i20 %data_4_V, i20 %data_5_V, i20 %data_6_V, i20 %data_7_V, i20 %data_8_V, i20 %data_9_V, i20 %data_10_V, i20 %data_11_V, i20 %data_12_V, i20 %data_13_V, i20 %data_14_V, i20 %data_15_V)" [firmware/nnet_utils/nnet_dense_stream.h:48]   --->   Operation 115 'call' 'call_ret' <Predicate = true> <Delay = 4.37> <CoreType = "Generic">   --->   Core 0 '' <Latency = 0> <II = 1> <Delay = 1.00> <Generic> <Opcode : >

State 45 <SV = 44> <Delay = 4.37>
ST_45 : Operation 116 [10/53] (4.37ns)   --->   "%call_ret = call fastcc { i20, i20, i20 } @"dense_wrapper<ap_fixed<20, 8, 5, 3, 0>, ap_fixed<20, 8, 5, 3, 0>, config26>"(i20 %data_0_V, i20 %data_1_V, i20 %data_2_V, i20 %data_3_V, i20 %data_4_V, i20 %data_5_V, i20 %data_6_V, i20 %data_7_V, i20 %data_8_V, i20 %data_9_V, i20 %data_10_V, i20 %data_11_V, i20 %data_12_V, i20 %data_13_V, i20 %data_14_V, i20 %data_15_V)" [firmware/nnet_utils/nnet_dense_stream.h:48]   --->   Operation 116 'call' 'call_ret' <Predicate = true> <Delay = 4.37> <CoreType = "Generic">   --->   Core 0 '' <Latency = 0> <II = 1> <Delay = 1.00> <Generic> <Opcode : >

State 46 <SV = 45> <Delay = 4.37>
ST_46 : Operation 117 [9/53] (4.37ns)   --->   "%call_ret = call fastcc { i20, i20, i20 } @"dense_wrapper<ap_fixed<20, 8, 5, 3, 0>, ap_fixed<20, 8, 5, 3, 0>, config26>"(i20 %data_0_V, i20 %data_1_V, i20 %data_2_V, i20 %data_3_V, i20 %data_4_V, i20 %data_5_V, i20 %data_6_V, i20 %data_7_V, i20 %data_8_V, i20 %data_9_V, i20 %data_10_V, i20 %data_11_V, i20 %data_12_V, i20 %data_13_V, i20 %data_14_V, i20 %data_15_V)" [firmware/nnet_utils/nnet_dense_stream.h:48]   --->   Operation 117 'call' 'call_ret' <Predicate = true> <Delay = 4.37> <CoreType = "Generic">   --->   Core 0 '' <Latency = 0> <II = 1> <Delay = 1.00> <Generic> <Opcode : >

State 47 <SV = 46> <Delay = 4.37>
ST_47 : Operation 118 [8/53] (4.37ns)   --->   "%call_ret = call fastcc { i20, i20, i20 } @"dense_wrapper<ap_fixed<20, 8, 5, 3, 0>, ap_fixed<20, 8, 5, 3, 0>, config26>"(i20 %data_0_V, i20 %data_1_V, i20 %data_2_V, i20 %data_3_V, i20 %data_4_V, i20 %data_5_V, i20 %data_6_V, i20 %data_7_V, i20 %data_8_V, i20 %data_9_V, i20 %data_10_V, i20 %data_11_V, i20 %data_12_V, i20 %data_13_V, i20 %data_14_V, i20 %data_15_V)" [firmware/nnet_utils/nnet_dense_stream.h:48]   --->   Operation 118 'call' 'call_ret' <Predicate = true> <Delay = 4.37> <CoreType = "Generic">   --->   Core 0 '' <Latency = 0> <II = 1> <Delay = 1.00> <Generic> <Opcode : >

State 48 <SV = 47> <Delay = 4.37>
ST_48 : Operation 119 [7/53] (4.37ns)   --->   "%call_ret = call fastcc { i20, i20, i20 } @"dense_wrapper<ap_fixed<20, 8, 5, 3, 0>, ap_fixed<20, 8, 5, 3, 0>, config26>"(i20 %data_0_V, i20 %data_1_V, i20 %data_2_V, i20 %data_3_V, i20 %data_4_V, i20 %data_5_V, i20 %data_6_V, i20 %data_7_V, i20 %data_8_V, i20 %data_9_V, i20 %data_10_V, i20 %data_11_V, i20 %data_12_V, i20 %data_13_V, i20 %data_14_V, i20 %data_15_V)" [firmware/nnet_utils/nnet_dense_stream.h:48]   --->   Operation 119 'call' 'call_ret' <Predicate = true> <Delay = 4.37> <CoreType = "Generic">   --->   Core 0 '' <Latency = 0> <II = 1> <Delay = 1.00> <Generic> <Opcode : >

State 49 <SV = 48> <Delay = 4.37>
ST_49 : Operation 120 [6/53] (4.37ns)   --->   "%call_ret = call fastcc { i20, i20, i20 } @"dense_wrapper<ap_fixed<20, 8, 5, 3, 0>, ap_fixed<20, 8, 5, 3, 0>, config26>"(i20 %data_0_V, i20 %data_1_V, i20 %data_2_V, i20 %data_3_V, i20 %data_4_V, i20 %data_5_V, i20 %data_6_V, i20 %data_7_V, i20 %data_8_V, i20 %data_9_V, i20 %data_10_V, i20 %data_11_V, i20 %data_12_V, i20 %data_13_V, i20 %data_14_V, i20 %data_15_V)" [firmware/nnet_utils/nnet_dense_stream.h:48]   --->   Operation 120 'call' 'call_ret' <Predicate = true> <Delay = 4.37> <CoreType = "Generic">   --->   Core 0 '' <Latency = 0> <II = 1> <Delay = 1.00> <Generic> <Opcode : >

State 50 <SV = 49> <Delay = 4.37>
ST_50 : Operation 121 [5/53] (4.37ns)   --->   "%call_ret = call fastcc { i20, i20, i20 } @"dense_wrapper<ap_fixed<20, 8, 5, 3, 0>, ap_fixed<20, 8, 5, 3, 0>, config26>"(i20 %data_0_V, i20 %data_1_V, i20 %data_2_V, i20 %data_3_V, i20 %data_4_V, i20 %data_5_V, i20 %data_6_V, i20 %data_7_V, i20 %data_8_V, i20 %data_9_V, i20 %data_10_V, i20 %data_11_V, i20 %data_12_V, i20 %data_13_V, i20 %data_14_V, i20 %data_15_V)" [firmware/nnet_utils/nnet_dense_stream.h:48]   --->   Operation 121 'call' 'call_ret' <Predicate = true> <Delay = 4.37> <CoreType = "Generic">   --->   Core 0 '' <Latency = 0> <II = 1> <Delay = 1.00> <Generic> <Opcode : >

State 51 <SV = 50> <Delay = 4.37>
ST_51 : Operation 122 [4/53] (4.37ns)   --->   "%call_ret = call fastcc { i20, i20, i20 } @"dense_wrapper<ap_fixed<20, 8, 5, 3, 0>, ap_fixed<20, 8, 5, 3, 0>, config26>"(i20 %data_0_V, i20 %data_1_V, i20 %data_2_V, i20 %data_3_V, i20 %data_4_V, i20 %data_5_V, i20 %data_6_V, i20 %data_7_V, i20 %data_8_V, i20 %data_9_V, i20 %data_10_V, i20 %data_11_V, i20 %data_12_V, i20 %data_13_V, i20 %data_14_V, i20 %data_15_V)" [firmware/nnet_utils/nnet_dense_stream.h:48]   --->   Operation 122 'call' 'call_ret' <Predicate = true> <Delay = 4.37> <CoreType = "Generic">   --->   Core 0 '' <Latency = 0> <II = 1> <Delay = 1.00> <Generic> <Opcode : >

State 52 <SV = 51> <Delay = 4.37>
ST_52 : Operation 123 [3/53] (4.37ns)   --->   "%call_ret = call fastcc { i20, i20, i20 } @"dense_wrapper<ap_fixed<20, 8, 5, 3, 0>, ap_fixed<20, 8, 5, 3, 0>, config26>"(i20 %data_0_V, i20 %data_1_V, i20 %data_2_V, i20 %data_3_V, i20 %data_4_V, i20 %data_5_V, i20 %data_6_V, i20 %data_7_V, i20 %data_8_V, i20 %data_9_V, i20 %data_10_V, i20 %data_11_V, i20 %data_12_V, i20 %data_13_V, i20 %data_14_V, i20 %data_15_V)" [firmware/nnet_utils/nnet_dense_stream.h:48]   --->   Operation 123 'call' 'call_ret' <Predicate = true> <Delay = 4.37> <CoreType = "Generic">   --->   Core 0 '' <Latency = 0> <II = 1> <Delay = 1.00> <Generic> <Opcode : >

State 53 <SV = 52> <Delay = 4.37>
ST_53 : Operation 124 [2/53] (4.37ns)   --->   "%call_ret = call fastcc { i20, i20, i20 } @"dense_wrapper<ap_fixed<20, 8, 5, 3, 0>, ap_fixed<20, 8, 5, 3, 0>, config26>"(i20 %data_0_V, i20 %data_1_V, i20 %data_2_V, i20 %data_3_V, i20 %data_4_V, i20 %data_5_V, i20 %data_6_V, i20 %data_7_V, i20 %data_8_V, i20 %data_9_V, i20 %data_10_V, i20 %data_11_V, i20 %data_12_V, i20 %data_13_V, i20 %data_14_V, i20 %data_15_V)" [firmware/nnet_utils/nnet_dense_stream.h:48]   --->   Operation 124 'call' 'call_ret' <Predicate = true> <Delay = 4.37> <CoreType = "Generic">   --->   Core 0 '' <Latency = 0> <II = 1> <Delay = 1.00> <Generic> <Opcode : >

State 54 <SV = 53> <Delay = 4.02>
ST_54 : Operation 125 [1/53] (4.02ns)   --->   "%call_ret = call fastcc { i20, i20, i20 } @"dense_wrapper<ap_fixed<20, 8, 5, 3, 0>, ap_fixed<20, 8, 5, 3, 0>, config26>"(i20 %data_0_V, i20 %data_1_V, i20 %data_2_V, i20 %data_3_V, i20 %data_4_V, i20 %data_5_V, i20 %data_6_V, i20 %data_7_V, i20 %data_8_V, i20 %data_9_V, i20 %data_10_V, i20 %data_11_V, i20 %data_12_V, i20 %data_13_V, i20 %data_14_V, i20 %data_15_V)" [firmware/nnet_utils/nnet_dense_stream.h:48]   --->   Operation 125 'call' 'call_ret' <Predicate = true> <Delay = 4.02> <CoreType = "Generic">   --->   Core 0 '' <Latency = 0> <II = 1> <Delay = 1.00> <Generic> <Opcode : >
ST_54 : Operation 126 [1/1] (0.00ns)   --->   "%res_0_V = extractvalue { i20, i20, i20 } %call_ret, 0" [firmware/nnet_utils/nnet_dense_stream.h:48]   --->   Operation 126 'extractvalue' 'res_0_V' <Predicate = true> <Delay = 0.00>
ST_54 : Operation 127 [1/1] (0.00ns)   --->   "%res_1_V = extractvalue { i20, i20, i20 } %call_ret, 1" [firmware/nnet_utils/nnet_dense_stream.h:48]   --->   Operation 127 'extractvalue' 'res_1_V' <Predicate = true> <Delay = 0.00>
ST_54 : Operation 128 [1/1] (0.00ns)   --->   "%res_2_V = extractvalue { i20, i20, i20 } %call_ret, 2" [firmware/nnet_utils/nnet_dense_stream.h:48]   --->   Operation 128 'extractvalue' 'res_2_V' <Predicate = true> <Delay = 0.00>

State 55 <SV = 54> <Delay = 2.18>
ST_55 : Operation 129 [1/1] (0.00ns)   --->   "call void (...)* @_ssdm_op_SpecInterface(i20* %res_stream_V_data_2_V, [8 x i8]* @ap_fifo_str, i32 0, i32 0, [1 x i8]* @p_str, i32 0, i32 0, [1 x i8]* @p_str, [1 x i8]* @p_str, [1 x i8]* @p_str, i32 2, i32 2, i32 16, i32 16, [1 x i8]* @p_str, [1 x i8]* @p_str)"   --->   Operation 129 'specinterface' <Predicate = true> <Delay = 0.00>
ST_55 : Operation 130 [1/1] (0.00ns)   --->   "call void (...)* @_ssdm_op_SpecInterface(i20* %res_stream_V_data_1_V, [8 x i8]* @ap_fifo_str, i32 0, i32 0, [1 x i8]* @p_str, i32 0, i32 0, [1 x i8]* @p_str, [1 x i8]* @p_str, [1 x i8]* @p_str, i32 2, i32 2, i32 16, i32 16, [1 x i8]* @p_str, [1 x i8]* @p_str)"   --->   Operation 130 'specinterface' <Predicate = true> <Delay = 0.00>
ST_55 : Operation 131 [1/1] (0.00ns)   --->   "call void (...)* @_ssdm_op_SpecInterface(i20* %res_stream_V_data_0_V, [8 x i8]* @ap_fifo_str, i32 0, i32 0, [1 x i8]* @p_str, i32 0, i32 0, [1 x i8]* @p_str, [1 x i8]* @p_str, [1 x i8]* @p_str, i32 2, i32 2, i32 16, i32 16, [1 x i8]* @p_str, [1 x i8]* @p_str)"   --->   Operation 131 'specinterface' <Predicate = true> <Delay = 0.00>
ST_55 : Operation 132 [1/1] (0.00ns)   --->   "call void (...)* @_ssdm_op_SpecInterface(i20* %data_stream_V_data_15_V, [8 x i8]* @ap_fifo_str, i32 0, i32 0, [1 x i8]* @p_str, i32 0, i32 0, [1 x i8]* @p_str, [1 x i8]* @p_str, [1 x i8]* @p_str, i32 2, i32 2, i32 16, i32 16, [1 x i8]* @p_str, [1 x i8]* @p_str)"   --->   Operation 132 'specinterface' <Predicate = true> <Delay = 0.00>
ST_55 : Operation 133 [1/1] (0.00ns)   --->   "call void (...)* @_ssdm_op_SpecInterface(i20* %data_stream_V_data_14_V, [8 x i8]* @ap_fifo_str, i32 0, i32 0, [1 x i8]* @p_str, i32 0, i32 0, [1 x i8]* @p_str, [1 x i8]* @p_str, [1 x i8]* @p_str, i32 2, i32 2, i32 16, i32 16, [1 x i8]* @p_str, [1 x i8]* @p_str)"   --->   Operation 133 'specinterface' <Predicate = true> <Delay = 0.00>
ST_55 : Operation 134 [1/1] (0.00ns)   --->   "call void (...)* @_ssdm_op_SpecInterface(i20* %data_stream_V_data_13_V, [8 x i8]* @ap_fifo_str, i32 0, i32 0, [1 x i8]* @p_str, i32 0, i32 0, [1 x i8]* @p_str, [1 x i8]* @p_str, [1 x i8]* @p_str, i32 2, i32 2, i32 16, i32 16, [1 x i8]* @p_str, [1 x i8]* @p_str)"   --->   Operation 134 'specinterface' <Predicate = true> <Delay = 0.00>
ST_55 : Operation 135 [1/1] (0.00ns)   --->   "call void (...)* @_ssdm_op_SpecInterface(i20* %data_stream_V_data_12_V, [8 x i8]* @ap_fifo_str, i32 0, i32 0, [1 x i8]* @p_str, i32 0, i32 0, [1 x i8]* @p_str, [1 x i8]* @p_str, [1 x i8]* @p_str, i32 2, i32 2, i32 16, i32 16, [1 x i8]* @p_str, [1 x i8]* @p_str)"   --->   Operation 135 'specinterface' <Predicate = true> <Delay = 0.00>
ST_55 : Operation 136 [1/1] (0.00ns)   --->   "call void (...)* @_ssdm_op_SpecInterface(i20* %data_stream_V_data_11_V, [8 x i8]* @ap_fifo_str, i32 0, i32 0, [1 x i8]* @p_str, i32 0, i32 0, [1 x i8]* @p_str, [1 x i8]* @p_str, [1 x i8]* @p_str, i32 2, i32 2, i32 16, i32 16, [1 x i8]* @p_str, [1 x i8]* @p_str)"   --->   Operation 136 'specinterface' <Predicate = true> <Delay = 0.00>
ST_55 : Operation 137 [1/1] (0.00ns)   --->   "call void (...)* @_ssdm_op_SpecInterface(i20* %data_stream_V_data_10_V, [8 x i8]* @ap_fifo_str, i32 0, i32 0, [1 x i8]* @p_str, i32 0, i32 0, [1 x i8]* @p_str, [1 x i8]* @p_str, [1 x i8]* @p_str, i32 2, i32 2, i32 16, i32 16, [1 x i8]* @p_str, [1 x i8]* @p_str)"   --->   Operation 137 'specinterface' <Predicate = true> <Delay = 0.00>
ST_55 : Operation 138 [1/1] (0.00ns)   --->   "call void (...)* @_ssdm_op_SpecInterface(i20* %data_stream_V_data_9_V, [8 x i8]* @ap_fifo_str, i32 0, i32 0, [1 x i8]* @p_str, i32 0, i32 0, [1 x i8]* @p_str, [1 x i8]* @p_str, [1 x i8]* @p_str, i32 2, i32 2, i32 16, i32 16, [1 x i8]* @p_str, [1 x i8]* @p_str)"   --->   Operation 138 'specinterface' <Predicate = true> <Delay = 0.00>
ST_55 : Operation 139 [1/1] (0.00ns)   --->   "call void (...)* @_ssdm_op_SpecInterface(i20* %data_stream_V_data_8_V, [8 x i8]* @ap_fifo_str, i32 0, i32 0, [1 x i8]* @p_str, i32 0, i32 0, [1 x i8]* @p_str, [1 x i8]* @p_str, [1 x i8]* @p_str, i32 2, i32 2, i32 16, i32 16, [1 x i8]* @p_str, [1 x i8]* @p_str)"   --->   Operation 139 'specinterface' <Predicate = true> <Delay = 0.00>
ST_55 : Operation 140 [1/1] (0.00ns)   --->   "call void (...)* @_ssdm_op_SpecInterface(i20* %data_stream_V_data_7_V, [8 x i8]* @ap_fifo_str, i32 0, i32 0, [1 x i8]* @p_str, i32 0, i32 0, [1 x i8]* @p_str, [1 x i8]* @p_str, [1 x i8]* @p_str, i32 2, i32 2, i32 16, i32 16, [1 x i8]* @p_str, [1 x i8]* @p_str)"   --->   Operation 140 'specinterface' <Predicate = true> <Delay = 0.00>
ST_55 : Operation 141 [1/1] (0.00ns)   --->   "call void (...)* @_ssdm_op_SpecInterface(i20* %data_stream_V_data_6_V, [8 x i8]* @ap_fifo_str, i32 0, i32 0, [1 x i8]* @p_str, i32 0, i32 0, [1 x i8]* @p_str, [1 x i8]* @p_str, [1 x i8]* @p_str, i32 2, i32 2, i32 16, i32 16, [1 x i8]* @p_str, [1 x i8]* @p_str)"   --->   Operation 141 'specinterface' <Predicate = true> <Delay = 0.00>
ST_55 : Operation 142 [1/1] (0.00ns)   --->   "call void (...)* @_ssdm_op_SpecInterface(i20* %data_stream_V_data_5_V, [8 x i8]* @ap_fifo_str, i32 0, i32 0, [1 x i8]* @p_str, i32 0, i32 0, [1 x i8]* @p_str, [1 x i8]* @p_str, [1 x i8]* @p_str, i32 2, i32 2, i32 16, i32 16, [1 x i8]* @p_str, [1 x i8]* @p_str)"   --->   Operation 142 'specinterface' <Predicate = true> <Delay = 0.00>
ST_55 : Operation 143 [1/1] (0.00ns)   --->   "call void (...)* @_ssdm_op_SpecInterface(i20* %data_stream_V_data_4_V, [8 x i8]* @ap_fifo_str, i32 0, i32 0, [1 x i8]* @p_str, i32 0, i32 0, [1 x i8]* @p_str, [1 x i8]* @p_str, [1 x i8]* @p_str, i32 2, i32 2, i32 16, i32 16, [1 x i8]* @p_str, [1 x i8]* @p_str)"   --->   Operation 143 'specinterface' <Predicate = true> <Delay = 0.00>
ST_55 : Operation 144 [1/1] (0.00ns)   --->   "call void (...)* @_ssdm_op_SpecInterface(i20* %data_stream_V_data_3_V, [8 x i8]* @ap_fifo_str, i32 0, i32 0, [1 x i8]* @p_str, i32 0, i32 0, [1 x i8]* @p_str, [1 x i8]* @p_str, [1 x i8]* @p_str, i32 2, i32 2, i32 16, i32 16, [1 x i8]* @p_str, [1 x i8]* @p_str)"   --->   Operation 144 'specinterface' <Predicate = true> <Delay = 0.00>
ST_55 : Operation 145 [1/1] (0.00ns)   --->   "call void (...)* @_ssdm_op_SpecInterface(i20* %data_stream_V_data_2_V, [8 x i8]* @ap_fifo_str, i32 0, i32 0, [1 x i8]* @p_str, i32 0, i32 0, [1 x i8]* @p_str, [1 x i8]* @p_str, [1 x i8]* @p_str, i32 2, i32 2, i32 16, i32 16, [1 x i8]* @p_str, [1 x i8]* @p_str)"   --->   Operation 145 'specinterface' <Predicate = true> <Delay = 0.00>
ST_55 : Operation 146 [1/1] (0.00ns)   --->   "call void (...)* @_ssdm_op_SpecInterface(i20* %data_stream_V_data_1_V, [8 x i8]* @ap_fifo_str, i32 0, i32 0, [1 x i8]* @p_str, i32 0, i32 0, [1 x i8]* @p_str, [1 x i8]* @p_str, [1 x i8]* @p_str, i32 2, i32 2, i32 16, i32 16, [1 x i8]* @p_str, [1 x i8]* @p_str)"   --->   Operation 146 'specinterface' <Predicate = true> <Delay = 0.00>
ST_55 : Operation 147 [1/1] (0.00ns)   --->   "call void (...)* @_ssdm_op_SpecInterface(i20* %data_stream_V_data_0_V, [8 x i8]* @ap_fifo_str, i32 0, i32 0, [1 x i8]* @p_str, i32 0, i32 0, [1 x i8]* @p_str, [1 x i8]* @p_str, [1 x i8]* @p_str, i32 2, i32 2, i32 16, i32 16, [1 x i8]* @p_str, [1 x i8]* @p_str)"   --->   Operation 147 'specinterface' <Predicate = true> <Delay = 0.00>
ST_55 : Operation 148 [1/1] (0.00ns)   --->   "call void (...)* @_ssdm_op_SpecLoopName([12 x i8]* @p_str39) nounwind" [firmware/nnet_utils/nnet_dense_stream.h:36]   --->   Operation 148 'specloopname' <Predicate = true> <Delay = 0.00>
ST_55 : Operation 149 [1/1] (0.00ns)   --->   "call void (...)* @_ssdm_op_SpecLoopName([9 x i8]* @p_str41) nounwind" [firmware/nnet_utils/nnet_dense_stream.h:51]   --->   Operation 149 'specloopname' <Predicate = true> <Delay = 0.00>
ST_55 : Operation 150 [1/1] (2.18ns)   --->   "call void @_ssdm_op_Write.ap_fifo.volatile.i20P.i20P.i20P(i20* %res_stream_V_data_0_V, i20* %res_stream_V_data_1_V, i20* %res_stream_V_data_2_V, i20 %res_0_V, i20 %res_1_V, i20 %res_2_V)" [firmware/nnet_utils/nnet_dense_stream.h:62]   --->   Operation 150 'write' <Predicate = true> <Delay = 2.18> <Core = "FIFO">   --->   Core 32 'FIFO' <Latency = 0> <II = 1> <Delay = 3.63> <Storage> <Opcode : 'read' 'write' 'nbread' 'nbwrite'> <Ports = 0> <Width = 20> <Depth = 1> <FIFO>
ST_55 : Operation 151 [1/1] (0.00ns)   --->   "ret void" [firmware/nnet_utils/nnet_dense_stream.h:64]   --->   Operation 151 'ret' <Predicate = true> <Delay = 0.00>


============================================================
+ Verbose Summary: Timing violations
============================================================
Target clock period: 5ns, clock uncertainty: 0.625ns.

 <State 1>: 2.19ns
The critical path consists of the following:
	fifo read on port 'data_stream_V_data_0_V' (firmware/nnet_utils/nnet_dense_stream.h:40) [40]  (2.19 ns)

 <State 2>: 4.22ns
The critical path consists of the following:
	'call' operation ('call_ret', firmware/nnet_utils/nnet_dense_stream.h:48) to 'dense_wrapper<ap_fixed<20, 8, 5, 3, 0>, ap_fixed<20, 8, 5, 3, 0>, config26>' [57]  (4.22 ns)

 <State 3>: 4.38ns
The critical path consists of the following:
	'call' operation ('call_ret', firmware/nnet_utils/nnet_dense_stream.h:48) to 'dense_wrapper<ap_fixed<20, 8, 5, 3, 0>, ap_fixed<20, 8, 5, 3, 0>, config26>' [57]  (4.38 ns)

 <State 4>: 4.38ns
The critical path consists of the following:
	'call' operation ('call_ret', firmware/nnet_utils/nnet_dense_stream.h:48) to 'dense_wrapper<ap_fixed<20, 8, 5, 3, 0>, ap_fixed<20, 8, 5, 3, 0>, config26>' [57]  (4.38 ns)

 <State 5>: 4.38ns
The critical path consists of the following:
	'call' operation ('call_ret', firmware/nnet_utils/nnet_dense_stream.h:48) to 'dense_wrapper<ap_fixed<20, 8, 5, 3, 0>, ap_fixed<20, 8, 5, 3, 0>, config26>' [57]  (4.38 ns)

 <State 6>: 4.38ns
The critical path consists of the following:
	'call' operation ('call_ret', firmware/nnet_utils/nnet_dense_stream.h:48) to 'dense_wrapper<ap_fixed<20, 8, 5, 3, 0>, ap_fixed<20, 8, 5, 3, 0>, config26>' [57]  (4.38 ns)

 <State 7>: 4.38ns
The critical path consists of the following:
	'call' operation ('call_ret', firmware/nnet_utils/nnet_dense_stream.h:48) to 'dense_wrapper<ap_fixed<20, 8, 5, 3, 0>, ap_fixed<20, 8, 5, 3, 0>, config26>' [57]  (4.38 ns)

 <State 8>: 4.38ns
The critical path consists of the following:
	'call' operation ('call_ret', firmware/nnet_utils/nnet_dense_stream.h:48) to 'dense_wrapper<ap_fixed<20, 8, 5, 3, 0>, ap_fixed<20, 8, 5, 3, 0>, config26>' [57]  (4.38 ns)

 <State 9>: 4.38ns
The critical path consists of the following:
	'call' operation ('call_ret', firmware/nnet_utils/nnet_dense_stream.h:48) to 'dense_wrapper<ap_fixed<20, 8, 5, 3, 0>, ap_fixed<20, 8, 5, 3, 0>, config26>' [57]  (4.38 ns)

 <State 10>: 4.38ns
The critical path consists of the following:
	'call' operation ('call_ret', firmware/nnet_utils/nnet_dense_stream.h:48) to 'dense_wrapper<ap_fixed<20, 8, 5, 3, 0>, ap_fixed<20, 8, 5, 3, 0>, config26>' [57]  (4.38 ns)

 <State 11>: 4.38ns
The critical path consists of the following:
	'call' operation ('call_ret', firmware/nnet_utils/nnet_dense_stream.h:48) to 'dense_wrapper<ap_fixed<20, 8, 5, 3, 0>, ap_fixed<20, 8, 5, 3, 0>, config26>' [57]  (4.38 ns)

 <State 12>: 4.38ns
The critical path consists of the following:
	'call' operation ('call_ret', firmware/nnet_utils/nnet_dense_stream.h:48) to 'dense_wrapper<ap_fixed<20, 8, 5, 3, 0>, ap_fixed<20, 8, 5, 3, 0>, config26>' [57]  (4.38 ns)

 <State 13>: 4.38ns
The critical path consists of the following:
	'call' operation ('call_ret', firmware/nnet_utils/nnet_dense_stream.h:48) to 'dense_wrapper<ap_fixed<20, 8, 5, 3, 0>, ap_fixed<20, 8, 5, 3, 0>, config26>' [57]  (4.38 ns)

 <State 14>: 4.38ns
The critical path consists of the following:
	'call' operation ('call_ret', firmware/nnet_utils/nnet_dense_stream.h:48) to 'dense_wrapper<ap_fixed<20, 8, 5, 3, 0>, ap_fixed<20, 8, 5, 3, 0>, config26>' [57]  (4.38 ns)

 <State 15>: 4.38ns
The critical path consists of the following:
	'call' operation ('call_ret', firmware/nnet_utils/nnet_dense_stream.h:48) to 'dense_wrapper<ap_fixed<20, 8, 5, 3, 0>, ap_fixed<20, 8, 5, 3, 0>, config26>' [57]  (4.38 ns)

 <State 16>: 4.38ns
The critical path consists of the following:
	'call' operation ('call_ret', firmware/nnet_utils/nnet_dense_stream.h:48) to 'dense_wrapper<ap_fixed<20, 8, 5, 3, 0>, ap_fixed<20, 8, 5, 3, 0>, config26>' [57]  (4.38 ns)

 <State 17>: 4.38ns
The critical path consists of the following:
	'call' operation ('call_ret', firmware/nnet_utils/nnet_dense_stream.h:48) to 'dense_wrapper<ap_fixed<20, 8, 5, 3, 0>, ap_fixed<20, 8, 5, 3, 0>, config26>' [57]  (4.38 ns)

 <State 18>: 4.38ns
The critical path consists of the following:
	'call' operation ('call_ret', firmware/nnet_utils/nnet_dense_stream.h:48) to 'dense_wrapper<ap_fixed<20, 8, 5, 3, 0>, ap_fixed<20, 8, 5, 3, 0>, config26>' [57]  (4.38 ns)

 <State 19>: 4.38ns
The critical path consists of the following:
	'call' operation ('call_ret', firmware/nnet_utils/nnet_dense_stream.h:48) to 'dense_wrapper<ap_fixed<20, 8, 5, 3, 0>, ap_fixed<20, 8, 5, 3, 0>, config26>' [57]  (4.38 ns)

 <State 20>: 4.38ns
The critical path consists of the following:
	'call' operation ('call_ret', firmware/nnet_utils/nnet_dense_stream.h:48) to 'dense_wrapper<ap_fixed<20, 8, 5, 3, 0>, ap_fixed<20, 8, 5, 3, 0>, config26>' [57]  (4.38 ns)

 <State 21>: 4.38ns
The critical path consists of the following:
	'call' operation ('call_ret', firmware/nnet_utils/nnet_dense_stream.h:48) to 'dense_wrapper<ap_fixed<20, 8, 5, 3, 0>, ap_fixed<20, 8, 5, 3, 0>, config26>' [57]  (4.38 ns)

 <State 22>: 4.38ns
The critical path consists of the following:
	'call' operation ('call_ret', firmware/nnet_utils/nnet_dense_stream.h:48) to 'dense_wrapper<ap_fixed<20, 8, 5, 3, 0>, ap_fixed<20, 8, 5, 3, 0>, config26>' [57]  (4.38 ns)

 <State 23>: 4.38ns
The critical path consists of the following:
	'call' operation ('call_ret', firmware/nnet_utils/nnet_dense_stream.h:48) to 'dense_wrapper<ap_fixed<20, 8, 5, 3, 0>, ap_fixed<20, 8, 5, 3, 0>, config26>' [57]  (4.38 ns)

 <State 24>: 4.38ns
The critical path consists of the following:
	'call' operation ('call_ret', firmware/nnet_utils/nnet_dense_stream.h:48) to 'dense_wrapper<ap_fixed<20, 8, 5, 3, 0>, ap_fixed<20, 8, 5, 3, 0>, config26>' [57]  (4.38 ns)

 <State 25>: 4.38ns
The critical path consists of the following:
	'call' operation ('call_ret', firmware/nnet_utils/nnet_dense_stream.h:48) to 'dense_wrapper<ap_fixed<20, 8, 5, 3, 0>, ap_fixed<20, 8, 5, 3, 0>, config26>' [57]  (4.38 ns)

 <State 26>: 4.38ns
The critical path consists of the following:
	'call' operation ('call_ret', firmware/nnet_utils/nnet_dense_stream.h:48) to 'dense_wrapper<ap_fixed<20, 8, 5, 3, 0>, ap_fixed<20, 8, 5, 3, 0>, config26>' [57]  (4.38 ns)

 <State 27>: 4.38ns
The critical path consists of the following:
	'call' operation ('call_ret', firmware/nnet_utils/nnet_dense_stream.h:48) to 'dense_wrapper<ap_fixed<20, 8, 5, 3, 0>, ap_fixed<20, 8, 5, 3, 0>, config26>' [57]  (4.38 ns)

 <State 28>: 4.38ns
The critical path consists of the following:
	'call' operation ('call_ret', firmware/nnet_utils/nnet_dense_stream.h:48) to 'dense_wrapper<ap_fixed<20, 8, 5, 3, 0>, ap_fixed<20, 8, 5, 3, 0>, config26>' [57]  (4.38 ns)

 <State 29>: 4.38ns
The critical path consists of the following:
	'call' operation ('call_ret', firmware/nnet_utils/nnet_dense_stream.h:48) to 'dense_wrapper<ap_fixed<20, 8, 5, 3, 0>, ap_fixed<20, 8, 5, 3, 0>, config26>' [57]  (4.38 ns)

 <State 30>: 4.38ns
The critical path consists of the following:
	'call' operation ('call_ret', firmware/nnet_utils/nnet_dense_stream.h:48) to 'dense_wrapper<ap_fixed<20, 8, 5, 3, 0>, ap_fixed<20, 8, 5, 3, 0>, config26>' [57]  (4.38 ns)

 <State 31>: 4.38ns
The critical path consists of the following:
	'call' operation ('call_ret', firmware/nnet_utils/nnet_dense_stream.h:48) to 'dense_wrapper<ap_fixed<20, 8, 5, 3, 0>, ap_fixed<20, 8, 5, 3, 0>, config26>' [57]  (4.38 ns)

 <State 32>: 4.38ns
The critical path consists of the following:
	'call' operation ('call_ret', firmware/nnet_utils/nnet_dense_stream.h:48) to 'dense_wrapper<ap_fixed<20, 8, 5, 3, 0>, ap_fixed<20, 8, 5, 3, 0>, config26>' [57]  (4.38 ns)

 <State 33>: 4.38ns
The critical path consists of the following:
	'call' operation ('call_ret', firmware/nnet_utils/nnet_dense_stream.h:48) to 'dense_wrapper<ap_fixed<20, 8, 5, 3, 0>, ap_fixed<20, 8, 5, 3, 0>, config26>' [57]  (4.38 ns)

 <State 34>: 4.38ns
The critical path consists of the following:
	'call' operation ('call_ret', firmware/nnet_utils/nnet_dense_stream.h:48) to 'dense_wrapper<ap_fixed<20, 8, 5, 3, 0>, ap_fixed<20, 8, 5, 3, 0>, config26>' [57]  (4.38 ns)

 <State 35>: 4.38ns
The critical path consists of the following:
	'call' operation ('call_ret', firmware/nnet_utils/nnet_dense_stream.h:48) to 'dense_wrapper<ap_fixed<20, 8, 5, 3, 0>, ap_fixed<20, 8, 5, 3, 0>, config26>' [57]  (4.38 ns)

 <State 36>: 4.38ns
The critical path consists of the following:
	'call' operation ('call_ret', firmware/nnet_utils/nnet_dense_stream.h:48) to 'dense_wrapper<ap_fixed<20, 8, 5, 3, 0>, ap_fixed<20, 8, 5, 3, 0>, config26>' [57]  (4.38 ns)

 <State 37>: 4.38ns
The critical path consists of the following:
	'call' operation ('call_ret', firmware/nnet_utils/nnet_dense_stream.h:48) to 'dense_wrapper<ap_fixed<20, 8, 5, 3, 0>, ap_fixed<20, 8, 5, 3, 0>, config26>' [57]  (4.38 ns)

 <State 38>: 4.38ns
The critical path consists of the following:
	'call' operation ('call_ret', firmware/nnet_utils/nnet_dense_stream.h:48) to 'dense_wrapper<ap_fixed<20, 8, 5, 3, 0>, ap_fixed<20, 8, 5, 3, 0>, config26>' [57]  (4.38 ns)

 <State 39>: 4.38ns
The critical path consists of the following:
	'call' operation ('call_ret', firmware/nnet_utils/nnet_dense_stream.h:48) to 'dense_wrapper<ap_fixed<20, 8, 5, 3, 0>, ap_fixed<20, 8, 5, 3, 0>, config26>' [57]  (4.38 ns)

 <State 40>: 4.38ns
The critical path consists of the following:
	'call' operation ('call_ret', firmware/nnet_utils/nnet_dense_stream.h:48) to 'dense_wrapper<ap_fixed<20, 8, 5, 3, 0>, ap_fixed<20, 8, 5, 3, 0>, config26>' [57]  (4.38 ns)

 <State 41>: 4.38ns
The critical path consists of the following:
	'call' operation ('call_ret', firmware/nnet_utils/nnet_dense_stream.h:48) to 'dense_wrapper<ap_fixed<20, 8, 5, 3, 0>, ap_fixed<20, 8, 5, 3, 0>, config26>' [57]  (4.38 ns)

 <State 42>: 4.38ns
The critical path consists of the following:
	'call' operation ('call_ret', firmware/nnet_utils/nnet_dense_stream.h:48) to 'dense_wrapper<ap_fixed<20, 8, 5, 3, 0>, ap_fixed<20, 8, 5, 3, 0>, config26>' [57]  (4.38 ns)

 <State 43>: 4.38ns
The critical path consists of the following:
	'call' operation ('call_ret', firmware/nnet_utils/nnet_dense_stream.h:48) to 'dense_wrapper<ap_fixed<20, 8, 5, 3, 0>, ap_fixed<20, 8, 5, 3, 0>, config26>' [57]  (4.38 ns)

 <State 44>: 4.38ns
The critical path consists of the following:
	'call' operation ('call_ret', firmware/nnet_utils/nnet_dense_stream.h:48) to 'dense_wrapper<ap_fixed<20, 8, 5, 3, 0>, ap_fixed<20, 8, 5, 3, 0>, config26>' [57]  (4.38 ns)

 <State 45>: 4.38ns
The critical path consists of the following:
	'call' operation ('call_ret', firmware/nnet_utils/nnet_dense_stream.h:48) to 'dense_wrapper<ap_fixed<20, 8, 5, 3, 0>, ap_fixed<20, 8, 5, 3, 0>, config26>' [57]  (4.38 ns)

 <State 46>: 4.38ns
The critical path consists of the following:
	'call' operation ('call_ret', firmware/nnet_utils/nnet_dense_stream.h:48) to 'dense_wrapper<ap_fixed<20, 8, 5, 3, 0>, ap_fixed<20, 8, 5, 3, 0>, config26>' [57]  (4.38 ns)

 <State 47>: 4.38ns
The critical path consists of the following:
	'call' operation ('call_ret', firmware/nnet_utils/nnet_dense_stream.h:48) to 'dense_wrapper<ap_fixed<20, 8, 5, 3, 0>, ap_fixed<20, 8, 5, 3, 0>, config26>' [57]  (4.38 ns)

 <State 48>: 4.38ns
The critical path consists of the following:
	'call' operation ('call_ret', firmware/nnet_utils/nnet_dense_stream.h:48) to 'dense_wrapper<ap_fixed<20, 8, 5, 3, 0>, ap_fixed<20, 8, 5, 3, 0>, config26>' [57]  (4.38 ns)

 <State 49>: 4.38ns
The critical path consists of the following:
	'call' operation ('call_ret', firmware/nnet_utils/nnet_dense_stream.h:48) to 'dense_wrapper<ap_fixed<20, 8, 5, 3, 0>, ap_fixed<20, 8, 5, 3, 0>, config26>' [57]  (4.38 ns)

 <State 50>: 4.38ns
The critical path consists of the following:
	'call' operation ('call_ret', firmware/nnet_utils/nnet_dense_stream.h:48) to 'dense_wrapper<ap_fixed<20, 8, 5, 3, 0>, ap_fixed<20, 8, 5, 3, 0>, config26>' [57]  (4.38 ns)

 <State 51>: 4.38ns
The critical path consists of the following:
	'call' operation ('call_ret', firmware/nnet_utils/nnet_dense_stream.h:48) to 'dense_wrapper<ap_fixed<20, 8, 5, 3, 0>, ap_fixed<20, 8, 5, 3, 0>, config26>' [57]  (4.38 ns)

 <State 52>: 4.38ns
The critical path consists of the following:
	'call' operation ('call_ret', firmware/nnet_utils/nnet_dense_stream.h:48) to 'dense_wrapper<ap_fixed<20, 8, 5, 3, 0>, ap_fixed<20, 8, 5, 3, 0>, config26>' [57]  (4.38 ns)

 <State 53>: 4.38ns
The critical path consists of the following:
	'call' operation ('call_ret', firmware/nnet_utils/nnet_dense_stream.h:48) to 'dense_wrapper<ap_fixed<20, 8, 5, 3, 0>, ap_fixed<20, 8, 5, 3, 0>, config26>' [57]  (4.38 ns)

 <State 54>: 4.02ns
The critical path consists of the following:
	'call' operation ('call_ret', firmware/nnet_utils/nnet_dense_stream.h:48) to 'dense_wrapper<ap_fixed<20, 8, 5, 3, 0>, ap_fixed<20, 8, 5, 3, 0>, config26>' [57]  (4.02 ns)

 <State 55>: 2.19ns
The critical path consists of the following:
	fifo write on port 'res_stream_V_data_0_V' (firmware/nnet_utils/nnet_dense_stream.h:62) [62]  (2.19 ns)


============================================================
+ Verbose Summary: Binding
============================================================
N/A
* FSMD analyzer results:
  - Output states:
 - Input state : 
  - Chain level:
	State 1
	State 2
	State 3
	State 4
	State 5
	State 6
	State 7
	State 8
	State 9
	State 10
	State 11
	State 12
	State 13
	State 14
	State 15
	State 16
	State 17
	State 18
	State 19
	State 20
	State 21
	State 22
	State 23
	State 24
	State 25
	State 26
	State 27
	State 28
	State 29
	State 30
	State 31
	State 32
	State 33
	State 34
	State 35
	State 36
	State 37
	State 38
	State 39
	State 40
	State 41
	State 42
	State 43
	State 44
	State 45
	State 46
	State 47
	State 48
	State 49
	State 50
	State 51
	State 52
	State 53
	State 54
	State 55


============================================================
+ Verbose Summary: Datapath Resource usage 
============================================================
N/A
