

================================================================
== Vivado HLS Report for 'dense_array_ap_fixed_8u_array_ap_fixed_20_8_5_3_0_16u_config22_s'
================================================================
* Date:           Thu Dec 12 22:34:28 2019

* Version:        2019.2 (Build 2704478 on Wed Nov 06 22:10:23 MST 2019)
* Project:        myproject_prj
* Solution:       solution1
* Product family: zynq
* Target device:  xc7z020-clg400-1


================================================================
== Performance Estimates
================================================================
+ Timing: 
    * Summary: 
    +--------+---------+----------+------------+
    |  Clock |  Target | Estimated| Uncertainty|
    +--------+---------+----------+------------+
    |ap_clk  | 5.00 ns | 6.030 ns |   0.62 ns  |
    +--------+---------+----------+------------+

+ Latency: 
    * Summary: 
    +---------+---------+----------+----------+-----+-----+---------+
    |  Latency (cycles) |  Latency (absolute) |  Interval | Pipeline|
    |   min   |   max   |    min   |    max   | min | max |   Type  |
    +---------+---------+----------+----------+-----+-----+---------+
    |       69|       69| 0.416 us | 0.416 us |   69|   69|   none  |
    +---------+---------+----------+----------+-----+-----+---------+

    + Detail: 
        * Instance: 
        N/A

        * Loop: 
        N/A

============================================================
+ Verbose Summary: Synthesis Manager
============================================================
InlineROM: 1
ExposeGlobal: 0
============================================================
+ Verbose Summary: CDFG Model
============================================================
IsTopModel: 0
ResetActiveHigh: 1
IsCombinational: 2
IsDatapathOnly: 0
HasWiredReturn: 1
HasMFsm: 0
HasVarLatency: 1
IsPipeline: 0
IsRtlPipelined: 0
IsInstanceOverlapped: 0
IsDontTouch: 0
HasImplIP: 0
IsGatedGlobalClock: 0


============================================================
+ Verbose Summary: Schedule
============================================================
* Number of FSM states : 70
* Pipeline : 0
* Dataflow Pipeline: 0

* FSM state transitions: 
1 --> 2 
2 --> 3 
3 --> 4 
4 --> 5 
5 --> 6 
6 --> 7 
7 --> 8 
8 --> 9 
9 --> 10 
10 --> 11 
11 --> 12 
12 --> 13 
13 --> 14 
14 --> 15 
15 --> 16 
16 --> 17 
17 --> 18 
18 --> 19 
19 --> 20 
20 --> 21 
21 --> 22 
22 --> 23 
23 --> 24 
24 --> 25 
25 --> 26 
26 --> 27 
27 --> 28 
28 --> 29 
29 --> 30 
30 --> 31 
31 --> 32 
32 --> 33 
33 --> 34 
34 --> 35 
35 --> 36 
36 --> 37 
37 --> 38 
38 --> 39 
39 --> 40 
40 --> 41 
41 --> 42 
42 --> 43 
43 --> 44 
44 --> 45 
45 --> 46 
46 --> 47 
47 --> 48 
48 --> 49 
49 --> 50 
50 --> 51 
51 --> 52 
52 --> 53 
53 --> 54 
54 --> 55 
55 --> 56 
56 --> 57 
57 --> 58 
58 --> 59 
59 --> 60 
60 --> 61 
61 --> 62 
62 --> 63 
63 --> 64 
64 --> 65 
65 --> 66 
66 --> 67 
67 --> 68 
68 --> 69 
69 --> 70 
70 --> 

* FSM state operations: 

State 1 <SV = 0> <Delay = 2.18>
ST_1 : Operation 71 [1/1] (2.18ns)   --->   "%empty = call { i20, i20, i20, i20, i20, i20, i20, i20 } @_ssdm_op_Read.ap_fifo.volatile.i20P.i20P.i20P.i20P.i20P.i20P.i20P.i20P(i20* %data_stream_V_data_0_V, i20* %data_stream_V_data_1_V, i20* %data_stream_V_data_2_V, i20* %data_stream_V_data_3_V, i20* %data_stream_V_data_4_V, i20* %data_stream_V_data_5_V, i20* %data_stream_V_data_6_V, i20* %data_stream_V_data_7_V)" [firmware/nnet_utils/nnet_dense_stream.h:40]   --->   Operation 71 'read' 'empty' <Predicate = true> <Delay = 2.18> <Core = "FIFO">   --->   Core 32 'FIFO' <Latency = 0> <II = 1> <Delay = 3.63> <Storage> <Opcode : 'read' 'write' 'nbread' 'nbwrite'> <Ports = 0> <Width = 20> <Depth = 1> <FIFO>
ST_1 : Operation 72 [1/1] (0.00ns)   --->   "%data_0_V = extractvalue { i20, i20, i20, i20, i20, i20, i20, i20 } %empty, 0" [firmware/nnet_utils/nnet_dense_stream.h:40]   --->   Operation 72 'extractvalue' 'data_0_V' <Predicate = true> <Delay = 0.00>
ST_1 : Operation 73 [1/1] (0.00ns)   --->   "%data_1_V = extractvalue { i20, i20, i20, i20, i20, i20, i20, i20 } %empty, 1" [firmware/nnet_utils/nnet_dense_stream.h:40]   --->   Operation 73 'extractvalue' 'data_1_V' <Predicate = true> <Delay = 0.00>
ST_1 : Operation 74 [1/1] (0.00ns)   --->   "%data_2_V = extractvalue { i20, i20, i20, i20, i20, i20, i20, i20 } %empty, 2" [firmware/nnet_utils/nnet_dense_stream.h:40]   --->   Operation 74 'extractvalue' 'data_2_V' <Predicate = true> <Delay = 0.00>
ST_1 : Operation 75 [1/1] (0.00ns)   --->   "%data_3_V = extractvalue { i20, i20, i20, i20, i20, i20, i20, i20 } %empty, 3" [firmware/nnet_utils/nnet_dense_stream.h:40]   --->   Operation 75 'extractvalue' 'data_3_V' <Predicate = true> <Delay = 0.00>
ST_1 : Operation 76 [1/1] (0.00ns)   --->   "%data_4_V = extractvalue { i20, i20, i20, i20, i20, i20, i20, i20 } %empty, 4" [firmware/nnet_utils/nnet_dense_stream.h:40]   --->   Operation 76 'extractvalue' 'data_4_V' <Predicate = true> <Delay = 0.00>
ST_1 : Operation 77 [1/1] (0.00ns)   --->   "%data_5_V = extractvalue { i20, i20, i20, i20, i20, i20, i20, i20 } %empty, 5" [firmware/nnet_utils/nnet_dense_stream.h:40]   --->   Operation 77 'extractvalue' 'data_5_V' <Predicate = true> <Delay = 0.00>
ST_1 : Operation 78 [1/1] (0.00ns)   --->   "%data_6_V = extractvalue { i20, i20, i20, i20, i20, i20, i20, i20 } %empty, 6" [firmware/nnet_utils/nnet_dense_stream.h:40]   --->   Operation 78 'extractvalue' 'data_6_V' <Predicate = true> <Delay = 0.00>
ST_1 : Operation 79 [1/1] (0.00ns)   --->   "%data_7_V = extractvalue { i20, i20, i20, i20, i20, i20, i20, i20 } %empty, 7" [firmware/nnet_utils/nnet_dense_stream.h:40]   --->   Operation 79 'extractvalue' 'data_7_V' <Predicate = true> <Delay = 0.00>

State 2 <SV = 1> <Delay = 3.65>
ST_2 : Operation 80 [68/68] (3.65ns)   --->   "%call_ret = call fastcc { i20, i20, i20, i20, i20, i20, i20, i20, i20, i20, i20, i20, i20, i20, i20 } @"dense_wrapper<ap_fixed<20, 8, 5, 3, 0>, ap_fixed<20, 8, 5, 3, 0>, config22>"(i20 %data_0_V, i20 %data_1_V, i20 %data_2_V, i20 %data_3_V, i20 %data_4_V, i20 %data_5_V, i20 %data_6_V, i20 %data_7_V)" [firmware/nnet_utils/nnet_dense_stream.h:48]   --->   Operation 80 'call' 'call_ret' <Predicate = true> <Delay = 3.65> <CoreType = "Generic">   --->   Core 0 '' <Latency = 0> <II = 1> <Delay = 1.00> <Generic> <Opcode : >

State 3 <SV = 2> <Delay = 4.37>
ST_3 : Operation 81 [67/68] (4.37ns)   --->   "%call_ret = call fastcc { i20, i20, i20, i20, i20, i20, i20, i20, i20, i20, i20, i20, i20, i20, i20 } @"dense_wrapper<ap_fixed<20, 8, 5, 3, 0>, ap_fixed<20, 8, 5, 3, 0>, config22>"(i20 %data_0_V, i20 %data_1_V, i20 %data_2_V, i20 %data_3_V, i20 %data_4_V, i20 %data_5_V, i20 %data_6_V, i20 %data_7_V)" [firmware/nnet_utils/nnet_dense_stream.h:48]   --->   Operation 81 'call' 'call_ret' <Predicate = true> <Delay = 4.37> <CoreType = "Generic">   --->   Core 0 '' <Latency = 0> <II = 1> <Delay = 1.00> <Generic> <Opcode : >

State 4 <SV = 3> <Delay = 4.37>
ST_4 : Operation 82 [66/68] (4.37ns)   --->   "%call_ret = call fastcc { i20, i20, i20, i20, i20, i20, i20, i20, i20, i20, i20, i20, i20, i20, i20 } @"dense_wrapper<ap_fixed<20, 8, 5, 3, 0>, ap_fixed<20, 8, 5, 3, 0>, config22>"(i20 %data_0_V, i20 %data_1_V, i20 %data_2_V, i20 %data_3_V, i20 %data_4_V, i20 %data_5_V, i20 %data_6_V, i20 %data_7_V)" [firmware/nnet_utils/nnet_dense_stream.h:48]   --->   Operation 82 'call' 'call_ret' <Predicate = true> <Delay = 4.37> <CoreType = "Generic">   --->   Core 0 '' <Latency = 0> <II = 1> <Delay = 1.00> <Generic> <Opcode : >

State 5 <SV = 4> <Delay = 4.37>
ST_5 : Operation 83 [65/68] (4.37ns)   --->   "%call_ret = call fastcc { i20, i20, i20, i20, i20, i20, i20, i20, i20, i20, i20, i20, i20, i20, i20 } @"dense_wrapper<ap_fixed<20, 8, 5, 3, 0>, ap_fixed<20, 8, 5, 3, 0>, config22>"(i20 %data_0_V, i20 %data_1_V, i20 %data_2_V, i20 %data_3_V, i20 %data_4_V, i20 %data_5_V, i20 %data_6_V, i20 %data_7_V)" [firmware/nnet_utils/nnet_dense_stream.h:48]   --->   Operation 83 'call' 'call_ret' <Predicate = true> <Delay = 4.37> <CoreType = "Generic">   --->   Core 0 '' <Latency = 0> <II = 1> <Delay = 1.00> <Generic> <Opcode : >

State 6 <SV = 5> <Delay = 4.37>
ST_6 : Operation 84 [64/68] (4.37ns)   --->   "%call_ret = call fastcc { i20, i20, i20, i20, i20, i20, i20, i20, i20, i20, i20, i20, i20, i20, i20 } @"dense_wrapper<ap_fixed<20, 8, 5, 3, 0>, ap_fixed<20, 8, 5, 3, 0>, config22>"(i20 %data_0_V, i20 %data_1_V, i20 %data_2_V, i20 %data_3_V, i20 %data_4_V, i20 %data_5_V, i20 %data_6_V, i20 %data_7_V)" [firmware/nnet_utils/nnet_dense_stream.h:48]   --->   Operation 84 'call' 'call_ret' <Predicate = true> <Delay = 4.37> <CoreType = "Generic">   --->   Core 0 '' <Latency = 0> <II = 1> <Delay = 1.00> <Generic> <Opcode : >

State 7 <SV = 6> <Delay = 4.37>
ST_7 : Operation 85 [63/68] (4.37ns)   --->   "%call_ret = call fastcc { i20, i20, i20, i20, i20, i20, i20, i20, i20, i20, i20, i20, i20, i20, i20 } @"dense_wrapper<ap_fixed<20, 8, 5, 3, 0>, ap_fixed<20, 8, 5, 3, 0>, config22>"(i20 %data_0_V, i20 %data_1_V, i20 %data_2_V, i20 %data_3_V, i20 %data_4_V, i20 %data_5_V, i20 %data_6_V, i20 %data_7_V)" [firmware/nnet_utils/nnet_dense_stream.h:48]   --->   Operation 85 'call' 'call_ret' <Predicate = true> <Delay = 4.37> <CoreType = "Generic">   --->   Core 0 '' <Latency = 0> <II = 1> <Delay = 1.00> <Generic> <Opcode : >

State 8 <SV = 7> <Delay = 4.37>
ST_8 : Operation 86 [62/68] (4.37ns)   --->   "%call_ret = call fastcc { i20, i20, i20, i20, i20, i20, i20, i20, i20, i20, i20, i20, i20, i20, i20 } @"dense_wrapper<ap_fixed<20, 8, 5, 3, 0>, ap_fixed<20, 8, 5, 3, 0>, config22>"(i20 %data_0_V, i20 %data_1_V, i20 %data_2_V, i20 %data_3_V, i20 %data_4_V, i20 %data_5_V, i20 %data_6_V, i20 %data_7_V)" [firmware/nnet_utils/nnet_dense_stream.h:48]   --->   Operation 86 'call' 'call_ret' <Predicate = true> <Delay = 4.37> <CoreType = "Generic">   --->   Core 0 '' <Latency = 0> <II = 1> <Delay = 1.00> <Generic> <Opcode : >

State 9 <SV = 8> <Delay = 4.37>
ST_9 : Operation 87 [61/68] (4.37ns)   --->   "%call_ret = call fastcc { i20, i20, i20, i20, i20, i20, i20, i20, i20, i20, i20, i20, i20, i20, i20 } @"dense_wrapper<ap_fixed<20, 8, 5, 3, 0>, ap_fixed<20, 8, 5, 3, 0>, config22>"(i20 %data_0_V, i20 %data_1_V, i20 %data_2_V, i20 %data_3_V, i20 %data_4_V, i20 %data_5_V, i20 %data_6_V, i20 %data_7_V)" [firmware/nnet_utils/nnet_dense_stream.h:48]   --->   Operation 87 'call' 'call_ret' <Predicate = true> <Delay = 4.37> <CoreType = "Generic">   --->   Core 0 '' <Latency = 0> <II = 1> <Delay = 1.00> <Generic> <Opcode : >

State 10 <SV = 9> <Delay = 4.37>
ST_10 : Operation 88 [60/68] (4.37ns)   --->   "%call_ret = call fastcc { i20, i20, i20, i20, i20, i20, i20, i20, i20, i20, i20, i20, i20, i20, i20 } @"dense_wrapper<ap_fixed<20, 8, 5, 3, 0>, ap_fixed<20, 8, 5, 3, 0>, config22>"(i20 %data_0_V, i20 %data_1_V, i20 %data_2_V, i20 %data_3_V, i20 %data_4_V, i20 %data_5_V, i20 %data_6_V, i20 %data_7_V)" [firmware/nnet_utils/nnet_dense_stream.h:48]   --->   Operation 88 'call' 'call_ret' <Predicate = true> <Delay = 4.37> <CoreType = "Generic">   --->   Core 0 '' <Latency = 0> <II = 1> <Delay = 1.00> <Generic> <Opcode : >

State 11 <SV = 10> <Delay = 4.37>
ST_11 : Operation 89 [59/68] (4.37ns)   --->   "%call_ret = call fastcc { i20, i20, i20, i20, i20, i20, i20, i20, i20, i20, i20, i20, i20, i20, i20 } @"dense_wrapper<ap_fixed<20, 8, 5, 3, 0>, ap_fixed<20, 8, 5, 3, 0>, config22>"(i20 %data_0_V, i20 %data_1_V, i20 %data_2_V, i20 %data_3_V, i20 %data_4_V, i20 %data_5_V, i20 %data_6_V, i20 %data_7_V)" [firmware/nnet_utils/nnet_dense_stream.h:48]   --->   Operation 89 'call' 'call_ret' <Predicate = true> <Delay = 4.37> <CoreType = "Generic">   --->   Core 0 '' <Latency = 0> <II = 1> <Delay = 1.00> <Generic> <Opcode : >

State 12 <SV = 11> <Delay = 4.37>
ST_12 : Operation 90 [58/68] (4.37ns)   --->   "%call_ret = call fastcc { i20, i20, i20, i20, i20, i20, i20, i20, i20, i20, i20, i20, i20, i20, i20 } @"dense_wrapper<ap_fixed<20, 8, 5, 3, 0>, ap_fixed<20, 8, 5, 3, 0>, config22>"(i20 %data_0_V, i20 %data_1_V, i20 %data_2_V, i20 %data_3_V, i20 %data_4_V, i20 %data_5_V, i20 %data_6_V, i20 %data_7_V)" [firmware/nnet_utils/nnet_dense_stream.h:48]   --->   Operation 90 'call' 'call_ret' <Predicate = true> <Delay = 4.37> <CoreType = "Generic">   --->   Core 0 '' <Latency = 0> <II = 1> <Delay = 1.00> <Generic> <Opcode : >

State 13 <SV = 12> <Delay = 4.37>
ST_13 : Operation 91 [57/68] (4.37ns)   --->   "%call_ret = call fastcc { i20, i20, i20, i20, i20, i20, i20, i20, i20, i20, i20, i20, i20, i20, i20 } @"dense_wrapper<ap_fixed<20, 8, 5, 3, 0>, ap_fixed<20, 8, 5, 3, 0>, config22>"(i20 %data_0_V, i20 %data_1_V, i20 %data_2_V, i20 %data_3_V, i20 %data_4_V, i20 %data_5_V, i20 %data_6_V, i20 %data_7_V)" [firmware/nnet_utils/nnet_dense_stream.h:48]   --->   Operation 91 'call' 'call_ret' <Predicate = true> <Delay = 4.37> <CoreType = "Generic">   --->   Core 0 '' <Latency = 0> <II = 1> <Delay = 1.00> <Generic> <Opcode : >

State 14 <SV = 13> <Delay = 4.37>
ST_14 : Operation 92 [56/68] (4.37ns)   --->   "%call_ret = call fastcc { i20, i20, i20, i20, i20, i20, i20, i20, i20, i20, i20, i20, i20, i20, i20 } @"dense_wrapper<ap_fixed<20, 8, 5, 3, 0>, ap_fixed<20, 8, 5, 3, 0>, config22>"(i20 %data_0_V, i20 %data_1_V, i20 %data_2_V, i20 %data_3_V, i20 %data_4_V, i20 %data_5_V, i20 %data_6_V, i20 %data_7_V)" [firmware/nnet_utils/nnet_dense_stream.h:48]   --->   Operation 92 'call' 'call_ret' <Predicate = true> <Delay = 4.37> <CoreType = "Generic">   --->   Core 0 '' <Latency = 0> <II = 1> <Delay = 1.00> <Generic> <Opcode : >

State 15 <SV = 14> <Delay = 4.37>
ST_15 : Operation 93 [55/68] (4.37ns)   --->   "%call_ret = call fastcc { i20, i20, i20, i20, i20, i20, i20, i20, i20, i20, i20, i20, i20, i20, i20 } @"dense_wrapper<ap_fixed<20, 8, 5, 3, 0>, ap_fixed<20, 8, 5, 3, 0>, config22>"(i20 %data_0_V, i20 %data_1_V, i20 %data_2_V, i20 %data_3_V, i20 %data_4_V, i20 %data_5_V, i20 %data_6_V, i20 %data_7_V)" [firmware/nnet_utils/nnet_dense_stream.h:48]   --->   Operation 93 'call' 'call_ret' <Predicate = true> <Delay = 4.37> <CoreType = "Generic">   --->   Core 0 '' <Latency = 0> <II = 1> <Delay = 1.00> <Generic> <Opcode : >

State 16 <SV = 15> <Delay = 4.37>
ST_16 : Operation 94 [54/68] (4.37ns)   --->   "%call_ret = call fastcc { i20, i20, i20, i20, i20, i20, i20, i20, i20, i20, i20, i20, i20, i20, i20 } @"dense_wrapper<ap_fixed<20, 8, 5, 3, 0>, ap_fixed<20, 8, 5, 3, 0>, config22>"(i20 %data_0_V, i20 %data_1_V, i20 %data_2_V, i20 %data_3_V, i20 %data_4_V, i20 %data_5_V, i20 %data_6_V, i20 %data_7_V)" [firmware/nnet_utils/nnet_dense_stream.h:48]   --->   Operation 94 'call' 'call_ret' <Predicate = true> <Delay = 4.37> <CoreType = "Generic">   --->   Core 0 '' <Latency = 0> <II = 1> <Delay = 1.00> <Generic> <Opcode : >

State 17 <SV = 16> <Delay = 4.37>
ST_17 : Operation 95 [53/68] (4.37ns)   --->   "%call_ret = call fastcc { i20, i20, i20, i20, i20, i20, i20, i20, i20, i20, i20, i20, i20, i20, i20 } @"dense_wrapper<ap_fixed<20, 8, 5, 3, 0>, ap_fixed<20, 8, 5, 3, 0>, config22>"(i20 %data_0_V, i20 %data_1_V, i20 %data_2_V, i20 %data_3_V, i20 %data_4_V, i20 %data_5_V, i20 %data_6_V, i20 %data_7_V)" [firmware/nnet_utils/nnet_dense_stream.h:48]   --->   Operation 95 'call' 'call_ret' <Predicate = true> <Delay = 4.37> <CoreType = "Generic">   --->   Core 0 '' <Latency = 0> <II = 1> <Delay = 1.00> <Generic> <Opcode : >

State 18 <SV = 17> <Delay = 4.37>
ST_18 : Operation 96 [52/68] (4.37ns)   --->   "%call_ret = call fastcc { i20, i20, i20, i20, i20, i20, i20, i20, i20, i20, i20, i20, i20, i20, i20 } @"dense_wrapper<ap_fixed<20, 8, 5, 3, 0>, ap_fixed<20, 8, 5, 3, 0>, config22>"(i20 %data_0_V, i20 %data_1_V, i20 %data_2_V, i20 %data_3_V, i20 %data_4_V, i20 %data_5_V, i20 %data_6_V, i20 %data_7_V)" [firmware/nnet_utils/nnet_dense_stream.h:48]   --->   Operation 96 'call' 'call_ret' <Predicate = true> <Delay = 4.37> <CoreType = "Generic">   --->   Core 0 '' <Latency = 0> <II = 1> <Delay = 1.00> <Generic> <Opcode : >

State 19 <SV = 18> <Delay = 4.37>
ST_19 : Operation 97 [51/68] (4.37ns)   --->   "%call_ret = call fastcc { i20, i20, i20, i20, i20, i20, i20, i20, i20, i20, i20, i20, i20, i20, i20 } @"dense_wrapper<ap_fixed<20, 8, 5, 3, 0>, ap_fixed<20, 8, 5, 3, 0>, config22>"(i20 %data_0_V, i20 %data_1_V, i20 %data_2_V, i20 %data_3_V, i20 %data_4_V, i20 %data_5_V, i20 %data_6_V, i20 %data_7_V)" [firmware/nnet_utils/nnet_dense_stream.h:48]   --->   Operation 97 'call' 'call_ret' <Predicate = true> <Delay = 4.37> <CoreType = "Generic">   --->   Core 0 '' <Latency = 0> <II = 1> <Delay = 1.00> <Generic> <Opcode : >

State 20 <SV = 19> <Delay = 4.37>
ST_20 : Operation 98 [50/68] (4.37ns)   --->   "%call_ret = call fastcc { i20, i20, i20, i20, i20, i20, i20, i20, i20, i20, i20, i20, i20, i20, i20 } @"dense_wrapper<ap_fixed<20, 8, 5, 3, 0>, ap_fixed<20, 8, 5, 3, 0>, config22>"(i20 %data_0_V, i20 %data_1_V, i20 %data_2_V, i20 %data_3_V, i20 %data_4_V, i20 %data_5_V, i20 %data_6_V, i20 %data_7_V)" [firmware/nnet_utils/nnet_dense_stream.h:48]   --->   Operation 98 'call' 'call_ret' <Predicate = true> <Delay = 4.37> <CoreType = "Generic">   --->   Core 0 '' <Latency = 0> <II = 1> <Delay = 1.00> <Generic> <Opcode : >

State 21 <SV = 20> <Delay = 4.37>
ST_21 : Operation 99 [49/68] (4.37ns)   --->   "%call_ret = call fastcc { i20, i20, i20, i20, i20, i20, i20, i20, i20, i20, i20, i20, i20, i20, i20 } @"dense_wrapper<ap_fixed<20, 8, 5, 3, 0>, ap_fixed<20, 8, 5, 3, 0>, config22>"(i20 %data_0_V, i20 %data_1_V, i20 %data_2_V, i20 %data_3_V, i20 %data_4_V, i20 %data_5_V, i20 %data_6_V, i20 %data_7_V)" [firmware/nnet_utils/nnet_dense_stream.h:48]   --->   Operation 99 'call' 'call_ret' <Predicate = true> <Delay = 4.37> <CoreType = "Generic">   --->   Core 0 '' <Latency = 0> <II = 1> <Delay = 1.00> <Generic> <Opcode : >

State 22 <SV = 21> <Delay = 4.37>
ST_22 : Operation 100 [48/68] (4.37ns)   --->   "%call_ret = call fastcc { i20, i20, i20, i20, i20, i20, i20, i20, i20, i20, i20, i20, i20, i20, i20 } @"dense_wrapper<ap_fixed<20, 8, 5, 3, 0>, ap_fixed<20, 8, 5, 3, 0>, config22>"(i20 %data_0_V, i20 %data_1_V, i20 %data_2_V, i20 %data_3_V, i20 %data_4_V, i20 %data_5_V, i20 %data_6_V, i20 %data_7_V)" [firmware/nnet_utils/nnet_dense_stream.h:48]   --->   Operation 100 'call' 'call_ret' <Predicate = true> <Delay = 4.37> <CoreType = "Generic">   --->   Core 0 '' <Latency = 0> <II = 1> <Delay = 1.00> <Generic> <Opcode : >

State 23 <SV = 22> <Delay = 4.37>
ST_23 : Operation 101 [47/68] (4.37ns)   --->   "%call_ret = call fastcc { i20, i20, i20, i20, i20, i20, i20, i20, i20, i20, i20, i20, i20, i20, i20 } @"dense_wrapper<ap_fixed<20, 8, 5, 3, 0>, ap_fixed<20, 8, 5, 3, 0>, config22>"(i20 %data_0_V, i20 %data_1_V, i20 %data_2_V, i20 %data_3_V, i20 %data_4_V, i20 %data_5_V, i20 %data_6_V, i20 %data_7_V)" [firmware/nnet_utils/nnet_dense_stream.h:48]   --->   Operation 101 'call' 'call_ret' <Predicate = true> <Delay = 4.37> <CoreType = "Generic">   --->   Core 0 '' <Latency = 0> <II = 1> <Delay = 1.00> <Generic> <Opcode : >

State 24 <SV = 23> <Delay = 4.37>
ST_24 : Operation 102 [46/68] (4.37ns)   --->   "%call_ret = call fastcc { i20, i20, i20, i20, i20, i20, i20, i20, i20, i20, i20, i20, i20, i20, i20 } @"dense_wrapper<ap_fixed<20, 8, 5, 3, 0>, ap_fixed<20, 8, 5, 3, 0>, config22>"(i20 %data_0_V, i20 %data_1_V, i20 %data_2_V, i20 %data_3_V, i20 %data_4_V, i20 %data_5_V, i20 %data_6_V, i20 %data_7_V)" [firmware/nnet_utils/nnet_dense_stream.h:48]   --->   Operation 102 'call' 'call_ret' <Predicate = true> <Delay = 4.37> <CoreType = "Generic">   --->   Core 0 '' <Latency = 0> <II = 1> <Delay = 1.00> <Generic> <Opcode : >

State 25 <SV = 24> <Delay = 4.37>
ST_25 : Operation 103 [45/68] (4.37ns)   --->   "%call_ret = call fastcc { i20, i20, i20, i20, i20, i20, i20, i20, i20, i20, i20, i20, i20, i20, i20 } @"dense_wrapper<ap_fixed<20, 8, 5, 3, 0>, ap_fixed<20, 8, 5, 3, 0>, config22>"(i20 %data_0_V, i20 %data_1_V, i20 %data_2_V, i20 %data_3_V, i20 %data_4_V, i20 %data_5_V, i20 %data_6_V, i20 %data_7_V)" [firmware/nnet_utils/nnet_dense_stream.h:48]   --->   Operation 103 'call' 'call_ret' <Predicate = true> <Delay = 4.37> <CoreType = "Generic">   --->   Core 0 '' <Latency = 0> <II = 1> <Delay = 1.00> <Generic> <Opcode : >

State 26 <SV = 25> <Delay = 4.37>
ST_26 : Operation 104 [44/68] (4.37ns)   --->   "%call_ret = call fastcc { i20, i20, i20, i20, i20, i20, i20, i20, i20, i20, i20, i20, i20, i20, i20 } @"dense_wrapper<ap_fixed<20, 8, 5, 3, 0>, ap_fixed<20, 8, 5, 3, 0>, config22>"(i20 %data_0_V, i20 %data_1_V, i20 %data_2_V, i20 %data_3_V, i20 %data_4_V, i20 %data_5_V, i20 %data_6_V, i20 %data_7_V)" [firmware/nnet_utils/nnet_dense_stream.h:48]   --->   Operation 104 'call' 'call_ret' <Predicate = true> <Delay = 4.37> <CoreType = "Generic">   --->   Core 0 '' <Latency = 0> <II = 1> <Delay = 1.00> <Generic> <Opcode : >

State 27 <SV = 26> <Delay = 4.37>
ST_27 : Operation 105 [43/68] (4.37ns)   --->   "%call_ret = call fastcc { i20, i20, i20, i20, i20, i20, i20, i20, i20, i20, i20, i20, i20, i20, i20 } @"dense_wrapper<ap_fixed<20, 8, 5, 3, 0>, ap_fixed<20, 8, 5, 3, 0>, config22>"(i20 %data_0_V, i20 %data_1_V, i20 %data_2_V, i20 %data_3_V, i20 %data_4_V, i20 %data_5_V, i20 %data_6_V, i20 %data_7_V)" [firmware/nnet_utils/nnet_dense_stream.h:48]   --->   Operation 105 'call' 'call_ret' <Predicate = true> <Delay = 4.37> <CoreType = "Generic">   --->   Core 0 '' <Latency = 0> <II = 1> <Delay = 1.00> <Generic> <Opcode : >

State 28 <SV = 27> <Delay = 4.37>
ST_28 : Operation 106 [42/68] (4.37ns)   --->   "%call_ret = call fastcc { i20, i20, i20, i20, i20, i20, i20, i20, i20, i20, i20, i20, i20, i20, i20 } @"dense_wrapper<ap_fixed<20, 8, 5, 3, 0>, ap_fixed<20, 8, 5, 3, 0>, config22>"(i20 %data_0_V, i20 %data_1_V, i20 %data_2_V, i20 %data_3_V, i20 %data_4_V, i20 %data_5_V, i20 %data_6_V, i20 %data_7_V)" [firmware/nnet_utils/nnet_dense_stream.h:48]   --->   Operation 106 'call' 'call_ret' <Predicate = true> <Delay = 4.37> <CoreType = "Generic">   --->   Core 0 '' <Latency = 0> <II = 1> <Delay = 1.00> <Generic> <Opcode : >

State 29 <SV = 28> <Delay = 4.37>
ST_29 : Operation 107 [41/68] (4.37ns)   --->   "%call_ret = call fastcc { i20, i20, i20, i20, i20, i20, i20, i20, i20, i20, i20, i20, i20, i20, i20 } @"dense_wrapper<ap_fixed<20, 8, 5, 3, 0>, ap_fixed<20, 8, 5, 3, 0>, config22>"(i20 %data_0_V, i20 %data_1_V, i20 %data_2_V, i20 %data_3_V, i20 %data_4_V, i20 %data_5_V, i20 %data_6_V, i20 %data_7_V)" [firmware/nnet_utils/nnet_dense_stream.h:48]   --->   Operation 107 'call' 'call_ret' <Predicate = true> <Delay = 4.37> <CoreType = "Generic">   --->   Core 0 '' <Latency = 0> <II = 1> <Delay = 1.00> <Generic> <Opcode : >

State 30 <SV = 29> <Delay = 4.37>
ST_30 : Operation 108 [40/68] (4.37ns)   --->   "%call_ret = call fastcc { i20, i20, i20, i20, i20, i20, i20, i20, i20, i20, i20, i20, i20, i20, i20 } @"dense_wrapper<ap_fixed<20, 8, 5, 3, 0>, ap_fixed<20, 8, 5, 3, 0>, config22>"(i20 %data_0_V, i20 %data_1_V, i20 %data_2_V, i20 %data_3_V, i20 %data_4_V, i20 %data_5_V, i20 %data_6_V, i20 %data_7_V)" [firmware/nnet_utils/nnet_dense_stream.h:48]   --->   Operation 108 'call' 'call_ret' <Predicate = true> <Delay = 4.37> <CoreType = "Generic">   --->   Core 0 '' <Latency = 0> <II = 1> <Delay = 1.00> <Generic> <Opcode : >

State 31 <SV = 30> <Delay = 4.37>
ST_31 : Operation 109 [39/68] (4.37ns)   --->   "%call_ret = call fastcc { i20, i20, i20, i20, i20, i20, i20, i20, i20, i20, i20, i20, i20, i20, i20 } @"dense_wrapper<ap_fixed<20, 8, 5, 3, 0>, ap_fixed<20, 8, 5, 3, 0>, config22>"(i20 %data_0_V, i20 %data_1_V, i20 %data_2_V, i20 %data_3_V, i20 %data_4_V, i20 %data_5_V, i20 %data_6_V, i20 %data_7_V)" [firmware/nnet_utils/nnet_dense_stream.h:48]   --->   Operation 109 'call' 'call_ret' <Predicate = true> <Delay = 4.37> <CoreType = "Generic">   --->   Core 0 '' <Latency = 0> <II = 1> <Delay = 1.00> <Generic> <Opcode : >

State 32 <SV = 31> <Delay = 4.37>
ST_32 : Operation 110 [38/68] (4.37ns)   --->   "%call_ret = call fastcc { i20, i20, i20, i20, i20, i20, i20, i20, i20, i20, i20, i20, i20, i20, i20 } @"dense_wrapper<ap_fixed<20, 8, 5, 3, 0>, ap_fixed<20, 8, 5, 3, 0>, config22>"(i20 %data_0_V, i20 %data_1_V, i20 %data_2_V, i20 %data_3_V, i20 %data_4_V, i20 %data_5_V, i20 %data_6_V, i20 %data_7_V)" [firmware/nnet_utils/nnet_dense_stream.h:48]   --->   Operation 110 'call' 'call_ret' <Predicate = true> <Delay = 4.37> <CoreType = "Generic">   --->   Core 0 '' <Latency = 0> <II = 1> <Delay = 1.00> <Generic> <Opcode : >

State 33 <SV = 32> <Delay = 4.37>
ST_33 : Operation 111 [37/68] (4.37ns)   --->   "%call_ret = call fastcc { i20, i20, i20, i20, i20, i20, i20, i20, i20, i20, i20, i20, i20, i20, i20 } @"dense_wrapper<ap_fixed<20, 8, 5, 3, 0>, ap_fixed<20, 8, 5, 3, 0>, config22>"(i20 %data_0_V, i20 %data_1_V, i20 %data_2_V, i20 %data_3_V, i20 %data_4_V, i20 %data_5_V, i20 %data_6_V, i20 %data_7_V)" [firmware/nnet_utils/nnet_dense_stream.h:48]   --->   Operation 111 'call' 'call_ret' <Predicate = true> <Delay = 4.37> <CoreType = "Generic">   --->   Core 0 '' <Latency = 0> <II = 1> <Delay = 1.00> <Generic> <Opcode : >

State 34 <SV = 33> <Delay = 4.37>
ST_34 : Operation 112 [36/68] (4.37ns)   --->   "%call_ret = call fastcc { i20, i20, i20, i20, i20, i20, i20, i20, i20, i20, i20, i20, i20, i20, i20 } @"dense_wrapper<ap_fixed<20, 8, 5, 3, 0>, ap_fixed<20, 8, 5, 3, 0>, config22>"(i20 %data_0_V, i20 %data_1_V, i20 %data_2_V, i20 %data_3_V, i20 %data_4_V, i20 %data_5_V, i20 %data_6_V, i20 %data_7_V)" [firmware/nnet_utils/nnet_dense_stream.h:48]   --->   Operation 112 'call' 'call_ret' <Predicate = true> <Delay = 4.37> <CoreType = "Generic">   --->   Core 0 '' <Latency = 0> <II = 1> <Delay = 1.00> <Generic> <Opcode : >

State 35 <SV = 34> <Delay = 4.37>
ST_35 : Operation 113 [35/68] (4.37ns)   --->   "%call_ret = call fastcc { i20, i20, i20, i20, i20, i20, i20, i20, i20, i20, i20, i20, i20, i20, i20 } @"dense_wrapper<ap_fixed<20, 8, 5, 3, 0>, ap_fixed<20, 8, 5, 3, 0>, config22>"(i20 %data_0_V, i20 %data_1_V, i20 %data_2_V, i20 %data_3_V, i20 %data_4_V, i20 %data_5_V, i20 %data_6_V, i20 %data_7_V)" [firmware/nnet_utils/nnet_dense_stream.h:48]   --->   Operation 113 'call' 'call_ret' <Predicate = true> <Delay = 4.37> <CoreType = "Generic">   --->   Core 0 '' <Latency = 0> <II = 1> <Delay = 1.00> <Generic> <Opcode : >

State 36 <SV = 35> <Delay = 4.37>
ST_36 : Operation 114 [34/68] (4.37ns)   --->   "%call_ret = call fastcc { i20, i20, i20, i20, i20, i20, i20, i20, i20, i20, i20, i20, i20, i20, i20 } @"dense_wrapper<ap_fixed<20, 8, 5, 3, 0>, ap_fixed<20, 8, 5, 3, 0>, config22>"(i20 %data_0_V, i20 %data_1_V, i20 %data_2_V, i20 %data_3_V, i20 %data_4_V, i20 %data_5_V, i20 %data_6_V, i20 %data_7_V)" [firmware/nnet_utils/nnet_dense_stream.h:48]   --->   Operation 114 'call' 'call_ret' <Predicate = true> <Delay = 4.37> <CoreType = "Generic">   --->   Core 0 '' <Latency = 0> <II = 1> <Delay = 1.00> <Generic> <Opcode : >

State 37 <SV = 36> <Delay = 4.37>
ST_37 : Operation 115 [33/68] (4.37ns)   --->   "%call_ret = call fastcc { i20, i20, i20, i20, i20, i20, i20, i20, i20, i20, i20, i20, i20, i20, i20 } @"dense_wrapper<ap_fixed<20, 8, 5, 3, 0>, ap_fixed<20, 8, 5, 3, 0>, config22>"(i20 %data_0_V, i20 %data_1_V, i20 %data_2_V, i20 %data_3_V, i20 %data_4_V, i20 %data_5_V, i20 %data_6_V, i20 %data_7_V)" [firmware/nnet_utils/nnet_dense_stream.h:48]   --->   Operation 115 'call' 'call_ret' <Predicate = true> <Delay = 4.37> <CoreType = "Generic">   --->   Core 0 '' <Latency = 0> <II = 1> <Delay = 1.00> <Generic> <Opcode : >

State 38 <SV = 37> <Delay = 4.37>
ST_38 : Operation 116 [32/68] (4.37ns)   --->   "%call_ret = call fastcc { i20, i20, i20, i20, i20, i20, i20, i20, i20, i20, i20, i20, i20, i20, i20 } @"dense_wrapper<ap_fixed<20, 8, 5, 3, 0>, ap_fixed<20, 8, 5, 3, 0>, config22>"(i20 %data_0_V, i20 %data_1_V, i20 %data_2_V, i20 %data_3_V, i20 %data_4_V, i20 %data_5_V, i20 %data_6_V, i20 %data_7_V)" [firmware/nnet_utils/nnet_dense_stream.h:48]   --->   Operation 116 'call' 'call_ret' <Predicate = true> <Delay = 4.37> <CoreType = "Generic">   --->   Core 0 '' <Latency = 0> <II = 1> <Delay = 1.00> <Generic> <Opcode : >

State 39 <SV = 38> <Delay = 4.37>
ST_39 : Operation 117 [31/68] (4.37ns)   --->   "%call_ret = call fastcc { i20, i20, i20, i20, i20, i20, i20, i20, i20, i20, i20, i20, i20, i20, i20 } @"dense_wrapper<ap_fixed<20, 8, 5, 3, 0>, ap_fixed<20, 8, 5, 3, 0>, config22>"(i20 %data_0_V, i20 %data_1_V, i20 %data_2_V, i20 %data_3_V, i20 %data_4_V, i20 %data_5_V, i20 %data_6_V, i20 %data_7_V)" [firmware/nnet_utils/nnet_dense_stream.h:48]   --->   Operation 117 'call' 'call_ret' <Predicate = true> <Delay = 4.37> <CoreType = "Generic">   --->   Core 0 '' <Latency = 0> <II = 1> <Delay = 1.00> <Generic> <Opcode : >

State 40 <SV = 39> <Delay = 4.37>
ST_40 : Operation 118 [30/68] (4.37ns)   --->   "%call_ret = call fastcc { i20, i20, i20, i20, i20, i20, i20, i20, i20, i20, i20, i20, i20, i20, i20 } @"dense_wrapper<ap_fixed<20, 8, 5, 3, 0>, ap_fixed<20, 8, 5, 3, 0>, config22>"(i20 %data_0_V, i20 %data_1_V, i20 %data_2_V, i20 %data_3_V, i20 %data_4_V, i20 %data_5_V, i20 %data_6_V, i20 %data_7_V)" [firmware/nnet_utils/nnet_dense_stream.h:48]   --->   Operation 118 'call' 'call_ret' <Predicate = true> <Delay = 4.37> <CoreType = "Generic">   --->   Core 0 '' <Latency = 0> <II = 1> <Delay = 1.00> <Generic> <Opcode : >

State 41 <SV = 40> <Delay = 4.37>
ST_41 : Operation 119 [29/68] (4.37ns)   --->   "%call_ret = call fastcc { i20, i20, i20, i20, i20, i20, i20, i20, i20, i20, i20, i20, i20, i20, i20 } @"dense_wrapper<ap_fixed<20, 8, 5, 3, 0>, ap_fixed<20, 8, 5, 3, 0>, config22>"(i20 %data_0_V, i20 %data_1_V, i20 %data_2_V, i20 %data_3_V, i20 %data_4_V, i20 %data_5_V, i20 %data_6_V, i20 %data_7_V)" [firmware/nnet_utils/nnet_dense_stream.h:48]   --->   Operation 119 'call' 'call_ret' <Predicate = true> <Delay = 4.37> <CoreType = "Generic">   --->   Core 0 '' <Latency = 0> <II = 1> <Delay = 1.00> <Generic> <Opcode : >

State 42 <SV = 41> <Delay = 4.37>
ST_42 : Operation 120 [28/68] (4.37ns)   --->   "%call_ret = call fastcc { i20, i20, i20, i20, i20, i20, i20, i20, i20, i20, i20, i20, i20, i20, i20 } @"dense_wrapper<ap_fixed<20, 8, 5, 3, 0>, ap_fixed<20, 8, 5, 3, 0>, config22>"(i20 %data_0_V, i20 %data_1_V, i20 %data_2_V, i20 %data_3_V, i20 %data_4_V, i20 %data_5_V, i20 %data_6_V, i20 %data_7_V)" [firmware/nnet_utils/nnet_dense_stream.h:48]   --->   Operation 120 'call' 'call_ret' <Predicate = true> <Delay = 4.37> <CoreType = "Generic">   --->   Core 0 '' <Latency = 0> <II = 1> <Delay = 1.00> <Generic> <Opcode : >

State 43 <SV = 42> <Delay = 4.37>
ST_43 : Operation 121 [27/68] (4.37ns)   --->   "%call_ret = call fastcc { i20, i20, i20, i20, i20, i20, i20, i20, i20, i20, i20, i20, i20, i20, i20 } @"dense_wrapper<ap_fixed<20, 8, 5, 3, 0>, ap_fixed<20, 8, 5, 3, 0>, config22>"(i20 %data_0_V, i20 %data_1_V, i20 %data_2_V, i20 %data_3_V, i20 %data_4_V, i20 %data_5_V, i20 %data_6_V, i20 %data_7_V)" [firmware/nnet_utils/nnet_dense_stream.h:48]   --->   Operation 121 'call' 'call_ret' <Predicate = true> <Delay = 4.37> <CoreType = "Generic">   --->   Core 0 '' <Latency = 0> <II = 1> <Delay = 1.00> <Generic> <Opcode : >

State 44 <SV = 43> <Delay = 4.37>
ST_44 : Operation 122 [26/68] (4.37ns)   --->   "%call_ret = call fastcc { i20, i20, i20, i20, i20, i20, i20, i20, i20, i20, i20, i20, i20, i20, i20 } @"dense_wrapper<ap_fixed<20, 8, 5, 3, 0>, ap_fixed<20, 8, 5, 3, 0>, config22>"(i20 %data_0_V, i20 %data_1_V, i20 %data_2_V, i20 %data_3_V, i20 %data_4_V, i20 %data_5_V, i20 %data_6_V, i20 %data_7_V)" [firmware/nnet_utils/nnet_dense_stream.h:48]   --->   Operation 122 'call' 'call_ret' <Predicate = true> <Delay = 4.37> <CoreType = "Generic">   --->   Core 0 '' <Latency = 0> <II = 1> <Delay = 1.00> <Generic> <Opcode : >

State 45 <SV = 44> <Delay = 4.37>
ST_45 : Operation 123 [25/68] (4.37ns)   --->   "%call_ret = call fastcc { i20, i20, i20, i20, i20, i20, i20, i20, i20, i20, i20, i20, i20, i20, i20 } @"dense_wrapper<ap_fixed<20, 8, 5, 3, 0>, ap_fixed<20, 8, 5, 3, 0>, config22>"(i20 %data_0_V, i20 %data_1_V, i20 %data_2_V, i20 %data_3_V, i20 %data_4_V, i20 %data_5_V, i20 %data_6_V, i20 %data_7_V)" [firmware/nnet_utils/nnet_dense_stream.h:48]   --->   Operation 123 'call' 'call_ret' <Predicate = true> <Delay = 4.37> <CoreType = "Generic">   --->   Core 0 '' <Latency = 0> <II = 1> <Delay = 1.00> <Generic> <Opcode : >

State 46 <SV = 45> <Delay = 4.37>
ST_46 : Operation 124 [24/68] (4.37ns)   --->   "%call_ret = call fastcc { i20, i20, i20, i20, i20, i20, i20, i20, i20, i20, i20, i20, i20, i20, i20 } @"dense_wrapper<ap_fixed<20, 8, 5, 3, 0>, ap_fixed<20, 8, 5, 3, 0>, config22>"(i20 %data_0_V, i20 %data_1_V, i20 %data_2_V, i20 %data_3_V, i20 %data_4_V, i20 %data_5_V, i20 %data_6_V, i20 %data_7_V)" [firmware/nnet_utils/nnet_dense_stream.h:48]   --->   Operation 124 'call' 'call_ret' <Predicate = true> <Delay = 4.37> <CoreType = "Generic">   --->   Core 0 '' <Latency = 0> <II = 1> <Delay = 1.00> <Generic> <Opcode : >

State 47 <SV = 46> <Delay = 4.37>
ST_47 : Operation 125 [23/68] (4.37ns)   --->   "%call_ret = call fastcc { i20, i20, i20, i20, i20, i20, i20, i20, i20, i20, i20, i20, i20, i20, i20 } @"dense_wrapper<ap_fixed<20, 8, 5, 3, 0>, ap_fixed<20, 8, 5, 3, 0>, config22>"(i20 %data_0_V, i20 %data_1_V, i20 %data_2_V, i20 %data_3_V, i20 %data_4_V, i20 %data_5_V, i20 %data_6_V, i20 %data_7_V)" [firmware/nnet_utils/nnet_dense_stream.h:48]   --->   Operation 125 'call' 'call_ret' <Predicate = true> <Delay = 4.37> <CoreType = "Generic">   --->   Core 0 '' <Latency = 0> <II = 1> <Delay = 1.00> <Generic> <Opcode : >

State 48 <SV = 47> <Delay = 4.37>
ST_48 : Operation 126 [22/68] (4.37ns)   --->   "%call_ret = call fastcc { i20, i20, i20, i20, i20, i20, i20, i20, i20, i20, i20, i20, i20, i20, i20 } @"dense_wrapper<ap_fixed<20, 8, 5, 3, 0>, ap_fixed<20, 8, 5, 3, 0>, config22>"(i20 %data_0_V, i20 %data_1_V, i20 %data_2_V, i20 %data_3_V, i20 %data_4_V, i20 %data_5_V, i20 %data_6_V, i20 %data_7_V)" [firmware/nnet_utils/nnet_dense_stream.h:48]   --->   Operation 126 'call' 'call_ret' <Predicate = true> <Delay = 4.37> <CoreType = "Generic">   --->   Core 0 '' <Latency = 0> <II = 1> <Delay = 1.00> <Generic> <Opcode : >

State 49 <SV = 48> <Delay = 4.37>
ST_49 : Operation 127 [21/68] (4.37ns)   --->   "%call_ret = call fastcc { i20, i20, i20, i20, i20, i20, i20, i20, i20, i20, i20, i20, i20, i20, i20 } @"dense_wrapper<ap_fixed<20, 8, 5, 3, 0>, ap_fixed<20, 8, 5, 3, 0>, config22>"(i20 %data_0_V, i20 %data_1_V, i20 %data_2_V, i20 %data_3_V, i20 %data_4_V, i20 %data_5_V, i20 %data_6_V, i20 %data_7_V)" [firmware/nnet_utils/nnet_dense_stream.h:48]   --->   Operation 127 'call' 'call_ret' <Predicate = true> <Delay = 4.37> <CoreType = "Generic">   --->   Core 0 '' <Latency = 0> <II = 1> <Delay = 1.00> <Generic> <Opcode : >

State 50 <SV = 49> <Delay = 4.37>
ST_50 : Operation 128 [20/68] (4.37ns)   --->   "%call_ret = call fastcc { i20, i20, i20, i20, i20, i20, i20, i20, i20, i20, i20, i20, i20, i20, i20 } @"dense_wrapper<ap_fixed<20, 8, 5, 3, 0>, ap_fixed<20, 8, 5, 3, 0>, config22>"(i20 %data_0_V, i20 %data_1_V, i20 %data_2_V, i20 %data_3_V, i20 %data_4_V, i20 %data_5_V, i20 %data_6_V, i20 %data_7_V)" [firmware/nnet_utils/nnet_dense_stream.h:48]   --->   Operation 128 'call' 'call_ret' <Predicate = true> <Delay = 4.37> <CoreType = "Generic">   --->   Core 0 '' <Latency = 0> <II = 1> <Delay = 1.00> <Generic> <Opcode : >

State 51 <SV = 50> <Delay = 4.37>
ST_51 : Operation 129 [19/68] (4.37ns)   --->   "%call_ret = call fastcc { i20, i20, i20, i20, i20, i20, i20, i20, i20, i20, i20, i20, i20, i20, i20 } @"dense_wrapper<ap_fixed<20, 8, 5, 3, 0>, ap_fixed<20, 8, 5, 3, 0>, config22>"(i20 %data_0_V, i20 %data_1_V, i20 %data_2_V, i20 %data_3_V, i20 %data_4_V, i20 %data_5_V, i20 %data_6_V, i20 %data_7_V)" [firmware/nnet_utils/nnet_dense_stream.h:48]   --->   Operation 129 'call' 'call_ret' <Predicate = true> <Delay = 4.37> <CoreType = "Generic">   --->   Core 0 '' <Latency = 0> <II = 1> <Delay = 1.00> <Generic> <Opcode : >

State 52 <SV = 51> <Delay = 4.37>
ST_52 : Operation 130 [18/68] (4.37ns)   --->   "%call_ret = call fastcc { i20, i20, i20, i20, i20, i20, i20, i20, i20, i20, i20, i20, i20, i20, i20 } @"dense_wrapper<ap_fixed<20, 8, 5, 3, 0>, ap_fixed<20, 8, 5, 3, 0>, config22>"(i20 %data_0_V, i20 %data_1_V, i20 %data_2_V, i20 %data_3_V, i20 %data_4_V, i20 %data_5_V, i20 %data_6_V, i20 %data_7_V)" [firmware/nnet_utils/nnet_dense_stream.h:48]   --->   Operation 130 'call' 'call_ret' <Predicate = true> <Delay = 4.37> <CoreType = "Generic">   --->   Core 0 '' <Latency = 0> <II = 1> <Delay = 1.00> <Generic> <Opcode : >

State 53 <SV = 52> <Delay = 4.37>
ST_53 : Operation 131 [17/68] (4.37ns)   --->   "%call_ret = call fastcc { i20, i20, i20, i20, i20, i20, i20, i20, i20, i20, i20, i20, i20, i20, i20 } @"dense_wrapper<ap_fixed<20, 8, 5, 3, 0>, ap_fixed<20, 8, 5, 3, 0>, config22>"(i20 %data_0_V, i20 %data_1_V, i20 %data_2_V, i20 %data_3_V, i20 %data_4_V, i20 %data_5_V, i20 %data_6_V, i20 %data_7_V)" [firmware/nnet_utils/nnet_dense_stream.h:48]   --->   Operation 131 'call' 'call_ret' <Predicate = true> <Delay = 4.37> <CoreType = "Generic">   --->   Core 0 '' <Latency = 0> <II = 1> <Delay = 1.00> <Generic> <Opcode : >

State 54 <SV = 53> <Delay = 4.37>
ST_54 : Operation 132 [16/68] (4.37ns)   --->   "%call_ret = call fastcc { i20, i20, i20, i20, i20, i20, i20, i20, i20, i20, i20, i20, i20, i20, i20 } @"dense_wrapper<ap_fixed<20, 8, 5, 3, 0>, ap_fixed<20, 8, 5, 3, 0>, config22>"(i20 %data_0_V, i20 %data_1_V, i20 %data_2_V, i20 %data_3_V, i20 %data_4_V, i20 %data_5_V, i20 %data_6_V, i20 %data_7_V)" [firmware/nnet_utils/nnet_dense_stream.h:48]   --->   Operation 132 'call' 'call_ret' <Predicate = true> <Delay = 4.37> <CoreType = "Generic">   --->   Core 0 '' <Latency = 0> <II = 1> <Delay = 1.00> <Generic> <Opcode : >

State 55 <SV = 54> <Delay = 4.37>
ST_55 : Operation 133 [15/68] (4.37ns)   --->   "%call_ret = call fastcc { i20, i20, i20, i20, i20, i20, i20, i20, i20, i20, i20, i20, i20, i20, i20 } @"dense_wrapper<ap_fixed<20, 8, 5, 3, 0>, ap_fixed<20, 8, 5, 3, 0>, config22>"(i20 %data_0_V, i20 %data_1_V, i20 %data_2_V, i20 %data_3_V, i20 %data_4_V, i20 %data_5_V, i20 %data_6_V, i20 %data_7_V)" [firmware/nnet_utils/nnet_dense_stream.h:48]   --->   Operation 133 'call' 'call_ret' <Predicate = true> <Delay = 4.37> <CoreType = "Generic">   --->   Core 0 '' <Latency = 0> <II = 1> <Delay = 1.00> <Generic> <Opcode : >

State 56 <SV = 55> <Delay = 4.37>
ST_56 : Operation 134 [14/68] (4.37ns)   --->   "%call_ret = call fastcc { i20, i20, i20, i20, i20, i20, i20, i20, i20, i20, i20, i20, i20, i20, i20 } @"dense_wrapper<ap_fixed<20, 8, 5, 3, 0>, ap_fixed<20, 8, 5, 3, 0>, config22>"(i20 %data_0_V, i20 %data_1_V, i20 %data_2_V, i20 %data_3_V, i20 %data_4_V, i20 %data_5_V, i20 %data_6_V, i20 %data_7_V)" [firmware/nnet_utils/nnet_dense_stream.h:48]   --->   Operation 134 'call' 'call_ret' <Predicate = true> <Delay = 4.37> <CoreType = "Generic">   --->   Core 0 '' <Latency = 0> <II = 1> <Delay = 1.00> <Generic> <Opcode : >

State 57 <SV = 56> <Delay = 4.37>
ST_57 : Operation 135 [13/68] (4.37ns)   --->   "%call_ret = call fastcc { i20, i20, i20, i20, i20, i20, i20, i20, i20, i20, i20, i20, i20, i20, i20 } @"dense_wrapper<ap_fixed<20, 8, 5, 3, 0>, ap_fixed<20, 8, 5, 3, 0>, config22>"(i20 %data_0_V, i20 %data_1_V, i20 %data_2_V, i20 %data_3_V, i20 %data_4_V, i20 %data_5_V, i20 %data_6_V, i20 %data_7_V)" [firmware/nnet_utils/nnet_dense_stream.h:48]   --->   Operation 135 'call' 'call_ret' <Predicate = true> <Delay = 4.37> <CoreType = "Generic">   --->   Core 0 '' <Latency = 0> <II = 1> <Delay = 1.00> <Generic> <Opcode : >

State 58 <SV = 57> <Delay = 4.37>
ST_58 : Operation 136 [12/68] (4.37ns)   --->   "%call_ret = call fastcc { i20, i20, i20, i20, i20, i20, i20, i20, i20, i20, i20, i20, i20, i20, i20 } @"dense_wrapper<ap_fixed<20, 8, 5, 3, 0>, ap_fixed<20, 8, 5, 3, 0>, config22>"(i20 %data_0_V, i20 %data_1_V, i20 %data_2_V, i20 %data_3_V, i20 %data_4_V, i20 %data_5_V, i20 %data_6_V, i20 %data_7_V)" [firmware/nnet_utils/nnet_dense_stream.h:48]   --->   Operation 136 'call' 'call_ret' <Predicate = true> <Delay = 4.37> <CoreType = "Generic">   --->   Core 0 '' <Latency = 0> <II = 1> <Delay = 1.00> <Generic> <Opcode : >

State 59 <SV = 58> <Delay = 4.37>
ST_59 : Operation 137 [11/68] (4.37ns)   --->   "%call_ret = call fastcc { i20, i20, i20, i20, i20, i20, i20, i20, i20, i20, i20, i20, i20, i20, i20 } @"dense_wrapper<ap_fixed<20, 8, 5, 3, 0>, ap_fixed<20, 8, 5, 3, 0>, config22>"(i20 %data_0_V, i20 %data_1_V, i20 %data_2_V, i20 %data_3_V, i20 %data_4_V, i20 %data_5_V, i20 %data_6_V, i20 %data_7_V)" [firmware/nnet_utils/nnet_dense_stream.h:48]   --->   Operation 137 'call' 'call_ret' <Predicate = true> <Delay = 4.37> <CoreType = "Generic">   --->   Core 0 '' <Latency = 0> <II = 1> <Delay = 1.00> <Generic> <Opcode : >

State 60 <SV = 59> <Delay = 4.37>
ST_60 : Operation 138 [10/68] (4.37ns)   --->   "%call_ret = call fastcc { i20, i20, i20, i20, i20, i20, i20, i20, i20, i20, i20, i20, i20, i20, i20 } @"dense_wrapper<ap_fixed<20, 8, 5, 3, 0>, ap_fixed<20, 8, 5, 3, 0>, config22>"(i20 %data_0_V, i20 %data_1_V, i20 %data_2_V, i20 %data_3_V, i20 %data_4_V, i20 %data_5_V, i20 %data_6_V, i20 %data_7_V)" [firmware/nnet_utils/nnet_dense_stream.h:48]   --->   Operation 138 'call' 'call_ret' <Predicate = true> <Delay = 4.37> <CoreType = "Generic">   --->   Core 0 '' <Latency = 0> <II = 1> <Delay = 1.00> <Generic> <Opcode : >

State 61 <SV = 60> <Delay = 4.37>
ST_61 : Operation 139 [9/68] (4.37ns)   --->   "%call_ret = call fastcc { i20, i20, i20, i20, i20, i20, i20, i20, i20, i20, i20, i20, i20, i20, i20 } @"dense_wrapper<ap_fixed<20, 8, 5, 3, 0>, ap_fixed<20, 8, 5, 3, 0>, config22>"(i20 %data_0_V, i20 %data_1_V, i20 %data_2_V, i20 %data_3_V, i20 %data_4_V, i20 %data_5_V, i20 %data_6_V, i20 %data_7_V)" [firmware/nnet_utils/nnet_dense_stream.h:48]   --->   Operation 139 'call' 'call_ret' <Predicate = true> <Delay = 4.37> <CoreType = "Generic">   --->   Core 0 '' <Latency = 0> <II = 1> <Delay = 1.00> <Generic> <Opcode : >

State 62 <SV = 61> <Delay = 4.37>
ST_62 : Operation 140 [8/68] (4.37ns)   --->   "%call_ret = call fastcc { i20, i20, i20, i20, i20, i20, i20, i20, i20, i20, i20, i20, i20, i20, i20 } @"dense_wrapper<ap_fixed<20, 8, 5, 3, 0>, ap_fixed<20, 8, 5, 3, 0>, config22>"(i20 %data_0_V, i20 %data_1_V, i20 %data_2_V, i20 %data_3_V, i20 %data_4_V, i20 %data_5_V, i20 %data_6_V, i20 %data_7_V)" [firmware/nnet_utils/nnet_dense_stream.h:48]   --->   Operation 140 'call' 'call_ret' <Predicate = true> <Delay = 4.37> <CoreType = "Generic">   --->   Core 0 '' <Latency = 0> <II = 1> <Delay = 1.00> <Generic> <Opcode : >

State 63 <SV = 62> <Delay = 4.37>
ST_63 : Operation 141 [7/68] (4.37ns)   --->   "%call_ret = call fastcc { i20, i20, i20, i20, i20, i20, i20, i20, i20, i20, i20, i20, i20, i20, i20 } @"dense_wrapper<ap_fixed<20, 8, 5, 3, 0>, ap_fixed<20, 8, 5, 3, 0>, config22>"(i20 %data_0_V, i20 %data_1_V, i20 %data_2_V, i20 %data_3_V, i20 %data_4_V, i20 %data_5_V, i20 %data_6_V, i20 %data_7_V)" [firmware/nnet_utils/nnet_dense_stream.h:48]   --->   Operation 141 'call' 'call_ret' <Predicate = true> <Delay = 4.37> <CoreType = "Generic">   --->   Core 0 '' <Latency = 0> <II = 1> <Delay = 1.00> <Generic> <Opcode : >

State 64 <SV = 63> <Delay = 4.37>
ST_64 : Operation 142 [6/68] (4.37ns)   --->   "%call_ret = call fastcc { i20, i20, i20, i20, i20, i20, i20, i20, i20, i20, i20, i20, i20, i20, i20 } @"dense_wrapper<ap_fixed<20, 8, 5, 3, 0>, ap_fixed<20, 8, 5, 3, 0>, config22>"(i20 %data_0_V, i20 %data_1_V, i20 %data_2_V, i20 %data_3_V, i20 %data_4_V, i20 %data_5_V, i20 %data_6_V, i20 %data_7_V)" [firmware/nnet_utils/nnet_dense_stream.h:48]   --->   Operation 142 'call' 'call_ret' <Predicate = true> <Delay = 4.37> <CoreType = "Generic">   --->   Core 0 '' <Latency = 0> <II = 1> <Delay = 1.00> <Generic> <Opcode : >

State 65 <SV = 64> <Delay = 4.37>
ST_65 : Operation 143 [5/68] (4.37ns)   --->   "%call_ret = call fastcc { i20, i20, i20, i20, i20, i20, i20, i20, i20, i20, i20, i20, i20, i20, i20 } @"dense_wrapper<ap_fixed<20, 8, 5, 3, 0>, ap_fixed<20, 8, 5, 3, 0>, config22>"(i20 %data_0_V, i20 %data_1_V, i20 %data_2_V, i20 %data_3_V, i20 %data_4_V, i20 %data_5_V, i20 %data_6_V, i20 %data_7_V)" [firmware/nnet_utils/nnet_dense_stream.h:48]   --->   Operation 143 'call' 'call_ret' <Predicate = true> <Delay = 4.37> <CoreType = "Generic">   --->   Core 0 '' <Latency = 0> <II = 1> <Delay = 1.00> <Generic> <Opcode : >

State 66 <SV = 65> <Delay = 4.37>
ST_66 : Operation 144 [4/68] (4.37ns)   --->   "%call_ret = call fastcc { i20, i20, i20, i20, i20, i20, i20, i20, i20, i20, i20, i20, i20, i20, i20 } @"dense_wrapper<ap_fixed<20, 8, 5, 3, 0>, ap_fixed<20, 8, 5, 3, 0>, config22>"(i20 %data_0_V, i20 %data_1_V, i20 %data_2_V, i20 %data_3_V, i20 %data_4_V, i20 %data_5_V, i20 %data_6_V, i20 %data_7_V)" [firmware/nnet_utils/nnet_dense_stream.h:48]   --->   Operation 144 'call' 'call_ret' <Predicate = true> <Delay = 4.37> <CoreType = "Generic">   --->   Core 0 '' <Latency = 0> <II = 1> <Delay = 1.00> <Generic> <Opcode : >

State 67 <SV = 66> <Delay = 4.37>
ST_67 : Operation 145 [3/68] (4.37ns)   --->   "%call_ret = call fastcc { i20, i20, i20, i20, i20, i20, i20, i20, i20, i20, i20, i20, i20, i20, i20 } @"dense_wrapper<ap_fixed<20, 8, 5, 3, 0>, ap_fixed<20, 8, 5, 3, 0>, config22>"(i20 %data_0_V, i20 %data_1_V, i20 %data_2_V, i20 %data_3_V, i20 %data_4_V, i20 %data_5_V, i20 %data_6_V, i20 %data_7_V)" [firmware/nnet_utils/nnet_dense_stream.h:48]   --->   Operation 145 'call' 'call_ret' <Predicate = true> <Delay = 4.37> <CoreType = "Generic">   --->   Core 0 '' <Latency = 0> <II = 1> <Delay = 1.00> <Generic> <Opcode : >

State 68 <SV = 67> <Delay = 4.37>
ST_68 : Operation 146 [2/68] (4.37ns)   --->   "%call_ret = call fastcc { i20, i20, i20, i20, i20, i20, i20, i20, i20, i20, i20, i20, i20, i20, i20 } @"dense_wrapper<ap_fixed<20, 8, 5, 3, 0>, ap_fixed<20, 8, 5, 3, 0>, config22>"(i20 %data_0_V, i20 %data_1_V, i20 %data_2_V, i20 %data_3_V, i20 %data_4_V, i20 %data_5_V, i20 %data_6_V, i20 %data_7_V)" [firmware/nnet_utils/nnet_dense_stream.h:48]   --->   Operation 146 'call' 'call_ret' <Predicate = true> <Delay = 4.37> <CoreType = "Generic">   --->   Core 0 '' <Latency = 0> <II = 1> <Delay = 1.00> <Generic> <Opcode : >

State 69 <SV = 68> <Delay = 4.02>
ST_69 : Operation 147 [1/68] (4.02ns)   --->   "%call_ret = call fastcc { i20, i20, i20, i20, i20, i20, i20, i20, i20, i20, i20, i20, i20, i20, i20 } @"dense_wrapper<ap_fixed<20, 8, 5, 3, 0>, ap_fixed<20, 8, 5, 3, 0>, config22>"(i20 %data_0_V, i20 %data_1_V, i20 %data_2_V, i20 %data_3_V, i20 %data_4_V, i20 %data_5_V, i20 %data_6_V, i20 %data_7_V)" [firmware/nnet_utils/nnet_dense_stream.h:48]   --->   Operation 147 'call' 'call_ret' <Predicate = true> <Delay = 4.02> <CoreType = "Generic">   --->   Core 0 '' <Latency = 0> <II = 1> <Delay = 1.00> <Generic> <Opcode : >
ST_69 : Operation 148 [1/1] (0.00ns)   --->   "%tmp_data_0_V = extractvalue { i20, i20, i20, i20, i20, i20, i20, i20, i20, i20, i20, i20, i20, i20, i20 } %call_ret, 0" [firmware/nnet_utils/nnet_dense_stream.h:48]   --->   Operation 148 'extractvalue' 'tmp_data_0_V' <Predicate = true> <Delay = 0.00>
ST_69 : Operation 149 [1/1] (0.00ns)   --->   "%tmp_data_1_V = extractvalue { i20, i20, i20, i20, i20, i20, i20, i20, i20, i20, i20, i20, i20, i20, i20 } %call_ret, 1" [firmware/nnet_utils/nnet_dense_stream.h:48]   --->   Operation 149 'extractvalue' 'tmp_data_1_V' <Predicate = true> <Delay = 0.00>
ST_69 : Operation 150 [1/1] (0.00ns)   --->   "%tmp_data_2_V = extractvalue { i20, i20, i20, i20, i20, i20, i20, i20, i20, i20, i20, i20, i20, i20, i20 } %call_ret, 2" [firmware/nnet_utils/nnet_dense_stream.h:48]   --->   Operation 150 'extractvalue' 'tmp_data_2_V' <Predicate = true> <Delay = 0.00>
ST_69 : Operation 151 [1/1] (0.00ns)   --->   "%tmp_data_3_V = extractvalue { i20, i20, i20, i20, i20, i20, i20, i20, i20, i20, i20, i20, i20, i20, i20 } %call_ret, 3" [firmware/nnet_utils/nnet_dense_stream.h:48]   --->   Operation 151 'extractvalue' 'tmp_data_3_V' <Predicate = true> <Delay = 0.00>
ST_69 : Operation 152 [1/1] (0.00ns)   --->   "%tmp_data_4_V = extractvalue { i20, i20, i20, i20, i20, i20, i20, i20, i20, i20, i20, i20, i20, i20, i20 } %call_ret, 4" [firmware/nnet_utils/nnet_dense_stream.h:48]   --->   Operation 152 'extractvalue' 'tmp_data_4_V' <Predicate = true> <Delay = 0.00>
ST_69 : Operation 153 [1/1] (0.00ns)   --->   "%tmp_data_5_V = extractvalue { i20, i20, i20, i20, i20, i20, i20, i20, i20, i20, i20, i20, i20, i20, i20 } %call_ret, 5" [firmware/nnet_utils/nnet_dense_stream.h:48]   --->   Operation 153 'extractvalue' 'tmp_data_5_V' <Predicate = true> <Delay = 0.00>
ST_69 : Operation 154 [1/1] (0.00ns)   --->   "%tmp_data_7_V = extractvalue { i20, i20, i20, i20, i20, i20, i20, i20, i20, i20, i20, i20, i20, i20, i20 } %call_ret, 6" [firmware/nnet_utils/nnet_dense_stream.h:48]   --->   Operation 154 'extractvalue' 'tmp_data_7_V' <Predicate = true> <Delay = 0.00>
ST_69 : Operation 155 [1/1] (0.00ns)   --->   "%tmp_data_8_V = extractvalue { i20, i20, i20, i20, i20, i20, i20, i20, i20, i20, i20, i20, i20, i20, i20 } %call_ret, 7" [firmware/nnet_utils/nnet_dense_stream.h:48]   --->   Operation 155 'extractvalue' 'tmp_data_8_V' <Predicate = true> <Delay = 0.00>
ST_69 : Operation 156 [1/1] (0.00ns)   --->   "%tmp_data_9_V = extractvalue { i20, i20, i20, i20, i20, i20, i20, i20, i20, i20, i20, i20, i20, i20, i20 } %call_ret, 8" [firmware/nnet_utils/nnet_dense_stream.h:48]   --->   Operation 156 'extractvalue' 'tmp_data_9_V' <Predicate = true> <Delay = 0.00>
ST_69 : Operation 157 [1/1] (0.00ns)   --->   "%tmp_data_10_V = extractvalue { i20, i20, i20, i20, i20, i20, i20, i20, i20, i20, i20, i20, i20, i20, i20 } %call_ret, 9" [firmware/nnet_utils/nnet_dense_stream.h:48]   --->   Operation 157 'extractvalue' 'tmp_data_10_V' <Predicate = true> <Delay = 0.00>
ST_69 : Operation 158 [1/1] (0.00ns)   --->   "%tmp_data_11_V = extractvalue { i20, i20, i20, i20, i20, i20, i20, i20, i20, i20, i20, i20, i20, i20, i20 } %call_ret, 10" [firmware/nnet_utils/nnet_dense_stream.h:48]   --->   Operation 158 'extractvalue' 'tmp_data_11_V' <Predicate = true> <Delay = 0.00>
ST_69 : Operation 159 [1/1] (0.00ns)   --->   "%tmp_data_12_V = extractvalue { i20, i20, i20, i20, i20, i20, i20, i20, i20, i20, i20, i20, i20, i20, i20 } %call_ret, 11" [firmware/nnet_utils/nnet_dense_stream.h:48]   --->   Operation 159 'extractvalue' 'tmp_data_12_V' <Predicate = true> <Delay = 0.00>
ST_69 : Operation 160 [1/1] (0.00ns)   --->   "%tmp_data_13_V = extractvalue { i20, i20, i20, i20, i20, i20, i20, i20, i20, i20, i20, i20, i20, i20, i20 } %call_ret, 12" [firmware/nnet_utils/nnet_dense_stream.h:48]   --->   Operation 160 'extractvalue' 'tmp_data_13_V' <Predicate = true> <Delay = 0.00>
ST_69 : Operation 161 [1/1] (0.00ns)   --->   "%tmp_data_14_V = extractvalue { i20, i20, i20, i20, i20, i20, i20, i20, i20, i20, i20, i20, i20, i20, i20 } %call_ret, 13" [firmware/nnet_utils/nnet_dense_stream.h:48]   --->   Operation 161 'extractvalue' 'tmp_data_14_V' <Predicate = true> <Delay = 0.00>
ST_69 : Operation 162 [1/1] (0.00ns)   --->   "%tmp_data_15_V = extractvalue { i20, i20, i20, i20, i20, i20, i20, i20, i20, i20, i20, i20, i20, i20, i20 } %call_ret, 14" [firmware/nnet_utils/nnet_dense_stream.h:48]   --->   Operation 162 'extractvalue' 'tmp_data_15_V' <Predicate = true> <Delay = 0.00>

State 70 <SV = 69> <Delay = 2.18>
ST_70 : Operation 163 [1/1] (0.00ns)   --->   "call void (...)* @_ssdm_op_SpecInterface(i20* %res_stream_V_data_15_V, [8 x i8]* @ap_fifo_str, i32 0, i32 0, [1 x i8]* @p_str, i32 0, i32 0, [1 x i8]* @p_str, [1 x i8]* @p_str, [1 x i8]* @p_str, i32 2, i32 2, i32 16, i32 16, [1 x i8]* @p_str, [1 x i8]* @p_str)"   --->   Operation 163 'specinterface' <Predicate = true> <Delay = 0.00>
ST_70 : Operation 164 [1/1] (0.00ns)   --->   "call void (...)* @_ssdm_op_SpecInterface(i20* %res_stream_V_data_14_V, [8 x i8]* @ap_fifo_str, i32 0, i32 0, [1 x i8]* @p_str, i32 0, i32 0, [1 x i8]* @p_str, [1 x i8]* @p_str, [1 x i8]* @p_str, i32 2, i32 2, i32 16, i32 16, [1 x i8]* @p_str, [1 x i8]* @p_str)"   --->   Operation 164 'specinterface' <Predicate = true> <Delay = 0.00>
ST_70 : Operation 165 [1/1] (0.00ns)   --->   "call void (...)* @_ssdm_op_SpecInterface(i20* %res_stream_V_data_13_V, [8 x i8]* @ap_fifo_str, i32 0, i32 0, [1 x i8]* @p_str, i32 0, i32 0, [1 x i8]* @p_str, [1 x i8]* @p_str, [1 x i8]* @p_str, i32 2, i32 2, i32 16, i32 16, [1 x i8]* @p_str, [1 x i8]* @p_str)"   --->   Operation 165 'specinterface' <Predicate = true> <Delay = 0.00>
ST_70 : Operation 166 [1/1] (0.00ns)   --->   "call void (...)* @_ssdm_op_SpecInterface(i20* %res_stream_V_data_12_V, [8 x i8]* @ap_fifo_str, i32 0, i32 0, [1 x i8]* @p_str, i32 0, i32 0, [1 x i8]* @p_str, [1 x i8]* @p_str, [1 x i8]* @p_str, i32 2, i32 2, i32 16, i32 16, [1 x i8]* @p_str, [1 x i8]* @p_str)"   --->   Operation 166 'specinterface' <Predicate = true> <Delay = 0.00>
ST_70 : Operation 167 [1/1] (0.00ns)   --->   "call void (...)* @_ssdm_op_SpecInterface(i20* %res_stream_V_data_11_V, [8 x i8]* @ap_fifo_str, i32 0, i32 0, [1 x i8]* @p_str, i32 0, i32 0, [1 x i8]* @p_str, [1 x i8]* @p_str, [1 x i8]* @p_str, i32 2, i32 2, i32 16, i32 16, [1 x i8]* @p_str, [1 x i8]* @p_str)"   --->   Operation 167 'specinterface' <Predicate = true> <Delay = 0.00>
ST_70 : Operation 168 [1/1] (0.00ns)   --->   "call void (...)* @_ssdm_op_SpecInterface(i20* %res_stream_V_data_10_V, [8 x i8]* @ap_fifo_str, i32 0, i32 0, [1 x i8]* @p_str, i32 0, i32 0, [1 x i8]* @p_str, [1 x i8]* @p_str, [1 x i8]* @p_str, i32 2, i32 2, i32 16, i32 16, [1 x i8]* @p_str, [1 x i8]* @p_str)"   --->   Operation 168 'specinterface' <Predicate = true> <Delay = 0.00>
ST_70 : Operation 169 [1/1] (0.00ns)   --->   "call void (...)* @_ssdm_op_SpecInterface(i20* %res_stream_V_data_9_V, [8 x i8]* @ap_fifo_str, i32 0, i32 0, [1 x i8]* @p_str, i32 0, i32 0, [1 x i8]* @p_str, [1 x i8]* @p_str, [1 x i8]* @p_str, i32 2, i32 2, i32 16, i32 16, [1 x i8]* @p_str, [1 x i8]* @p_str)"   --->   Operation 169 'specinterface' <Predicate = true> <Delay = 0.00>
ST_70 : Operation 170 [1/1] (0.00ns)   --->   "call void (...)* @_ssdm_op_SpecInterface(i20* %res_stream_V_data_8_V, [8 x i8]* @ap_fifo_str, i32 0, i32 0, [1 x i8]* @p_str, i32 0, i32 0, [1 x i8]* @p_str, [1 x i8]* @p_str, [1 x i8]* @p_str, i32 2, i32 2, i32 16, i32 16, [1 x i8]* @p_str, [1 x i8]* @p_str)"   --->   Operation 170 'specinterface' <Predicate = true> <Delay = 0.00>
ST_70 : Operation 171 [1/1] (0.00ns)   --->   "call void (...)* @_ssdm_op_SpecInterface(i20* %res_stream_V_data_7_V, [8 x i8]* @ap_fifo_str, i32 0, i32 0, [1 x i8]* @p_str, i32 0, i32 0, [1 x i8]* @p_str, [1 x i8]* @p_str, [1 x i8]* @p_str, i32 2, i32 2, i32 16, i32 16, [1 x i8]* @p_str, [1 x i8]* @p_str)"   --->   Operation 171 'specinterface' <Predicate = true> <Delay = 0.00>
ST_70 : Operation 172 [1/1] (0.00ns)   --->   "call void (...)* @_ssdm_op_SpecInterface(i20* %res_stream_V_data_6_V, [8 x i8]* @ap_fifo_str, i32 0, i32 0, [1 x i8]* @p_str, i32 0, i32 0, [1 x i8]* @p_str, [1 x i8]* @p_str, [1 x i8]* @p_str, i32 2, i32 2, i32 16, i32 16, [1 x i8]* @p_str, [1 x i8]* @p_str)"   --->   Operation 172 'specinterface' <Predicate = true> <Delay = 0.00>
ST_70 : Operation 173 [1/1] (0.00ns)   --->   "call void (...)* @_ssdm_op_SpecInterface(i20* %res_stream_V_data_5_V, [8 x i8]* @ap_fifo_str, i32 0, i32 0, [1 x i8]* @p_str, i32 0, i32 0, [1 x i8]* @p_str, [1 x i8]* @p_str, [1 x i8]* @p_str, i32 2, i32 2, i32 16, i32 16, [1 x i8]* @p_str, [1 x i8]* @p_str)"   --->   Operation 173 'specinterface' <Predicate = true> <Delay = 0.00>
ST_70 : Operation 174 [1/1] (0.00ns)   --->   "call void (...)* @_ssdm_op_SpecInterface(i20* %res_stream_V_data_4_V, [8 x i8]* @ap_fifo_str, i32 0, i32 0, [1 x i8]* @p_str, i32 0, i32 0, [1 x i8]* @p_str, [1 x i8]* @p_str, [1 x i8]* @p_str, i32 2, i32 2, i32 16, i32 16, [1 x i8]* @p_str, [1 x i8]* @p_str)"   --->   Operation 174 'specinterface' <Predicate = true> <Delay = 0.00>
ST_70 : Operation 175 [1/1] (0.00ns)   --->   "call void (...)* @_ssdm_op_SpecInterface(i20* %res_stream_V_data_3_V, [8 x i8]* @ap_fifo_str, i32 0, i32 0, [1 x i8]* @p_str, i32 0, i32 0, [1 x i8]* @p_str, [1 x i8]* @p_str, [1 x i8]* @p_str, i32 2, i32 2, i32 16, i32 16, [1 x i8]* @p_str, [1 x i8]* @p_str)"   --->   Operation 175 'specinterface' <Predicate = true> <Delay = 0.00>
ST_70 : Operation 176 [1/1] (0.00ns)   --->   "call void (...)* @_ssdm_op_SpecInterface(i20* %res_stream_V_data_2_V, [8 x i8]* @ap_fifo_str, i32 0, i32 0, [1 x i8]* @p_str, i32 0, i32 0, [1 x i8]* @p_str, [1 x i8]* @p_str, [1 x i8]* @p_str, i32 2, i32 2, i32 16, i32 16, [1 x i8]* @p_str, [1 x i8]* @p_str)"   --->   Operation 176 'specinterface' <Predicate = true> <Delay = 0.00>
ST_70 : Operation 177 [1/1] (0.00ns)   --->   "call void (...)* @_ssdm_op_SpecInterface(i20* %res_stream_V_data_1_V, [8 x i8]* @ap_fifo_str, i32 0, i32 0, [1 x i8]* @p_str, i32 0, i32 0, [1 x i8]* @p_str, [1 x i8]* @p_str, [1 x i8]* @p_str, i32 2, i32 2, i32 16, i32 16, [1 x i8]* @p_str, [1 x i8]* @p_str)"   --->   Operation 177 'specinterface' <Predicate = true> <Delay = 0.00>
ST_70 : Operation 178 [1/1] (0.00ns)   --->   "call void (...)* @_ssdm_op_SpecInterface(i20* %res_stream_V_data_0_V, [8 x i8]* @ap_fifo_str, i32 0, i32 0, [1 x i8]* @p_str, i32 0, i32 0, [1 x i8]* @p_str, [1 x i8]* @p_str, [1 x i8]* @p_str, i32 2, i32 2, i32 16, i32 16, [1 x i8]* @p_str, [1 x i8]* @p_str)"   --->   Operation 178 'specinterface' <Predicate = true> <Delay = 0.00>
ST_70 : Operation 179 [1/1] (0.00ns)   --->   "call void (...)* @_ssdm_op_SpecInterface(i20* %data_stream_V_data_7_V, [8 x i8]* @ap_fifo_str, i32 0, i32 0, [1 x i8]* @p_str, i32 0, i32 0, [1 x i8]* @p_str, [1 x i8]* @p_str, [1 x i8]* @p_str, i32 2, i32 2, i32 16, i32 16, [1 x i8]* @p_str, [1 x i8]* @p_str)"   --->   Operation 179 'specinterface' <Predicate = true> <Delay = 0.00>
ST_70 : Operation 180 [1/1] (0.00ns)   --->   "call void (...)* @_ssdm_op_SpecInterface(i20* %data_stream_V_data_6_V, [8 x i8]* @ap_fifo_str, i32 0, i32 0, [1 x i8]* @p_str, i32 0, i32 0, [1 x i8]* @p_str, [1 x i8]* @p_str, [1 x i8]* @p_str, i32 2, i32 2, i32 16, i32 16, [1 x i8]* @p_str, [1 x i8]* @p_str)"   --->   Operation 180 'specinterface' <Predicate = true> <Delay = 0.00>
ST_70 : Operation 181 [1/1] (0.00ns)   --->   "call void (...)* @_ssdm_op_SpecInterface(i20* %data_stream_V_data_5_V, [8 x i8]* @ap_fifo_str, i32 0, i32 0, [1 x i8]* @p_str, i32 0, i32 0, [1 x i8]* @p_str, [1 x i8]* @p_str, [1 x i8]* @p_str, i32 2, i32 2, i32 16, i32 16, [1 x i8]* @p_str, [1 x i8]* @p_str)"   --->   Operation 181 'specinterface' <Predicate = true> <Delay = 0.00>
ST_70 : Operation 182 [1/1] (0.00ns)   --->   "call void (...)* @_ssdm_op_SpecInterface(i20* %data_stream_V_data_4_V, [8 x i8]* @ap_fifo_str, i32 0, i32 0, [1 x i8]* @p_str, i32 0, i32 0, [1 x i8]* @p_str, [1 x i8]* @p_str, [1 x i8]* @p_str, i32 2, i32 2, i32 16, i32 16, [1 x i8]* @p_str, [1 x i8]* @p_str)"   --->   Operation 182 'specinterface' <Predicate = true> <Delay = 0.00>
ST_70 : Operation 183 [1/1] (0.00ns)   --->   "call void (...)* @_ssdm_op_SpecInterface(i20* %data_stream_V_data_3_V, [8 x i8]* @ap_fifo_str, i32 0, i32 0, [1 x i8]* @p_str, i32 0, i32 0, [1 x i8]* @p_str, [1 x i8]* @p_str, [1 x i8]* @p_str, i32 2, i32 2, i32 16, i32 16, [1 x i8]* @p_str, [1 x i8]* @p_str)"   --->   Operation 183 'specinterface' <Predicate = true> <Delay = 0.00>
ST_70 : Operation 184 [1/1] (0.00ns)   --->   "call void (...)* @_ssdm_op_SpecInterface(i20* %data_stream_V_data_2_V, [8 x i8]* @ap_fifo_str, i32 0, i32 0, [1 x i8]* @p_str, i32 0, i32 0, [1 x i8]* @p_str, [1 x i8]* @p_str, [1 x i8]* @p_str, i32 2, i32 2, i32 16, i32 16, [1 x i8]* @p_str, [1 x i8]* @p_str)"   --->   Operation 184 'specinterface' <Predicate = true> <Delay = 0.00>
ST_70 : Operation 185 [1/1] (0.00ns)   --->   "call void (...)* @_ssdm_op_SpecInterface(i20* %data_stream_V_data_1_V, [8 x i8]* @ap_fifo_str, i32 0, i32 0, [1 x i8]* @p_str, i32 0, i32 0, [1 x i8]* @p_str, [1 x i8]* @p_str, [1 x i8]* @p_str, i32 2, i32 2, i32 16, i32 16, [1 x i8]* @p_str, [1 x i8]* @p_str)"   --->   Operation 185 'specinterface' <Predicate = true> <Delay = 0.00>
ST_70 : Operation 186 [1/1] (0.00ns)   --->   "call void (...)* @_ssdm_op_SpecInterface(i20* %data_stream_V_data_0_V, [8 x i8]* @ap_fifo_str, i32 0, i32 0, [1 x i8]* @p_str, i32 0, i32 0, [1 x i8]* @p_str, [1 x i8]* @p_str, [1 x i8]* @p_str, i32 2, i32 2, i32 16, i32 16, [1 x i8]* @p_str, [1 x i8]* @p_str)"   --->   Operation 186 'specinterface' <Predicate = true> <Delay = 0.00>
ST_70 : Operation 187 [1/1] (0.00ns)   --->   "call void (...)* @_ssdm_op_SpecLoopName([12 x i8]* @p_str39) nounwind" [firmware/nnet_utils/nnet_dense_stream.h:36]   --->   Operation 187 'specloopname' <Predicate = true> <Delay = 0.00>
ST_70 : Operation 188 [1/1] (0.00ns)   --->   "call void (...)* @_ssdm_op_SpecLoopName([9 x i8]* @p_str41) nounwind" [firmware/nnet_utils/nnet_dense_stream.h:51]   --->   Operation 188 'specloopname' <Predicate = true> <Delay = 0.00>
ST_70 : Operation 189 [1/1] (2.18ns)   --->   "call void @_ssdm_op_Write.ap_fifo.volatile.i20P.i20P.i20P.i20P.i20P.i20P.i20P.i20P.i20P.i20P.i20P.i20P.i20P.i20P.i20P.i20P(i20* %res_stream_V_data_0_V, i20* %res_stream_V_data_1_V, i20* %res_stream_V_data_2_V, i20* %res_stream_V_data_3_V, i20* %res_stream_V_data_4_V, i20* %res_stream_V_data_5_V, i20* %res_stream_V_data_6_V, i20* %res_stream_V_data_7_V, i20* %res_stream_V_data_8_V, i20* %res_stream_V_data_9_V, i20* %res_stream_V_data_10_V, i20* %res_stream_V_data_11_V, i20* %res_stream_V_data_12_V, i20* %res_stream_V_data_13_V, i20* %res_stream_V_data_14_V, i20* %res_stream_V_data_15_V, i20 %tmp_data_0_V, i20 %tmp_data_1_V, i20 %tmp_data_2_V, i20 %tmp_data_3_V, i20 %tmp_data_4_V, i20 %tmp_data_5_V, i20 510, i20 %tmp_data_7_V, i20 %tmp_data_8_V, i20 %tmp_data_9_V, i20 %tmp_data_10_V, i20 %tmp_data_11_V, i20 %tmp_data_12_V, i20 %tmp_data_13_V, i20 %tmp_data_14_V, i20 %tmp_data_15_V)" [firmware/nnet_utils/nnet_dense_stream.h:62]   --->   Operation 189 'write' <Predicate = true> <Delay = 2.18> <Core = "FIFO">   --->   Core 32 'FIFO' <Latency = 0> <II = 1> <Delay = 3.63> <Storage> <Opcode : 'read' 'write' 'nbread' 'nbwrite'> <Ports = 0> <Width = 20> <Depth = 1> <FIFO>
ST_70 : Operation 190 [1/1] (0.00ns)   --->   "ret void" [firmware/nnet_utils/nnet_dense_stream.h:64]   --->   Operation 190 'ret' <Predicate = true> <Delay = 0.00>


============================================================
+ Verbose Summary: Timing violations
============================================================
Target clock period: 5ns, clock uncertainty: 0.625ns.

 <State 1>: 2.19ns
The critical path consists of the following:
	fifo read on port 'data_stream_V_data_0_V' (firmware/nnet_utils/nnet_dense_stream.h:40) [50]  (2.19 ns)

 <State 2>: 3.66ns
The critical path consists of the following:
	'call' operation ('call_ret', firmware/nnet_utils/nnet_dense_stream.h:48) to 'dense_wrapper<ap_fixed<20, 8, 5, 3, 0>, ap_fixed<20, 8, 5, 3, 0>, config22>' [59]  (3.66 ns)

 <State 3>: 4.38ns
The critical path consists of the following:
	'call' operation ('call_ret', firmware/nnet_utils/nnet_dense_stream.h:48) to 'dense_wrapper<ap_fixed<20, 8, 5, 3, 0>, ap_fixed<20, 8, 5, 3, 0>, config22>' [59]  (4.38 ns)

 <State 4>: 4.38ns
The critical path consists of the following:
	'call' operation ('call_ret', firmware/nnet_utils/nnet_dense_stream.h:48) to 'dense_wrapper<ap_fixed<20, 8, 5, 3, 0>, ap_fixed<20, 8, 5, 3, 0>, config22>' [59]  (4.38 ns)

 <State 5>: 4.38ns
The critical path consists of the following:
	'call' operation ('call_ret', firmware/nnet_utils/nnet_dense_stream.h:48) to 'dense_wrapper<ap_fixed<20, 8, 5, 3, 0>, ap_fixed<20, 8, 5, 3, 0>, config22>' [59]  (4.38 ns)

 <State 6>: 4.38ns
The critical path consists of the following:
	'call' operation ('call_ret', firmware/nnet_utils/nnet_dense_stream.h:48) to 'dense_wrapper<ap_fixed<20, 8, 5, 3, 0>, ap_fixed<20, 8, 5, 3, 0>, config22>' [59]  (4.38 ns)

 <State 7>: 4.38ns
The critical path consists of the following:
	'call' operation ('call_ret', firmware/nnet_utils/nnet_dense_stream.h:48) to 'dense_wrapper<ap_fixed<20, 8, 5, 3, 0>, ap_fixed<20, 8, 5, 3, 0>, config22>' [59]  (4.38 ns)

 <State 8>: 4.38ns
The critical path consists of the following:
	'call' operation ('call_ret', firmware/nnet_utils/nnet_dense_stream.h:48) to 'dense_wrapper<ap_fixed<20, 8, 5, 3, 0>, ap_fixed<20, 8, 5, 3, 0>, config22>' [59]  (4.38 ns)

 <State 9>: 4.38ns
The critical path consists of the following:
	'call' operation ('call_ret', firmware/nnet_utils/nnet_dense_stream.h:48) to 'dense_wrapper<ap_fixed<20, 8, 5, 3, 0>, ap_fixed<20, 8, 5, 3, 0>, config22>' [59]  (4.38 ns)

 <State 10>: 4.38ns
The critical path consists of the following:
	'call' operation ('call_ret', firmware/nnet_utils/nnet_dense_stream.h:48) to 'dense_wrapper<ap_fixed<20, 8, 5, 3, 0>, ap_fixed<20, 8, 5, 3, 0>, config22>' [59]  (4.38 ns)

 <State 11>: 4.38ns
The critical path consists of the following:
	'call' operation ('call_ret', firmware/nnet_utils/nnet_dense_stream.h:48) to 'dense_wrapper<ap_fixed<20, 8, 5, 3, 0>, ap_fixed<20, 8, 5, 3, 0>, config22>' [59]  (4.38 ns)

 <State 12>: 4.38ns
The critical path consists of the following:
	'call' operation ('call_ret', firmware/nnet_utils/nnet_dense_stream.h:48) to 'dense_wrapper<ap_fixed<20, 8, 5, 3, 0>, ap_fixed<20, 8, 5, 3, 0>, config22>' [59]  (4.38 ns)

 <State 13>: 4.38ns
The critical path consists of the following:
	'call' operation ('call_ret', firmware/nnet_utils/nnet_dense_stream.h:48) to 'dense_wrapper<ap_fixed<20, 8, 5, 3, 0>, ap_fixed<20, 8, 5, 3, 0>, config22>' [59]  (4.38 ns)

 <State 14>: 4.38ns
The critical path consists of the following:
	'call' operation ('call_ret', firmware/nnet_utils/nnet_dense_stream.h:48) to 'dense_wrapper<ap_fixed<20, 8, 5, 3, 0>, ap_fixed<20, 8, 5, 3, 0>, config22>' [59]  (4.38 ns)

 <State 15>: 4.38ns
The critical path consists of the following:
	'call' operation ('call_ret', firmware/nnet_utils/nnet_dense_stream.h:48) to 'dense_wrapper<ap_fixed<20, 8, 5, 3, 0>, ap_fixed<20, 8, 5, 3, 0>, config22>' [59]  (4.38 ns)

 <State 16>: 4.38ns
The critical path consists of the following:
	'call' operation ('call_ret', firmware/nnet_utils/nnet_dense_stream.h:48) to 'dense_wrapper<ap_fixed<20, 8, 5, 3, 0>, ap_fixed<20, 8, 5, 3, 0>, config22>' [59]  (4.38 ns)

 <State 17>: 4.38ns
The critical path consists of the following:
	'call' operation ('call_ret', firmware/nnet_utils/nnet_dense_stream.h:48) to 'dense_wrapper<ap_fixed<20, 8, 5, 3, 0>, ap_fixed<20, 8, 5, 3, 0>, config22>' [59]  (4.38 ns)

 <State 18>: 4.38ns
The critical path consists of the following:
	'call' operation ('call_ret', firmware/nnet_utils/nnet_dense_stream.h:48) to 'dense_wrapper<ap_fixed<20, 8, 5, 3, 0>, ap_fixed<20, 8, 5, 3, 0>, config22>' [59]  (4.38 ns)

 <State 19>: 4.38ns
The critical path consists of the following:
	'call' operation ('call_ret', firmware/nnet_utils/nnet_dense_stream.h:48) to 'dense_wrapper<ap_fixed<20, 8, 5, 3, 0>, ap_fixed<20, 8, 5, 3, 0>, config22>' [59]  (4.38 ns)

 <State 20>: 4.38ns
The critical path consists of the following:
	'call' operation ('call_ret', firmware/nnet_utils/nnet_dense_stream.h:48) to 'dense_wrapper<ap_fixed<20, 8, 5, 3, 0>, ap_fixed<20, 8, 5, 3, 0>, config22>' [59]  (4.38 ns)

 <State 21>: 4.38ns
The critical path consists of the following:
	'call' operation ('call_ret', firmware/nnet_utils/nnet_dense_stream.h:48) to 'dense_wrapper<ap_fixed<20, 8, 5, 3, 0>, ap_fixed<20, 8, 5, 3, 0>, config22>' [59]  (4.38 ns)

 <State 22>: 4.38ns
The critical path consists of the following:
	'call' operation ('call_ret', firmware/nnet_utils/nnet_dense_stream.h:48) to 'dense_wrapper<ap_fixed<20, 8, 5, 3, 0>, ap_fixed<20, 8, 5, 3, 0>, config22>' [59]  (4.38 ns)

 <State 23>: 4.38ns
The critical path consists of the following:
	'call' operation ('call_ret', firmware/nnet_utils/nnet_dense_stream.h:48) to 'dense_wrapper<ap_fixed<20, 8, 5, 3, 0>, ap_fixed<20, 8, 5, 3, 0>, config22>' [59]  (4.38 ns)

 <State 24>: 4.38ns
The critical path consists of the following:
	'call' operation ('call_ret', firmware/nnet_utils/nnet_dense_stream.h:48) to 'dense_wrapper<ap_fixed<20, 8, 5, 3, 0>, ap_fixed<20, 8, 5, 3, 0>, config22>' [59]  (4.38 ns)

 <State 25>: 4.38ns
The critical path consists of the following:
	'call' operation ('call_ret', firmware/nnet_utils/nnet_dense_stream.h:48) to 'dense_wrapper<ap_fixed<20, 8, 5, 3, 0>, ap_fixed<20, 8, 5, 3, 0>, config22>' [59]  (4.38 ns)

 <State 26>: 4.38ns
The critical path consists of the following:
	'call' operation ('call_ret', firmware/nnet_utils/nnet_dense_stream.h:48) to 'dense_wrapper<ap_fixed<20, 8, 5, 3, 0>, ap_fixed<20, 8, 5, 3, 0>, config22>' [59]  (4.38 ns)

 <State 27>: 4.38ns
The critical path consists of the following:
	'call' operation ('call_ret', firmware/nnet_utils/nnet_dense_stream.h:48) to 'dense_wrapper<ap_fixed<20, 8, 5, 3, 0>, ap_fixed<20, 8, 5, 3, 0>, config22>' [59]  (4.38 ns)

 <State 28>: 4.38ns
The critical path consists of the following:
	'call' operation ('call_ret', firmware/nnet_utils/nnet_dense_stream.h:48) to 'dense_wrapper<ap_fixed<20, 8, 5, 3, 0>, ap_fixed<20, 8, 5, 3, 0>, config22>' [59]  (4.38 ns)

 <State 29>: 4.38ns
The critical path consists of the following:
	'call' operation ('call_ret', firmware/nnet_utils/nnet_dense_stream.h:48) to 'dense_wrapper<ap_fixed<20, 8, 5, 3, 0>, ap_fixed<20, 8, 5, 3, 0>, config22>' [59]  (4.38 ns)

 <State 30>: 4.38ns
The critical path consists of the following:
	'call' operation ('call_ret', firmware/nnet_utils/nnet_dense_stream.h:48) to 'dense_wrapper<ap_fixed<20, 8, 5, 3, 0>, ap_fixed<20, 8, 5, 3, 0>, config22>' [59]  (4.38 ns)

 <State 31>: 4.38ns
The critical path consists of the following:
	'call' operation ('call_ret', firmware/nnet_utils/nnet_dense_stream.h:48) to 'dense_wrapper<ap_fixed<20, 8, 5, 3, 0>, ap_fixed<20, 8, 5, 3, 0>, config22>' [59]  (4.38 ns)

 <State 32>: 4.38ns
The critical path consists of the following:
	'call' operation ('call_ret', firmware/nnet_utils/nnet_dense_stream.h:48) to 'dense_wrapper<ap_fixed<20, 8, 5, 3, 0>, ap_fixed<20, 8, 5, 3, 0>, config22>' [59]  (4.38 ns)

 <State 33>: 4.38ns
The critical path consists of the following:
	'call' operation ('call_ret', firmware/nnet_utils/nnet_dense_stream.h:48) to 'dense_wrapper<ap_fixed<20, 8, 5, 3, 0>, ap_fixed<20, 8, 5, 3, 0>, config22>' [59]  (4.38 ns)

 <State 34>: 4.38ns
The critical path consists of the following:
	'call' operation ('call_ret', firmware/nnet_utils/nnet_dense_stream.h:48) to 'dense_wrapper<ap_fixed<20, 8, 5, 3, 0>, ap_fixed<20, 8, 5, 3, 0>, config22>' [59]  (4.38 ns)

 <State 35>: 4.38ns
The critical path consists of the following:
	'call' operation ('call_ret', firmware/nnet_utils/nnet_dense_stream.h:48) to 'dense_wrapper<ap_fixed<20, 8, 5, 3, 0>, ap_fixed<20, 8, 5, 3, 0>, config22>' [59]  (4.38 ns)

 <State 36>: 4.38ns
The critical path consists of the following:
	'call' operation ('call_ret', firmware/nnet_utils/nnet_dense_stream.h:48) to 'dense_wrapper<ap_fixed<20, 8, 5, 3, 0>, ap_fixed<20, 8, 5, 3, 0>, config22>' [59]  (4.38 ns)

 <State 37>: 4.38ns
The critical path consists of the following:
	'call' operation ('call_ret', firmware/nnet_utils/nnet_dense_stream.h:48) to 'dense_wrapper<ap_fixed<20, 8, 5, 3, 0>, ap_fixed<20, 8, 5, 3, 0>, config22>' [59]  (4.38 ns)

 <State 38>: 4.38ns
The critical path consists of the following:
	'call' operation ('call_ret', firmware/nnet_utils/nnet_dense_stream.h:48) to 'dense_wrapper<ap_fixed<20, 8, 5, 3, 0>, ap_fixed<20, 8, 5, 3, 0>, config22>' [59]  (4.38 ns)

 <State 39>: 4.38ns
The critical path consists of the following:
	'call' operation ('call_ret', firmware/nnet_utils/nnet_dense_stream.h:48) to 'dense_wrapper<ap_fixed<20, 8, 5, 3, 0>, ap_fixed<20, 8, 5, 3, 0>, config22>' [59]  (4.38 ns)

 <State 40>: 4.38ns
The critical path consists of the following:
	'call' operation ('call_ret', firmware/nnet_utils/nnet_dense_stream.h:48) to 'dense_wrapper<ap_fixed<20, 8, 5, 3, 0>, ap_fixed<20, 8, 5, 3, 0>, config22>' [59]  (4.38 ns)

 <State 41>: 4.38ns
The critical path consists of the following:
	'call' operation ('call_ret', firmware/nnet_utils/nnet_dense_stream.h:48) to 'dense_wrapper<ap_fixed<20, 8, 5, 3, 0>, ap_fixed<20, 8, 5, 3, 0>, config22>' [59]  (4.38 ns)

 <State 42>: 4.38ns
The critical path consists of the following:
	'call' operation ('call_ret', firmware/nnet_utils/nnet_dense_stream.h:48) to 'dense_wrapper<ap_fixed<20, 8, 5, 3, 0>, ap_fixed<20, 8, 5, 3, 0>, config22>' [59]  (4.38 ns)

 <State 43>: 4.38ns
The critical path consists of the following:
	'call' operation ('call_ret', firmware/nnet_utils/nnet_dense_stream.h:48) to 'dense_wrapper<ap_fixed<20, 8, 5, 3, 0>, ap_fixed<20, 8, 5, 3, 0>, config22>' [59]  (4.38 ns)

 <State 44>: 4.38ns
The critical path consists of the following:
	'call' operation ('call_ret', firmware/nnet_utils/nnet_dense_stream.h:48) to 'dense_wrapper<ap_fixed<20, 8, 5, 3, 0>, ap_fixed<20, 8, 5, 3, 0>, config22>' [59]  (4.38 ns)

 <State 45>: 4.38ns
The critical path consists of the following:
	'call' operation ('call_ret', firmware/nnet_utils/nnet_dense_stream.h:48) to 'dense_wrapper<ap_fixed<20, 8, 5, 3, 0>, ap_fixed<20, 8, 5, 3, 0>, config22>' [59]  (4.38 ns)

 <State 46>: 4.38ns
The critical path consists of the following:
	'call' operation ('call_ret', firmware/nnet_utils/nnet_dense_stream.h:48) to 'dense_wrapper<ap_fixed<20, 8, 5, 3, 0>, ap_fixed<20, 8, 5, 3, 0>, config22>' [59]  (4.38 ns)

 <State 47>: 4.38ns
The critical path consists of the following:
	'call' operation ('call_ret', firmware/nnet_utils/nnet_dense_stream.h:48) to 'dense_wrapper<ap_fixed<20, 8, 5, 3, 0>, ap_fixed<20, 8, 5, 3, 0>, config22>' [59]  (4.38 ns)

 <State 48>: 4.38ns
The critical path consists of the following:
	'call' operation ('call_ret', firmware/nnet_utils/nnet_dense_stream.h:48) to 'dense_wrapper<ap_fixed<20, 8, 5, 3, 0>, ap_fixed<20, 8, 5, 3, 0>, config22>' [59]  (4.38 ns)

 <State 49>: 4.38ns
The critical path consists of the following:
	'call' operation ('call_ret', firmware/nnet_utils/nnet_dense_stream.h:48) to 'dense_wrapper<ap_fixed<20, 8, 5, 3, 0>, ap_fixed<20, 8, 5, 3, 0>, config22>' [59]  (4.38 ns)

 <State 50>: 4.38ns
The critical path consists of the following:
	'call' operation ('call_ret', firmware/nnet_utils/nnet_dense_stream.h:48) to 'dense_wrapper<ap_fixed<20, 8, 5, 3, 0>, ap_fixed<20, 8, 5, 3, 0>, config22>' [59]  (4.38 ns)

 <State 51>: 4.38ns
The critical path consists of the following:
	'call' operation ('call_ret', firmware/nnet_utils/nnet_dense_stream.h:48) to 'dense_wrapper<ap_fixed<20, 8, 5, 3, 0>, ap_fixed<20, 8, 5, 3, 0>, config22>' [59]  (4.38 ns)

 <State 52>: 4.38ns
The critical path consists of the following:
	'call' operation ('call_ret', firmware/nnet_utils/nnet_dense_stream.h:48) to 'dense_wrapper<ap_fixed<20, 8, 5, 3, 0>, ap_fixed<20, 8, 5, 3, 0>, config22>' [59]  (4.38 ns)

 <State 53>: 4.38ns
The critical path consists of the following:
	'call' operation ('call_ret', firmware/nnet_utils/nnet_dense_stream.h:48) to 'dense_wrapper<ap_fixed<20, 8, 5, 3, 0>, ap_fixed<20, 8, 5, 3, 0>, config22>' [59]  (4.38 ns)

 <State 54>: 4.38ns
The critical path consists of the following:
	'call' operation ('call_ret', firmware/nnet_utils/nnet_dense_stream.h:48) to 'dense_wrapper<ap_fixed<20, 8, 5, 3, 0>, ap_fixed<20, 8, 5, 3, 0>, config22>' [59]  (4.38 ns)

 <State 55>: 4.38ns
The critical path consists of the following:
	'call' operation ('call_ret', firmware/nnet_utils/nnet_dense_stream.h:48) to 'dense_wrapper<ap_fixed<20, 8, 5, 3, 0>, ap_fixed<20, 8, 5, 3, 0>, config22>' [59]  (4.38 ns)

 <State 56>: 4.38ns
The critical path consists of the following:
	'call' operation ('call_ret', firmware/nnet_utils/nnet_dense_stream.h:48) to 'dense_wrapper<ap_fixed<20, 8, 5, 3, 0>, ap_fixed<20, 8, 5, 3, 0>, config22>' [59]  (4.38 ns)

 <State 57>: 4.38ns
The critical path consists of the following:
	'call' operation ('call_ret', firmware/nnet_utils/nnet_dense_stream.h:48) to 'dense_wrapper<ap_fixed<20, 8, 5, 3, 0>, ap_fixed<20, 8, 5, 3, 0>, config22>' [59]  (4.38 ns)

 <State 58>: 4.38ns
The critical path consists of the following:
	'call' operation ('call_ret', firmware/nnet_utils/nnet_dense_stream.h:48) to 'dense_wrapper<ap_fixed<20, 8, 5, 3, 0>, ap_fixed<20, 8, 5, 3, 0>, config22>' [59]  (4.38 ns)

 <State 59>: 4.38ns
The critical path consists of the following:
	'call' operation ('call_ret', firmware/nnet_utils/nnet_dense_stream.h:48) to 'dense_wrapper<ap_fixed<20, 8, 5, 3, 0>, ap_fixed<20, 8, 5, 3, 0>, config22>' [59]  (4.38 ns)

 <State 60>: 4.38ns
The critical path consists of the following:
	'call' operation ('call_ret', firmware/nnet_utils/nnet_dense_stream.h:48) to 'dense_wrapper<ap_fixed<20, 8, 5, 3, 0>, ap_fixed<20, 8, 5, 3, 0>, config22>' [59]  (4.38 ns)

 <State 61>: 4.38ns
The critical path consists of the following:
	'call' operation ('call_ret', firmware/nnet_utils/nnet_dense_stream.h:48) to 'dense_wrapper<ap_fixed<20, 8, 5, 3, 0>, ap_fixed<20, 8, 5, 3, 0>, config22>' [59]  (4.38 ns)

 <State 62>: 4.38ns
The critical path consists of the following:
	'call' operation ('call_ret', firmware/nnet_utils/nnet_dense_stream.h:48) to 'dense_wrapper<ap_fixed<20, 8, 5, 3, 0>, ap_fixed<20, 8, 5, 3, 0>, config22>' [59]  (4.38 ns)

 <State 63>: 4.38ns
The critical path consists of the following:
	'call' operation ('call_ret', firmware/nnet_utils/nnet_dense_stream.h:48) to 'dense_wrapper<ap_fixed<20, 8, 5, 3, 0>, ap_fixed<20, 8, 5, 3, 0>, config22>' [59]  (4.38 ns)

 <State 64>: 4.38ns
The critical path consists of the following:
	'call' operation ('call_ret', firmware/nnet_utils/nnet_dense_stream.h:48) to 'dense_wrapper<ap_fixed<20, 8, 5, 3, 0>, ap_fixed<20, 8, 5, 3, 0>, config22>' [59]  (4.38 ns)

 <State 65>: 4.38ns
The critical path consists of the following:
	'call' operation ('call_ret', firmware/nnet_utils/nnet_dense_stream.h:48) to 'dense_wrapper<ap_fixed<20, 8, 5, 3, 0>, ap_fixed<20, 8, 5, 3, 0>, config22>' [59]  (4.38 ns)

 <State 66>: 4.38ns
The critical path consists of the following:
	'call' operation ('call_ret', firmware/nnet_utils/nnet_dense_stream.h:48) to 'dense_wrapper<ap_fixed<20, 8, 5, 3, 0>, ap_fixed<20, 8, 5, 3, 0>, config22>' [59]  (4.38 ns)

 <State 67>: 4.38ns
The critical path consists of the following:
	'call' operation ('call_ret', firmware/nnet_utils/nnet_dense_stream.h:48) to 'dense_wrapper<ap_fixed<20, 8, 5, 3, 0>, ap_fixed<20, 8, 5, 3, 0>, config22>' [59]  (4.38 ns)

 <State 68>: 4.38ns
The critical path consists of the following:
	'call' operation ('call_ret', firmware/nnet_utils/nnet_dense_stream.h:48) to 'dense_wrapper<ap_fixed<20, 8, 5, 3, 0>, ap_fixed<20, 8, 5, 3, 0>, config22>' [59]  (4.38 ns)

 <State 69>: 4.02ns
The critical path consists of the following:
	'call' operation ('call_ret', firmware/nnet_utils/nnet_dense_stream.h:48) to 'dense_wrapper<ap_fixed<20, 8, 5, 3, 0>, ap_fixed<20, 8, 5, 3, 0>, config22>' [59]  (4.02 ns)

 <State 70>: 2.19ns
The critical path consists of the following:
	fifo write on port 'res_stream_V_data_0_V' (firmware/nnet_utils/nnet_dense_stream.h:62) [76]  (2.19 ns)


============================================================
+ Verbose Summary: Binding
============================================================
N/A
* FSMD analyzer results:
  - Output states:
 - Input state : 
  - Chain level:
	State 1
	State 2
	State 3
	State 4
	State 5
	State 6
	State 7
	State 8
	State 9
	State 10
	State 11
	State 12
	State 13
	State 14
	State 15
	State 16
	State 17
	State 18
	State 19
	State 20
	State 21
	State 22
	State 23
	State 24
	State 25
	State 26
	State 27
	State 28
	State 29
	State 30
	State 31
	State 32
	State 33
	State 34
	State 35
	State 36
	State 37
	State 38
	State 39
	State 40
	State 41
	State 42
	State 43
	State 44
	State 45
	State 46
	State 47
	State 48
	State 49
	State 50
	State 51
	State 52
	State 53
	State 54
	State 55
	State 56
	State 57
	State 58
	State 59
	State 60
	State 61
	State 62
	State 63
	State 64
	State 65
	State 66
	State 67
	State 68
	State 69
	State 70


============================================================
+ Verbose Summary: Datapath Resource usage 
============================================================
N/A
