

================================================================
== Vivado HLS Report for 'softmax_array_array_ap_fixed_20_8_5_3_0_3u_softmax_config28_s'
================================================================
* Date:           Thu Dec 12 22:34:30 2019

* Version:        2019.2 (Build 2704478 on Wed Nov 06 22:10:23 MST 2019)
* Project:        myproject_prj
* Solution:       solution1
* Product family: zynq
* Target device:  xc7z020-clg400-1


================================================================
== Performance Estimates
================================================================
+ Timing: 
    * Summary: 
    +--------+---------+----------+------------+
    |  Clock |  Target | Estimated| Uncertainty|
    +--------+---------+----------+------------+
    |ap_clk  | 5.00 ns | 4.152 ns |   0.62 ns  |
    +--------+---------+----------+------------+

+ Latency: 
    * Summary: 
    +---------+---------+-----------+-----------+-----+-----+---------+
    |  Latency (cycles) |   Latency (absolute)  |  Interval | Pipeline|
    |   min   |   max   |    min    |    max    | min | max |   Type  |
    +---------+---------+-----------+-----------+-----+-----+---------+
    |       15|       15| 75.000 ns | 75.000 ns |   15|   15|   none  |
    +---------+---------+-----------+-----------+-----+-----+---------+

    + Detail: 
        * Instance: 
        +--------------------------------------------------------------------------------+----------------------------------------------------------------------+---------+---------+-----------+-----------+-----+-----+----------+
        |                                                                                |                                                                      |  Latency (cycles) |   Latency (absolute)  |  Interval | Pipeline |
        |                                    Instance                                    |                                Module                                |   min   |   max   |    min    |    max    | min | max |   Type   |
        +--------------------------------------------------------------------------------+----------------------------------------------------------------------+---------+---------+-----------+-----------+-----+-----+----------+
        |grp_softmax_stable_array_array_ap_fixed_20_8_5_3_0_3u_softmax_config28_s_fu_30  |softmax_stable_array_array_ap_fixed_20_8_5_3_0_3u_softmax_config28_s  |       15|       15| 75.000 ns | 75.000 ns |    3|    3| function |
        +--------------------------------------------------------------------------------+----------------------------------------------------------------------+---------+---------+-----------+-----------+-----+-----+----------+

        * Loop: 
        N/A

============================================================
+ Verbose Summary: Synthesis Manager
============================================================
InlineROM: 1
ExposeGlobal: 0
============================================================
+ Verbose Summary: CDFG Model
============================================================
IsTopModel: 0
ResetActiveHigh: 1
IsCombinational: 2
IsDatapathOnly: 0
HasWiredReturn: 1
HasMFsm: 0
HasVarLatency: 1
IsPipeline: 0
IsRtlPipelined: 0
IsInstanceOverlapped: 0
IsDontTouch: 0
HasImplIP: 0
IsGatedGlobalClock: 0


============================================================
+ Verbose Summary: Schedule
============================================================
* Number of FSM states : 16
* Pipeline : 0
* Dataflow Pipeline: 0

* FSM state transitions: 
1 --> 2 
2 --> 3 
3 --> 4 
4 --> 5 
5 --> 6 
6 --> 7 
7 --> 8 
8 --> 9 
9 --> 10 
10 --> 11 
11 --> 12 
12 --> 13 
13 --> 14 
14 --> 15 
15 --> 16 
16 --> 

* FSM state operations: 

State 1 <SV = 0> <Delay = 0.00>
ST_1 : Operation 17 [16/16] (0.00ns)   --->   "call fastcc void @"softmax_stable<array,array<ap_fixed<20,8,5,3,0>,3u>,softmax_config28>"(i20* %data_V_data_0_V, i20* %data_V_data_1_V, i20* %data_V_data_2_V, i20* %res_V_data_0_V, i20* %res_V_data_1_V, i20* %res_V_data_2_V)" [firmware/nnet_utils/nnet_activation_stream.h:362]   --->   Operation 17 'call' <Predicate = true> <Delay = 0.00> <CoreType = "Generic">   --->   Core 0 '' <Latency = 0> <II = 1> <Delay = 1.00> <Generic> <Opcode : >

State 2 <SV = 1> <Delay = 0.00>
ST_2 : Operation 18 [15/16] (0.00ns)   --->   "call fastcc void @"softmax_stable<array,array<ap_fixed<20,8,5,3,0>,3u>,softmax_config28>"(i20* %data_V_data_0_V, i20* %data_V_data_1_V, i20* %data_V_data_2_V, i20* %res_V_data_0_V, i20* %res_V_data_1_V, i20* %res_V_data_2_V)" [firmware/nnet_utils/nnet_activation_stream.h:362]   --->   Operation 18 'call' <Predicate = true> <Delay = 0.00> <CoreType = "Generic">   --->   Core 0 '' <Latency = 0> <II = 1> <Delay = 1.00> <Generic> <Opcode : >

State 3 <SV = 2> <Delay = 0.00>
ST_3 : Operation 19 [14/16] (0.00ns)   --->   "call fastcc void @"softmax_stable<array,array<ap_fixed<20,8,5,3,0>,3u>,softmax_config28>"(i20* %data_V_data_0_V, i20* %data_V_data_1_V, i20* %data_V_data_2_V, i20* %res_V_data_0_V, i20* %res_V_data_1_V, i20* %res_V_data_2_V)" [firmware/nnet_utils/nnet_activation_stream.h:362]   --->   Operation 19 'call' <Predicate = true> <Delay = 0.00> <CoreType = "Generic">   --->   Core 0 '' <Latency = 0> <II = 1> <Delay = 1.00> <Generic> <Opcode : >

State 4 <SV = 3> <Delay = 0.00>
ST_4 : Operation 20 [13/16] (0.00ns)   --->   "call fastcc void @"softmax_stable<array,array<ap_fixed<20,8,5,3,0>,3u>,softmax_config28>"(i20* %data_V_data_0_V, i20* %data_V_data_1_V, i20* %data_V_data_2_V, i20* %res_V_data_0_V, i20* %res_V_data_1_V, i20* %res_V_data_2_V)" [firmware/nnet_utils/nnet_activation_stream.h:362]   --->   Operation 20 'call' <Predicate = true> <Delay = 0.00> <CoreType = "Generic">   --->   Core 0 '' <Latency = 0> <II = 1> <Delay = 1.00> <Generic> <Opcode : >

State 5 <SV = 4> <Delay = 0.00>
ST_5 : Operation 21 [12/16] (0.00ns)   --->   "call fastcc void @"softmax_stable<array,array<ap_fixed<20,8,5,3,0>,3u>,softmax_config28>"(i20* %data_V_data_0_V, i20* %data_V_data_1_V, i20* %data_V_data_2_V, i20* %res_V_data_0_V, i20* %res_V_data_1_V, i20* %res_V_data_2_V)" [firmware/nnet_utils/nnet_activation_stream.h:362]   --->   Operation 21 'call' <Predicate = true> <Delay = 0.00> <CoreType = "Generic">   --->   Core 0 '' <Latency = 0> <II = 1> <Delay = 1.00> <Generic> <Opcode : >

State 6 <SV = 5> <Delay = 0.00>
ST_6 : Operation 22 [11/16] (0.00ns)   --->   "call fastcc void @"softmax_stable<array,array<ap_fixed<20,8,5,3,0>,3u>,softmax_config28>"(i20* %data_V_data_0_V, i20* %data_V_data_1_V, i20* %data_V_data_2_V, i20* %res_V_data_0_V, i20* %res_V_data_1_V, i20* %res_V_data_2_V)" [firmware/nnet_utils/nnet_activation_stream.h:362]   --->   Operation 22 'call' <Predicate = true> <Delay = 0.00> <CoreType = "Generic">   --->   Core 0 '' <Latency = 0> <II = 1> <Delay = 1.00> <Generic> <Opcode : >

State 7 <SV = 6> <Delay = 0.00>
ST_7 : Operation 23 [10/16] (0.00ns)   --->   "call fastcc void @"softmax_stable<array,array<ap_fixed<20,8,5,3,0>,3u>,softmax_config28>"(i20* %data_V_data_0_V, i20* %data_V_data_1_V, i20* %data_V_data_2_V, i20* %res_V_data_0_V, i20* %res_V_data_1_V, i20* %res_V_data_2_V)" [firmware/nnet_utils/nnet_activation_stream.h:362]   --->   Operation 23 'call' <Predicate = true> <Delay = 0.00> <CoreType = "Generic">   --->   Core 0 '' <Latency = 0> <II = 1> <Delay = 1.00> <Generic> <Opcode : >

State 8 <SV = 7> <Delay = 0.00>
ST_8 : Operation 24 [9/16] (0.00ns)   --->   "call fastcc void @"softmax_stable<array,array<ap_fixed<20,8,5,3,0>,3u>,softmax_config28>"(i20* %data_V_data_0_V, i20* %data_V_data_1_V, i20* %data_V_data_2_V, i20* %res_V_data_0_V, i20* %res_V_data_1_V, i20* %res_V_data_2_V)" [firmware/nnet_utils/nnet_activation_stream.h:362]   --->   Operation 24 'call' <Predicate = true> <Delay = 0.00> <CoreType = "Generic">   --->   Core 0 '' <Latency = 0> <II = 1> <Delay = 1.00> <Generic> <Opcode : >

State 9 <SV = 8> <Delay = 0.00>
ST_9 : Operation 25 [8/16] (0.00ns)   --->   "call fastcc void @"softmax_stable<array,array<ap_fixed<20,8,5,3,0>,3u>,softmax_config28>"(i20* %data_V_data_0_V, i20* %data_V_data_1_V, i20* %data_V_data_2_V, i20* %res_V_data_0_V, i20* %res_V_data_1_V, i20* %res_V_data_2_V)" [firmware/nnet_utils/nnet_activation_stream.h:362]   --->   Operation 25 'call' <Predicate = true> <Delay = 0.00> <CoreType = "Generic">   --->   Core 0 '' <Latency = 0> <II = 1> <Delay = 1.00> <Generic> <Opcode : >

State 10 <SV = 9> <Delay = 0.00>
ST_10 : Operation 26 [7/16] (0.00ns)   --->   "call fastcc void @"softmax_stable<array,array<ap_fixed<20,8,5,3,0>,3u>,softmax_config28>"(i20* %data_V_data_0_V, i20* %data_V_data_1_V, i20* %data_V_data_2_V, i20* %res_V_data_0_V, i20* %res_V_data_1_V, i20* %res_V_data_2_V)" [firmware/nnet_utils/nnet_activation_stream.h:362]   --->   Operation 26 'call' <Predicate = true> <Delay = 0.00> <CoreType = "Generic">   --->   Core 0 '' <Latency = 0> <II = 1> <Delay = 1.00> <Generic> <Opcode : >

State 11 <SV = 10> <Delay = 0.00>
ST_11 : Operation 27 [6/16] (0.00ns)   --->   "call fastcc void @"softmax_stable<array,array<ap_fixed<20,8,5,3,0>,3u>,softmax_config28>"(i20* %data_V_data_0_V, i20* %data_V_data_1_V, i20* %data_V_data_2_V, i20* %res_V_data_0_V, i20* %res_V_data_1_V, i20* %res_V_data_2_V)" [firmware/nnet_utils/nnet_activation_stream.h:362]   --->   Operation 27 'call' <Predicate = true> <Delay = 0.00> <CoreType = "Generic">   --->   Core 0 '' <Latency = 0> <II = 1> <Delay = 1.00> <Generic> <Opcode : >

State 12 <SV = 11> <Delay = 0.00>
ST_12 : Operation 28 [5/16] (0.00ns)   --->   "call fastcc void @"softmax_stable<array,array<ap_fixed<20,8,5,3,0>,3u>,softmax_config28>"(i20* %data_V_data_0_V, i20* %data_V_data_1_V, i20* %data_V_data_2_V, i20* %res_V_data_0_V, i20* %res_V_data_1_V, i20* %res_V_data_2_V)" [firmware/nnet_utils/nnet_activation_stream.h:362]   --->   Operation 28 'call' <Predicate = true> <Delay = 0.00> <CoreType = "Generic">   --->   Core 0 '' <Latency = 0> <II = 1> <Delay = 1.00> <Generic> <Opcode : >

State 13 <SV = 12> <Delay = 0.00>
ST_13 : Operation 29 [4/16] (0.00ns)   --->   "call fastcc void @"softmax_stable<array,array<ap_fixed<20,8,5,3,0>,3u>,softmax_config28>"(i20* %data_V_data_0_V, i20* %data_V_data_1_V, i20* %data_V_data_2_V, i20* %res_V_data_0_V, i20* %res_V_data_1_V, i20* %res_V_data_2_V)" [firmware/nnet_utils/nnet_activation_stream.h:362]   --->   Operation 29 'call' <Predicate = true> <Delay = 0.00> <CoreType = "Generic">   --->   Core 0 '' <Latency = 0> <II = 1> <Delay = 1.00> <Generic> <Opcode : >

State 14 <SV = 13> <Delay = 0.00>
ST_14 : Operation 30 [3/16] (0.00ns)   --->   "call fastcc void @"softmax_stable<array,array<ap_fixed<20,8,5,3,0>,3u>,softmax_config28>"(i20* %data_V_data_0_V, i20* %data_V_data_1_V, i20* %data_V_data_2_V, i20* %res_V_data_0_V, i20* %res_V_data_1_V, i20* %res_V_data_2_V)" [firmware/nnet_utils/nnet_activation_stream.h:362]   --->   Operation 30 'call' <Predicate = true> <Delay = 0.00> <CoreType = "Generic">   --->   Core 0 '' <Latency = 0> <II = 1> <Delay = 1.00> <Generic> <Opcode : >

State 15 <SV = 14> <Delay = 0.00>
ST_15 : Operation 31 [2/16] (0.00ns)   --->   "call fastcc void @"softmax_stable<array,array<ap_fixed<20,8,5,3,0>,3u>,softmax_config28>"(i20* %data_V_data_0_V, i20* %data_V_data_1_V, i20* %data_V_data_2_V, i20* %res_V_data_0_V, i20* %res_V_data_1_V, i20* %res_V_data_2_V)" [firmware/nnet_utils/nnet_activation_stream.h:362]   --->   Operation 31 'call' <Predicate = true> <Delay = 0.00> <CoreType = "Generic">   --->   Core 0 '' <Latency = 0> <II = 1> <Delay = 1.00> <Generic> <Opcode : >

State 16 <SV = 15> <Delay = 0.00>
ST_16 : Operation 32 [1/1] (0.00ns)   --->   "call void (...)* @_ssdm_op_SpecInterface(i20* %data_V_data_2_V, [8 x i8]* @ap_fifo_str, i32 0, i32 0, [1 x i8]* @p_str, i32 0, i32 0, [1 x i8]* @p_str, [1 x i8]* @p_str, [1 x i8]* @p_str, i32 2, i32 2, i32 16, i32 16, [1 x i8]* @p_str, [1 x i8]* @p_str)"   --->   Operation 32 'specinterface' <Predicate = true> <Delay = 0.00>
ST_16 : Operation 33 [1/1] (0.00ns)   --->   "call void (...)* @_ssdm_op_SpecInterface(i20* %data_V_data_1_V, [8 x i8]* @ap_fifo_str, i32 0, i32 0, [1 x i8]* @p_str, i32 0, i32 0, [1 x i8]* @p_str, [1 x i8]* @p_str, [1 x i8]* @p_str, i32 2, i32 2, i32 16, i32 16, [1 x i8]* @p_str, [1 x i8]* @p_str)"   --->   Operation 33 'specinterface' <Predicate = true> <Delay = 0.00>
ST_16 : Operation 34 [1/1] (0.00ns)   --->   "call void (...)* @_ssdm_op_SpecInterface(i20* %data_V_data_0_V, [8 x i8]* @ap_fifo_str, i32 0, i32 0, [1 x i8]* @p_str, i32 0, i32 0, [1 x i8]* @p_str, [1 x i8]* @p_str, [1 x i8]* @p_str, i32 2, i32 2, i32 16, i32 16, [1 x i8]* @p_str, [1 x i8]* @p_str)"   --->   Operation 34 'specinterface' <Predicate = true> <Delay = 0.00>
ST_16 : Operation 35 [1/1] (0.00ns)   --->   "call void (...)* @_ssdm_op_SpecInterface(i20* %res_V_data_0_V, [8 x i8]* @ap_fifo_str, i32 0, i32 0, [1 x i8]* @p_str, i32 0, i32 0, [1 x i8]* @p_str, [1 x i8]* @p_str, [1 x i8]* @p_str, i32 2, i32 2, i32 16, i32 16, [1 x i8]* @p_str, [1 x i8]* @p_str)"   --->   Operation 35 'specinterface' <Predicate = true> <Delay = 0.00>
ST_16 : Operation 36 [1/1] (0.00ns)   --->   "call void (...)* @_ssdm_op_SpecInterface(i20* %res_V_data_1_V, [8 x i8]* @ap_fifo_str, i32 0, i32 0, [1 x i8]* @p_str, i32 0, i32 0, [1 x i8]* @p_str, [1 x i8]* @p_str, [1 x i8]* @p_str, i32 2, i32 2, i32 16, i32 16, [1 x i8]* @p_str, [1 x i8]* @p_str)"   --->   Operation 36 'specinterface' <Predicate = true> <Delay = 0.00>
ST_16 : Operation 37 [1/1] (0.00ns)   --->   "call void (...)* @_ssdm_op_SpecInterface(i20* %res_V_data_2_V, [8 x i8]* @ap_fifo_str, i32 0, i32 0, [1 x i8]* @p_str, i32 0, i32 0, [1 x i8]* @p_str, [1 x i8]* @p_str, [1 x i8]* @p_str, i32 2, i32 2, i32 16, i32 16, [1 x i8]* @p_str, [1 x i8]* @p_str)"   --->   Operation 37 'specinterface' <Predicate = true> <Delay = 0.00>
ST_16 : Operation 38 [1/16] (0.00ns)   --->   "call fastcc void @"softmax_stable<array,array<ap_fixed<20,8,5,3,0>,3u>,softmax_config28>"(i20* %data_V_data_0_V, i20* %data_V_data_1_V, i20* %data_V_data_2_V, i20* %res_V_data_0_V, i20* %res_V_data_1_V, i20* %res_V_data_2_V)" [firmware/nnet_utils/nnet_activation_stream.h:362]   --->   Operation 38 'call' <Predicate = true> <Delay = 0.00> <CoreType = "Generic">   --->   Core 0 '' <Latency = 0> <II = 1> <Delay = 1.00> <Generic> <Opcode : >
ST_16 : Operation 39 [1/1] (0.00ns)   --->   "ret void" [firmware/nnet_utils/nnet_activation_stream.h:371]   --->   Operation 39 'ret' <Predicate = true> <Delay = 0.00>


============================================================
+ Verbose Summary: Binding
============================================================
STG Binding: 
---------------- STG Properties BEGIN ----------------
- Is combinational: 0
- Is one-state seq: 0
- Is datapath-only: 0
- Is pipelined: 0
- Is top level: 0
Port [ Return ] is wired: 1; IO mode=ap_ctrl_hs:ce=0
Port [ data_V_data_0_V]:  wired=1; compound=1; hidden=0; nouse=0; global=0; static=0; extern=0; dir=0; type=3; pingpong=0; private_global=0; IO mode=ap_fifo:ce=0
Port [ data_V_data_1_V]:  wired=1; compound=1; hidden=0; nouse=0; global=0; static=0; extern=0; dir=0; type=3; pingpong=0; private_global=0; IO mode=ap_fifo:ce=0
Port [ data_V_data_2_V]:  wired=1; compound=1; hidden=0; nouse=0; global=0; static=0; extern=0; dir=0; type=3; pingpong=0; private_global=0; IO mode=ap_fifo:ce=0
Port [ res_V_data_0_V]:  wired=1; compound=1; hidden=0; nouse=0; global=0; static=0; extern=0; dir=1; type=3; pingpong=0; private_global=0; IO mode=ap_fifo:ce=0
Port [ res_V_data_1_V]:  wired=1; compound=1; hidden=0; nouse=0; global=0; static=0; extern=0; dir=1; type=3; pingpong=0; private_global=0; IO mode=ap_fifo:ce=0
Port [ res_V_data_2_V]:  wired=1; compound=1; hidden=0; nouse=0; global=0; static=0; extern=0; dir=1; type=3; pingpong=0; private_global=0; IO mode=ap_fifo:ce=0
Port [ exp_table4]:  wired=0; compound=1; hidden=1; nouse=1; global=1; static=1; extern=0; dir=0; type=1; pingpong=0; private_global=0; linkage=7; visibility=0; MemPort=[1]; IO mode=ap_memory:ce=0
Port [ invert_table5]:  wired=0; compound=1; hidden=1; nouse=1; global=1; static=1; extern=0; dir=0; type=1; pingpong=0; private_global=0; linkage=7; visibility=0; MemPort=[1]; IO mode=ap_memory:ce=0
---------------- STG Properties END ------------------

---------------- Datapath Model BEGIN ----------------

<LifeTime>
<method=bitvector/>
specinterface_ln0 (specinterface) [ 00000000000000000]
specinterface_ln0 (specinterface) [ 00000000000000000]
specinterface_ln0 (specinterface) [ 00000000000000000]
specinterface_ln0 (specinterface) [ 00000000000000000]
specinterface_ln0 (specinterface) [ 00000000000000000]
specinterface_ln0 (specinterface) [ 00000000000000000]
call_ln362        (call         ) [ 00000000000000000]
ret_ln371         (ret          ) [ 00000000000000000]
</LifeTime>

<model>

<comp_list>
<comp id="0" class="1000" name="data_V_data_0_V">
<pin_list>
<pin id="1" dir="1" index="0" bw="1" slack="0"/>
</pin_list>
<bind>
<StgValue><ssdm name="data_V_data_0_V"/></StgValue>
</bind>
</comp>

<comp id="2" class="1000" name="data_V_data_1_V">
<pin_list>
<pin id="3" dir="1" index="0" bw="1" slack="0"/>
</pin_list>
<bind>
<StgValue><ssdm name="data_V_data_1_V"/></StgValue>
</bind>
</comp>

<comp id="4" class="1000" name="data_V_data_2_V">
<pin_list>
<pin id="5" dir="1" index="0" bw="1" slack="0"/>
</pin_list>
<bind>
<StgValue><ssdm name="data_V_data_2_V"/></StgValue>
</bind>
</comp>

<comp id="6" class="1000" name="res_V_data_0_V">
<pin_list>
<pin id="7" dir="1" index="0" bw="1" slack="0"/>
</pin_list>
<bind>
<StgValue><ssdm name="res_V_data_0_V"/></StgValue>
</bind>
</comp>

<comp id="8" class="1000" name="res_V_data_1_V">
<pin_list>
<pin id="9" dir="1" index="0" bw="1" slack="0"/>
</pin_list>
<bind>
<StgValue><ssdm name="res_V_data_1_V"/></StgValue>
</bind>
</comp>

<comp id="10" class="1000" name="res_V_data_2_V">
<pin_list>
<pin id="11" dir="1" index="0" bw="1" slack="0"/>
</pin_list>
<bind>
<StgValue><ssdm name="res_V_data_2_V"/></StgValue>
</bind>
</comp>

<comp id="12" class="1000" name="exp_table4">
<pin_list>
<pin id="13" dir="1" index="0" bw="1" slack="0"/>
</pin_list>
<bind>
<StgValue><ssdm name="exp_table4"/><MemPortTyVec>1 </MemPortTyVec>
</StgValue>
</bind>
</comp>

<comp id="14" class="1000" name="invert_table5">
<pin_list>
<pin id="15" dir="1" index="0" bw="1" slack="0"/>
</pin_list>
<bind>
<StgValue><ssdm name="invert_table5"/><MemPortTyVec>1 </MemPortTyVec>
</StgValue>
</bind>
</comp>

<comp id="16" class="1001" name="const_16">
<pin_list>
<pin id="17" dir="1" index="0" bw="1" slack="0"/>
</pin_list>
<bind>
<StgValue><ssdm name="softmax_stable<array,array<ap_fixed<20,8,5,3,0>,3u>,softmax_config28>"/></StgValue>
</bind>
</comp>

<comp id="18" class="1001" name="const_18">
<pin_list>
<pin id="19" dir="1" index="0" bw="1" slack="2147483647"/>
</pin_list>
<bind>
<StgValue><ssdm name="_ssdm_op_SpecInterface"/></StgValue>
</bind>
</comp>

<comp id="20" class="1001" name="const_20">
<pin_list>
<pin id="21" dir="1" index="0" bw="1" slack="2147483647"/>
</pin_list>
<bind>
<StgValue><ssdm name="ap_fifo_str"/></StgValue>
</bind>
</comp>

<comp id="22" class="1001" name="const_22">
<pin_list>
<pin id="23" dir="1" index="0" bw="1" slack="2147483647"/>
</pin_list>
<bind>
<StgValue><ssdm name=""/></StgValue>
</bind>
</comp>

<comp id="24" class="1001" name="const_24">
<pin_list>
<pin id="25" dir="1" index="0" bw="1" slack="2147483647"/>
</pin_list>
<bind>
<StgValue><ssdm name="p_str"/></StgValue>
</bind>
</comp>

<comp id="26" class="1001" name="const_26">
<pin_list>
<pin id="27" dir="1" index="0" bw="1" slack="2147483647"/>
</pin_list>
<bind>
<StgValue><ssdm name=""/></StgValue>
</bind>
</comp>

<comp id="28" class="1001" name="const_28">
<pin_list>
<pin id="29" dir="1" index="0" bw="1" slack="2147483647"/>
</pin_list>
<bind>
<StgValue><ssdm name=""/></StgValue>
</bind>
</comp>

<comp id="30" class="1004" name="grp_softmax_stable_array_array_ap_fixed_20_8_5_3_0_3u_softmax_config28_s_fu_30">
<pin_list>
<pin id="31" dir="0" index="0" bw="0" slack="0"/>
<pin id="32" dir="0" index="1" bw="20" slack="0"/>
<pin id="33" dir="0" index="2" bw="20" slack="0"/>
<pin id="34" dir="0" index="3" bw="20" slack="0"/>
<pin id="35" dir="0" index="4" bw="20" slack="0"/>
<pin id="36" dir="0" index="5" bw="20" slack="0"/>
<pin id="37" dir="0" index="6" bw="20" slack="0"/>
<pin id="38" dir="0" index="7" bw="17" slack="0"/>
<pin id="39" dir="0" index="8" bw="18" slack="0"/>
<pin id="40" dir="1" index="9" bw="0" slack="2147483647"/>
</pin_list>
<bind>
<opcode="call(48) " fcode="call"/>
<opset="call_ln362/1 "/>
</bind>
</comp>

</comp_list>

<net_list>
<net id="41"><net_src comp="16" pin="0"/><net_sink comp="30" pin=0"/></net>

<net id="42"><net_src comp="0" pin="0"/><net_sink comp="30" pin=1"/></net>

<net id="43"><net_src comp="2" pin="0"/><net_sink comp="30" pin=2"/></net>

<net id="44"><net_src comp="4" pin="0"/><net_sink comp="30" pin=3"/></net>

<net id="45"><net_src comp="6" pin="0"/><net_sink comp="30" pin=4"/></net>

<net id="46"><net_src comp="8" pin="0"/><net_sink comp="30" pin=5"/></net>

<net id="47"><net_src comp="10" pin="0"/><net_sink comp="30" pin=6"/></net>

<net id="48"><net_src comp="12" pin="0"/><net_sink comp="30" pin=7"/></net>

<net id="49"><net_src comp="14" pin="0"/><net_sink comp="30" pin=8"/></net>

</net_list>

</model> 
---------------- Datapath Model END ------------------

* FSMD analyzer results:
  - Output states:
	Port: res_V_data_0_V | {16 }
	Port: res_V_data_1_V | {16 }
	Port: res_V_data_2_V | {16 }
 - Input state : 
	Port: softmax<array,array<ap_fixed<20,8,5,3,0>,3u>,softmax_config28> : data_V_data_0_V | {1 }
	Port: softmax<array,array<ap_fixed<20,8,5,3,0>,3u>,softmax_config28> : data_V_data_1_V | {1 }
	Port: softmax<array,array<ap_fixed<20,8,5,3,0>,3u>,softmax_config28> : data_V_data_2_V | {1 }
	Port: softmax<array,array<ap_fixed<20,8,5,3,0>,3u>,softmax_config28> : exp_table4 | {5 6 7 8 }
	Port: softmax<array,array<ap_fixed<20,8,5,3,0>,3u>,softmax_config28> : invert_table5 | {10 11 }
  - Chain level:
	State 1
	State 2
	State 3
	State 4
	State 5
	State 6
	State 7
	State 8
	State 9
	State 10
	State 11
	State 12
	State 13
	State 14
	State 15
	State 16


============================================================
+ Verbose Summary: Datapath Resource usage 
============================================================

* Functional unit list:
|----------|--------------------------------------------------------------------------------|---------|---------|---------|---------|
| Operation|                                 Functional Unit                                |  DSP48E |  Delay  |    FF   |   LUT   |
|----------|--------------------------------------------------------------------------------|---------|---------|---------|---------|
|   call   | grp_softmax_stable_array_array_ap_fixed_20_8_5_3_0_3u_softmax_config28_s_fu_30 |    1    |  7.442  |   495   |   477   |
|----------|--------------------------------------------------------------------------------|---------|---------|---------|---------|
|   Total  |                                                                                |    1    |  7.442  |   495   |   477   |
|----------|--------------------------------------------------------------------------------|---------|---------|---------|---------|

Memories:
N/A

* Register list:
N/A

* Multiplexer (MUX) list: 
|--------|------|------|------|--------|
|  Comp  |  Pin | Size |  BW  | S x BW |
|--------|------|------|------|--------|
|  Total |      |      |      |    0   |
|--------|------|------|------|--------|



* Summary:
+-----------+--------+--------+--------+--------+
|           | DSP48E |  Delay |   FF   |   LUT  |
+-----------+--------+--------+--------+--------+
|  Function |    1   |    7   |   495  |   477  |
|   Memory  |    -   |    -   |    -   |    -   |
|Multiplexer|    -   |    -   |    -   |    -   |
|  Register |    -   |    -   |    -   |    -   |
+-----------+--------+--------+--------+--------+
|   Total   |    1   |    7   |   495  |   477  |
+-----------+--------+--------+--------+--------+
